17:58:56.744 [JavaFX Application Thread] DEBUG GameApplication      - Logger initialized
17:58:56.749 [JavaFX Application Thread] DEBUG GameApplication      - Logging settings
Title: What a Silly Game
Version: 0.1
Width: 600
Height: 600
Fullscreen: false
Intro: false
Menus: false
Profiling: false
Single step:false
App Mode: DEVELOPER
Menu Key: ESCAPE
Stage Style: DECORATED
Scene Factory: class com.almasb.fxgl.scene.SceneFactory
Dialog Factory: class com.almasb.fxgl.ui.FXGLDialogFactory
UI Factory: class com.almasb.fxgl.ui.FXGLUIFactory
Notification Service: class com.almasb.fxgl.gameplay.notification.XboxNotificationView
Exception Handler: class com.almasb.fxgl.app.FXGLExceptionHandler
17:58:56.749 [JavaFX Application Thread] DEBUG GameApplication      - Starting FXGL
17:58:56.758 [JavaFX Application Thread] INFO  FXGL                 - FXGL-0.5.4 on DESKTOP
17:58:56.759 [JavaFX Application Thread] INFO  FXGL                 - Source code and latest versions at: https://github.com/AlmasB/FXGL
17:58:56.759 [JavaFX Application Thread] INFO  FXGL                 -              Join the FXGL chat at: https://gitter.im/AlmasB/FXGL
17:58:56.759 [JavaFX Application Thread] DEBUG FXGL                 - FXGL started
17:58:56.760 [JavaFX Application Thread] DEBUG FXGL                 - Initializing FXGL
17:58:56.811 [JavaFX Application Thread] DEBUG AssetLoader          - Loading from disk: /assets/ui/cursors/fxgl_default.png
17:58:57.115 [JavaFX Application Thread] DEBUG AssetLoader          - Loading from disk: /assets/ui/fonts/VarelaRound-Regular.ttf
17:58:57.181 [JavaFX Application Thread] DEBUG MainWindow           - Creating a JavaFX scene
17:58:57.219 [JavaFX Application Thread] DEBUG MainWindow           - Target settings size: 600.0 x 600.0
17:58:57.220 [JavaFX Application Thread] DEBUG MainWindow           - Scaled scene size:    600.0 x 600.0
17:58:57.220 [JavaFX Application Thread] DEBUG MainWindow           - Scaled ratio: (1.0, 1.0)
17:58:57.223 [JavaFX Application Thread] DEBUG AssetLoader          - Loading from disk: /assets/ui/css/fxgl_dark.css
17:58:57.227 [JavaFX Application Thread] DEBUG AssetLoader          - Loading from disk: /assets/textures/fxgl_icon.png
17:58:57.250 [JavaFX Application Thread] DEBUG MainWindow           - Opening main window
17:58:57.436 [JavaFX Application Thread] DEBUG MainWindow           - Window border size: (0.0, 22.0)
17:58:57.436 [JavaFX Application Thread] DEBUG MainWindow           - Scaled size: 600.0 x 600.0
17:58:57.437 [JavaFX Application Thread] DEBUG MainWindow           - Scaled ratio: (1.0, 1.0)
17:58:57.437 [JavaFX Application Thread] DEBUG MainWindow           - Scene size: 600.0 x 600.0
17:58:57.437 [JavaFX Application Thread] DEBUG MainWindow           - Stage size: 600.0 x 622.0
17:58:57.496 [ForkJoinPool.commonPool-worker-1] DEBUG FS                   - Loaded DesktopFSService
17:58:57.497 [ForkJoinPool.commonPool-worker-1] DEBUG FXGL                 - Loading FXGL system data
17:58:57.517 [ForkJoinPool.commonPool-worker-1] DEBUG DesktopFSService     - Reading from: system/fxgl.bundle
17:58:57.534 [ForkJoinPool.commonPool-worker-1] DEBUG Bundle               - Logging bundle: FXGL
17:58:57.535 [ForkJoinPool.commonPool-worker-1] DEBUG Bundle               - FXGL.offline.timer.version.check=2019-12-13T14:02:17.794
17:58:57.536 [ForkJoinPool.commonPool-worker-1] DEBUG FXGL                 - Initializing state machine and application states
17:58:57.538 [ForkJoinPool.commonPool-worker-1] DEBUG AssetLoader          - Loading from disk: /assets/ui/cursors/fxgl_default.png
17:58:57.547 [ForkJoinPool.commonPool-worker-1] DEBUG AssetLoader          - Loading from disk: /assets/ui/cursors/fxgl_default.png
17:58:57.562 [ForkJoinPool.commonPool-worker-1] DEBUG AssetLoader          - Loading from cache: /assets/ui/fonts/VarelaRound-Regular.ttf
17:58:57.566 [ForkJoinPool.commonPool-worker-1] DEBUG AssetLoader          - Loading from disk: /assets/ui/cursors/fxgl_default.png
17:58:57.579 [ForkJoinPool.commonPool-worker-1] DEBUG GameScene            - Game scene initialized: 600x600
17:58:57.592 [ForkJoinPool.commonPool-worker-1] DEBUG GameWorld            - Game world initialized
17:58:57.676 [ForkJoinPool.commonPool-worker-1] DEBUG PhysicsWorld         - Physics world initialized: appHeight=600, physics.ppm=50.0
17:58:57.712 [ForkJoinPool.commonPool-worker-1] DEBUG Input                - Registered new binding: Pause - Esc
17:58:57.768 [JavaFX Application Thread] DEBUG FXGL                 - Running preInit()
17:58:57.769 [JavaFX Application Thread] DEBUG Input                - Registered new binding: Screenshot - P
17:58:57.769 [JavaFX Application Thread] DEBUG Input                - Registered new binding: Dev Options - CTRL+0
17:58:57.769 [JavaFX Application Thread] DEBUG Input                - Registered new binding: System info dump - CTRL+9
17:58:57.770 [JavaFX Application Thread] DEBUG Input                - Registered new binding: Restart - CTRL+R
17:58:57.770 [JavaFX Application Thread] DEBUG Input                - Registered new binding: Move Right - D
17:58:57.770 [JavaFX Application Thread] DEBUG Input                - Registered new binding: Move Left - A
17:58:57.770 [JavaFX Application Thread] DEBUG Input                - Registered new binding: Move Up - W
17:58:57.770 [JavaFX Application Thread] DEBUG Input                - Registered new binding: Move Down - S
17:58:57.771 [JavaFX Application Thread] INFO  FXGL                 - FXGL initialization took: 1.011 sec
17:58:57.771 [JavaFX Application Thread] DEBUG LoopRunner           - Starting loop
17:58:57.773 [JavaFX Application Thread] DEBUG StartupState         - STARTUP
17:58:57.773 [JavaFX Application Thread] DEBUG GameApplication      - Starting new game
17:58:57.773 [JavaFX Application Thread] DEBUG Input                - Clearing active input actions
17:58:57.774 [JavaFX Application Thread] DEBUG AssetLoader          - Loading from disk: /assets/ui/css/fxgl_dark.css
17:58:57.781 [JavaFX Application Thread] DEBUG AppStateMachine      - StartupState -> LoadingState
17:58:57.788 [FXGL Background Thread 1 ] DEBUG InitAppTask          - Clearing previous game
17:58:57.788 [FXGL Background Thread 1 ] DEBUG GameWorld            - Clearing game world
17:58:57.789 [FXGL Background Thread 1 ] DEBUG PhysicsWorld         - Clearing physics world
17:58:57.789 [FXGL Background Thread 1 ] DEBUG GameScene            - Clearing game scene
17:58:57.791 [FXGL Background Thread 1 ] DEBUG InitAppTask          - Initializing Game
17:58:57.824 [FXGL Background Thread 1 ] DEBUG AssetLoader          - Loading from disk: /assets/textures/hero_walk.gif
17:58:57.840 [FXGL Background Thread 1 ] DEBUG GameScene            - Creating render group for layer: DEFAULT(100000)
17:58:57.843 [FXGL Background Thread 1 ] DEBUG AssetLoader          - Loading from disk: /assets/textures/red_jewel.png
17:58:57.847 [FXGL Background Thread 1 ] DEBUG AssetLoader          - Loading from disk: /assets/textures/blue_jewel.png
17:58:57.849 [FXGL Background Thread 1 ] DEBUG AssetLoader          - Loading from disk: /assets/textures/purple_jewel.png
17:58:57.851 [FXGL Background Thread 1 ] DEBUG AssetLoader          - Loading from disk: /assets/textures/green_jewel.png
17:58:57.852 [FXGL Background Thread 1 ] DEBUG InitAppTask          - Initializing Physics
17:58:57.853 [FXGL Background Thread 1 ] DEBUG InitAppTask          - Initializing UI
17:58:57.853 [FXGL Background Thread 1 ] DEBUG AssetLoader          - Loading from cache: /assets/textures/red_jewel.png
17:58:57.853 [FXGL Background Thread 1 ] DEBUG InitAppTask          - Initialization Complete
17:58:57.854 [FXGL Background Thread 1 ] INFO  InitAppTask          - Game initialization took: 0.066 sec
17:58:57.871 [JavaFX Application Thread] DEBUG Input                - Clearing active input actions
17:58:57.871 [JavaFX Application Thread] DEBUG AssetLoader          - Loading from disk: /assets/ui/css/fxgl_dark.css
17:58:57.884 [JavaFX Application Thread] DEBUG AppStateMachine      - LoadingState -> PlayState
18:14:18.593 [JavaFX Application Thread] DEBUG FXGL                 - Exiting FXGL
18:14:18.593 [JavaFX Application Thread] DEBUG FXGL                 - Shutting down background threads
18:14:18.594 [JavaFX Application Thread] DEBUG FXGL                 - Saving FXGL system data
18:14:18.599 [JavaFX Application Thread] DEBUG DesktopFSService     - Writing to: system/fxgl.bundle
18:14:18.603 [JavaFX Application Thread] DEBUG FXGL                 - Closing logger and exiting JavaFX
