19:20:27.771 [JavaFX Application Thread] DEBUG GameApplication      - Logger initialized
19:20:27.779 [JavaFX Application Thread] DEBUG GameApplication      - Logging settings
Title: What a Silly Game
Version: 0.1
Width: 800
Height: 600
Fullscreen: false
Intro: false
Menus: false
Profiling: false
Single step:false
App Mode: DEVELOPER
Menu Key: ESCAPE
Stage Style: DECORATED
Scene Factory: class com.almasb.fxgl.scene.SceneFactory
Dialog Factory: class com.almasb.fxgl.ui.FXGLDialogFactory
UI Factory: class com.almasb.fxgl.ui.FXGLUIFactory
Notification Service: class com.almasb.fxgl.gameplay.notification.XboxNotificationView
Exception Handler: class com.almasb.fxgl.app.FXGLExceptionHandler
19:20:27.779 [JavaFX Application Thread] DEBUG GameApplication      - Starting FXGL
19:20:27.793 [JavaFX Application Thread] INFO  FXGL                 - FXGL-0.5.4 on DESKTOP
19:20:27.794 [JavaFX Application Thread] INFO  FXGL                 - Source code and latest versions at: https://github.com/AlmasB/FXGL
19:20:27.794 [JavaFX Application Thread] INFO  FXGL                 -              Join the FXGL chat at: https://gitter.im/AlmasB/FXGL
19:20:27.795 [JavaFX Application Thread] DEBUG FXGL                 - FXGL started
19:20:27.795 [JavaFX Application Thread] DEBUG FXGL                 - Initializing FXGL
19:20:27.882 [JavaFX Application Thread] DEBUG AssetLoader          - Loading from disk: /assets/ui/cursors/fxgl_default.png
19:20:28.147 [JavaFX Application Thread] DEBUG AssetLoader          - Loading from disk: /assets/ui/fonts/VarelaRound-Regular.ttf
19:20:28.218 [JavaFX Application Thread] DEBUG MainWindow           - Creating a JavaFX scene
19:20:28.267 [JavaFX Application Thread] DEBUG MainWindow           - Target settings size: 800.0 x 600.0
19:20:28.268 [JavaFX Application Thread] DEBUG MainWindow           - Scaled scene size:    800.0 x 600.0
19:20:28.268 [JavaFX Application Thread] DEBUG MainWindow           - Scaled ratio: (1.0, 1.0)
19:20:28.271 [JavaFX Application Thread] DEBUG AssetLoader          - Loading from disk: /assets/ui/css/fxgl_dark.css
19:20:28.275 [JavaFX Application Thread] DEBUG AssetLoader          - Loading from disk: /assets/textures/fxgl_icon.png
19:20:28.302 [JavaFX Application Thread] DEBUG MainWindow           - Opening main window
19:20:28.518 [JavaFX Application Thread] DEBUG MainWindow           - Window border size: (0.0, 22.0)
19:20:28.518 [JavaFX Application Thread] DEBUG MainWindow           - Scaled size: 800.0 x 600.0
19:20:28.518 [JavaFX Application Thread] DEBUG MainWindow           - Scaled ratio: (1.0, 1.0)
19:20:28.519 [JavaFX Application Thread] DEBUG MainWindow           - Scene size: 800.0 x 600.0
19:20:28.519 [JavaFX Application Thread] DEBUG MainWindow           - Stage size: 800.0 x 622.0
19:20:28.563 [ForkJoinPool.commonPool-worker-1] DEBUG FS                   - Loaded DesktopFSService
19:20:28.563 [ForkJoinPool.commonPool-worker-1] DEBUG FXGL                 - Loading FXGL system data
19:20:28.574 [ForkJoinPool.commonPool-worker-1] DEBUG DesktopFSService     - Reading from: system/fxgl.bundle
19:20:28.591 [ForkJoinPool.commonPool-worker-1] DEBUG Bundle               - Logging bundle: FXGL
19:20:28.592 [ForkJoinPool.commonPool-worker-1] DEBUG Bundle               - FXGL.offline.timer.version.check=2019-12-13T14:02:17.794
19:20:28.593 [ForkJoinPool.commonPool-worker-1] DEBUG FXGL                 - Initializing state machine and application states
19:20:28.596 [ForkJoinPool.commonPool-worker-1] DEBUG AssetLoader          - Loading from disk: /assets/ui/cursors/fxgl_default.png
19:20:28.604 [ForkJoinPool.commonPool-worker-1] DEBUG AssetLoader          - Loading from disk: /assets/ui/cursors/fxgl_default.png
19:20:28.618 [ForkJoinPool.commonPool-worker-1] DEBUG AssetLoader          - Loading from cache: /assets/ui/fonts/VarelaRound-Regular.ttf
19:20:28.624 [ForkJoinPool.commonPool-worker-1] DEBUG AssetLoader          - Loading from disk: /assets/ui/cursors/fxgl_default.png
19:20:28.631 [ForkJoinPool.commonPool-worker-1] DEBUG GameScene            - Game scene initialized: 800x600
19:20:28.646 [ForkJoinPool.commonPool-worker-1] DEBUG GameWorld            - Game world initialized
19:20:28.757 [ForkJoinPool.commonPool-worker-1] DEBUG PhysicsWorld         - Physics world initialized: appHeight=600, physics.ppm=50.0
19:20:28.801 [ForkJoinPool.commonPool-worker-1] DEBUG Input                - Registered new binding: Pause - Esc
19:20:28.883 [JavaFX Application Thread] DEBUG FXGL                 - Running preInit()
19:20:28.886 [JavaFX Application Thread] DEBUG Input                - Registered new binding: Screenshot - P
19:20:28.887 [JavaFX Application Thread] DEBUG Input                - Registered new binding: Dev Options - CTRL+0
19:20:28.888 [JavaFX Application Thread] DEBUG Input                - Registered new binding: System info dump - CTRL+9
19:20:28.888 [JavaFX Application Thread] DEBUG Input                - Registered new binding: Restart - CTRL+R
19:20:28.888 [JavaFX Application Thread] DEBUG Input                - Registered new binding: Move Right - D
19:20:28.889 [JavaFX Application Thread] DEBUG Input                - Registered new binding: Move Left - A
19:20:28.889 [JavaFX Application Thread] DEBUG Input                - Registered new binding: Move Up - W
19:20:28.889 [JavaFX Application Thread] DEBUG Input                - Registered new binding: Move Down - S
19:20:28.891 [JavaFX Application Thread] INFO  FXGL                 - FXGL initialization took: 1.095 sec
19:20:28.891 [JavaFX Application Thread] DEBUG LoopRunner           - Starting loop
19:20:28.894 [JavaFX Application Thread] DEBUG StartupState         - STARTUP
19:20:28.895 [JavaFX Application Thread] DEBUG GameApplication      - Starting new game
19:20:28.895 [JavaFX Application Thread] DEBUG Input                - Clearing active input actions
19:20:28.897 [JavaFX Application Thread] DEBUG AssetLoader          - Loading from disk: /assets/ui/css/fxgl_dark.css
19:20:28.909 [JavaFX Application Thread] DEBUG AppStateMachine      - StartupState -> LoadingState
19:20:28.915 [FXGL Background Thread 1 ] DEBUG InitAppTask          - Clearing previous game
19:20:28.915 [FXGL Background Thread 1 ] DEBUG GameWorld            - Clearing game world
19:20:28.916 [FXGL Background Thread 1 ] DEBUG PhysicsWorld         - Clearing physics world
19:20:28.916 [FXGL Background Thread 1 ] DEBUG GameScene            - Clearing game scene
19:20:28.918 [FXGL Background Thread 1 ] DEBUG InitAppTask          - Initializing Game
19:20:28.971 [FXGL Background Thread 1 ] DEBUG AssetLoader          - Loading from disk: /assets/textures/hero_walk.gif
19:20:28.986 [FXGL Background Thread 1 ] DEBUG GameScene            - Creating render group for layer: DEFAULT(100000)
19:20:28.991 [FXGL Background Thread 1 ] DEBUG AssetLoader          - Loading from disk: /assets/textures/red_jewel.png
19:20:28.994 [FXGL Background Thread 1 ] DEBUG AssetLoader          - Loading from disk: /assets/textures/blue_jewel.png
19:20:28.995 [FXGL Background Thread 1 ] DEBUG AssetLoader          - Loading from disk: /assets/textures/purple_jewel.png
19:20:28.997 [FXGL Background Thread 1 ] DEBUG AssetLoader          - Loading from disk: /assets/textures/green_jewel.png
19:20:28.998 [FXGL Background Thread 1 ] DEBUG InitAppTask          - Initializing Physics
19:20:28.999 [FXGL Background Thread 1 ] DEBUG InitAppTask          - Initializing UI
19:20:28.999 [FXGL Background Thread 1 ] DEBUG InitAppTask          - Initialization Complete
19:20:29.000 [FXGL Background Thread 1 ] INFO  InitAppTask          - Game initialization took: 0.084 sec
19:20:29.032 [JavaFX Application Thread] DEBUG Input                - Clearing active input actions
19:20:29.033 [JavaFX Application Thread] DEBUG AssetLoader          - Loading from disk: /assets/ui/css/fxgl_dark.css
19:20:29.049 [JavaFX Application Thread] DEBUG AppStateMachine      - LoadingState -> PlayState
19:20:36.589 [JavaFX Application Thread] DEBUG FXGL                 - Exiting FXGL
19:20:36.589 [JavaFX Application Thread] DEBUG FXGL                 - Shutting down background threads
19:20:36.589 [JavaFX Application Thread] DEBUG FXGL                 - Saving FXGL system data
19:20:36.593 [JavaFX Application Thread] DEBUG DesktopFSService     - Writing to: system/fxgl.bundle
19:20:36.597 [JavaFX Application Thread] DEBUG FXGL                 - Closing logger and exiting JavaFX
