17:38:59.244 [JavaFX Application Thread] DEBUG GameApplication      - Logger initialized
17:38:59.253 [JavaFX Application Thread] DEBUG GameApplication      - Logging settings
Title: What a Silly Game
Version: 0.1
Width: 600
Height: 600
Fullscreen: false
Intro: false
Menus: false
Profiling: false
Single step:false
App Mode: DEVELOPER
Menu Key: ESCAPE
Stage Style: DECORATED
Scene Factory: class com.almasb.fxgl.scene.SceneFactory
Dialog Factory: class com.almasb.fxgl.ui.FXGLDialogFactory
UI Factory: class com.almasb.fxgl.ui.FXGLUIFactory
Notification Service: class com.almasb.fxgl.gameplay.notification.XboxNotificationView
Exception Handler: class com.almasb.fxgl.app.FXGLExceptionHandler
17:38:59.254 [JavaFX Application Thread] DEBUG GameApplication      - Starting FXGL
17:38:59.265 [JavaFX Application Thread] INFO  FXGL                 - FXGL-0.5.4 on DESKTOP
17:38:59.265 [JavaFX Application Thread] INFO  FXGL                 - Source code and latest versions at: https://github.com/AlmasB/FXGL
17:38:59.266 [JavaFX Application Thread] INFO  FXGL                 -              Join the FXGL chat at: https://gitter.im/AlmasB/FXGL
17:38:59.266 [JavaFX Application Thread] DEBUG FXGL                 - FXGL started
17:38:59.266 [JavaFX Application Thread] DEBUG FXGL                 - Initializing FXGL
17:38:59.344 [JavaFX Application Thread] DEBUG AssetLoader          - Loading from disk: /assets/ui/cursors/fxgl_default.png
17:38:59.694 [JavaFX Application Thread] DEBUG AssetLoader          - Loading from disk: /assets/ui/fonts/VarelaRound-Regular.ttf
17:38:59.772 [JavaFX Application Thread] DEBUG MainWindow           - Creating a JavaFX scene
17:38:59.820 [JavaFX Application Thread] DEBUG MainWindow           - Target settings size: 600.0 x 600.0
17:38:59.821 [JavaFX Application Thread] DEBUG MainWindow           - Scaled scene size:    600.0 x 600.0
17:38:59.821 [JavaFX Application Thread] DEBUG MainWindow           - Scaled ratio: (1.0, 1.0)
17:38:59.825 [JavaFX Application Thread] DEBUG AssetLoader          - Loading from disk: /assets/ui/css/fxgl_dark.css
17:38:59.829 [JavaFX Application Thread] DEBUG AssetLoader          - Loading from disk: /assets/textures/fxgl_icon.png
17:38:59.847 [JavaFX Application Thread] DEBUG MainWindow           - Opening main window
17:39:00.038 [JavaFX Application Thread] DEBUG MainWindow           - Window border size: (0.0, 22.0)
17:39:00.039 [JavaFX Application Thread] DEBUG MainWindow           - Scaled size: 600.0 x 600.0
17:39:00.039 [JavaFX Application Thread] DEBUG MainWindow           - Scaled ratio: (1.0, 1.0)
17:39:00.039 [JavaFX Application Thread] DEBUG MainWindow           - Scene size: 600.0 x 600.0
17:39:00.039 [JavaFX Application Thread] DEBUG MainWindow           - Stage size: 600.0 x 622.0
17:39:00.094 [ForkJoinPool.commonPool-worker-1] DEBUG FS                   - Loaded DesktopFSService
17:39:00.095 [ForkJoinPool.commonPool-worker-1] DEBUG FXGL                 - Loading FXGL system data
17:39:00.105 [ForkJoinPool.commonPool-worker-1] DEBUG DesktopFSService     - Reading from: system/fxgl.bundle
17:39:00.116 [ForkJoinPool.commonPool-worker-1] DEBUG Bundle               - Logging bundle: FXGL
17:39:00.118 [ForkJoinPool.commonPool-worker-1] DEBUG Bundle               - FXGL.offline.timer.version.check=2019-12-13T14:02:17.794
17:39:00.119 [ForkJoinPool.commonPool-worker-1] DEBUG FXGL                 - Initializing state machine and application states
17:39:00.121 [ForkJoinPool.commonPool-worker-1] DEBUG AssetLoader          - Loading from disk: /assets/ui/cursors/fxgl_default.png
17:39:00.130 [ForkJoinPool.commonPool-worker-1] DEBUG AssetLoader          - Loading from disk: /assets/ui/cursors/fxgl_default.png
17:39:00.141 [ForkJoinPool.commonPool-worker-1] DEBUG AssetLoader          - Loading from cache: /assets/ui/fonts/VarelaRound-Regular.ttf
17:39:00.144 [ForkJoinPool.commonPool-worker-1] DEBUG AssetLoader          - Loading from disk: /assets/ui/cursors/fxgl_default.png
17:39:00.148 [ForkJoinPool.commonPool-worker-1] DEBUG GameScene            - Game scene initialized: 600x600
17:39:00.156 [ForkJoinPool.commonPool-worker-1] DEBUG GameWorld            - Game world initialized
17:39:00.255 [ForkJoinPool.commonPool-worker-1] DEBUG PhysicsWorld         - Physics world initialized: appHeight=600, physics.ppm=50.0
17:39:00.281 [ForkJoinPool.commonPool-worker-1] DEBUG Input                - Registered new binding: Pause - Esc
17:39:00.349 [JavaFX Application Thread] DEBUG FXGL                 - Running preInit()
17:39:00.354 [JavaFX Application Thread] DEBUG Input                - Registered new binding: Screenshot - P
17:39:00.355 [JavaFX Application Thread] DEBUG Input                - Registered new binding: Dev Options - CTRL+0
17:39:00.355 [JavaFX Application Thread] DEBUG Input                - Registered new binding: System info dump - CTRL+9
17:39:00.356 [JavaFX Application Thread] DEBUG Input                - Registered new binding: Restart - CTRL+R
17:39:00.356 [JavaFX Application Thread] DEBUG Input                - Registered new binding: Move Right - D
17:39:00.356 [JavaFX Application Thread] DEBUG Input                - Registered new binding: Move Left - A
17:39:00.356 [JavaFX Application Thread] DEBUG Input                - Registered new binding: Move Up - W
17:39:00.357 [JavaFX Application Thread] DEBUG Input                - Registered new binding: Move Down - S
17:39:00.358 [JavaFX Application Thread] INFO  FXGL                 - FXGL initialization took: 1.091 sec
17:39:00.358 [JavaFX Application Thread] DEBUG LoopRunner           - Starting loop
17:39:00.359 [JavaFX Application Thread] DEBUG StartupState         - STARTUP
17:39:00.360 [JavaFX Application Thread] DEBUG GameApplication      - Starting new game
17:39:00.360 [JavaFX Application Thread] DEBUG Input                - Clearing active input actions
17:39:00.361 [JavaFX Application Thread] DEBUG AssetLoader          - Loading from disk: /assets/ui/css/fxgl_dark.css
17:39:00.371 [JavaFX Application Thread] DEBUG AppStateMachine      - StartupState -> LoadingState
17:39:00.377 [FXGL Background Thread 1 ] DEBUG InitAppTask          - Clearing previous game
17:39:00.377 [FXGL Background Thread 1 ] DEBUG GameWorld            - Clearing game world
17:39:00.377 [FXGL Background Thread 1 ] DEBUG PhysicsWorld         - Clearing physics world
17:39:00.377 [FXGL Background Thread 1 ] DEBUG GameScene            - Clearing game scene
17:39:00.379 [FXGL Background Thread 1 ] DEBUG InitAppTask          - Initializing Game
17:39:00.425 [FXGL Background Thread 1 ] DEBUG AssetLoader          - Loading from disk: /assets/textures/hero_walk.gif
17:39:00.437 [FXGL Background Thread 1 ] DEBUG GameScene            - Creating render group for layer: DEFAULT(100000)
17:39:00.440 [FXGL Background Thread 1 ] DEBUG AssetLoader          - Loading from disk: /assets/textures/red_jewel.png
17:39:00.442 [FXGL Background Thread 1 ] DEBUG AssetLoader          - Loading from disk: /assets/textures/blue_jewel.png
17:39:00.445 [FXGL Background Thread 1 ] DEBUG AssetLoader          - Loading from disk: /assets/textures/purple_jewel.png
17:39:00.447 [FXGL Background Thread 1 ] DEBUG AssetLoader          - Loading from disk: /assets/textures/green_jewel.png
17:39:00.448 [FXGL Background Thread 1 ] DEBUG InitAppTask          - Initializing Physics
17:39:00.449 [FXGL Background Thread 1 ] DEBUG InitAppTask          - Initializing UI
17:39:00.451 [FXGL Background Thread 1 ] DEBUG InitAppTask          - Initialization Complete
17:39:00.451 [FXGL Background Thread 1 ] INFO  InitAppTask          - Game initialization took: 0.075 sec
17:39:00.473 [JavaFX Application Thread] DEBUG Input                - Clearing active input actions
17:39:00.473 [JavaFX Application Thread] DEBUG AssetLoader          - Loading from disk: /assets/ui/css/fxgl_dark.css
17:39:00.485 [JavaFX Application Thread] DEBUG AppStateMachine      - LoadingState -> PlayState
17:39:07.532 [JavaFX Application Thread] DEBUG FXGL                 - Exiting FXGL
17:39:07.532 [JavaFX Application Thread] DEBUG FXGL                 - Shutting down background threads
17:39:07.532 [JavaFX Application Thread] DEBUG FXGL                 - Saving FXGL system data
17:39:07.535 [JavaFX Application Thread] DEBUG DesktopFSService     - Writing to: system/fxgl.bundle
17:39:07.593 [JavaFX Application Thread] DEBUG FXGL                 - Closing logger and exiting JavaFX
