11:58:41.757 [JavaFX Application Thread] DEBUG GameApplication      - Logger initialized
11:58:41.766 [JavaFX Application Thread] DEBUG GameApplication      - Logging settings
Title: What a Silly Game
Version: 1.0
Width: 800
Height: 600
Fullscreen: false
Intro: false
Menus: false
Profiling: false
Single step:false
App Mode: DEVELOPER
Menu Key: ESCAPE
Stage Style: DECORATED
Scene Factory: class com.almasb.fxgl.scene.SceneFactory
Dialog Factory: class com.almasb.fxgl.ui.FXGLDialogFactory
UI Factory: class com.almasb.fxgl.ui.FXGLUIFactory
Notification Service: class com.almasb.fxgl.gameplay.notification.XboxNotificationView
Exception Handler: class com.almasb.fxgl.app.FXGLExceptionHandler
11:58:41.767 [JavaFX Application Thread] DEBUG GameApplication      - Starting FXGL
11:58:41.780 [JavaFX Application Thread] INFO  FXGL                 - FXGL-0.5.4 on DESKTOP
11:58:41.781 [JavaFX Application Thread] INFO  FXGL                 - Source code and latest versions at: https://github.com/AlmasB/FXGL
11:58:41.782 [JavaFX Application Thread] INFO  FXGL                 -              Join the FXGL chat at: https://gitter.im/AlmasB/FXGL
11:58:41.783 [JavaFX Application Thread] DEBUG FXGL                 - FXGL started
11:58:41.783 [JavaFX Application Thread] DEBUG FXGL                 - Initializing FXGL
11:58:41.873 [JavaFX Application Thread] DEBUG AssetLoader          - Loading from disk: /assets/ui/cursors/fxgl_default.png
11:58:42.125 [JavaFX Application Thread] DEBUG AssetLoader          - Loading from disk: /assets/ui/fonts/VarelaRound-Regular.ttf
11:58:42.198 [JavaFX Application Thread] DEBUG MainWindow           - Creating a JavaFX scene
11:58:42.245 [JavaFX Application Thread] DEBUG MainWindow           - Target settings size: 800.0 x 600.0
11:58:42.245 [JavaFX Application Thread] DEBUG MainWindow           - Scaled scene size:    800.0 x 600.0
11:58:42.245 [JavaFX Application Thread] DEBUG MainWindow           - Scaled ratio: (1.0, 1.0)
11:58:42.249 [JavaFX Application Thread] DEBUG AssetLoader          - Loading from disk: /assets/ui/css/fxgl_dark.css
11:58:42.254 [JavaFX Application Thread] DEBUG AssetLoader          - Loading from disk: /assets/textures/fxgl_icon.png
11:58:42.276 [JavaFX Application Thread] DEBUG MainWindow           - Opening main window
11:58:42.494 [JavaFX Application Thread] DEBUG MainWindow           - Window border size: (0.0, 22.0)
11:58:42.494 [JavaFX Application Thread] DEBUG MainWindow           - Scaled size: 800.0 x 600.0
11:58:42.494 [JavaFX Application Thread] DEBUG MainWindow           - Scaled ratio: (1.0, 1.0)
11:58:42.495 [JavaFX Application Thread] DEBUG MainWindow           - Scene size: 800.0 x 600.0
11:58:42.495 [JavaFX Application Thread] DEBUG MainWindow           - Stage size: 800.0 x 622.0
11:58:42.555 [ForkJoinPool.commonPool-worker-1] DEBUG FS                   - Loaded DesktopFSService
11:58:42.556 [ForkJoinPool.commonPool-worker-1] DEBUG FXGL                 - Loading FXGL system data
11:58:42.565 [ForkJoinPool.commonPool-worker-1] DEBUG DesktopFSService     - Reading from: system/fxgl.bundle
11:58:42.582 [ForkJoinPool.commonPool-worker-1] DEBUG Bundle               - Logging bundle: FXGL
11:58:42.583 [ForkJoinPool.commonPool-worker-1] DEBUG Bundle               - FXGL.offline.timer.version.check=2019-12-13T14:02:17.794
11:58:42.585 [ForkJoinPool.commonPool-worker-1] DEBUG FXGL                 - Initializing state machine and application states
11:58:42.589 [ForkJoinPool.commonPool-worker-1] DEBUG AssetLoader          - Loading from disk: /assets/ui/cursors/fxgl_default.png
11:58:42.599 [ForkJoinPool.commonPool-worker-1] DEBUG AssetLoader          - Loading from disk: /assets/ui/cursors/fxgl_default.png
11:58:42.609 [ForkJoinPool.commonPool-worker-1] DEBUG AssetLoader          - Loading from cache: /assets/ui/fonts/VarelaRound-Regular.ttf
11:58:42.614 [ForkJoinPool.commonPool-worker-1] DEBUG AssetLoader          - Loading from disk: /assets/ui/cursors/fxgl_default.png
11:58:42.619 [ForkJoinPool.commonPool-worker-1] DEBUG GameScene            - Game scene initialized: 800x600
11:58:42.629 [ForkJoinPool.commonPool-worker-1] DEBUG GameWorld            - Game world initialized
11:58:42.719 [ForkJoinPool.commonPool-worker-1] DEBUG PhysicsWorld         - Physics world initialized: appHeight=600, physics.ppm=50.0
11:58:42.751 [ForkJoinPool.commonPool-worker-1] DEBUG Input                - Registered new binding: Pause - Esc
11:58:42.831 [JavaFX Application Thread] DEBUG FXGL                 - Running preInit()
11:58:42.833 [JavaFX Application Thread] DEBUG Input                - Registered new binding: Screenshot - P
11:58:42.834 [JavaFX Application Thread] DEBUG Input                - Registered new binding: Dev Options - CTRL+0
11:58:42.835 [JavaFX Application Thread] DEBUG Input                - Registered new binding: System info dump - CTRL+9
11:58:42.835 [JavaFX Application Thread] DEBUG Input                - Registered new binding: Restart - CTRL+R
11:58:42.835 [JavaFX Application Thread] DEBUG Input                - Registered new binding: Move Right - D
11:58:42.836 [JavaFX Application Thread] DEBUG Input                - Registered new binding: Move Left - A
11:58:42.836 [JavaFX Application Thread] DEBUG Input                - Registered new binding: Move Up - W
11:58:42.836 [JavaFX Application Thread] DEBUG Input                - Registered new binding: Move Down - S
11:58:42.837 [JavaFX Application Thread] INFO  FXGL                 - FXGL initialization took: 1.053 sec
11:58:42.837 [JavaFX Application Thread] DEBUG LoopRunner           - Starting loop
11:58:42.839 [JavaFX Application Thread] DEBUG StartupState         - STARTUP
11:58:42.840 [JavaFX Application Thread] DEBUG GameApplication      - Starting new game
11:58:42.840 [JavaFX Application Thread] DEBUG Input                - Clearing active input actions
11:58:42.842 [JavaFX Application Thread] DEBUG AssetLoader          - Loading from disk: /assets/ui/css/fxgl_dark.css
11:58:42.854 [JavaFX Application Thread] DEBUG AppStateMachine      - StartupState -> LoadingState
11:58:42.860 [FXGL Background Thread 1 ] DEBUG InitAppTask          - Clearing previous game
11:58:42.861 [FXGL Background Thread 1 ] DEBUG GameWorld            - Clearing game world
11:58:42.861 [FXGL Background Thread 1 ] DEBUG PhysicsWorld         - Clearing physics world
11:58:42.862 [FXGL Background Thread 1 ] DEBUG GameScene            - Clearing game scene
11:58:42.864 [FXGL Background Thread 1 ] DEBUG InitAppTask          - Initializing Game
11:58:42.922 [FXGL Background Thread 1 ] DEBUG AssetLoader          - Loading from disk: /assets/textures/hero_walk.gif
11:58:42.940 [FXGL Background Thread 1 ] DEBUG GameScene            - Creating render group for layer: DEFAULT(100000)
11:58:42.949 [FXGL Background Thread 1 ] DEBUG AssetLoader          - Loading from disk: /assets/textures/red_jewel.png
11:58:42.951 [FXGL Background Thread 1 ] DEBUG AssetLoader          - Loading from disk: /assets/textures/blue_jewel.png
11:58:42.954 [FXGL Background Thread 1 ] DEBUG AssetLoader          - Loading from disk: /assets/textures/purple_jewel.png
11:58:42.956 [FXGL Background Thread 1 ] DEBUG AssetLoader          - Loading from disk: /assets/textures/green_jewel.png
11:58:42.960 [FXGL Background Thread 1 ] DEBUG AssetLoader          - Loading from disk: /assets/textures/monster.gif
11:58:42.964 [FXGL Background Thread 1 ] DEBUG InitAppTask          - Initializing Physics
11:58:42.965 [FXGL Background Thread 1 ] DEBUG InitAppTask          - Initializing UI
11:58:42.968 [FXGL Background Thread 1 ] DEBUG InitAppTask          - Initialization Complete
11:58:42.968 [FXGL Background Thread 1 ] INFO  InitAppTask          - Game initialization took: 0.108 sec
11:58:42.998 [JavaFX Application Thread] DEBUG Input                - Clearing active input actions
11:58:42.998 [JavaFX Application Thread] DEBUG AssetLoader          - Loading from disk: /assets/ui/css/fxgl_dark.css
11:58:43.018 [JavaFX Application Thread] DEBUG AppStateMachine      - LoadingState -> PlayState
11:58:51.819 [JavaFX Application Thread] DEBUG FXGL                 - Exiting FXGL
11:58:51.819 [JavaFX Application Thread] DEBUG FXGL                 - Shutting down background threads
11:58:51.820 [JavaFX Application Thread] DEBUG FXGL                 - Saving FXGL system data
11:58:51.824 [JavaFX Application Thread] DEBUG DesktopFSService     - Writing to: system/fxgl.bundle
11:58:51.828 [JavaFX Application Thread] DEBUG FXGL                 - Closing logger and exiting JavaFX
