15:28:47.264 [JavaFX Application Thread] DEBUG GameApplication      - Logger initialized
15:28:47.276 [JavaFX Application Thread] DEBUG GameApplication      - Logging settings
Title: What a Silly Game
Version: 1.0
Width: 800
Height: 600
Fullscreen: false
Intro: false
Menus: false
Profiling: false
Single step:false
App Mode: DEVELOPER
Menu Key: ESCAPE
Stage Style: DECORATED
Scene Factory: class com.almasb.fxgl.scene.SceneFactory
Dialog Factory: class com.almasb.fxgl.ui.FXGLDialogFactory
UI Factory: class com.almasb.fxgl.ui.FXGLUIFactory
Notification Service: class com.almasb.fxgl.gameplay.notification.XboxNotificationView
Exception Handler: class com.almasb.fxgl.app.FXGLExceptionHandler
15:28:47.276 [JavaFX Application Thread] DEBUG GameApplication      - Starting FXGL
15:28:47.294 [JavaFX Application Thread] INFO  FXGL                 - FXGL-0.5.4 on DESKTOP
15:28:47.294 [JavaFX Application Thread] INFO  FXGL                 - Source code and latest versions at: https://github.com/AlmasB/FXGL
15:28:47.295 [JavaFX Application Thread] INFO  FXGL                 -              Join the FXGL chat at: https://gitter.im/AlmasB/FXGL
15:28:47.296 [JavaFX Application Thread] DEBUG FXGL                 - FXGL started
15:28:47.296 [JavaFX Application Thread] DEBUG FXGL                 - Initializing FXGL
15:28:47.392 [JavaFX Application Thread] DEBUG AssetLoader          - Loading from disk: /assets/ui/cursors/fxgl_default.png
15:28:47.663 [JavaFX Application Thread] DEBUG AssetLoader          - Loading from disk: /assets/ui/fonts/VarelaRound-Regular.ttf
15:28:47.736 [JavaFX Application Thread] DEBUG MainWindow           - Creating a JavaFX scene
15:28:47.782 [JavaFX Application Thread] DEBUG MainWindow           - Target settings size: 800.0 x 600.0
15:28:47.783 [JavaFX Application Thread] DEBUG MainWindow           - Scaled scene size:    800.0 x 600.0
15:28:47.783 [JavaFX Application Thread] DEBUG MainWindow           - Scaled ratio: (1.0, 1.0)
15:28:47.786 [JavaFX Application Thread] DEBUG AssetLoader          - Loading from disk: /assets/ui/css/fxgl_dark.css
15:28:47.791 [JavaFX Application Thread] DEBUG AssetLoader          - Loading from disk: /assets/textures/fxgl_icon.png
15:28:47.814 [JavaFX Application Thread] DEBUG MainWindow           - Opening main window
15:28:48.010 [JavaFX Application Thread] DEBUG MainWindow           - Window border size: (0.0, 22.0)
15:28:48.010 [JavaFX Application Thread] DEBUG MainWindow           - Scaled size: 800.0 x 600.0
15:28:48.011 [JavaFX Application Thread] DEBUG MainWindow           - Scaled ratio: (1.0, 1.0)
15:28:48.011 [JavaFX Application Thread] DEBUG MainWindow           - Scene size: 800.0 x 600.0
15:28:48.011 [JavaFX Application Thread] DEBUG MainWindow           - Stage size: 800.0 x 622.0
15:28:48.069 [ForkJoinPool.commonPool-worker-1] DEBUG FS                   - Loaded DesktopFSService
15:28:48.069 [ForkJoinPool.commonPool-worker-1] DEBUG FXGL                 - Loading FXGL system data
15:28:48.082 [ForkJoinPool.commonPool-worker-1] DEBUG DesktopFSService     - Reading from: system/fxgl.bundle
15:28:48.095 [ForkJoinPool.commonPool-worker-1] DEBUG Bundle               - Logging bundle: FXGL
15:28:48.096 [ForkJoinPool.commonPool-worker-1] DEBUG Bundle               - FXGL.offline.timer.version.check=2019-12-20T14:26:23.443
15:28:48.097 [ForkJoinPool.commonPool-worker-1] DEBUG FXGL                 - Initializing state machine and application states
15:28:48.099 [ForkJoinPool.commonPool-worker-1] DEBUG AssetLoader          - Loading from disk: /assets/ui/cursors/fxgl_default.png
15:28:48.107 [ForkJoinPool.commonPool-worker-1] DEBUG AssetLoader          - Loading from disk: /assets/ui/cursors/fxgl_default.png
15:28:48.119 [ForkJoinPool.commonPool-worker-1] DEBUG AssetLoader          - Loading from cache: /assets/ui/fonts/VarelaRound-Regular.ttf
15:28:48.122 [ForkJoinPool.commonPool-worker-1] DEBUG AssetLoader          - Loading from disk: /assets/ui/cursors/fxgl_default.png
15:28:48.127 [ForkJoinPool.commonPool-worker-1] DEBUG GameScene            - Game scene initialized: 800x600
15:28:48.134 [ForkJoinPool.commonPool-worker-1] DEBUG GameWorld            - Game world initialized
15:28:48.229 [ForkJoinPool.commonPool-worker-1] DEBUG PhysicsWorld         - Physics world initialized: appHeight=600, physics.ppm=50.0
15:28:48.258 [ForkJoinPool.commonPool-worker-1] DEBUG Input                - Registered new binding: Pause - Esc
15:28:48.331 [JavaFX Application Thread] DEBUG FXGL                 - Running preInit()
15:28:48.334 [JavaFX Application Thread] DEBUG Input                - Registered new binding: Screenshot - P
15:28:48.335 [JavaFX Application Thread] DEBUG Input                - Registered new binding: Dev Options - CTRL+0
15:28:48.336 [JavaFX Application Thread] DEBUG Input                - Registered new binding: System info dump - CTRL+9
15:28:48.337 [JavaFX Application Thread] DEBUG Input                - Registered new binding: Restart - CTRL+R
15:28:48.337 [JavaFX Application Thread] DEBUG Input                - Registered new binding: Move Right - D
15:28:48.338 [JavaFX Application Thread] DEBUG Input                - Registered new binding: Move Left - A
15:28:48.338 [JavaFX Application Thread] DEBUG Input                - Registered new binding: Move Up - W
15:28:48.338 [JavaFX Application Thread] DEBUG Input                - Registered new binding: Move Down - S
15:28:48.339 [JavaFX Application Thread] DEBUG Input                - Registered new binding: Attack - Enter
15:28:48.340 [JavaFX Application Thread] INFO  FXGL                 - FXGL initialization took: 1.043 sec
15:28:48.340 [JavaFX Application Thread] DEBUG LoopRunner           - Starting loop
15:28:48.343 [JavaFX Application Thread] DEBUG StartupState         - STARTUP
15:28:48.344 [JavaFX Application Thread] DEBUG GameApplication      - Starting new game
15:28:48.344 [JavaFX Application Thread] DEBUG Input                - Clearing active input actions
15:28:48.346 [JavaFX Application Thread] DEBUG AssetLoader          - Loading from disk: /assets/ui/css/fxgl_dark.css
15:28:48.360 [JavaFX Application Thread] DEBUG AppStateMachine      - StartupState -> LoadingState
15:28:48.370 [FXGL Background Thread 1 ] DEBUG InitAppTask          - Clearing previous game
15:28:48.371 [FXGL Background Thread 1 ] DEBUG GameWorld            - Clearing game world
15:28:48.371 [FXGL Background Thread 1 ] DEBUG PhysicsWorld         - Clearing physics world
15:28:48.371 [FXGL Background Thread 1 ] DEBUG GameScene            - Clearing game scene
15:28:48.373 [FXGL Background Thread 1 ] DEBUG InitAppTask          - Initializing Game
15:28:48.436 [FXGL Background Thread 1 ] DEBUG AssetLoader          - Loading from disk: /assets/textures/hero_walk.gif
15:28:48.460 [FXGL Background Thread 1 ] DEBUG GameScene            - Creating render group for layer: DEFAULT(100000)
15:28:48.468 [FXGL Background Thread 1 ] DEBUG AssetLoader          - Loading from disk: /assets/textures/red_jewel.png
15:28:48.471 [FXGL Background Thread 1 ] DEBUG AssetLoader          - Loading from disk: /assets/textures/blue_jewel.png
15:28:48.474 [FXGL Background Thread 1 ] DEBUG AssetLoader          - Loading from disk: /assets/textures/purple_jewel.png
15:28:48.476 [FXGL Background Thread 1 ] DEBUG AssetLoader          - Loading from disk: /assets/textures/green_jewel.png
15:28:48.480 [FXGL Background Thread 1 ] DEBUG AssetLoader          - Loading from disk: /assets/textures/monster.gif
15:28:48.485 [FXGL Background Thread 1 ] DEBUG InitAppTask          - Initializing Physics
15:28:48.485 [FXGL Background Thread 1 ] DEBUG InitAppTask          - Initializing UI
15:28:48.490 [FXGL Background Thread 1 ] DEBUG InitAppTask          - Initialization Complete
15:28:48.492 [FXGL Background Thread 1 ] INFO  InitAppTask          - Game initialization took: 0.122 sec
15:28:48.496 [JavaFX Application Thread] DEBUG Input                - Clearing active input actions
15:28:48.497 [JavaFX Application Thread] DEBUG AssetLoader          - Loading from disk: /assets/ui/css/fxgl_dark.css
15:28:48.515 [JavaFX Application Thread] DEBUG AppStateMachine      - LoadingState -> PlayState
15:29:00.318 [JavaFX Application Thread] DEBUG FXGL                 - Exiting FXGL
15:29:00.318 [JavaFX Application Thread] DEBUG FXGL                 - Shutting down background threads
15:29:00.318 [JavaFX Application Thread] DEBUG FXGL                 - Saving FXGL system data
15:29:00.323 [JavaFX Application Thread] DEBUG DesktopFSService     - Writing to: system/fxgl.bundle
15:29:00.329 [JavaFX Application Thread] DEBUG FXGL                 - Closing logger and exiting JavaFX
