10:40:53.254 [JavaFX Application Thread] DEBUG GameApplication      - Logger initialized
10:40:53.265 [JavaFX Application Thread] DEBUG GameApplication      - Logging settings
Title: What a Silly Game
Version: 0.1
Width: 800
Height: 600
Fullscreen: false
Intro: false
Menus: false
Profiling: false
Single step:false
App Mode: DEVELOPER
Menu Key: ESCAPE
Stage Style: DECORATED
Scene Factory: class com.almasb.fxgl.scene.SceneFactory
Dialog Factory: class com.almasb.fxgl.ui.FXGLDialogFactory
UI Factory: class com.almasb.fxgl.ui.FXGLUIFactory
Notification Service: class com.almasb.fxgl.gameplay.notification.XboxNotificationView
Exception Handler: class com.almasb.fxgl.app.FXGLExceptionHandler
10:40:53.266 [JavaFX Application Thread] DEBUG GameApplication      - Starting FXGL
10:40:53.283 [JavaFX Application Thread] INFO  FXGL                 - FXGL-0.5.4 on DESKTOP
10:40:53.284 [JavaFX Application Thread] INFO  FXGL                 - Source code and latest versions at: https://github.com/AlmasB/FXGL
10:40:53.284 [JavaFX Application Thread] INFO  FXGL                 -              Join the FXGL chat at: https://gitter.im/AlmasB/FXGL
10:40:53.284 [JavaFX Application Thread] DEBUG FXGL                 - FXGL started
10:40:53.285 [JavaFX Application Thread] DEBUG FXGL                 - Initializing FXGL
10:40:53.359 [JavaFX Application Thread] DEBUG AssetLoader          - Loading from disk: /assets/ui/cursors/fxgl_default.png
10:40:53.599 [JavaFX Application Thread] DEBUG AssetLoader          - Loading from disk: /assets/ui/fonts/VarelaRound-Regular.ttf
10:40:53.671 [JavaFX Application Thread] DEBUG MainWindow           - Creating a JavaFX scene
10:40:53.715 [JavaFX Application Thread] DEBUG MainWindow           - Target settings size: 800.0 x 600.0
10:40:53.715 [JavaFX Application Thread] DEBUG MainWindow           - Scaled scene size:    800.0 x 600.0
10:40:53.715 [JavaFX Application Thread] DEBUG MainWindow           - Scaled ratio: (1.0, 1.0)
10:40:53.718 [JavaFX Application Thread] DEBUG AssetLoader          - Loading from disk: /assets/ui/css/fxgl_dark.css
10:40:53.722 [JavaFX Application Thread] DEBUG AssetLoader          - Loading from disk: /assets/textures/fxgl_icon.png
10:40:53.745 [JavaFX Application Thread] DEBUG MainWindow           - Opening main window
10:40:53.956 [JavaFX Application Thread] DEBUG MainWindow           - Window border size: (0.0, 22.0)
10:40:53.956 [JavaFX Application Thread] DEBUG MainWindow           - Scaled size: 800.0 x 600.0
10:40:53.956 [JavaFX Application Thread] DEBUG MainWindow           - Scaled ratio: (1.0, 1.0)
10:40:53.957 [JavaFX Application Thread] DEBUG MainWindow           - Scene size: 800.0 x 600.0
10:40:53.957 [JavaFX Application Thread] DEBUG MainWindow           - Stage size: 800.0 x 622.0
10:40:54.022 [ForkJoinPool.commonPool-worker-1] DEBUG FS                   - Loaded DesktopFSService
10:40:54.022 [ForkJoinPool.commonPool-worker-1] DEBUG FXGL                 - Loading FXGL system data
10:40:54.036 [ForkJoinPool.commonPool-worker-1] DEBUG DesktopFSService     - Reading from: system/fxgl.bundle
10:40:54.055 [ForkJoinPool.commonPool-worker-1] DEBUG Bundle               - Logging bundle: FXGL
10:40:54.056 [ForkJoinPool.commonPool-worker-1] DEBUG Bundle               - FXGL.offline.timer.version.check=2019-12-13T14:02:17.794
10:40:54.057 [ForkJoinPool.commonPool-worker-1] DEBUG FXGL                 - Initializing state machine and application states
10:40:54.060 [ForkJoinPool.commonPool-worker-1] DEBUG AssetLoader          - Loading from disk: /assets/ui/cursors/fxgl_default.png
10:40:54.071 [ForkJoinPool.commonPool-worker-1] DEBUG AssetLoader          - Loading from disk: /assets/ui/cursors/fxgl_default.png
10:40:54.085 [ForkJoinPool.commonPool-worker-1] DEBUG AssetLoader          - Loading from cache: /assets/ui/fonts/VarelaRound-Regular.ttf
10:40:54.089 [ForkJoinPool.commonPool-worker-1] DEBUG AssetLoader          - Loading from disk: /assets/ui/cursors/fxgl_default.png
10:40:54.093 [ForkJoinPool.commonPool-worker-1] DEBUG GameScene            - Game scene initialized: 800x600
10:40:54.102 [ForkJoinPool.commonPool-worker-1] DEBUG GameWorld            - Game world initialized
10:40:54.184 [ForkJoinPool.commonPool-worker-1] DEBUG PhysicsWorld         - Physics world initialized: appHeight=600, physics.ppm=50.0
10:40:54.207 [ForkJoinPool.commonPool-worker-1] DEBUG Input                - Registered new binding: Pause - Esc
10:40:54.283 [JavaFX Application Thread] DEBUG FXGL                 - Running preInit()
10:40:54.285 [JavaFX Application Thread] DEBUG Input                - Registered new binding: Screenshot - P
10:40:54.286 [JavaFX Application Thread] DEBUG Input                - Registered new binding: Dev Options - CTRL+0
10:40:54.287 [JavaFX Application Thread] DEBUG Input                - Registered new binding: System info dump - CTRL+9
10:40:54.288 [JavaFX Application Thread] DEBUG Input                - Registered new binding: Restart - CTRL+R
10:40:54.288 [JavaFX Application Thread] DEBUG Input                - Registered new binding: Move Right - D
10:40:54.289 [JavaFX Application Thread] DEBUG Input                - Registered new binding: Move Left - A
10:40:54.289 [JavaFX Application Thread] DEBUG Input                - Registered new binding: Move Up - W
10:40:54.289 [JavaFX Application Thread] DEBUG Input                - Registered new binding: Move Down - S
10:40:54.290 [JavaFX Application Thread] INFO  FXGL                 - FXGL initialization took: 1.005 sec
10:40:54.290 [JavaFX Application Thread] DEBUG LoopRunner           - Starting loop
10:40:54.292 [JavaFX Application Thread] DEBUG StartupState         - STARTUP
10:40:54.293 [JavaFX Application Thread] DEBUG GameApplication      - Starting new game
10:40:54.293 [JavaFX Application Thread] DEBUG Input                - Clearing active input actions
10:40:54.295 [JavaFX Application Thread] DEBUG AssetLoader          - Loading from disk: /assets/ui/css/fxgl_dark.css
10:40:54.305 [JavaFX Application Thread] DEBUG AppStateMachine      - StartupState -> LoadingState
10:40:54.311 [FXGL Background Thread 1 ] DEBUG InitAppTask          - Clearing previous game
10:40:54.312 [FXGL Background Thread 1 ] DEBUG GameWorld            - Clearing game world
10:40:54.312 [FXGL Background Thread 1 ] DEBUG PhysicsWorld         - Clearing physics world
10:40:54.312 [FXGL Background Thread 1 ] DEBUG GameScene            - Clearing game scene
10:40:54.316 [FXGL Background Thread 1 ] DEBUG InitAppTask          - Initializing Game
10:40:54.349 [JavaFX Application Thread] FATAL FXGL                 - Uncaught Exception:

Fatal exception occurred: java.lang.NullPointerException : null
E: com.Summer.SillyGame.BasicGameApp.initGameVars(BasicGameApp.java:80)
E: com.almasb.fxgl.app.LoadingState$InitAppTask.initGame(AppStates.kt:162)
E: com.almasb.fxgl.app.LoadingState$InitAppTask.call(AppStates.kt:138)
E: com.almasb.fxgl.app.LoadingState$InitAppTask.call(AppStates.kt:127)
E: javafx.concurrent.Task$TaskCallable.call(Task.java:1423)
E: java.util.concurrent.FutureTask.run(FutureTask.java:266)
E: java.util.concurrent.Executors$RunnableAdapter.call(Executors.java:511)
E: java.util.concurrent.FutureTask.run(FutureTask.java:266)
E: java.util.concurrent.ThreadPoolExecutor.runWorker(ThreadPoolExecutor.java:1149)
E: java.util.concurrent.ThreadPoolExecutor$Worker.run(ThreadPoolExecutor.java:624)
E: java.lang.Thread.run(Thread.java:748)

10:40:54.349 [JavaFX Application Thread] FATAL FXGL                 - Application will now exit
10:40:54.349 [JavaFX Application Thread] DEBUG LoopRunner           - Stopping loop
10:41:09.000 [JavaFX Application Thread] DEBUG FXGL                 - Exiting FXGL
10:41:09.000 [JavaFX Application Thread] DEBUG FXGL                 - Shutting down background threads
10:41:09.001 [JavaFX Application Thread] DEBUG FXGL                 - Saving FXGL system data
10:41:09.005 [JavaFX Application Thread] DEBUG DesktopFSService     - Writing to: system/fxgl.bundle
10:41:09.009 [JavaFX Application Thread] DEBUG FXGL                 - Closing logger and exiting JavaFX
