13:08:00.807 [JavaFX Application Thread] DEBUG GameApplication      - Logger initialized
13:08:00.816 [JavaFX Application Thread] DEBUG GameApplication      - Logging settings
Title: What a Silly Game
Version: 0.1
Width: 800
Height: 600
Fullscreen: false
Intro: false
Menus: false
Profiling: false
Single step:false
App Mode: DEVELOPER
Menu Key: ESCAPE
Stage Style: DECORATED
Scene Factory: class com.almasb.fxgl.scene.SceneFactory
Dialog Factory: class com.almasb.fxgl.ui.FXGLDialogFactory
UI Factory: class com.almasb.fxgl.ui.FXGLUIFactory
Notification Service: class com.almasb.fxgl.gameplay.notification.XboxNotificationView
Exception Handler: class com.almasb.fxgl.app.FXGLExceptionHandler
13:08:00.816 [JavaFX Application Thread] DEBUG GameApplication      - Starting FXGL
13:08:00.833 [JavaFX Application Thread] INFO  FXGL                 - FXGL-0.5.4 on DESKTOP
13:08:00.833 [JavaFX Application Thread] INFO  FXGL                 - Source code and latest versions at: https://github.com/AlmasB/FXGL
13:08:00.834 [JavaFX Application Thread] INFO  FXGL                 -              Join the FXGL chat at: https://gitter.im/AlmasB/FXGL
13:08:00.834 [JavaFX Application Thread] DEBUG FXGL                 - FXGL started
13:08:00.835 [JavaFX Application Thread] DEBUG FXGL                 - Initializing FXGL
13:08:00.902 [JavaFX Application Thread] DEBUG AssetLoader          - Loading from disk: /assets/ui/cursors/fxgl_default.png
13:08:01.126 [JavaFX Application Thread] DEBUG AssetLoader          - Loading from disk: /assets/ui/fonts/VarelaRound-Regular.ttf
13:08:01.199 [JavaFX Application Thread] DEBUG MainWindow           - Creating a JavaFX scene
13:08:01.252 [JavaFX Application Thread] DEBUG MainWindow           - Target settings size: 800.0 x 600.0
13:08:01.253 [JavaFX Application Thread] DEBUG MainWindow           - Scaled scene size:    800.0 x 600.0
13:08:01.253 [JavaFX Application Thread] DEBUG MainWindow           - Scaled ratio: (1.0, 1.0)
13:08:01.256 [JavaFX Application Thread] DEBUG AssetLoader          - Loading from disk: /assets/ui/css/fxgl_dark.css
13:08:01.261 [JavaFX Application Thread] DEBUG AssetLoader          - Loading from disk: /assets/textures/fxgl_icon.png
13:08:01.287 [JavaFX Application Thread] DEBUG MainWindow           - Opening main window
13:08:01.485 [JavaFX Application Thread] DEBUG MainWindow           - Window border size: (0.0, 22.0)
13:08:01.485 [JavaFX Application Thread] DEBUG MainWindow           - Scaled size: 800.0 x 600.0
13:08:01.485 [JavaFX Application Thread] DEBUG MainWindow           - Scaled ratio: (1.0, 1.0)
13:08:01.486 [JavaFX Application Thread] DEBUG MainWindow           - Scene size: 800.0 x 600.0
13:08:01.486 [JavaFX Application Thread] DEBUG MainWindow           - Stage size: 800.0 x 622.0
13:08:01.534 [ForkJoinPool.commonPool-worker-1] DEBUG FS                   - Loaded DesktopFSService
13:08:01.534 [ForkJoinPool.commonPool-worker-1] DEBUG FXGL                 - Loading FXGL system data
13:08:01.543 [ForkJoinPool.commonPool-worker-1] DEBUG DesktopFSService     - Reading from: system/fxgl.bundle
13:08:01.557 [ForkJoinPool.commonPool-worker-1] DEBUG Bundle               - Logging bundle: FXGL
13:08:01.560 [ForkJoinPool.commonPool-worker-1] DEBUG Bundle               - FXGL.offline.timer.version.check=2019-12-13T14:02:17.794
13:08:01.561 [ForkJoinPool.commonPool-worker-1] DEBUG FXGL                 - Initializing state machine and application states
13:08:01.563 [ForkJoinPool.commonPool-worker-1] DEBUG AssetLoader          - Loading from disk: /assets/ui/cursors/fxgl_default.png
13:08:01.572 [ForkJoinPool.commonPool-worker-1] DEBUG AssetLoader          - Loading from disk: /assets/ui/cursors/fxgl_default.png
13:08:01.580 [ForkJoinPool.commonPool-worker-1] DEBUG AssetLoader          - Loading from cache: /assets/ui/fonts/VarelaRound-Regular.ttf
13:08:01.586 [ForkJoinPool.commonPool-worker-1] DEBUG AssetLoader          - Loading from disk: /assets/ui/cursors/fxgl_default.png
13:08:01.591 [ForkJoinPool.commonPool-worker-1] DEBUG GameScene            - Game scene initialized: 800x600
13:08:01.598 [ForkJoinPool.commonPool-worker-1] DEBUG GameWorld            - Game world initialized
13:08:01.688 [ForkJoinPool.commonPool-worker-1] DEBUG PhysicsWorld         - Physics world initialized: appHeight=600, physics.ppm=50.0
13:08:01.714 [ForkJoinPool.commonPool-worker-1] DEBUG Input                - Registered new binding: Pause - Esc
13:08:01.785 [JavaFX Application Thread] DEBUG FXGL                 - Running preInit()
13:08:01.789 [JavaFX Application Thread] DEBUG Input                - Registered new binding: Screenshot - P
13:08:01.789 [JavaFX Application Thread] DEBUG Input                - Registered new binding: Dev Options - CTRL+0
13:08:01.790 [JavaFX Application Thread] DEBUG Input                - Registered new binding: System info dump - CTRL+9
13:08:01.790 [JavaFX Application Thread] DEBUG Input                - Registered new binding: Restart - CTRL+R
13:08:01.791 [JavaFX Application Thread] DEBUG Input                - Registered new binding: Move Right - D
13:08:01.791 [JavaFX Application Thread] DEBUG Input                - Registered new binding: Move Left - A
13:08:01.791 [JavaFX Application Thread] DEBUG Input                - Registered new binding: Move Up - W
13:08:01.791 [JavaFX Application Thread] DEBUG Input                - Registered new binding: Move Down - S
13:08:01.792 [JavaFX Application Thread] INFO  FXGL                 - FXGL initialization took: 0.957 sec
13:08:01.793 [JavaFX Application Thread] DEBUG LoopRunner           - Starting loop
13:08:01.795 [JavaFX Application Thread] DEBUG StartupState         - STARTUP
13:08:01.795 [JavaFX Application Thread] DEBUG GameApplication      - Starting new game
13:08:01.795 [JavaFX Application Thread] DEBUG Input                - Clearing active input actions
13:08:01.796 [JavaFX Application Thread] DEBUG AssetLoader          - Loading from disk: /assets/ui/css/fxgl_dark.css
13:08:01.810 [JavaFX Application Thread] DEBUG AppStateMachine      - StartupState -> LoadingState
13:08:01.819 [FXGL Background Thread 1 ] DEBUG InitAppTask          - Clearing previous game
13:08:01.819 [FXGL Background Thread 1 ] DEBUG GameWorld            - Clearing game world
13:08:01.819 [FXGL Background Thread 1 ] DEBUG PhysicsWorld         - Clearing physics world
13:08:01.819 [FXGL Background Thread 1 ] DEBUG GameScene            - Clearing game scene
13:08:01.823 [FXGL Background Thread 1 ] DEBUG InitAppTask          - Initializing Game
13:08:01.865 [JavaFX Application Thread] FATAL FXGL                 - Uncaught Exception:

Fatal exception occurred: java.lang.NullPointerException : null
E: com.Summer.SillyGame.BasicGameApp.initGame(BasicGameApp.java:75)
E: com.almasb.fxgl.app.GameApplication.internalInitGame(GameApplication.java:238)
E: com.almasb.fxgl.app.LoadingState$InitAppTask.initGame(AppStates.kt:168)
E: com.almasb.fxgl.app.LoadingState$InitAppTask.call(AppStates.kt:138)
E: com.almasb.fxgl.app.LoadingState$InitAppTask.call(AppStates.kt:127)
E: javafx.concurrent.Task$TaskCallable.call(Task.java:1423)
E: java.util.concurrent.FutureTask.run(FutureTask.java:266)
E: java.util.concurrent.Executors$RunnableAdapter.call(Executors.java:511)
E: java.util.concurrent.FutureTask.run(FutureTask.java:266)
E: java.util.concurrent.ThreadPoolExecutor.runWorker(ThreadPoolExecutor.java:1149)
E: java.util.concurrent.ThreadPoolExecutor$Worker.run(ThreadPoolExecutor.java:624)
E: java.lang.Thread.run(Thread.java:748)

13:08:01.866 [JavaFX Application Thread] FATAL FXGL                 - Application will now exit
13:08:01.866 [JavaFX Application Thread] DEBUG LoopRunner           - Stopping loop
13:08:05.023 [JavaFX Application Thread] DEBUG FXGL                 - Exiting FXGL
13:08:05.023 [JavaFX Application Thread] DEBUG FXGL                 - Shutting down background threads
13:08:05.023 [JavaFX Application Thread] DEBUG FXGL                 - Saving FXGL system data
13:08:05.026 [JavaFX Application Thread] DEBUG DesktopFSService     - Writing to: system/fxgl.bundle
13:08:05.032 [JavaFX Application Thread] DEBUG FXGL                 - Closing logger and exiting JavaFX
