19:35:28.364 [JavaFX Application Thread] DEBUG GameApplication      - Logger initialized
19:35:28.374 [JavaFX Application Thread] DEBUG GameApplication      - Logging settings
Title: What a Silly Game
Version: 0.1
Width: 800
Height: 600
Fullscreen: false
Intro: false
Menus: false
Profiling: false
Single step:false
App Mode: DEVELOPER
Menu Key: ESCAPE
Stage Style: DECORATED
Scene Factory: class com.almasb.fxgl.scene.SceneFactory
Dialog Factory: class com.almasb.fxgl.ui.FXGLDialogFactory
UI Factory: class com.almasb.fxgl.ui.FXGLUIFactory
Notification Service: class com.almasb.fxgl.gameplay.notification.XboxNotificationView
Exception Handler: class com.almasb.fxgl.app.FXGLExceptionHandler
19:35:28.374 [JavaFX Application Thread] DEBUG GameApplication      - Starting FXGL
19:35:28.386 [JavaFX Application Thread] INFO  FXGL                 - FXGL-0.5.4 on DESKTOP
19:35:28.387 [JavaFX Application Thread] INFO  FXGL                 - Source code and latest versions at: https://github.com/AlmasB/FXGL
19:35:28.387 [JavaFX Application Thread] INFO  FXGL                 -              Join the FXGL chat at: https://gitter.im/AlmasB/FXGL
19:35:28.388 [JavaFX Application Thread] DEBUG FXGL                 - FXGL started
19:35:28.388 [JavaFX Application Thread] DEBUG FXGL                 - Initializing FXGL
19:35:28.446 [JavaFX Application Thread] DEBUG AssetLoader          - Loading from disk: /assets/ui/cursors/fxgl_default.png
19:35:28.716 [JavaFX Application Thread] DEBUG AssetLoader          - Loading from disk: /assets/ui/fonts/VarelaRound-Regular.ttf
19:35:28.788 [JavaFX Application Thread] DEBUG MainWindow           - Creating a JavaFX scene
19:35:28.830 [JavaFX Application Thread] DEBUG MainWindow           - Target settings size: 800.0 x 600.0
19:35:28.830 [JavaFX Application Thread] DEBUG MainWindow           - Scaled scene size:    800.0 x 600.0
19:35:28.831 [JavaFX Application Thread] DEBUG MainWindow           - Scaled ratio: (1.0, 1.0)
19:35:28.835 [JavaFX Application Thread] DEBUG AssetLoader          - Loading from disk: /assets/ui/css/fxgl_dark.css
19:35:28.842 [JavaFX Application Thread] DEBUG AssetLoader          - Loading from disk: /assets/textures/fxgl_icon.png
19:35:28.866 [JavaFX Application Thread] DEBUG MainWindow           - Opening main window
19:35:29.067 [JavaFX Application Thread] DEBUG MainWindow           - Window border size: (0.0, 22.0)
19:35:29.068 [JavaFX Application Thread] DEBUG MainWindow           - Scaled size: 800.0 x 600.0
19:35:29.068 [JavaFX Application Thread] DEBUG MainWindow           - Scaled ratio: (1.0, 1.0)
19:35:29.068 [JavaFX Application Thread] DEBUG MainWindow           - Scene size: 800.0 x 600.0
19:35:29.068 [JavaFX Application Thread] DEBUG MainWindow           - Stage size: 800.0 x 622.0
19:35:29.121 [ForkJoinPool.commonPool-worker-1] DEBUG FS                   - Loaded DesktopFSService
19:35:29.121 [ForkJoinPool.commonPool-worker-1] DEBUG FXGL                 - Loading FXGL system data
19:35:29.131 [ForkJoinPool.commonPool-worker-1] DEBUG DesktopFSService     - Reading from: system/fxgl.bundle
19:35:29.146 [ForkJoinPool.commonPool-worker-1] DEBUG Bundle               - Logging bundle: FXGL
19:35:29.148 [ForkJoinPool.commonPool-worker-1] DEBUG Bundle               - FXGL.offline.timer.version.check=2019-12-13T14:02:17.794
19:35:29.149 [ForkJoinPool.commonPool-worker-1] DEBUG FXGL                 - Initializing state machine and application states
19:35:29.152 [ForkJoinPool.commonPool-worker-1] DEBUG AssetLoader          - Loading from disk: /assets/ui/cursors/fxgl_default.png
19:35:29.162 [ForkJoinPool.commonPool-worker-1] DEBUG AssetLoader          - Loading from disk: /assets/ui/cursors/fxgl_default.png
19:35:29.173 [ForkJoinPool.commonPool-worker-1] DEBUG AssetLoader          - Loading from cache: /assets/ui/fonts/VarelaRound-Regular.ttf
19:35:29.177 [ForkJoinPool.commonPool-worker-1] DEBUG AssetLoader          - Loading from disk: /assets/ui/cursors/fxgl_default.png
19:35:29.183 [ForkJoinPool.commonPool-worker-1] DEBUG GameScene            - Game scene initialized: 800x600
19:35:29.193 [ForkJoinPool.commonPool-worker-1] DEBUG GameWorld            - Game world initialized
19:35:29.300 [ForkJoinPool.commonPool-worker-1] DEBUG PhysicsWorld         - Physics world initialized: appHeight=600, physics.ppm=50.0
19:35:29.333 [ForkJoinPool.commonPool-worker-1] DEBUG Input                - Registered new binding: Pause - Esc
19:35:29.426 [JavaFX Application Thread] DEBUG FXGL                 - Running preInit()
19:35:29.427 [JavaFX Application Thread] DEBUG Input                - Registered new binding: Screenshot - P
19:35:29.428 [JavaFX Application Thread] DEBUG Input                - Registered new binding: Dev Options - CTRL+0
19:35:29.429 [JavaFX Application Thread] DEBUG Input                - Registered new binding: System info dump - CTRL+9
19:35:29.429 [JavaFX Application Thread] DEBUG Input                - Registered new binding: Restart - CTRL+R
19:35:29.430 [JavaFX Application Thread] DEBUG Input                - Registered new binding: Move Right - D
19:35:29.430 [JavaFX Application Thread] DEBUG Input                - Registered new binding: Move Left - A
19:35:29.430 [JavaFX Application Thread] DEBUG Input                - Registered new binding: Move Up - W
19:35:29.430 [JavaFX Application Thread] DEBUG Input                - Registered new binding: Move Down - S
19:35:29.431 [JavaFX Application Thread] INFO  FXGL                 - FXGL initialization took: 1.043 sec
19:35:29.432 [JavaFX Application Thread] DEBUG LoopRunner           - Starting loop
19:35:29.435 [JavaFX Application Thread] DEBUG StartupState         - STARTUP
19:35:29.435 [JavaFX Application Thread] DEBUG GameApplication      - Starting new game
19:35:29.435 [JavaFX Application Thread] DEBUG Input                - Clearing active input actions
19:35:29.437 [JavaFX Application Thread] DEBUG AssetLoader          - Loading from disk: /assets/ui/css/fxgl_dark.css
19:35:29.449 [JavaFX Application Thread] DEBUG AppStateMachine      - StartupState -> LoadingState
19:35:29.456 [FXGL Background Thread 1 ] DEBUG InitAppTask          - Clearing previous game
19:35:29.456 [FXGL Background Thread 1 ] DEBUG GameWorld            - Clearing game world
19:35:29.456 [FXGL Background Thread 1 ] DEBUG PhysicsWorld         - Clearing physics world
19:35:29.457 [FXGL Background Thread 1 ] DEBUG GameScene            - Clearing game scene
19:35:29.458 [FXGL Background Thread 1 ] DEBUG InitAppTask          - Initializing Game
19:35:29.512 [FXGL Background Thread 1 ] DEBUG AssetLoader          - Loading from disk: /assets/textures/hero_walk.gif
19:35:29.528 [FXGL Background Thread 1 ] DEBUG GameScene            - Creating render group for layer: DEFAULT(100000)
19:35:29.533 [FXGL Background Thread 1 ] DEBUG AssetLoader          - Loading from disk: /assets/textures/red_jewel.png
19:35:29.537 [FXGL Background Thread 1 ] DEBUG AssetLoader          - Loading from disk: /assets/textures/blue_jewel.png
19:35:29.540 [FXGL Background Thread 1 ] DEBUG AssetLoader          - Loading from disk: /assets/textures/purple_jewel.png
19:35:29.542 [FXGL Background Thread 1 ] DEBUG AssetLoader          - Loading from disk: /assets/textures/green_jewel.png
19:35:29.544 [FXGL Background Thread 1 ] DEBUG InitAppTask          - Initializing Physics
19:35:29.545 [FXGL Background Thread 1 ] DEBUG InitAppTask          - Initializing UI
19:35:29.545 [FXGL Background Thread 1 ] DEBUG InitAppTask          - Initialization Complete
19:35:29.545 [FXGL Background Thread 1 ] INFO  InitAppTask          - Game initialization took: 0.089 sec
19:35:29.573 [JavaFX Application Thread] DEBUG Input                - Clearing active input actions
19:35:29.574 [JavaFX Application Thread] DEBUG AssetLoader          - Loading from disk: /assets/ui/css/fxgl_dark.css
19:35:29.588 [JavaFX Application Thread] DEBUG AppStateMachine      - LoadingState -> PlayState
19:35:35.654 [JavaFX Application Thread] DEBUG FXGL                 - Exiting FXGL
19:35:35.654 [JavaFX Application Thread] DEBUG FXGL                 - Shutting down background threads
19:35:35.654 [JavaFX Application Thread] DEBUG FXGL                 - Saving FXGL system data
19:35:35.657 [JavaFX Application Thread] DEBUG DesktopFSService     - Writing to: system/fxgl.bundle
19:35:35.661 [JavaFX Application Thread] DEBUG FXGL                 - Closing logger and exiting JavaFX
