17:46:51.510 [JavaFX Application Thread] DEBUG GameApplication      - Logger initialized
17:46:51.515 [JavaFX Application Thread] DEBUG GameApplication      - Logging settings
Title: What a Silly Game
Version: 0.1
Width: 600
Height: 600
Fullscreen: false
Intro: false
Menus: false
Profiling: false
Single step:false
App Mode: DEVELOPER
Menu Key: ESCAPE
Stage Style: DECORATED
Scene Factory: class com.almasb.fxgl.scene.SceneFactory
Dialog Factory: class com.almasb.fxgl.ui.FXGLDialogFactory
UI Factory: class com.almasb.fxgl.ui.FXGLUIFactory
Notification Service: class com.almasb.fxgl.gameplay.notification.XboxNotificationView
Exception Handler: class com.almasb.fxgl.app.FXGLExceptionHandler
17:46:51.515 [JavaFX Application Thread] DEBUG GameApplication      - Starting FXGL
17:46:51.525 [JavaFX Application Thread] INFO  FXGL                 - FXGL-0.5.4 on DESKTOP
17:46:51.525 [JavaFX Application Thread] INFO  FXGL                 - Source code and latest versions at: https://github.com/AlmasB/FXGL
17:46:51.526 [JavaFX Application Thread] INFO  FXGL                 -              Join the FXGL chat at: https://gitter.im/AlmasB/FXGL
17:46:51.526 [JavaFX Application Thread] DEBUG FXGL                 - FXGL started
17:46:51.527 [JavaFX Application Thread] DEBUG FXGL                 - Initializing FXGL
17:46:51.578 [JavaFX Application Thread] DEBUG AssetLoader          - Loading from disk: /assets/ui/cursors/fxgl_default.png
17:46:51.857 [JavaFX Application Thread] DEBUG AssetLoader          - Loading from disk: /assets/ui/fonts/VarelaRound-Regular.ttf
17:46:51.942 [JavaFX Application Thread] DEBUG MainWindow           - Creating a JavaFX scene
17:46:51.986 [JavaFX Application Thread] DEBUG MainWindow           - Target settings size: 600.0 x 600.0
17:46:51.987 [JavaFX Application Thread] DEBUG MainWindow           - Scaled scene size:    600.0 x 600.0
17:46:51.987 [JavaFX Application Thread] DEBUG MainWindow           - Scaled ratio: (1.0, 1.0)
17:46:51.990 [JavaFX Application Thread] DEBUG AssetLoader          - Loading from disk: /assets/ui/css/fxgl_dark.css
17:46:51.994 [JavaFX Application Thread] DEBUG AssetLoader          - Loading from disk: /assets/textures/fxgl_icon.png
17:46:52.017 [JavaFX Application Thread] DEBUG MainWindow           - Opening main window
17:46:52.201 [JavaFX Application Thread] DEBUG MainWindow           - Window border size: (0.0, 22.0)
17:46:52.201 [JavaFX Application Thread] DEBUG MainWindow           - Scaled size: 600.0 x 600.0
17:46:52.201 [JavaFX Application Thread] DEBUG MainWindow           - Scaled ratio: (1.0, 1.0)
17:46:52.201 [JavaFX Application Thread] DEBUG MainWindow           - Scene size: 600.0 x 600.0
17:46:52.202 [JavaFX Application Thread] DEBUG MainWindow           - Stage size: 600.0 x 622.0
17:46:52.261 [ForkJoinPool.commonPool-worker-1] DEBUG FS                   - Loaded DesktopFSService
17:46:52.262 [ForkJoinPool.commonPool-worker-1] DEBUG FXGL                 - Loading FXGL system data
17:46:52.273 [ForkJoinPool.commonPool-worker-1] DEBUG DesktopFSService     - Reading from: system/fxgl.bundle
17:46:52.293 [ForkJoinPool.commonPool-worker-1] DEBUG Bundle               - Logging bundle: FXGL
17:46:52.294 [ForkJoinPool.commonPool-worker-1] DEBUG Bundle               - FXGL.offline.timer.version.check=2019-12-13T14:02:17.794
17:46:52.294 [ForkJoinPool.commonPool-worker-1] DEBUG FXGL                 - Initializing state machine and application states
17:46:52.297 [ForkJoinPool.commonPool-worker-1] DEBUG AssetLoader          - Loading from disk: /assets/ui/cursors/fxgl_default.png
17:46:52.306 [ForkJoinPool.commonPool-worker-1] DEBUG AssetLoader          - Loading from disk: /assets/ui/cursors/fxgl_default.png
17:46:52.317 [ForkJoinPool.commonPool-worker-1] DEBUG AssetLoader          - Loading from cache: /assets/ui/fonts/VarelaRound-Regular.ttf
17:46:52.323 [ForkJoinPool.commonPool-worker-1] DEBUG AssetLoader          - Loading from disk: /assets/ui/cursors/fxgl_default.png
17:46:52.329 [ForkJoinPool.commonPool-worker-1] DEBUG GameScene            - Game scene initialized: 600x600
17:46:52.343 [ForkJoinPool.commonPool-worker-1] DEBUG GameWorld            - Game world initialized
17:46:52.424 [ForkJoinPool.commonPool-worker-1] DEBUG PhysicsWorld         - Physics world initialized: appHeight=600, physics.ppm=50.0
17:46:52.447 [ForkJoinPool.commonPool-worker-1] DEBUG Input                - Registered new binding: Pause - Esc
17:46:52.524 [JavaFX Application Thread] DEBUG FXGL                 - Running preInit()
17:46:52.526 [JavaFX Application Thread] DEBUG Input                - Registered new binding: Screenshot - P
17:46:52.526 [JavaFX Application Thread] DEBUG Input                - Registered new binding: Dev Options - CTRL+0
17:46:52.527 [JavaFX Application Thread] DEBUG Input                - Registered new binding: System info dump - CTRL+9
17:46:52.527 [JavaFX Application Thread] DEBUG Input                - Registered new binding: Restart - CTRL+R
17:46:52.528 [JavaFX Application Thread] DEBUG Input                - Registered new binding: Move Right - D
17:46:52.528 [JavaFX Application Thread] DEBUG Input                - Registered new binding: Move Left - A
17:46:52.528 [JavaFX Application Thread] DEBUG Input                - Registered new binding: Move Up - W
17:46:52.528 [JavaFX Application Thread] DEBUG Input                - Registered new binding: Move Down - S
17:46:52.530 [JavaFX Application Thread] INFO  FXGL                 - FXGL initialization took: 1.002 sec
17:46:52.530 [JavaFX Application Thread] DEBUG LoopRunner           - Starting loop
17:46:52.532 [JavaFX Application Thread] DEBUG StartupState         - STARTUP
17:46:52.532 [JavaFX Application Thread] DEBUG GameApplication      - Starting new game
17:46:52.532 [JavaFX Application Thread] DEBUG Input                - Clearing active input actions
17:46:52.534 [JavaFX Application Thread] DEBUG AssetLoader          - Loading from disk: /assets/ui/css/fxgl_dark.css
17:46:52.546 [JavaFX Application Thread] DEBUG AppStateMachine      - StartupState -> LoadingState
17:46:52.552 [FXGL Background Thread 1 ] DEBUG InitAppTask          - Clearing previous game
17:46:52.553 [FXGL Background Thread 1 ] DEBUG GameWorld            - Clearing game world
17:46:52.553 [FXGL Background Thread 1 ] DEBUG PhysicsWorld         - Clearing physics world
17:46:52.553 [FXGL Background Thread 1 ] DEBUG GameScene            - Clearing game scene
17:46:52.555 [FXGL Background Thread 1 ] DEBUG InitAppTask          - Initializing Game
17:46:52.594 [FXGL Background Thread 1 ] DEBUG AssetLoader          - Loading from disk: /assets/textures/hero_walk.gif
17:46:52.610 [FXGL Background Thread 1 ] DEBUG GameScene            - Creating render group for layer: DEFAULT(100000)
17:46:52.613 [FXGL Background Thread 1 ] DEBUG AssetLoader          - Loading from disk: /assets/textures/red_jewel.png
17:46:52.616 [FXGL Background Thread 1 ] DEBUG AssetLoader          - Loading from disk: /assets/textures/blue_jewel.png
17:46:52.618 [FXGL Background Thread 1 ] DEBUG AssetLoader          - Loading from disk: /assets/textures/purple_jewel.png
17:46:52.619 [FXGL Background Thread 1 ] DEBUG AssetLoader          - Loading from disk: /assets/textures/green_jewel.png
17:46:52.621 [FXGL Background Thread 1 ] DEBUG InitAppTask          - Initializing Physics
17:46:52.622 [FXGL Background Thread 1 ] DEBUG InitAppTask          - Initializing UI
17:46:52.624 [FXGL Background Thread 1 ] DEBUG InitAppTask          - Initialization Complete
17:46:52.624 [FXGL Background Thread 1 ] INFO  InitAppTask          - Game initialization took: 0.072 sec
17:46:52.645 [JavaFX Application Thread] DEBUG Input                - Clearing active input actions
17:46:52.645 [JavaFX Application Thread] DEBUG AssetLoader          - Loading from disk: /assets/ui/css/fxgl_dark.css
17:46:52.661 [JavaFX Application Thread] DEBUG AppStateMachine      - LoadingState -> PlayState
17:47:18.818 [JavaFX Application Thread] DEBUG FXGL                 - Exiting FXGL
17:47:18.818 [JavaFX Application Thread] DEBUG FXGL                 - Shutting down background threads
17:47:18.819 [JavaFX Application Thread] DEBUG FXGL                 - Saving FXGL system data
17:47:18.823 [JavaFX Application Thread] DEBUG DesktopFSService     - Writing to: system/fxgl.bundle
17:47:18.826 [JavaFX Application Thread] DEBUG FXGL                 - Closing logger and exiting JavaFX
