17:37:57.652 [JavaFX Application Thread] DEBUG GameApplication      - Logger initialized
17:37:57.662 [JavaFX Application Thread] DEBUG GameApplication      - Logging settings
Title: What a Silly Game
Version: 0.1
Width: 600
Height: 600
Fullscreen: false
Intro: false
Menus: false
Profiling: false
Single step:false
App Mode: DEVELOPER
Menu Key: ESCAPE
Stage Style: DECORATED
Scene Factory: class com.almasb.fxgl.scene.SceneFactory
Dialog Factory: class com.almasb.fxgl.ui.FXGLDialogFactory
UI Factory: class com.almasb.fxgl.ui.FXGLUIFactory
Notification Service: class com.almasb.fxgl.gameplay.notification.XboxNotificationView
Exception Handler: class com.almasb.fxgl.app.FXGLExceptionHandler
17:37:57.662 [JavaFX Application Thread] DEBUG GameApplication      - Starting FXGL
17:37:57.677 [JavaFX Application Thread] INFO  FXGL                 - FXGL-0.5.4 on DESKTOP
17:37:57.677 [JavaFX Application Thread] INFO  FXGL                 - Source code and latest versions at: https://github.com/AlmasB/FXGL
17:37:57.678 [JavaFX Application Thread] INFO  FXGL                 -              Join the FXGL chat at: https://gitter.im/AlmasB/FXGL
17:37:57.678 [JavaFX Application Thread] DEBUG FXGL                 - FXGL started
17:37:57.679 [JavaFX Application Thread] DEBUG FXGL                 - Initializing FXGL
17:37:57.763 [JavaFX Application Thread] DEBUG AssetLoader          - Loading from disk: /assets/ui/cursors/fxgl_default.png
17:37:58.069 [JavaFX Application Thread] DEBUG AssetLoader          - Loading from disk: /assets/ui/fonts/VarelaRound-Regular.ttf
17:37:58.135 [JavaFX Application Thread] DEBUG MainWindow           - Creating a JavaFX scene
17:37:58.180 [JavaFX Application Thread] DEBUG MainWindow           - Target settings size: 600.0 x 600.0
17:37:58.180 [JavaFX Application Thread] DEBUG MainWindow           - Scaled scene size:    600.0 x 600.0
17:37:58.180 [JavaFX Application Thread] DEBUG MainWindow           - Scaled ratio: (1.0, 1.0)
17:37:58.183 [JavaFX Application Thread] DEBUG AssetLoader          - Loading from disk: /assets/ui/css/fxgl_dark.css
17:37:58.187 [JavaFX Application Thread] DEBUG AssetLoader          - Loading from disk: /assets/textures/fxgl_icon.png
17:37:58.209 [JavaFX Application Thread] DEBUG MainWindow           - Opening main window
17:37:58.387 [JavaFX Application Thread] DEBUG MainWindow           - Window border size: (0.0, 22.0)
17:37:58.387 [JavaFX Application Thread] DEBUG MainWindow           - Scaled size: 600.0 x 600.0
17:37:58.387 [JavaFX Application Thread] DEBUG MainWindow           - Scaled ratio: (1.0, 1.0)
17:37:58.388 [JavaFX Application Thread] DEBUG MainWindow           - Scene size: 600.0 x 600.0
17:37:58.388 [JavaFX Application Thread] DEBUG MainWindow           - Stage size: 600.0 x 622.0
17:37:58.437 [ForkJoinPool.commonPool-worker-1] DEBUG FS                   - Loaded DesktopFSService
17:37:58.437 [ForkJoinPool.commonPool-worker-1] DEBUG FXGL                 - Loading FXGL system data
17:37:58.446 [ForkJoinPool.commonPool-worker-1] DEBUG DesktopFSService     - Reading from: system/fxgl.bundle
17:37:58.459 [ForkJoinPool.commonPool-worker-1] DEBUG Bundle               - Logging bundle: FXGL
17:37:58.459 [ForkJoinPool.commonPool-worker-1] DEBUG Bundle               - FXGL.offline.timer.version.check=2019-12-13T14:02:17.794
17:37:58.460 [ForkJoinPool.commonPool-worker-1] DEBUG FXGL                 - Initializing state machine and application states
17:37:58.462 [ForkJoinPool.commonPool-worker-1] DEBUG AssetLoader          - Loading from disk: /assets/ui/cursors/fxgl_default.png
17:37:58.471 [ForkJoinPool.commonPool-worker-1] DEBUG AssetLoader          - Loading from disk: /assets/ui/cursors/fxgl_default.png
17:37:58.480 [ForkJoinPool.commonPool-worker-1] DEBUG AssetLoader          - Loading from cache: /assets/ui/fonts/VarelaRound-Regular.ttf
17:37:58.485 [ForkJoinPool.commonPool-worker-1] DEBUG AssetLoader          - Loading from disk: /assets/ui/cursors/fxgl_default.png
17:37:58.489 [ForkJoinPool.commonPool-worker-1] DEBUG GameScene            - Game scene initialized: 600x600
17:37:58.496 [ForkJoinPool.commonPool-worker-1] DEBUG GameWorld            - Game world initialized
17:37:58.590 [ForkJoinPool.commonPool-worker-1] DEBUG PhysicsWorld         - Physics world initialized: appHeight=600, physics.ppm=50.0
17:37:58.614 [ForkJoinPool.commonPool-worker-1] DEBUG Input                - Registered new binding: Pause - Esc
17:37:58.677 [JavaFX Application Thread] DEBUG FXGL                 - Running preInit()
17:37:58.679 [JavaFX Application Thread] DEBUG Input                - Registered new binding: Screenshot - P
17:37:58.679 [JavaFX Application Thread] DEBUG Input                - Registered new binding: Dev Options - CTRL+0
17:37:58.680 [JavaFX Application Thread] DEBUG Input                - Registered new binding: System info dump - CTRL+9
17:37:58.680 [JavaFX Application Thread] DEBUG Input                - Registered new binding: Restart - CTRL+R
17:37:58.680 [JavaFX Application Thread] DEBUG Input                - Registered new binding: Move Right - D
17:37:58.681 [JavaFX Application Thread] DEBUG Input                - Registered new binding: Move Left - A
17:37:58.681 [JavaFX Application Thread] DEBUG Input                - Registered new binding: Move Up - W
17:37:58.681 [JavaFX Application Thread] DEBUG Input                - Registered new binding: Move Down - S
17:37:58.682 [JavaFX Application Thread] INFO  FXGL                 - FXGL initialization took: 1.003 sec
17:37:58.683 [JavaFX Application Thread] DEBUG LoopRunner           - Starting loop
17:37:58.691 [JavaFX Application Thread] DEBUG StartupState         - STARTUP
17:37:58.691 [JavaFX Application Thread] DEBUG GameApplication      - Starting new game
17:37:58.691 [JavaFX Application Thread] DEBUG Input                - Clearing active input actions
17:37:58.693 [JavaFX Application Thread] DEBUG AssetLoader          - Loading from disk: /assets/ui/css/fxgl_dark.css
17:37:58.705 [JavaFX Application Thread] DEBUG AppStateMachine      - StartupState -> LoadingState
17:37:58.710 [FXGL Background Thread 1 ] DEBUG InitAppTask          - Clearing previous game
17:37:58.711 [FXGL Background Thread 1 ] DEBUG GameWorld            - Clearing game world
17:37:58.711 [FXGL Background Thread 1 ] DEBUG PhysicsWorld         - Clearing physics world
17:37:58.711 [FXGL Background Thread 1 ] DEBUG GameScene            - Clearing game scene
17:37:58.713 [FXGL Background Thread 1 ] DEBUG InitAppTask          - Initializing Game
17:37:58.765 [FXGL Background Thread 1 ] DEBUG AssetLoader          - Loading from disk: /assets/textures/hero_walk.gif
17:37:58.778 [FXGL Background Thread 1 ] DEBUG GameScene            - Creating render group for layer: DEFAULT(100000)
17:37:58.782 [FXGL Background Thread 1 ] DEBUG AssetLoader          - Loading from disk: /assets/textures/red_jewel.png
17:37:58.784 [FXGL Background Thread 1 ] DEBUG AssetLoader          - Loading from disk: /assets/textures/blue_jewel.png
17:37:58.786 [FXGL Background Thread 1 ] DEBUG AssetLoader          - Loading from disk: /assets/textures/purple_jewel.png
17:37:58.788 [FXGL Background Thread 1 ] DEBUG AssetLoader          - Loading from disk: /assets/textures/green_jewel.png
17:37:58.789 [FXGL Background Thread 1 ] DEBUG InitAppTask          - Initializing Physics
17:37:58.789 [FXGL Background Thread 1 ] DEBUG InitAppTask          - Initializing UI
17:37:58.791 [FXGL Background Thread 1 ] DEBUG InitAppTask          - Initialization Complete
17:37:58.792 [FXGL Background Thread 1 ] INFO  InitAppTask          - Game initialization took: 0.081 sec
17:37:58.823 [JavaFX Application Thread] DEBUG Input                - Clearing active input actions
17:37:58.824 [JavaFX Application Thread] DEBUG AssetLoader          - Loading from disk: /assets/ui/css/fxgl_dark.css
17:37:58.839 [JavaFX Application Thread] DEBUG AppStateMachine      - LoadingState -> PlayState
17:38:51.164 [JavaFX Application Thread] DEBUG FXGL                 - Exiting FXGL
17:38:51.164 [JavaFX Application Thread] DEBUG FXGL                 - Shutting down background threads
17:38:51.165 [JavaFX Application Thread] DEBUG FXGL                 - Saving FXGL system data
17:38:51.169 [JavaFX Application Thread] DEBUG DesktopFSService     - Writing to: system/fxgl.bundle
17:38:51.173 [JavaFX Application Thread] DEBUG FXGL                 - Closing logger and exiting JavaFX
