17:42:56.491 [JavaFX Application Thread] DEBUG GameApplication      - Logger initialized
17:42:56.501 [JavaFX Application Thread] DEBUG GameApplication      - Logging settings
Title: What a Silly Game
Version: 0.1
Width: 600
Height: 600
Fullscreen: false
Intro: false
Menus: false
Profiling: false
Single step:false
App Mode: DEVELOPER
Menu Key: ESCAPE
Stage Style: DECORATED
Scene Factory: class com.almasb.fxgl.scene.SceneFactory
Dialog Factory: class com.almasb.fxgl.ui.FXGLDialogFactory
UI Factory: class com.almasb.fxgl.ui.FXGLUIFactory
Notification Service: class com.almasb.fxgl.gameplay.notification.XboxNotificationView
Exception Handler: class com.almasb.fxgl.app.FXGLExceptionHandler
17:42:56.502 [JavaFX Application Thread] DEBUG GameApplication      - Starting FXGL
17:42:56.523 [JavaFX Application Thread] INFO  FXGL                 - FXGL-0.5.4 on DESKTOP
17:42:56.523 [JavaFX Application Thread] INFO  FXGL                 - Source code and latest versions at: https://github.com/AlmasB/FXGL
17:42:56.525 [JavaFX Application Thread] INFO  FXGL                 -              Join the FXGL chat at: https://gitter.im/AlmasB/FXGL
17:42:56.525 [JavaFX Application Thread] DEBUG FXGL                 - FXGL started
17:42:56.526 [JavaFX Application Thread] DEBUG FXGL                 - Initializing FXGL
17:42:56.614 [JavaFX Application Thread] DEBUG AssetLoader          - Loading from disk: /assets/ui/cursors/fxgl_default.png
17:42:56.838 [JavaFX Application Thread] DEBUG AssetLoader          - Loading from disk: /assets/ui/fonts/VarelaRound-Regular.ttf
17:42:56.908 [JavaFX Application Thread] DEBUG MainWindow           - Creating a JavaFX scene
17:42:56.957 [JavaFX Application Thread] DEBUG MainWindow           - Target settings size: 600.0 x 600.0
17:42:56.958 [JavaFX Application Thread] DEBUG MainWindow           - Scaled scene size:    600.0 x 600.0
17:42:56.958 [JavaFX Application Thread] DEBUG MainWindow           - Scaled ratio: (1.0, 1.0)
17:42:56.962 [JavaFX Application Thread] DEBUG AssetLoader          - Loading from disk: /assets/ui/css/fxgl_dark.css
17:42:56.967 [JavaFX Application Thread] DEBUG AssetLoader          - Loading from disk: /assets/textures/fxgl_icon.png
17:42:56.991 [JavaFX Application Thread] DEBUG MainWindow           - Opening main window
17:42:57.209 [JavaFX Application Thread] DEBUG MainWindow           - Window border size: (0.0, 22.0)
17:42:57.209 [JavaFX Application Thread] DEBUG MainWindow           - Scaled size: 600.0 x 600.0
17:42:57.210 [JavaFX Application Thread] DEBUG MainWindow           - Scaled ratio: (1.0, 1.0)
17:42:57.210 [JavaFX Application Thread] DEBUG MainWindow           - Scene size: 600.0 x 600.0
17:42:57.210 [JavaFX Application Thread] DEBUG MainWindow           - Stage size: 600.0 x 622.0
17:42:57.265 [ForkJoinPool.commonPool-worker-1] DEBUG FS                   - Loaded DesktopFSService
17:42:57.266 [ForkJoinPool.commonPool-worker-1] DEBUG FXGL                 - Loading FXGL system data
17:42:57.276 [ForkJoinPool.commonPool-worker-1] DEBUG DesktopFSService     - Reading from: system/fxgl.bundle
17:42:57.292 [ForkJoinPool.commonPool-worker-1] DEBUG Bundle               - Logging bundle: FXGL
17:42:57.293 [ForkJoinPool.commonPool-worker-1] DEBUG Bundle               - FXGL.offline.timer.version.check=2019-12-13T14:02:17.794
17:42:57.294 [ForkJoinPool.commonPool-worker-1] DEBUG FXGL                 - Initializing state machine and application states
17:42:57.296 [ForkJoinPool.commonPool-worker-1] DEBUG AssetLoader          - Loading from disk: /assets/ui/cursors/fxgl_default.png
17:42:57.304 [ForkJoinPool.commonPool-worker-1] DEBUG AssetLoader          - Loading from disk: /assets/ui/cursors/fxgl_default.png
17:42:57.318 [ForkJoinPool.commonPool-worker-1] DEBUG AssetLoader          - Loading from cache: /assets/ui/fonts/VarelaRound-Regular.ttf
17:42:57.321 [ForkJoinPool.commonPool-worker-1] DEBUG AssetLoader          - Loading from disk: /assets/ui/cursors/fxgl_default.png
17:42:57.327 [ForkJoinPool.commonPool-worker-1] DEBUG GameScene            - Game scene initialized: 600x600
17:42:57.337 [ForkJoinPool.commonPool-worker-1] DEBUG GameWorld            - Game world initialized
17:42:57.458 [ForkJoinPool.commonPool-worker-1] DEBUG PhysicsWorld         - Physics world initialized: appHeight=600, physics.ppm=50.0
17:42:57.495 [ForkJoinPool.commonPool-worker-1] DEBUG Input                - Registered new binding: Pause - Esc
17:42:57.564 [JavaFX Application Thread] DEBUG FXGL                 - Running preInit()
17:42:57.566 [JavaFX Application Thread] DEBUG Input                - Registered new binding: Screenshot - P
17:42:57.567 [JavaFX Application Thread] DEBUG Input                - Registered new binding: Dev Options - CTRL+0
17:42:57.568 [JavaFX Application Thread] DEBUG Input                - Registered new binding: System info dump - CTRL+9
17:42:57.569 [JavaFX Application Thread] DEBUG Input                - Registered new binding: Restart - CTRL+R
17:42:57.570 [JavaFX Application Thread] DEBUG Input                - Registered new binding: Move Right - D
17:42:57.570 [JavaFX Application Thread] DEBUG Input                - Registered new binding: Move Left - A
17:42:57.571 [JavaFX Application Thread] DEBUG Input                - Registered new binding: Move Up - W
17:42:57.571 [JavaFX Application Thread] DEBUG Input                - Registered new binding: Move Down - S
17:42:57.572 [JavaFX Application Thread] INFO  FXGL                 - FXGL initialization took: 1.045 sec
17:42:57.572 [JavaFX Application Thread] DEBUG LoopRunner           - Starting loop
17:42:57.574 [JavaFX Application Thread] DEBUG StartupState         - STARTUP
17:42:57.575 [JavaFX Application Thread] DEBUG GameApplication      - Starting new game
17:42:57.575 [JavaFX Application Thread] DEBUG Input                - Clearing active input actions
17:42:57.577 [JavaFX Application Thread] DEBUG AssetLoader          - Loading from disk: /assets/ui/css/fxgl_dark.css
17:42:57.590 [JavaFX Application Thread] DEBUG AppStateMachine      - StartupState -> LoadingState
17:42:57.596 [FXGL Background Thread 1 ] DEBUG InitAppTask          - Clearing previous game
17:42:57.596 [FXGL Background Thread 1 ] DEBUG GameWorld            - Clearing game world
17:42:57.596 [FXGL Background Thread 1 ] DEBUG PhysicsWorld         - Clearing physics world
17:42:57.597 [FXGL Background Thread 1 ] DEBUG GameScene            - Clearing game scene
17:42:57.599 [FXGL Background Thread 1 ] DEBUG InitAppTask          - Initializing Game
17:42:57.645 [FXGL Background Thread 1 ] DEBUG AssetLoader          - Loading from disk: /assets/textures/hero_walk.gif
17:42:57.660 [FXGL Background Thread 1 ] DEBUG GameScene            - Creating render group for layer: DEFAULT(100000)
17:42:57.663 [FXGL Background Thread 1 ] DEBUG AssetLoader          - Loading from disk: /assets/textures/red_jewel.png
17:42:57.666 [FXGL Background Thread 1 ] DEBUG AssetLoader          - Loading from disk: /assets/textures/blue_jewel.png
17:42:57.667 [FXGL Background Thread 1 ] DEBUG AssetLoader          - Loading from disk: /assets/textures/purple_jewel.png
17:42:57.669 [FXGL Background Thread 1 ] DEBUG AssetLoader          - Loading from disk: /assets/textures/green_jewel.png
17:42:57.671 [FXGL Background Thread 1 ] DEBUG InitAppTask          - Initializing Physics
17:42:57.671 [FXGL Background Thread 1 ] DEBUG InitAppTask          - Initializing UI
17:42:57.674 [FXGL Background Thread 1 ] DEBUG InitAppTask          - Initialization Complete
17:42:57.674 [FXGL Background Thread 1 ] INFO  InitAppTask          - Game initialization took: 0.078 sec
17:42:57.704 [JavaFX Application Thread] DEBUG Input                - Clearing active input actions
17:42:57.704 [JavaFX Application Thread] DEBUG AssetLoader          - Loading from disk: /assets/ui/css/fxgl_dark.css
17:42:57.719 [JavaFX Application Thread] DEBUG AppStateMachine      - LoadingState -> PlayState
17:43:10.654 [JavaFX Application Thread] DEBUG FXGL                 - Exiting FXGL
17:43:10.655 [JavaFX Application Thread] DEBUG FXGL                 - Shutting down background threads
17:43:10.655 [JavaFX Application Thread] DEBUG FXGL                 - Saving FXGL system data
17:43:10.659 [JavaFX Application Thread] DEBUG DesktopFSService     - Writing to: system/fxgl.bundle
17:43:10.663 [JavaFX Application Thread] DEBUG FXGL                 - Closing logger and exiting JavaFX
