11:35:49.695 [JavaFX Application Thread] DEBUG GameApplication      - Logger initialized
11:35:49.703 [JavaFX Application Thread] DEBUG GameApplication      - Logging settings
Title: What a Silly Game
Version: 1.0
Width: 800
Height: 600
Fullscreen: false
Intro: false
Menus: false
Profiling: false
Single step:false
App Mode: DEVELOPER
Menu Key: ESCAPE
Stage Style: DECORATED
Scene Factory: class com.almasb.fxgl.scene.SceneFactory
Dialog Factory: class com.almasb.fxgl.ui.FXGLDialogFactory
UI Factory: class com.almasb.fxgl.ui.FXGLUIFactory
Notification Service: class com.almasb.fxgl.gameplay.notification.XboxNotificationView
Exception Handler: class com.almasb.fxgl.app.FXGLExceptionHandler
11:35:49.704 [JavaFX Application Thread] DEBUG GameApplication      - Starting FXGL
11:35:49.715 [JavaFX Application Thread] INFO  FXGL                 - FXGL-0.5.4 on DESKTOP
11:35:49.716 [JavaFX Application Thread] INFO  FXGL                 - Source code and latest versions at: https://github.com/AlmasB/FXGL
11:35:49.716 [JavaFX Application Thread] INFO  FXGL                 -              Join the FXGL chat at: https://gitter.im/AlmasB/FXGL
11:35:49.716 [JavaFX Application Thread] DEBUG FXGL                 - FXGL started
11:35:49.717 [JavaFX Application Thread] DEBUG FXGL                 - Initializing FXGL
11:35:49.779 [JavaFX Application Thread] DEBUG AssetLoader          - Loading from disk: /assets/ui/cursors/fxgl_default.png
11:35:50.034 [JavaFX Application Thread] DEBUG AssetLoader          - Loading from disk: /assets/ui/fonts/VarelaRound-Regular.ttf
11:35:50.110 [JavaFX Application Thread] DEBUG MainWindow           - Creating a JavaFX scene
11:35:50.155 [JavaFX Application Thread] DEBUG MainWindow           - Target settings size: 800.0 x 600.0
11:35:50.155 [JavaFX Application Thread] DEBUG MainWindow           - Scaled scene size:    800.0 x 600.0
11:35:50.156 [JavaFX Application Thread] DEBUG MainWindow           - Scaled ratio: (1.0, 1.0)
11:35:50.160 [JavaFX Application Thread] DEBUG AssetLoader          - Loading from disk: /assets/ui/css/fxgl_dark.css
11:35:50.168 [JavaFX Application Thread] DEBUG AssetLoader          - Loading from disk: /assets/textures/fxgl_icon.png
11:35:50.192 [JavaFX Application Thread] DEBUG MainWindow           - Opening main window
11:35:50.396 [JavaFX Application Thread] DEBUG MainWindow           - Window border size: (0.0, 22.0)
11:35:50.396 [JavaFX Application Thread] DEBUG MainWindow           - Scaled size: 800.0 x 600.0
11:35:50.396 [JavaFX Application Thread] DEBUG MainWindow           - Scaled ratio: (1.0, 1.0)
11:35:50.397 [JavaFX Application Thread] DEBUG MainWindow           - Scene size: 800.0 x 600.0
11:35:50.397 [JavaFX Application Thread] DEBUG MainWindow           - Stage size: 800.0 x 622.0
11:35:50.455 [ForkJoinPool.commonPool-worker-1] DEBUG FS                   - Loaded DesktopFSService
11:35:50.456 [ForkJoinPool.commonPool-worker-1] DEBUG FXGL                 - Loading FXGL system data
11:35:50.464 [ForkJoinPool.commonPool-worker-1] DEBUG DesktopFSService     - Reading from: system/fxgl.bundle
11:35:50.477 [ForkJoinPool.commonPool-worker-1] DEBUG Bundle               - Logging bundle: FXGL
11:35:50.478 [ForkJoinPool.commonPool-worker-1] DEBUG Bundle               - FXGL.offline.timer.version.check=2019-12-13T14:02:17.794
11:35:50.479 [ForkJoinPool.commonPool-worker-1] DEBUG FXGL                 - Initializing state machine and application states
11:35:50.481 [ForkJoinPool.commonPool-worker-1] DEBUG AssetLoader          - Loading from disk: /assets/ui/cursors/fxgl_default.png
11:35:50.489 [ForkJoinPool.commonPool-worker-1] DEBUG AssetLoader          - Loading from disk: /assets/ui/cursors/fxgl_default.png
11:35:50.506 [ForkJoinPool.commonPool-worker-1] DEBUG AssetLoader          - Loading from cache: /assets/ui/fonts/VarelaRound-Regular.ttf
11:35:50.510 [ForkJoinPool.commonPool-worker-1] DEBUG AssetLoader          - Loading from disk: /assets/ui/cursors/fxgl_default.png
11:35:50.515 [ForkJoinPool.commonPool-worker-1] DEBUG GameScene            - Game scene initialized: 800x600
11:35:50.543 [ForkJoinPool.commonPool-worker-1] DEBUG GameWorld            - Game world initialized
11:35:50.644 [ForkJoinPool.commonPool-worker-1] DEBUG PhysicsWorld         - Physics world initialized: appHeight=600, physics.ppm=50.0
11:35:50.671 [ForkJoinPool.commonPool-worker-1] DEBUG Input                - Registered new binding: Pause - Esc
11:35:50.760 [JavaFX Application Thread] DEBUG FXGL                 - Running preInit()
11:35:50.762 [JavaFX Application Thread] DEBUG Input                - Registered new binding: Screenshot - P
11:35:50.764 [JavaFX Application Thread] DEBUG Input                - Registered new binding: Dev Options - CTRL+0
11:35:50.765 [JavaFX Application Thread] DEBUG Input                - Registered new binding: System info dump - CTRL+9
11:35:50.766 [JavaFX Application Thread] DEBUG Input                - Registered new binding: Restart - CTRL+R
11:35:50.766 [JavaFX Application Thread] DEBUG Input                - Registered new binding: Move Right - D
11:35:50.767 [JavaFX Application Thread] DEBUG Input                - Registered new binding: Move Left - A
11:35:50.768 [JavaFX Application Thread] DEBUG Input                - Registered new binding: Move Up - W
11:35:50.768 [JavaFX Application Thread] DEBUG Input                - Registered new binding: Move Down - S
11:35:50.769 [JavaFX Application Thread] INFO  FXGL                 - FXGL initialization took: 1.051 sec
11:35:50.769 [JavaFX Application Thread] DEBUG LoopRunner           - Starting loop
11:35:50.771 [JavaFX Application Thread] DEBUG StartupState         - STARTUP
11:35:50.772 [JavaFX Application Thread] DEBUG GameApplication      - Starting new game
11:35:50.772 [JavaFX Application Thread] DEBUG Input                - Clearing active input actions
11:35:50.775 [JavaFX Application Thread] DEBUG AssetLoader          - Loading from disk: /assets/ui/css/fxgl_dark.css
11:35:50.793 [JavaFX Application Thread] DEBUG AppStateMachine      - StartupState -> LoadingState
11:35:50.803 [FXGL Background Thread 1 ] DEBUG InitAppTask          - Clearing previous game
11:35:50.804 [FXGL Background Thread 1 ] DEBUG GameWorld            - Clearing game world
11:35:50.804 [FXGL Background Thread 1 ] DEBUG PhysicsWorld         - Clearing physics world
11:35:50.804 [FXGL Background Thread 1 ] DEBUG GameScene            - Clearing game scene
11:35:50.806 [FXGL Background Thread 1 ] DEBUG InitAppTask          - Initializing Game
11:35:50.850 [JavaFX Application Thread] FATAL FXGL                 - Uncaught Exception:

Fatal exception occurred: java.lang.NullPointerException : null
E: com.Summer.SillyGame.BasicGameApp.initGameVars(BasicGameApp.java:44)
E: com.almasb.fxgl.app.LoadingState$InitAppTask.initGame(AppStates.kt:162)
E: com.almasb.fxgl.app.LoadingState$InitAppTask.call(AppStates.kt:138)
E: com.almasb.fxgl.app.LoadingState$InitAppTask.call(AppStates.kt:127)
E: javafx.concurrent.Task$TaskCallable.call(Task.java:1423)
E: java.util.concurrent.FutureTask.run(FutureTask.java:266)
E: java.util.concurrent.Executors$RunnableAdapter.call(Executors.java:511)
E: java.util.concurrent.FutureTask.run(FutureTask.java:266)
E: java.util.concurrent.ThreadPoolExecutor.runWorker(ThreadPoolExecutor.java:1149)
E: java.util.concurrent.ThreadPoolExecutor$Worker.run(ThreadPoolExecutor.java:624)
E: java.lang.Thread.run(Thread.java:748)

11:35:50.850 [JavaFX Application Thread] FATAL FXGL                 - Application will now exit
11:35:50.851 [JavaFX Application Thread] DEBUG LoopRunner           - Stopping loop
11:35:55.262 [JavaFX Application Thread] DEBUG FXGL                 - Exiting FXGL
11:35:55.262 [JavaFX Application Thread] DEBUG FXGL                 - Shutting down background threads
11:35:55.262 [JavaFX Application Thread] DEBUG FXGL                 - Saving FXGL system data
11:35:55.265 [JavaFX Application Thread] DEBUG DesktopFSService     - Writing to: system/fxgl.bundle
11:35:55.270 [JavaFX Application Thread] DEBUG FXGL                 - Closing logger and exiting JavaFX
