11:34:33.050 [JavaFX Application Thread] DEBUG GameApplication      - Logger initialized
11:34:33.060 [JavaFX Application Thread] DEBUG GameApplication      - Logging settings
Title: What a Silly Game
Version: 1.0
Width: 800
Height: 600
Fullscreen: false
Intro: false
Menus: false
Profiling: false
Single step:false
App Mode: DEVELOPER
Menu Key: ESCAPE
Stage Style: DECORATED
Scene Factory: class com.almasb.fxgl.scene.SceneFactory
Dialog Factory: class com.almasb.fxgl.ui.FXGLDialogFactory
UI Factory: class com.almasb.fxgl.ui.FXGLUIFactory
Notification Service: class com.almasb.fxgl.gameplay.notification.XboxNotificationView
Exception Handler: class com.almasb.fxgl.app.FXGLExceptionHandler
11:34:33.061 [JavaFX Application Thread] DEBUG GameApplication      - Starting FXGL
11:34:33.088 [JavaFX Application Thread] INFO  FXGL                 - FXGL-0.5.4 on DESKTOP
11:34:33.089 [JavaFX Application Thread] INFO  FXGL                 - Source code and latest versions at: https://github.com/AlmasB/FXGL
11:34:33.090 [JavaFX Application Thread] INFO  FXGL                 -              Join the FXGL chat at: https://gitter.im/AlmasB/FXGL
11:34:33.091 [JavaFX Application Thread] DEBUG FXGL                 - FXGL started
11:34:33.091 [JavaFX Application Thread] DEBUG FXGL                 - Initializing FXGL
11:34:33.190 [JavaFX Application Thread] DEBUG AssetLoader          - Loading from disk: /assets/ui/cursors/fxgl_default.png
11:34:33.466 [JavaFX Application Thread] DEBUG AssetLoader          - Loading from disk: /assets/ui/fonts/VarelaRound-Regular.ttf
11:34:33.538 [JavaFX Application Thread] DEBUG MainWindow           - Creating a JavaFX scene
11:34:33.584 [JavaFX Application Thread] DEBUG MainWindow           - Target settings size: 800.0 x 600.0
11:34:33.584 [JavaFX Application Thread] DEBUG MainWindow           - Scaled scene size:    800.0 x 600.0
11:34:33.584 [JavaFX Application Thread] DEBUG MainWindow           - Scaled ratio: (1.0, 1.0)
11:34:33.587 [JavaFX Application Thread] DEBUG AssetLoader          - Loading from disk: /assets/ui/css/fxgl_dark.css
11:34:33.593 [JavaFX Application Thread] DEBUG AssetLoader          - Loading from disk: /assets/textures/fxgl_icon.png
11:34:33.623 [JavaFX Application Thread] DEBUG MainWindow           - Opening main window
11:34:33.849 [JavaFX Application Thread] DEBUG MainWindow           - Window border size: (0.0, 22.0)
11:34:33.849 [JavaFX Application Thread] DEBUG MainWindow           - Scaled size: 800.0 x 600.0
11:34:33.849 [JavaFX Application Thread] DEBUG MainWindow           - Scaled ratio: (1.0, 1.0)
11:34:33.850 [JavaFX Application Thread] DEBUG MainWindow           - Scene size: 800.0 x 600.0
11:34:33.850 [JavaFX Application Thread] DEBUG MainWindow           - Stage size: 800.0 x 622.0
11:34:33.910 [ForkJoinPool.commonPool-worker-1] DEBUG FS                   - Loaded DesktopFSService
11:34:33.910 [ForkJoinPool.commonPool-worker-1] DEBUG FXGL                 - Loading FXGL system data
11:34:33.930 [ForkJoinPool.commonPool-worker-1] DEBUG DesktopFSService     - Reading from: system/fxgl.bundle
11:34:33.950 [ForkJoinPool.commonPool-worker-1] DEBUG Bundle               - Logging bundle: FXGL
11:34:33.952 [ForkJoinPool.commonPool-worker-1] DEBUG Bundle               - FXGL.offline.timer.version.check=2019-12-13T14:02:17.794
11:34:33.954 [ForkJoinPool.commonPool-worker-1] DEBUG FXGL                 - Initializing state machine and application states
11:34:33.956 [ForkJoinPool.commonPool-worker-1] DEBUG AssetLoader          - Loading from disk: /assets/ui/cursors/fxgl_default.png
11:34:33.970 [ForkJoinPool.commonPool-worker-1] DEBUG AssetLoader          - Loading from disk: /assets/ui/cursors/fxgl_default.png
11:34:33.982 [ForkJoinPool.commonPool-worker-1] DEBUG AssetLoader          - Loading from cache: /assets/ui/fonts/VarelaRound-Regular.ttf
11:34:33.987 [ForkJoinPool.commonPool-worker-1] DEBUG AssetLoader          - Loading from disk: /assets/ui/cursors/fxgl_default.png
11:34:34.022 [ForkJoinPool.commonPool-worker-1] DEBUG GameScene            - Game scene initialized: 800x600
11:34:34.032 [ForkJoinPool.commonPool-worker-1] DEBUG GameWorld            - Game world initialized
11:34:34.126 [ForkJoinPool.commonPool-worker-1] DEBUG PhysicsWorld         - Physics world initialized: appHeight=600, physics.ppm=50.0
11:34:34.176 [ForkJoinPool.commonPool-worker-1] DEBUG Input                - Registered new binding: Pause - Esc
11:34:34.258 [JavaFX Application Thread] DEBUG FXGL                 - Running preInit()
11:34:34.260 [JavaFX Application Thread] DEBUG Input                - Registered new binding: Screenshot - P
11:34:34.261 [JavaFX Application Thread] DEBUG Input                - Registered new binding: Dev Options - CTRL+0
11:34:34.262 [JavaFX Application Thread] DEBUG Input                - Registered new binding: System info dump - CTRL+9
11:34:34.262 [JavaFX Application Thread] DEBUG Input                - Registered new binding: Restart - CTRL+R
11:34:34.263 [JavaFX Application Thread] DEBUG Input                - Registered new binding: Move Right - D
11:34:34.264 [JavaFX Application Thread] DEBUG Input                - Registered new binding: Move Left - A
11:34:34.265 [JavaFX Application Thread] DEBUG Input                - Registered new binding: Move Up - W
11:34:34.266 [JavaFX Application Thread] DEBUG Input                - Registered new binding: Move Down - S
11:34:34.267 [JavaFX Application Thread] INFO  FXGL                 - FXGL initialization took: 1.174 sec
11:34:34.267 [JavaFX Application Thread] DEBUG LoopRunner           - Starting loop
11:34:34.270 [JavaFX Application Thread] DEBUG StartupState         - STARTUP
11:34:34.270 [JavaFX Application Thread] DEBUG GameApplication      - Starting new game
11:34:34.270 [JavaFX Application Thread] DEBUG Input                - Clearing active input actions
11:34:34.273 [JavaFX Application Thread] DEBUG AssetLoader          - Loading from disk: /assets/ui/css/fxgl_dark.css
11:34:34.283 [JavaFX Application Thread] DEBUG AppStateMachine      - StartupState -> LoadingState
11:34:34.289 [FXGL Background Thread 1 ] DEBUG InitAppTask          - Clearing previous game
11:34:34.290 [FXGL Background Thread 1 ] DEBUG GameWorld            - Clearing game world
11:34:34.290 [FXGL Background Thread 1 ] DEBUG PhysicsWorld         - Clearing physics world
11:34:34.290 [FXGL Background Thread 1 ] DEBUG GameScene            - Clearing game scene
11:34:34.292 [FXGL Background Thread 1 ] DEBUG InitAppTask          - Initializing Game
11:34:34.324 [JavaFX Application Thread] FATAL FXGL                 - Uncaught Exception:

Fatal exception occurred: java.lang.NullPointerException : null
E: com.Summer.SillyGame.BasicGameApp.initGameVars(BasicGameApp.java:44)
E: com.almasb.fxgl.app.LoadingState$InitAppTask.initGame(AppStates.kt:162)
E: com.almasb.fxgl.app.LoadingState$InitAppTask.call(AppStates.kt:138)
E: com.almasb.fxgl.app.LoadingState$InitAppTask.call(AppStates.kt:127)
E: javafx.concurrent.Task$TaskCallable.call(Task.java:1423)
E: java.util.concurrent.FutureTask.run(FutureTask.java:266)
E: java.util.concurrent.Executors$RunnableAdapter.call(Executors.java:511)
E: java.util.concurrent.FutureTask.run(FutureTask.java:266)
E: java.util.concurrent.ThreadPoolExecutor.runWorker(ThreadPoolExecutor.java:1149)
E: java.util.concurrent.ThreadPoolExecutor$Worker.run(ThreadPoolExecutor.java:624)
E: java.lang.Thread.run(Thread.java:748)

11:34:34.325 [JavaFX Application Thread] FATAL FXGL                 - Application will now exit
11:34:34.325 [JavaFX Application Thread] DEBUG LoopRunner           - Stopping loop
11:34:40.633 [JavaFX Application Thread] DEBUG FXGL                 - Exiting FXGL
11:34:40.634 [JavaFX Application Thread] DEBUG FXGL                 - Shutting down background threads
11:34:40.634 [JavaFX Application Thread] DEBUG FXGL                 - Saving FXGL system data
11:34:40.638 [JavaFX Application Thread] DEBUG DesktopFSService     - Writing to: system/fxgl.bundle
11:34:40.645 [JavaFX Application Thread] DEBUG FXGL                 - Closing logger and exiting JavaFX
