19:52:11.084 [JavaFX Application Thread] DEBUG GameApplication      - Logger initialized
19:52:11.090 [JavaFX Application Thread] DEBUG GameApplication      - Logging settings
Title: What a Silly Game
Version: 0.1
Width: 800
Height: 600
Fullscreen: false
Intro: false
Menus: false
Profiling: false
Single step:false
App Mode: DEVELOPER
Menu Key: ESCAPE
Stage Style: DECORATED
Scene Factory: class com.almasb.fxgl.scene.SceneFactory
Dialog Factory: class com.almasb.fxgl.ui.FXGLDialogFactory
UI Factory: class com.almasb.fxgl.ui.FXGLUIFactory
Notification Service: class com.almasb.fxgl.gameplay.notification.XboxNotificationView
Exception Handler: class com.almasb.fxgl.app.FXGLExceptionHandler
19:52:11.090 [JavaFX Application Thread] DEBUG GameApplication      - Starting FXGL
19:52:11.100 [JavaFX Application Thread] INFO  FXGL                 - FXGL-0.5.4 on DESKTOP
19:52:11.101 [JavaFX Application Thread] INFO  FXGL                 - Source code and latest versions at: https://github.com/AlmasB/FXGL
19:52:11.101 [JavaFX Application Thread] INFO  FXGL                 -              Join the FXGL chat at: https://gitter.im/AlmasB/FXGL
19:52:11.102 [JavaFX Application Thread] DEBUG FXGL                 - FXGL started
19:52:11.102 [JavaFX Application Thread] DEBUG FXGL                 - Initializing FXGL
19:52:11.156 [JavaFX Application Thread] DEBUG AssetLoader          - Loading from disk: /assets/ui/cursors/fxgl_default.png
19:52:11.428 [JavaFX Application Thread] DEBUG AssetLoader          - Loading from disk: /assets/ui/fonts/VarelaRound-Regular.ttf
19:52:11.499 [JavaFX Application Thread] DEBUG MainWindow           - Creating a JavaFX scene
19:52:11.542 [JavaFX Application Thread] DEBUG MainWindow           - Target settings size: 800.0 x 600.0
19:52:11.543 [JavaFX Application Thread] DEBUG MainWindow           - Scaled scene size:    800.0 x 600.0
19:52:11.543 [JavaFX Application Thread] DEBUG MainWindow           - Scaled ratio: (1.0, 1.0)
19:52:11.546 [JavaFX Application Thread] DEBUG AssetLoader          - Loading from disk: /assets/ui/css/fxgl_dark.css
19:52:11.551 [JavaFX Application Thread] DEBUG AssetLoader          - Loading from disk: /assets/textures/fxgl_icon.png
19:52:11.570 [JavaFX Application Thread] DEBUG MainWindow           - Opening main window
19:52:11.784 [JavaFX Application Thread] DEBUG MainWindow           - Window border size: (0.0, 22.0)
19:52:11.785 [JavaFX Application Thread] DEBUG MainWindow           - Scaled size: 800.0 x 600.0
19:52:11.785 [JavaFX Application Thread] DEBUG MainWindow           - Scaled ratio: (1.0, 1.0)
19:52:11.785 [JavaFX Application Thread] DEBUG MainWindow           - Scene size: 800.0 x 600.0
19:52:11.785 [JavaFX Application Thread] DEBUG MainWindow           - Stage size: 800.0 x 622.0
19:52:11.839 [ForkJoinPool.commonPool-worker-1] DEBUG FS                   - Loaded DesktopFSService
19:52:11.840 [ForkJoinPool.commonPool-worker-1] DEBUG FXGL                 - Loading FXGL system data
19:52:11.850 [ForkJoinPool.commonPool-worker-1] DEBUG DesktopFSService     - Reading from: system/fxgl.bundle
19:52:11.867 [ForkJoinPool.commonPool-worker-1] DEBUG Bundle               - Logging bundle: FXGL
19:52:11.869 [ForkJoinPool.commonPool-worker-1] DEBUG Bundle               - FXGL.offline.timer.version.check=2019-12-13T14:02:17.794
19:52:11.873 [ForkJoinPool.commonPool-worker-1] DEBUG FXGL                 - Initializing state machine and application states
19:52:11.875 [ForkJoinPool.commonPool-worker-1] DEBUG AssetLoader          - Loading from disk: /assets/ui/cursors/fxgl_default.png
19:52:11.884 [ForkJoinPool.commonPool-worker-1] DEBUG AssetLoader          - Loading from disk: /assets/ui/cursors/fxgl_default.png
19:52:11.894 [ForkJoinPool.commonPool-worker-1] DEBUG AssetLoader          - Loading from cache: /assets/ui/fonts/VarelaRound-Regular.ttf
19:52:11.898 [ForkJoinPool.commonPool-worker-1] DEBUG AssetLoader          - Loading from disk: /assets/ui/cursors/fxgl_default.png
19:52:11.903 [ForkJoinPool.commonPool-worker-1] DEBUG GameScene            - Game scene initialized: 800x600
19:52:11.914 [ForkJoinPool.commonPool-worker-1] DEBUG GameWorld            - Game world initialized
19:52:12.011 [ForkJoinPool.commonPool-worker-1] DEBUG PhysicsWorld         - Physics world initialized: appHeight=600, physics.ppm=50.0
19:52:12.038 [ForkJoinPool.commonPool-worker-1] DEBUG Input                - Registered new binding: Pause - Esc
19:52:12.118 [JavaFX Application Thread] DEBUG FXGL                 - Running preInit()
19:52:12.119 [JavaFX Application Thread] DEBUG Input                - Registered new binding: Screenshot - P
19:52:12.120 [JavaFX Application Thread] DEBUG Input                - Registered new binding: Dev Options - CTRL+0
19:52:12.120 [JavaFX Application Thread] DEBUG Input                - Registered new binding: System info dump - CTRL+9
19:52:12.121 [JavaFX Application Thread] DEBUG Input                - Registered new binding: Restart - CTRL+R
19:52:12.121 [JavaFX Application Thread] DEBUG Input                - Registered new binding: Move Right - D
19:52:12.121 [JavaFX Application Thread] DEBUG Input                - Registered new binding: Move Left - A
19:52:12.121 [JavaFX Application Thread] DEBUG Input                - Registered new binding: Move Up - W
19:52:12.121 [JavaFX Application Thread] DEBUG Input                - Registered new binding: Move Down - S
19:52:12.124 [JavaFX Application Thread] INFO  FXGL                 - FXGL initialization took: 1.020 sec
19:52:12.124 [JavaFX Application Thread] DEBUG LoopRunner           - Starting loop
19:52:12.126 [JavaFX Application Thread] DEBUG StartupState         - STARTUP
19:52:12.127 [JavaFX Application Thread] DEBUG GameApplication      - Starting new game
19:52:12.128 [JavaFX Application Thread] DEBUG Input                - Clearing active input actions
19:52:12.130 [JavaFX Application Thread] DEBUG AssetLoader          - Loading from disk: /assets/ui/css/fxgl_dark.css
19:52:12.142 [JavaFX Application Thread] DEBUG AppStateMachine      - StartupState -> LoadingState
19:52:12.148 [FXGL Background Thread 1 ] DEBUG InitAppTask          - Clearing previous game
19:52:12.148 [FXGL Background Thread 1 ] DEBUG GameWorld            - Clearing game world
19:52:12.148 [FXGL Background Thread 1 ] DEBUG PhysicsWorld         - Clearing physics world
19:52:12.149 [FXGL Background Thread 1 ] DEBUG GameScene            - Clearing game scene
19:52:12.152 [FXGL Background Thread 1 ] DEBUG InitAppTask          - Initializing Game
19:52:12.199 [FXGL Background Thread 1 ] DEBUG AssetLoader          - Loading from disk: /assets/textures/hero_walk.gif
19:52:12.215 [FXGL Background Thread 1 ] DEBUG GameScene            - Creating render group for layer: DEFAULT(100000)
19:52:12.219 [FXGL Background Thread 1 ] DEBUG AssetLoader          - Loading from disk: /assets/textures/red_jewel.png
19:52:12.222 [FXGL Background Thread 1 ] DEBUG AssetLoader          - Loading from disk: /assets/textures/blue_jewel.png
19:52:12.224 [FXGL Background Thread 1 ] DEBUG AssetLoader          - Loading from disk: /assets/textures/purple_jewel.png
19:52:12.225 [FXGL Background Thread 1 ] DEBUG AssetLoader          - Loading from disk: /assets/textures/green_jewel.png
19:52:12.226 [FXGL Background Thread 1 ] DEBUG InitAppTask          - Initializing Physics
19:52:12.227 [FXGL Background Thread 1 ] DEBUG InitAppTask          - Initializing UI
19:52:12.227 [FXGL Background Thread 1 ] DEBUG InitAppTask          - Initialization Complete
19:52:12.227 [FXGL Background Thread 1 ] INFO  InitAppTask          - Game initialization took: 0.079 sec
19:52:12.254 [JavaFX Application Thread] DEBUG Input                - Clearing active input actions
19:52:12.254 [JavaFX Application Thread] DEBUG AssetLoader          - Loading from disk: /assets/ui/css/fxgl_dark.css
19:52:12.271 [JavaFX Application Thread] DEBUG AppStateMachine      - LoadingState -> PlayState
19:52:42.242 [JavaFX Application Thread] DEBUG FXGL                 - Exiting FXGL
19:52:42.242 [JavaFX Application Thread] DEBUG FXGL                 - Shutting down background threads
19:52:42.243 [JavaFX Application Thread] DEBUG FXGL                 - Saving FXGL system data
19:52:42.246 [JavaFX Application Thread] DEBUG DesktopFSService     - Writing to: system/fxgl.bundle
19:52:42.250 [JavaFX Application Thread] DEBUG FXGL                 - Closing logger and exiting JavaFX
