10:44:44.410 [JavaFX Application Thread] DEBUG GameApplication      - Logger initialized
10:44:44.420 [JavaFX Application Thread] DEBUG GameApplication      - Logging settings
Title: What a Silly Game
Version: 0.1
Width: 800
Height: 600
Fullscreen: false
Intro: false
Menus: false
Profiling: false
Single step:false
App Mode: DEVELOPER
Menu Key: ESCAPE
Stage Style: DECORATED
Scene Factory: class com.almasb.fxgl.scene.SceneFactory
Dialog Factory: class com.almasb.fxgl.ui.FXGLDialogFactory
UI Factory: class com.almasb.fxgl.ui.FXGLUIFactory
Notification Service: class com.almasb.fxgl.gameplay.notification.XboxNotificationView
Exception Handler: class com.almasb.fxgl.app.FXGLExceptionHandler
10:44:44.421 [JavaFX Application Thread] DEBUG GameApplication      - Starting FXGL
10:44:44.439 [JavaFX Application Thread] INFO  FXGL                 - FXGL-0.5.4 on DESKTOP
10:44:44.440 [JavaFX Application Thread] INFO  FXGL                 - Source code and latest versions at: https://github.com/AlmasB/FXGL
10:44:44.440 [JavaFX Application Thread] INFO  FXGL                 -              Join the FXGL chat at: https://gitter.im/AlmasB/FXGL
10:44:44.441 [JavaFX Application Thread] DEBUG FXGL                 - FXGL started
10:44:44.441 [JavaFX Application Thread] DEBUG FXGL                 - Initializing FXGL
10:44:44.529 [JavaFX Application Thread] DEBUG AssetLoader          - Loading from disk: /assets/ui/cursors/fxgl_default.png
10:44:44.803 [JavaFX Application Thread] DEBUG AssetLoader          - Loading from disk: /assets/ui/fonts/VarelaRound-Regular.ttf
10:44:44.884 [JavaFX Application Thread] DEBUG MainWindow           - Creating a JavaFX scene
10:44:44.934 [JavaFX Application Thread] DEBUG MainWindow           - Target settings size: 800.0 x 600.0
10:44:44.934 [JavaFX Application Thread] DEBUG MainWindow           - Scaled scene size:    800.0 x 600.0
10:44:44.934 [JavaFX Application Thread] DEBUG MainWindow           - Scaled ratio: (1.0, 1.0)
10:44:44.937 [JavaFX Application Thread] DEBUG AssetLoader          - Loading from disk: /assets/ui/css/fxgl_dark.css
10:44:44.941 [JavaFX Application Thread] DEBUG AssetLoader          - Loading from disk: /assets/textures/fxgl_icon.png
10:44:44.961 [JavaFX Application Thread] DEBUG MainWindow           - Opening main window
10:44:45.161 [JavaFX Application Thread] DEBUG MainWindow           - Window border size: (0.0, 22.0)
10:44:45.161 [JavaFX Application Thread] DEBUG MainWindow           - Scaled size: 800.0 x 600.0
10:44:45.161 [JavaFX Application Thread] DEBUG MainWindow           - Scaled ratio: (1.0, 1.0)
10:44:45.162 [JavaFX Application Thread] DEBUG MainWindow           - Scene size: 800.0 x 600.0
10:44:45.162 [JavaFX Application Thread] DEBUG MainWindow           - Stage size: 800.0 x 622.0
10:44:45.215 [ForkJoinPool.commonPool-worker-1] DEBUG FS                   - Loaded DesktopFSService
10:44:45.216 [ForkJoinPool.commonPool-worker-1] DEBUG FXGL                 - Loading FXGL system data
10:44:45.233 [ForkJoinPool.commonPool-worker-1] DEBUG DesktopFSService     - Reading from: system/fxgl.bundle
10:44:45.249 [ForkJoinPool.commonPool-worker-1] DEBUG Bundle               - Logging bundle: FXGL
10:44:45.250 [ForkJoinPool.commonPool-worker-1] DEBUG Bundle               - FXGL.offline.timer.version.check=2019-12-13T14:02:17.794
10:44:45.252 [ForkJoinPool.commonPool-worker-1] DEBUG FXGL                 - Initializing state machine and application states
10:44:45.257 [ForkJoinPool.commonPool-worker-1] DEBUG AssetLoader          - Loading from disk: /assets/ui/cursors/fxgl_default.png
10:44:45.268 [ForkJoinPool.commonPool-worker-1] DEBUG AssetLoader          - Loading from disk: /assets/ui/cursors/fxgl_default.png
10:44:45.281 [ForkJoinPool.commonPool-worker-1] DEBUG AssetLoader          - Loading from cache: /assets/ui/fonts/VarelaRound-Regular.ttf
10:44:45.286 [ForkJoinPool.commonPool-worker-1] DEBUG AssetLoader          - Loading from disk: /assets/ui/cursors/fxgl_default.png
10:44:45.290 [ForkJoinPool.commonPool-worker-1] DEBUG GameScene            - Game scene initialized: 800x600
10:44:45.299 [ForkJoinPool.commonPool-worker-1] DEBUG GameWorld            - Game world initialized
10:44:45.412 [ForkJoinPool.commonPool-worker-1] DEBUG PhysicsWorld         - Physics world initialized: appHeight=600, physics.ppm=50.0
10:44:45.442 [ForkJoinPool.commonPool-worker-1] DEBUG Input                - Registered new binding: Pause - Esc
10:44:45.517 [JavaFX Application Thread] DEBUG FXGL                 - Running preInit()
10:44:45.519 [JavaFX Application Thread] DEBUG Input                - Registered new binding: Screenshot - P
10:44:45.520 [JavaFX Application Thread] DEBUG Input                - Registered new binding: Dev Options - CTRL+0
10:44:45.520 [JavaFX Application Thread] DEBUG Input                - Registered new binding: System info dump - CTRL+9
10:44:45.521 [JavaFX Application Thread] DEBUG Input                - Registered new binding: Restart - CTRL+R
10:44:45.521 [JavaFX Application Thread] DEBUG Input                - Registered new binding: Move Right - D
10:44:45.521 [JavaFX Application Thread] DEBUG Input                - Registered new binding: Move Left - A
10:44:45.521 [JavaFX Application Thread] DEBUG Input                - Registered new binding: Move Up - W
10:44:45.522 [JavaFX Application Thread] DEBUG Input                - Registered new binding: Move Down - S
10:44:45.523 [JavaFX Application Thread] INFO  FXGL                 - FXGL initialization took: 1.081 sec
10:44:45.523 [JavaFX Application Thread] DEBUG LoopRunner           - Starting loop
10:44:45.525 [JavaFX Application Thread] DEBUG StartupState         - STARTUP
10:44:45.525 [JavaFX Application Thread] DEBUG GameApplication      - Starting new game
10:44:45.525 [JavaFX Application Thread] DEBUG Input                - Clearing active input actions
10:44:45.527 [JavaFX Application Thread] DEBUG AssetLoader          - Loading from disk: /assets/ui/css/fxgl_dark.css
10:44:45.537 [JavaFX Application Thread] DEBUG AppStateMachine      - StartupState -> LoadingState
10:44:45.544 [FXGL Background Thread 1 ] DEBUG InitAppTask          - Clearing previous game
10:44:45.544 [FXGL Background Thread 1 ] DEBUG GameWorld            - Clearing game world
10:44:45.544 [FXGL Background Thread 1 ] DEBUG PhysicsWorld         - Clearing physics world
10:44:45.544 [FXGL Background Thread 1 ] DEBUG GameScene            - Clearing game scene
10:44:45.546 [FXGL Background Thread 1 ] DEBUG InitAppTask          - Initializing Game
10:44:45.597 [FXGL Background Thread 1 ] DEBUG AssetLoader          - Loading from disk: /assets/textures/hero_walk.gif
10:44:45.611 [FXGL Background Thread 1 ] DEBUG GameScene            - Creating render group for layer: DEFAULT(100000)
10:44:45.616 [FXGL Background Thread 1 ] DEBUG AssetLoader          - Loading from disk: /assets/textures/red_jewel.png
10:44:45.618 [FXGL Background Thread 1 ] DEBUG AssetLoader          - Loading from disk: /assets/textures/blue_jewel.png
10:44:45.621 [FXGL Background Thread 1 ] DEBUG AssetLoader          - Loading from disk: /assets/textures/purple_jewel.png
10:44:45.626 [FXGL Background Thread 1 ] DEBUG AssetLoader          - Loading from disk: /assets/textures/green_jewel.png
10:44:45.628 [FXGL Background Thread 1 ] DEBUG InitAppTask          - Initializing Physics
10:44:45.629 [FXGL Background Thread 1 ] DEBUG InitAppTask          - Initializing UI
10:44:45.634 [FXGL Background Thread 1 ] DEBUG InitAppTask          - Initialization Complete
10:44:45.635 [FXGL Background Thread 1 ] INFO  InitAppTask          - Game initialization took: 0.091 sec
10:44:45.648 [JavaFX Application Thread] DEBUG Input                - Clearing active input actions
10:44:45.648 [JavaFX Application Thread] DEBUG AssetLoader          - Loading from disk: /assets/ui/css/fxgl_dark.css
10:44:45.664 [JavaFX Application Thread] DEBUG AppStateMachine      - LoadingState -> PlayState
10:44:58.769 [JavaFX Application Thread] DEBUG FXGL                 - Exiting FXGL
10:44:58.769 [JavaFX Application Thread] DEBUG FXGL                 - Shutting down background threads
10:44:58.769 [JavaFX Application Thread] DEBUG FXGL                 - Saving FXGL system data
10:44:58.772 [JavaFX Application Thread] DEBUG DesktopFSService     - Writing to: system/fxgl.bundle
10:44:58.777 [JavaFX Application Thread] DEBUG FXGL                 - Closing logger and exiting JavaFX
