19:49:39.200 [JavaFX Application Thread] DEBUG GameApplication      - Logger initialized
19:49:39.209 [JavaFX Application Thread] DEBUG GameApplication      - Logging settings
Title: What a Silly Game
Version: 0.1
Width: 800
Height: 600
Fullscreen: false
Intro: false
Menus: false
Profiling: false
Single step:false
App Mode: DEVELOPER
Menu Key: ESCAPE
Stage Style: DECORATED
Scene Factory: class com.almasb.fxgl.scene.SceneFactory
Dialog Factory: class com.almasb.fxgl.ui.FXGLDialogFactory
UI Factory: class com.almasb.fxgl.ui.FXGLUIFactory
Notification Service: class com.almasb.fxgl.gameplay.notification.XboxNotificationView
Exception Handler: class com.almasb.fxgl.app.FXGLExceptionHandler
19:49:39.209 [JavaFX Application Thread] DEBUG GameApplication      - Starting FXGL
19:49:39.223 [JavaFX Application Thread] INFO  FXGL                 - FXGL-0.5.4 on DESKTOP
19:49:39.224 [JavaFX Application Thread] INFO  FXGL                 - Source code and latest versions at: https://github.com/AlmasB/FXGL
19:49:39.224 [JavaFX Application Thread] INFO  FXGL                 -              Join the FXGL chat at: https://gitter.im/AlmasB/FXGL
19:49:39.225 [JavaFX Application Thread] DEBUG FXGL                 - FXGL started
19:49:39.225 [JavaFX Application Thread] DEBUG FXGL                 - Initializing FXGL
19:49:39.304 [JavaFX Application Thread] DEBUG AssetLoader          - Loading from disk: /assets/ui/cursors/fxgl_default.png
19:49:39.560 [JavaFX Application Thread] DEBUG AssetLoader          - Loading from disk: /assets/ui/fonts/VarelaRound-Regular.ttf
19:49:39.629 [JavaFX Application Thread] DEBUG MainWindow           - Creating a JavaFX scene
19:49:39.678 [JavaFX Application Thread] DEBUG MainWindow           - Target settings size: 800.0 x 600.0
19:49:39.678 [JavaFX Application Thread] DEBUG MainWindow           - Scaled scene size:    800.0 x 600.0
19:49:39.679 [JavaFX Application Thread] DEBUG MainWindow           - Scaled ratio: (1.0, 1.0)
19:49:39.682 [JavaFX Application Thread] DEBUG AssetLoader          - Loading from disk: /assets/ui/css/fxgl_dark.css
19:49:39.688 [JavaFX Application Thread] DEBUG AssetLoader          - Loading from disk: /assets/textures/fxgl_icon.png
19:49:39.711 [JavaFX Application Thread] DEBUG MainWindow           - Opening main window
19:49:39.917 [JavaFX Application Thread] DEBUG MainWindow           - Window border size: (0.0, 22.0)
19:49:39.918 [JavaFX Application Thread] DEBUG MainWindow           - Scaled size: 800.0 x 600.0
19:49:39.918 [JavaFX Application Thread] DEBUG MainWindow           - Scaled ratio: (1.0, 1.0)
19:49:39.918 [JavaFX Application Thread] DEBUG MainWindow           - Scene size: 800.0 x 600.0
19:49:39.919 [JavaFX Application Thread] DEBUG MainWindow           - Stage size: 800.0 x 622.0
19:49:39.978 [ForkJoinPool.commonPool-worker-1] DEBUG FS                   - Loaded DesktopFSService
19:49:39.979 [ForkJoinPool.commonPool-worker-1] DEBUG FXGL                 - Loading FXGL system data
19:49:39.988 [ForkJoinPool.commonPool-worker-1] DEBUG DesktopFSService     - Reading from: system/fxgl.bundle
19:49:40.005 [ForkJoinPool.commonPool-worker-1] DEBUG Bundle               - Logging bundle: FXGL
19:49:40.007 [ForkJoinPool.commonPool-worker-1] DEBUG Bundle               - FXGL.offline.timer.version.check=2019-12-13T14:02:17.794
19:49:40.008 [ForkJoinPool.commonPool-worker-1] DEBUG FXGL                 - Initializing state machine and application states
19:49:40.011 [ForkJoinPool.commonPool-worker-1] DEBUG AssetLoader          - Loading from disk: /assets/ui/cursors/fxgl_default.png
19:49:40.022 [ForkJoinPool.commonPool-worker-1] DEBUG AssetLoader          - Loading from disk: /assets/ui/cursors/fxgl_default.png
19:49:40.035 [ForkJoinPool.commonPool-worker-1] DEBUG AssetLoader          - Loading from cache: /assets/ui/fonts/VarelaRound-Regular.ttf
19:49:40.040 [ForkJoinPool.commonPool-worker-1] DEBUG AssetLoader          - Loading from disk: /assets/ui/cursors/fxgl_default.png
19:49:40.045 [ForkJoinPool.commonPool-worker-1] DEBUG GameScene            - Game scene initialized: 800x600
19:49:40.062 [ForkJoinPool.commonPool-worker-1] DEBUG GameWorld            - Game world initialized
19:49:40.187 [ForkJoinPool.commonPool-worker-1] DEBUG PhysicsWorld         - Physics world initialized: appHeight=600, physics.ppm=50.0
19:49:40.240 [ForkJoinPool.commonPool-worker-1] DEBUG Input                - Registered new binding: Pause - Esc
19:49:40.327 [JavaFX Application Thread] DEBUG FXGL                 - Running preInit()
19:49:40.329 [JavaFX Application Thread] DEBUG Input                - Registered new binding: Screenshot - P
19:49:40.329 [JavaFX Application Thread] DEBUG Input                - Registered new binding: Dev Options - CTRL+0
19:49:40.330 [JavaFX Application Thread] DEBUG Input                - Registered new binding: System info dump - CTRL+9
19:49:40.330 [JavaFX Application Thread] DEBUG Input                - Registered new binding: Restart - CTRL+R
19:49:40.330 [JavaFX Application Thread] DEBUG Input                - Registered new binding: Move Right - D
19:49:40.330 [JavaFX Application Thread] DEBUG Input                - Registered new binding: Move Left - A
19:49:40.331 [JavaFX Application Thread] DEBUG Input                - Registered new binding: Move Up - W
19:49:40.331 [JavaFX Application Thread] DEBUG Input                - Registered new binding: Move Down - S
19:49:40.332 [JavaFX Application Thread] INFO  FXGL                 - FXGL initialization took: 1.106 sec
19:49:40.332 [JavaFX Application Thread] DEBUG LoopRunner           - Starting loop
19:49:40.333 [JavaFX Application Thread] DEBUG StartupState         - STARTUP
19:49:40.334 [JavaFX Application Thread] DEBUG GameApplication      - Starting new game
19:49:40.334 [JavaFX Application Thread] DEBUG Input                - Clearing active input actions
19:49:40.335 [JavaFX Application Thread] DEBUG AssetLoader          - Loading from disk: /assets/ui/css/fxgl_dark.css
19:49:40.345 [JavaFX Application Thread] DEBUG AppStateMachine      - StartupState -> LoadingState
19:49:40.351 [FXGL Background Thread 1 ] DEBUG InitAppTask          - Clearing previous game
19:49:40.351 [FXGL Background Thread 1 ] DEBUG GameWorld            - Clearing game world
19:49:40.351 [FXGL Background Thread 1 ] DEBUG PhysicsWorld         - Clearing physics world
19:49:40.351 [FXGL Background Thread 1 ] DEBUG GameScene            - Clearing game scene
19:49:40.353 [FXGL Background Thread 1 ] DEBUG InitAppTask          - Initializing Game
19:49:40.401 [FXGL Background Thread 1 ] DEBUG AssetLoader          - Loading from disk: /assets/textures/hero_walk.gif
19:49:40.412 [FXGL Background Thread 1 ] DEBUG GameScene            - Creating render group for layer: DEFAULT(100000)
19:49:40.415 [FXGL Background Thread 1 ] DEBUG AssetLoader          - Loading from disk: /assets/textures/red_jewel.png
19:49:40.417 [FXGL Background Thread 1 ] DEBUG AssetLoader          - Loading from disk: /assets/textures/blue_jewel.png
19:49:40.419 [FXGL Background Thread 1 ] DEBUG AssetLoader          - Loading from disk: /assets/textures/purple_jewel.png
19:49:40.422 [FXGL Background Thread 1 ] DEBUG AssetLoader          - Loading from disk: /assets/textures/green_jewel.png
19:49:40.425 [FXGL Background Thread 1 ] DEBUG InitAppTask          - Initializing Physics
19:49:40.426 [FXGL Background Thread 1 ] DEBUG InitAppTask          - Initializing UI
19:49:40.426 [FXGL Background Thread 1 ] DEBUG InitAppTask          - Initialization Complete
19:49:40.427 [FXGL Background Thread 1 ] INFO  InitAppTask          - Game initialization took: 0.076 sec
19:49:40.444 [JavaFX Application Thread] DEBUG Input                - Clearing active input actions
19:49:40.444 [JavaFX Application Thread] DEBUG AssetLoader          - Loading from disk: /assets/ui/css/fxgl_dark.css
19:49:40.462 [JavaFX Application Thread] DEBUG AppStateMachine      - LoadingState -> PlayState
19:49:42.533 [JavaFX Application Thread] DEBUG Input                - Registered new binding: Resume - Esc
19:49:42.533 [JavaFX Application Thread] DEBUG AssetLoader          - Loading from disk: /assets/textures/pause_menu_bg.png
19:49:42.544 [JavaFX Application Thread] DEBUG AssetLoader          - Loading from disk: /assets/properties/languages/english.properties
19:49:42.546 [JavaFX Application Thread] DEBUG AssetLoader          - Loading from cache: /assets/ui/fonts/VarelaRound-Regular.ttf
19:49:42.547 [JavaFX Application Thread] DEBUG AssetLoader          - Loading from cache: /assets/properties/languages/english.properties
19:49:42.548 [JavaFX Application Thread] DEBUG AssetLoader          - Loading from cache: /assets/ui/fonts/VarelaRound-Regular.ttf
19:49:42.558 [JavaFX Application Thread] DEBUG AppStateMachine      - Push state: PauseMenuSubState
19:49:42.558 [JavaFX Application Thread] DEBUG Input                - Clearing active input actions
19:49:42.558 [JavaFX Application Thread] DEBUG AppStateMachine      - PlayState -> PauseMenuSubState
19:49:44.081 [JavaFX Application Thread] DEBUG AssetLoader          - Loading from cache: /assets/sounds/menu/select.wav
19:49:44.381 [JavaFX Application Thread] DEBUG FXGL                 - Exiting FXGL
19:49:44.384 [JavaFX Application Thread] DEBUG FXGL                 - Shutting down background threads
19:49:44.385 [JavaFX Application Thread] DEBUG FXGL                 - Saving FXGL system data
19:49:44.388 [JavaFX Application Thread] DEBUG DesktopFSService     - Writing to: system/fxgl.bundle
19:49:44.392 [JavaFX Application Thread] DEBUG FXGL                 - Closing logger and exiting JavaFX
