11:36:26.872 [JavaFX Application Thread] DEBUG GameApplication      - Logger initialized
11:36:26.883 [JavaFX Application Thread] DEBUG GameApplication      - Logging settings
Title: What a Silly Game
Version: 1.0
Width: 800
Height: 600
Fullscreen: false
Intro: false
Menus: false
Profiling: false
Single step:false
App Mode: DEVELOPER
Menu Key: ESCAPE
Stage Style: DECORATED
Scene Factory: class com.almasb.fxgl.scene.SceneFactory
Dialog Factory: class com.almasb.fxgl.ui.FXGLDialogFactory
UI Factory: class com.almasb.fxgl.ui.FXGLUIFactory
Notification Service: class com.almasb.fxgl.gameplay.notification.XboxNotificationView
Exception Handler: class com.almasb.fxgl.app.FXGLExceptionHandler
11:36:26.883 [JavaFX Application Thread] DEBUG GameApplication      - Starting FXGL
11:36:26.903 [JavaFX Application Thread] INFO  FXGL                 - FXGL-0.5.4 on DESKTOP
11:36:26.904 [JavaFX Application Thread] INFO  FXGL                 - Source code and latest versions at: https://github.com/AlmasB/FXGL
11:36:26.905 [JavaFX Application Thread] INFO  FXGL                 -              Join the FXGL chat at: https://gitter.im/AlmasB/FXGL
11:36:26.906 [JavaFX Application Thread] DEBUG FXGL                 - FXGL started
11:36:26.906 [JavaFX Application Thread] DEBUG FXGL                 - Initializing FXGL
11:36:26.992 [JavaFX Application Thread] DEBUG AssetLoader          - Loading from disk: /assets/ui/cursors/fxgl_default.png
11:36:27.244 [JavaFX Application Thread] DEBUG AssetLoader          - Loading from disk: /assets/ui/fonts/VarelaRound-Regular.ttf
11:36:27.327 [JavaFX Application Thread] DEBUG MainWindow           - Creating a JavaFX scene
11:36:27.384 [JavaFX Application Thread] DEBUG MainWindow           - Target settings size: 800.0 x 600.0
11:36:27.384 [JavaFX Application Thread] DEBUG MainWindow           - Scaled scene size:    800.0 x 600.0
11:36:27.384 [JavaFX Application Thread] DEBUG MainWindow           - Scaled ratio: (1.0, 1.0)
11:36:27.389 [JavaFX Application Thread] DEBUG AssetLoader          - Loading from disk: /assets/ui/css/fxgl_dark.css
11:36:27.397 [JavaFX Application Thread] DEBUG AssetLoader          - Loading from disk: /assets/textures/fxgl_icon.png
11:36:27.424 [JavaFX Application Thread] DEBUG MainWindow           - Opening main window
11:36:27.637 [JavaFX Application Thread] DEBUG MainWindow           - Window border size: (0.0, 22.0)
11:36:27.638 [JavaFX Application Thread] DEBUG MainWindow           - Scaled size: 800.0 x 600.0
11:36:27.638 [JavaFX Application Thread] DEBUG MainWindow           - Scaled ratio: (1.0, 1.0)
11:36:27.638 [JavaFX Application Thread] DEBUG MainWindow           - Scene size: 800.0 x 600.0
11:36:27.639 [JavaFX Application Thread] DEBUG MainWindow           - Stage size: 800.0 x 622.0
11:36:27.706 [ForkJoinPool.commonPool-worker-1] DEBUG FS                   - Loaded DesktopFSService
11:36:27.706 [ForkJoinPool.commonPool-worker-1] DEBUG FXGL                 - Loading FXGL system data
11:36:27.715 [ForkJoinPool.commonPool-worker-1] DEBUG DesktopFSService     - Reading from: system/fxgl.bundle
11:36:27.729 [ForkJoinPool.commonPool-worker-1] DEBUG Bundle               - Logging bundle: FXGL
11:36:27.730 [ForkJoinPool.commonPool-worker-1] DEBUG Bundle               - FXGL.offline.timer.version.check=2019-12-13T14:02:17.794
11:36:27.731 [ForkJoinPool.commonPool-worker-1] DEBUG FXGL                 - Initializing state machine and application states
11:36:27.736 [ForkJoinPool.commonPool-worker-1] DEBUG AssetLoader          - Loading from disk: /assets/ui/cursors/fxgl_default.png
11:36:27.745 [ForkJoinPool.commonPool-worker-1] DEBUG AssetLoader          - Loading from disk: /assets/ui/cursors/fxgl_default.png
11:36:27.758 [ForkJoinPool.commonPool-worker-1] DEBUG AssetLoader          - Loading from cache: /assets/ui/fonts/VarelaRound-Regular.ttf
11:36:27.762 [ForkJoinPool.commonPool-worker-1] DEBUG AssetLoader          - Loading from disk: /assets/ui/cursors/fxgl_default.png
11:36:27.766 [ForkJoinPool.commonPool-worker-1] DEBUG GameScene            - Game scene initialized: 800x600
11:36:27.776 [ForkJoinPool.commonPool-worker-1] DEBUG GameWorld            - Game world initialized
11:36:27.882 [ForkJoinPool.commonPool-worker-1] DEBUG PhysicsWorld         - Physics world initialized: appHeight=600, physics.ppm=50.0
11:36:27.912 [ForkJoinPool.commonPool-worker-1] DEBUG Input                - Registered new binding: Pause - Esc
11:36:28.003 [JavaFX Application Thread] DEBUG FXGL                 - Running preInit()
11:36:28.006 [JavaFX Application Thread] DEBUG Input                - Registered new binding: Screenshot - P
11:36:28.007 [JavaFX Application Thread] DEBUG Input                - Registered new binding: Dev Options - CTRL+0
11:36:28.010 [JavaFX Application Thread] DEBUG Input                - Registered new binding: System info dump - CTRL+9
11:36:28.011 [JavaFX Application Thread] DEBUG Input                - Registered new binding: Restart - CTRL+R
11:36:28.011 [JavaFX Application Thread] DEBUG Input                - Registered new binding: Move Right - D
11:36:28.011 [JavaFX Application Thread] DEBUG Input                - Registered new binding: Move Left - A
11:36:28.012 [JavaFX Application Thread] DEBUG Input                - Registered new binding: Move Up - W
11:36:28.012 [JavaFX Application Thread] DEBUG Input                - Registered new binding: Move Down - S
11:36:28.013 [JavaFX Application Thread] INFO  FXGL                 - FXGL initialization took: 1.106 sec
11:36:28.014 [JavaFX Application Thread] DEBUG LoopRunner           - Starting loop
11:36:28.016 [JavaFX Application Thread] DEBUG StartupState         - STARTUP
11:36:28.016 [JavaFX Application Thread] DEBUG GameApplication      - Starting new game
11:36:28.016 [JavaFX Application Thread] DEBUG Input                - Clearing active input actions
11:36:28.018 [JavaFX Application Thread] DEBUG AssetLoader          - Loading from disk: /assets/ui/css/fxgl_dark.css
11:36:28.033 [JavaFX Application Thread] DEBUG AppStateMachine      - StartupState -> LoadingState
11:36:28.041 [FXGL Background Thread 1 ] DEBUG InitAppTask          - Clearing previous game
11:36:28.041 [FXGL Background Thread 1 ] DEBUG GameWorld            - Clearing game world
11:36:28.041 [FXGL Background Thread 1 ] DEBUG PhysicsWorld         - Clearing physics world
11:36:28.042 [FXGL Background Thread 1 ] DEBUG GameScene            - Clearing game scene
11:36:28.043 [FXGL Background Thread 1 ] DEBUG InitAppTask          - Initializing Game
11:36:28.086 [JavaFX Application Thread] FATAL FXGL                 - Uncaught Exception:

Fatal exception occurred: java.lang.NullPointerException : null
E: com.Summer.SillyGame.BasicGameApp.initGameVars(BasicGameApp.java:44)
E: com.almasb.fxgl.app.LoadingState$InitAppTask.initGame(AppStates.kt:162)
E: com.almasb.fxgl.app.LoadingState$InitAppTask.call(AppStates.kt:138)
E: com.almasb.fxgl.app.LoadingState$InitAppTask.call(AppStates.kt:127)
E: javafx.concurrent.Task$TaskCallable.call(Task.java:1423)
E: java.util.concurrent.FutureTask.run(FutureTask.java:266)
E: java.util.concurrent.Executors$RunnableAdapter.call(Executors.java:511)
E: java.util.concurrent.FutureTask.run(FutureTask.java:266)
E: java.util.concurrent.ThreadPoolExecutor.runWorker(ThreadPoolExecutor.java:1149)
E: java.util.concurrent.ThreadPoolExecutor$Worker.run(ThreadPoolExecutor.java:624)
E: java.lang.Thread.run(Thread.java:748)

11:36:28.087 [JavaFX Application Thread] FATAL FXGL                 - Application will now exit
11:36:28.087 [JavaFX Application Thread] DEBUG LoopRunner           - Stopping loop
11:36:33.395 [JavaFX Application Thread] DEBUG FXGL                 - Exiting FXGL
11:36:33.395 [JavaFX Application Thread] DEBUG FXGL                 - Shutting down background threads
11:36:33.396 [JavaFX Application Thread] DEBUG FXGL                 - Saving FXGL system data
11:36:33.399 [JavaFX Application Thread] DEBUG DesktopFSService     - Writing to: system/fxgl.bundle
11:36:33.403 [JavaFX Application Thread] DEBUG FXGL                 - Closing logger and exiting JavaFX
