12:01:23.575 [JavaFX Application Thread] DEBUG GameApplication      - Logger initialized
12:01:23.588 [JavaFX Application Thread] DEBUG GameApplication      - Logging settings
Title: What a Silly Game
Version: 0.1
Width: 800
Height: 600
Fullscreen: false
Intro: false
Menus: false
Profiling: false
Single step:false
App Mode: DEVELOPER
Menu Key: ESCAPE
Stage Style: DECORATED
Scene Factory: class com.almasb.fxgl.scene.SceneFactory
Dialog Factory: class com.almasb.fxgl.ui.FXGLDialogFactory
UI Factory: class com.almasb.fxgl.ui.FXGLUIFactory
Notification Service: class com.almasb.fxgl.gameplay.notification.XboxNotificationView
Exception Handler: class com.almasb.fxgl.app.FXGLExceptionHandler
12:01:23.589 [JavaFX Application Thread] DEBUG GameApplication      - Starting FXGL
12:01:23.608 [JavaFX Application Thread] INFO  FXGL                 - FXGL-0.5.4 on DESKTOP
12:01:23.609 [JavaFX Application Thread] INFO  FXGL                 - Source code and latest versions at: https://github.com/AlmasB/FXGL
12:01:23.609 [JavaFX Application Thread] INFO  FXGL                 -              Join the FXGL chat at: https://gitter.im/AlmasB/FXGL
12:01:23.610 [JavaFX Application Thread] DEBUG FXGL                 - FXGL started
12:01:23.610 [JavaFX Application Thread] DEBUG FXGL                 - Initializing FXGL
12:01:23.674 [JavaFX Application Thread] DEBUG AssetLoader          - Loading from disk: /assets/ui/cursors/fxgl_default.png
12:01:23.910 [JavaFX Application Thread] DEBUG AssetLoader          - Loading from disk: /assets/ui/fonts/VarelaRound-Regular.ttf
12:01:23.979 [JavaFX Application Thread] DEBUG MainWindow           - Creating a JavaFX scene
12:01:24.022 [JavaFX Application Thread] DEBUG MainWindow           - Target settings size: 800.0 x 600.0
12:01:24.022 [JavaFX Application Thread] DEBUG MainWindow           - Scaled scene size:    800.0 x 600.0
12:01:24.023 [JavaFX Application Thread] DEBUG MainWindow           - Scaled ratio: (1.0, 1.0)
12:01:24.026 [JavaFX Application Thread] DEBUG AssetLoader          - Loading from disk: /assets/ui/css/fxgl_dark.css
12:01:24.030 [JavaFX Application Thread] DEBUG AssetLoader          - Loading from disk: /assets/textures/fxgl_icon.png
12:01:24.052 [JavaFX Application Thread] DEBUG MainWindow           - Opening main window
12:01:24.303 [JavaFX Application Thread] DEBUG MainWindow           - Window border size: (0.0, 22.0)
12:01:24.304 [JavaFX Application Thread] DEBUG MainWindow           - Scaled size: 800.0 x 600.0
12:01:24.306 [JavaFX Application Thread] DEBUG MainWindow           - Scaled ratio: (1.0, 1.0)
12:01:24.312 [JavaFX Application Thread] DEBUG MainWindow           - Scene size: 800.0 x 600.0
12:01:24.315 [JavaFX Application Thread] DEBUG MainWindow           - Stage size: 800.0 x 622.0
12:01:24.382 [ForkJoinPool.commonPool-worker-1] DEBUG FS                   - Loaded DesktopFSService
12:01:24.383 [ForkJoinPool.commonPool-worker-1] DEBUG FXGL                 - Loading FXGL system data
12:01:24.392 [ForkJoinPool.commonPool-worker-1] DEBUG DesktopFSService     - Reading from: system/fxgl.bundle
12:01:24.405 [ForkJoinPool.commonPool-worker-1] DEBUG Bundle               - Logging bundle: FXGL
12:01:24.406 [ForkJoinPool.commonPool-worker-1] DEBUG Bundle               - FXGL.offline.timer.version.check=2019-12-13T14:02:17.794
12:01:24.407 [ForkJoinPool.commonPool-worker-1] DEBUG FXGL                 - Initializing state machine and application states
12:01:24.410 [ForkJoinPool.commonPool-worker-1] DEBUG AssetLoader          - Loading from disk: /assets/ui/cursors/fxgl_default.png
12:01:24.418 [ForkJoinPool.commonPool-worker-1] DEBUG AssetLoader          - Loading from disk: /assets/ui/cursors/fxgl_default.png
12:01:24.430 [ForkJoinPool.commonPool-worker-1] DEBUG AssetLoader          - Loading from cache: /assets/ui/fonts/VarelaRound-Regular.ttf
12:01:24.433 [ForkJoinPool.commonPool-worker-1] DEBUG AssetLoader          - Loading from disk: /assets/ui/cursors/fxgl_default.png
12:01:24.440 [ForkJoinPool.commonPool-worker-1] DEBUG GameScene            - Game scene initialized: 800x600
12:01:24.450 [ForkJoinPool.commonPool-worker-1] DEBUG GameWorld            - Game world initialized
12:01:24.536 [ForkJoinPool.commonPool-worker-1] DEBUG PhysicsWorld         - Physics world initialized: appHeight=600, physics.ppm=50.0
12:01:24.559 [ForkJoinPool.commonPool-worker-1] DEBUG Input                - Registered new binding: Pause - Esc
12:01:24.632 [JavaFX Application Thread] DEBUG FXGL                 - Running preInit()
12:01:24.635 [JavaFX Application Thread] DEBUG Input                - Registered new binding: Screenshot - P
12:01:24.636 [JavaFX Application Thread] DEBUG Input                - Registered new binding: Dev Options - CTRL+0
12:01:24.637 [JavaFX Application Thread] DEBUG Input                - Registered new binding: System info dump - CTRL+9
12:01:24.638 [JavaFX Application Thread] DEBUG Input                - Registered new binding: Restart - CTRL+R
12:01:24.638 [JavaFX Application Thread] DEBUG Input                - Registered new binding: Move Right - D
12:01:24.638 [JavaFX Application Thread] DEBUG Input                - Registered new binding: Move Left - A
12:01:24.639 [JavaFX Application Thread] DEBUG Input                - Registered new binding: Move Up - W
12:01:24.639 [JavaFX Application Thread] DEBUG Input                - Registered new binding: Move Down - S
12:01:24.640 [JavaFX Application Thread] INFO  FXGL                 - FXGL initialization took: 1.029 sec
12:01:24.640 [JavaFX Application Thread] DEBUG LoopRunner           - Starting loop
12:01:24.642 [JavaFX Application Thread] DEBUG StartupState         - STARTUP
12:01:24.642 [JavaFX Application Thread] DEBUG GameApplication      - Starting new game
12:01:24.642 [JavaFX Application Thread] DEBUG Input                - Clearing active input actions
12:01:24.643 [JavaFX Application Thread] DEBUG AssetLoader          - Loading from disk: /assets/ui/css/fxgl_dark.css
12:01:24.659 [JavaFX Application Thread] DEBUG AppStateMachine      - StartupState -> LoadingState
12:01:24.670 [FXGL Background Thread 1 ] DEBUG InitAppTask          - Clearing previous game
12:01:24.670 [FXGL Background Thread 1 ] DEBUG GameWorld            - Clearing game world
12:01:24.670 [FXGL Background Thread 1 ] DEBUG PhysicsWorld         - Clearing physics world
12:01:24.671 [FXGL Background Thread 1 ] DEBUG GameScene            - Clearing game scene
12:01:24.672 [FXGL Background Thread 1 ] DEBUG InitAppTask          - Initializing Game
12:01:24.727 [FXGL Background Thread 1 ] DEBUG AssetLoader          - Loading from disk: /assets/textures/hero_walk.gif
12:01:24.745 [FXGL Background Thread 1 ] DEBUG AssetLoader          - Loading from disk: /assets/textures/red_jewel.png
12:01:24.749 [FXGL Background Thread 1 ] DEBUG GameScene            - Creating render group for layer: DEFAULT(100000)
12:01:24.753 [FXGL Background Thread 1 ] DEBUG AssetLoader          - Loading from disk: /assets/textures/blue_jewel.png
12:01:24.755 [FXGL Background Thread 1 ] DEBUG AssetLoader          - Loading from disk: /assets/textures/purple_jewel.png
12:01:24.757 [FXGL Background Thread 1 ] DEBUG AssetLoader          - Loading from disk: /assets/textures/green_jewel.png
12:01:24.758 [FXGL Background Thread 1 ] DEBUG InitAppTask          - Initializing Physics
12:01:24.759 [FXGL Background Thread 1 ] DEBUG InitAppTask          - Initializing UI
12:01:24.759 [FXGL Background Thread 1 ] DEBUG InitAppTask          - Initialization Complete
12:01:24.760 [FXGL Background Thread 1 ] INFO  InitAppTask          - Game initialization took: 0.090 sec
12:01:24.784 [JavaFX Application Thread] DEBUG Input                - Clearing active input actions
12:01:24.785 [JavaFX Application Thread] DEBUG AssetLoader          - Loading from disk: /assets/ui/css/fxgl_dark.css
12:01:24.804 [JavaFX Application Thread] DEBUG AppStateMachine      - LoadingState -> PlayState
12:01:28.968 [JavaFX Application Thread] DEBUG FXGL                 - Exiting FXGL
12:01:28.968 [JavaFX Application Thread] DEBUG FXGL                 - Shutting down background threads
12:01:28.969 [JavaFX Application Thread] DEBUG FXGL                 - Saving FXGL system data
12:01:28.974 [JavaFX Application Thread] DEBUG DesktopFSService     - Writing to: system/fxgl.bundle
12:01:28.979 [JavaFX Application Thread] DEBUG FXGL                 - Closing logger and exiting JavaFX
