18:15:36.040 [JavaFX Application Thread] DEBUG GameApplication      - Logger initialized
18:15:36.048 [JavaFX Application Thread] DEBUG GameApplication      - Logging settings
Title: What a Silly Game
Version: 0.1
Width: 800
Height: 600
Fullscreen: false
Intro: false
Menus: false
Profiling: false
Single step:false
App Mode: DEVELOPER
Menu Key: ESCAPE
Stage Style: DECORATED
Scene Factory: class com.almasb.fxgl.scene.SceneFactory
Dialog Factory: class com.almasb.fxgl.ui.FXGLDialogFactory
UI Factory: class com.almasb.fxgl.ui.FXGLUIFactory
Notification Service: class com.almasb.fxgl.gameplay.notification.XboxNotificationView
Exception Handler: class com.almasb.fxgl.app.FXGLExceptionHandler
18:15:36.048 [JavaFX Application Thread] DEBUG GameApplication      - Starting FXGL
18:15:36.061 [JavaFX Application Thread] INFO  FXGL                 - FXGL-0.5.4 on DESKTOP
18:15:36.062 [JavaFX Application Thread] INFO  FXGL                 - Source code and latest versions at: https://github.com/AlmasB/FXGL
18:15:36.063 [JavaFX Application Thread] INFO  FXGL                 -              Join the FXGL chat at: https://gitter.im/AlmasB/FXGL
18:15:36.063 [JavaFX Application Thread] DEBUG FXGL                 - FXGL started
18:15:36.064 [JavaFX Application Thread] DEBUG FXGL                 - Initializing FXGL
18:15:36.120 [JavaFX Application Thread] DEBUG AssetLoader          - Loading from disk: /assets/ui/cursors/fxgl_default.png
18:15:36.433 [JavaFX Application Thread] DEBUG AssetLoader          - Loading from disk: /assets/ui/fonts/VarelaRound-Regular.ttf
18:15:36.498 [JavaFX Application Thread] DEBUG MainWindow           - Creating a JavaFX scene
18:15:36.542 [JavaFX Application Thread] DEBUG MainWindow           - Target settings size: 800.0 x 600.0
18:15:36.542 [JavaFX Application Thread] DEBUG MainWindow           - Scaled scene size:    800.0 x 600.0
18:15:36.542 [JavaFX Application Thread] DEBUG MainWindow           - Scaled ratio: (1.0, 1.0)
18:15:36.545 [JavaFX Application Thread] DEBUG AssetLoader          - Loading from disk: /assets/ui/css/fxgl_dark.css
18:15:36.549 [JavaFX Application Thread] DEBUG AssetLoader          - Loading from disk: /assets/textures/fxgl_icon.png
18:15:36.570 [JavaFX Application Thread] DEBUG MainWindow           - Opening main window
18:15:36.757 [JavaFX Application Thread] DEBUG MainWindow           - Window border size: (0.0, 22.0)
18:15:36.757 [JavaFX Application Thread] DEBUG MainWindow           - Scaled size: 800.0 x 600.0
18:15:36.758 [JavaFX Application Thread] DEBUG MainWindow           - Scaled ratio: (1.0, 1.0)
18:15:36.758 [JavaFX Application Thread] DEBUG MainWindow           - Scene size: 800.0 x 600.0
18:15:36.758 [JavaFX Application Thread] DEBUG MainWindow           - Stage size: 800.0 x 622.0
18:15:36.807 [ForkJoinPool.commonPool-worker-1] DEBUG FS                   - Loaded DesktopFSService
18:15:36.808 [ForkJoinPool.commonPool-worker-1] DEBUG FXGL                 - Loading FXGL system data
18:15:36.819 [ForkJoinPool.commonPool-worker-1] DEBUG DesktopFSService     - Reading from: system/fxgl.bundle
18:15:36.832 [ForkJoinPool.commonPool-worker-1] DEBUG Bundle               - Logging bundle: FXGL
18:15:36.833 [ForkJoinPool.commonPool-worker-1] DEBUG Bundle               - FXGL.offline.timer.version.check=2019-12-13T14:02:17.794
18:15:36.834 [ForkJoinPool.commonPool-worker-1] DEBUG FXGL                 - Initializing state machine and application states
18:15:36.836 [ForkJoinPool.commonPool-worker-1] DEBUG AssetLoader          - Loading from disk: /assets/ui/cursors/fxgl_default.png
18:15:36.849 [ForkJoinPool.commonPool-worker-1] DEBUG AssetLoader          - Loading from disk: /assets/ui/cursors/fxgl_default.png
18:15:36.861 [ForkJoinPool.commonPool-worker-1] DEBUG AssetLoader          - Loading from cache: /assets/ui/fonts/VarelaRound-Regular.ttf
18:15:36.867 [ForkJoinPool.commonPool-worker-1] DEBUG AssetLoader          - Loading from disk: /assets/ui/cursors/fxgl_default.png
18:15:36.872 [ForkJoinPool.commonPool-worker-1] DEBUG GameScene            - Game scene initialized: 800x600
18:15:36.880 [ForkJoinPool.commonPool-worker-1] DEBUG GameWorld            - Game world initialized
18:15:36.973 [ForkJoinPool.commonPool-worker-1] DEBUG PhysicsWorld         - Physics world initialized: appHeight=600, physics.ppm=50.0
18:15:37.005 [ForkJoinPool.commonPool-worker-1] DEBUG Input                - Registered new binding: Pause - Esc
18:15:37.083 [JavaFX Application Thread] DEBUG FXGL                 - Running preInit()
18:15:37.086 [JavaFX Application Thread] DEBUG Input                - Registered new binding: Screenshot - P
18:15:37.086 [JavaFX Application Thread] DEBUG Input                - Registered new binding: Dev Options - CTRL+0
18:15:37.087 [JavaFX Application Thread] DEBUG Input                - Registered new binding: System info dump - CTRL+9
18:15:37.087 [JavaFX Application Thread] DEBUG Input                - Registered new binding: Restart - CTRL+R
18:15:37.088 [JavaFX Application Thread] DEBUG Input                - Registered new binding: Move Right - D
18:15:37.088 [JavaFX Application Thread] DEBUG Input                - Registered new binding: Move Left - A
18:15:37.088 [JavaFX Application Thread] DEBUG Input                - Registered new binding: Move Up - W
18:15:37.088 [JavaFX Application Thread] DEBUG Input                - Registered new binding: Move Down - S
18:15:37.089 [JavaFX Application Thread] INFO  FXGL                 - FXGL initialization took: 1.025 sec
18:15:37.089 [JavaFX Application Thread] DEBUG LoopRunner           - Starting loop
18:15:37.091 [JavaFX Application Thread] DEBUG StartupState         - STARTUP
18:15:37.091 [JavaFX Application Thread] DEBUG GameApplication      - Starting new game
18:15:37.091 [JavaFX Application Thread] DEBUG Input                - Clearing active input actions
18:15:37.093 [JavaFX Application Thread] DEBUG AssetLoader          - Loading from disk: /assets/ui/css/fxgl_dark.css
18:15:37.106 [JavaFX Application Thread] DEBUG AppStateMachine      - StartupState -> LoadingState
18:15:37.111 [FXGL Background Thread 1 ] DEBUG InitAppTask          - Clearing previous game
18:15:37.112 [FXGL Background Thread 1 ] DEBUG GameWorld            - Clearing game world
18:15:37.112 [FXGL Background Thread 1 ] DEBUG PhysicsWorld         - Clearing physics world
18:15:37.112 [FXGL Background Thread 1 ] DEBUG GameScene            - Clearing game scene
18:15:37.114 [FXGL Background Thread 1 ] DEBUG InitAppTask          - Initializing Game
18:15:37.154 [FXGL Background Thread 1 ] DEBUG AssetLoader          - Loading from disk: /assets/textures/hero_walk.gif
18:15:37.172 [FXGL Background Thread 1 ] DEBUG GameScene            - Creating render group for layer: DEFAULT(100000)
18:15:37.175 [FXGL Background Thread 1 ] DEBUG AssetLoader          - Loading from disk: /assets/textures/red_jewel.png
18:15:37.178 [FXGL Background Thread 1 ] DEBUG AssetLoader          - Loading from disk: /assets/textures/blue_jewel.png
18:15:37.180 [FXGL Background Thread 1 ] DEBUG AssetLoader          - Loading from disk: /assets/textures/purple_jewel.png
18:15:37.182 [FXGL Background Thread 1 ] DEBUG AssetLoader          - Loading from disk: /assets/textures/green_jewel.png
18:15:37.183 [FXGL Background Thread 1 ] DEBUG InitAppTask          - Initializing Physics
18:15:37.184 [FXGL Background Thread 1 ] DEBUG InitAppTask          - Initializing UI
18:15:37.184 [FXGL Background Thread 1 ] DEBUG InitAppTask          - Initialization Complete
18:15:37.184 [FXGL Background Thread 1 ] INFO  InitAppTask          - Game initialization took: 0.073 sec
18:15:37.205 [JavaFX Application Thread] DEBUG Input                - Clearing active input actions
18:15:37.206 [JavaFX Application Thread] DEBUG AssetLoader          - Loading from disk: /assets/ui/css/fxgl_dark.css
18:15:37.222 [JavaFX Application Thread] DEBUG AppStateMachine      - LoadingState -> PlayState
18:15:45.540 [JavaFX Application Thread] DEBUG FXGL                 - Exiting FXGL
18:15:45.540 [JavaFX Application Thread] DEBUG FXGL                 - Shutting down background threads
18:15:45.541 [JavaFX Application Thread] DEBUG FXGL                 - Saving FXGL system data
18:15:45.544 [JavaFX Application Thread] DEBUG DesktopFSService     - Writing to: system/fxgl.bundle
18:15:45.548 [JavaFX Application Thread] DEBUG FXGL                 - Closing logger and exiting JavaFX
