10:18:37.402 [JavaFX Application Thread] DEBUG GameApplication      - Logger initialized
10:18:37.410 [JavaFX Application Thread] DEBUG GameApplication      - Logging settings
Title: What a Silly Game
Version: 0.1
Width: 800
Height: 600
Fullscreen: false
Intro: false
Menus: false
Profiling: false
Single step:false
App Mode: DEVELOPER
Menu Key: ESCAPE
Stage Style: DECORATED
Scene Factory: class com.almasb.fxgl.scene.SceneFactory
Dialog Factory: class com.almasb.fxgl.ui.FXGLDialogFactory
UI Factory: class com.almasb.fxgl.ui.FXGLUIFactory
Notification Service: class com.almasb.fxgl.gameplay.notification.XboxNotificationView
Exception Handler: class com.almasb.fxgl.app.FXGLExceptionHandler
10:18:37.410 [JavaFX Application Thread] DEBUG GameApplication      - Starting FXGL
10:18:37.426 [JavaFX Application Thread] INFO  FXGL                 - FXGL-0.5.4 on DESKTOP
10:18:37.426 [JavaFX Application Thread] INFO  FXGL                 - Source code and latest versions at: https://github.com/AlmasB/FXGL
10:18:37.427 [JavaFX Application Thread] INFO  FXGL                 -              Join the FXGL chat at: https://gitter.im/AlmasB/FXGL
10:18:37.427 [JavaFX Application Thread] DEBUG FXGL                 - FXGL started
10:18:37.428 [JavaFX Application Thread] DEBUG FXGL                 - Initializing FXGL
10:18:37.545 [JavaFX Application Thread] DEBUG AssetLoader          - Loading from disk: /assets/ui/cursors/fxgl_default.png
10:18:37.951 [JavaFX Application Thread] DEBUG AssetLoader          - Loading from disk: /assets/ui/fonts/VarelaRound-Regular.ttf
10:18:38.084 [JavaFX Application Thread] DEBUG MainWindow           - Creating a JavaFX scene
10:18:38.168 [JavaFX Application Thread] DEBUG MainWindow           - Target settings size: 800.0 x 600.0
10:18:38.169 [JavaFX Application Thread] DEBUG MainWindow           - Scaled scene size:    800.0 x 600.0
10:18:38.169 [JavaFX Application Thread] DEBUG MainWindow           - Scaled ratio: (1.0, 1.0)
10:18:38.174 [JavaFX Application Thread] DEBUG AssetLoader          - Loading from disk: /assets/ui/css/fxgl_dark.css
10:18:38.183 [JavaFX Application Thread] DEBUG AssetLoader          - Loading from disk: /assets/textures/fxgl_icon.png
10:18:38.211 [JavaFX Application Thread] DEBUG MainWindow           - Opening main window
10:18:38.530 [JavaFX Application Thread] DEBUG MainWindow           - Window border size: (0.0, 22.0)
10:18:38.530 [JavaFX Application Thread] DEBUG MainWindow           - Scaled size: 800.0 x 600.0
10:18:38.531 [JavaFX Application Thread] DEBUG MainWindow           - Scaled ratio: (1.0, 1.0)
10:18:38.531 [JavaFX Application Thread] DEBUG MainWindow           - Scene size: 800.0 x 600.0
10:18:38.532 [JavaFX Application Thread] DEBUG MainWindow           - Stage size: 800.0 x 622.0
10:18:38.636 [ForkJoinPool.commonPool-worker-1] DEBUG FS                   - Loaded DesktopFSService
10:18:38.636 [ForkJoinPool.commonPool-worker-1] DEBUG FXGL                 - Loading FXGL system data
10:18:38.651 [ForkJoinPool.commonPool-worker-1] DEBUG DesktopFSService     - Reading from: system/fxgl.bundle
10:18:38.674 [ForkJoinPool.commonPool-worker-1] DEBUG Bundle               - Logging bundle: FXGL
10:18:38.676 [ForkJoinPool.commonPool-worker-1] DEBUG Bundle               - FXGL.offline.timer.version.check=2019-12-13T14:02:17.794
10:18:38.677 [ForkJoinPool.commonPool-worker-1] DEBUG FXGL                 - Initializing state machine and application states
10:18:38.679 [ForkJoinPool.commonPool-worker-1] DEBUG AssetLoader          - Loading from disk: /assets/ui/cursors/fxgl_default.png
10:18:38.691 [ForkJoinPool.commonPool-worker-1] DEBUG AssetLoader          - Loading from disk: /assets/ui/cursors/fxgl_default.png
10:18:38.705 [ForkJoinPool.commonPool-worker-1] DEBUG AssetLoader          - Loading from cache: /assets/ui/fonts/VarelaRound-Regular.ttf
10:18:38.711 [ForkJoinPool.commonPool-worker-1] DEBUG AssetLoader          - Loading from disk: /assets/ui/cursors/fxgl_default.png
10:18:38.718 [ForkJoinPool.commonPool-worker-1] DEBUG GameScene            - Game scene initialized: 800x600
10:18:38.733 [ForkJoinPool.commonPool-worker-1] DEBUG GameWorld            - Game world initialized
10:18:38.846 [ForkJoinPool.commonPool-worker-1] DEBUG PhysicsWorld         - Physics world initialized: appHeight=600, physics.ppm=50.0
10:18:38.908 [ForkJoinPool.commonPool-worker-1] DEBUG Input                - Registered new binding: Pause - Esc
10:18:39.190 [JavaFX Application Thread] DEBUG FXGL                 - Running preInit()
10:18:39.198 [JavaFX Application Thread] DEBUG Input                - Registered new binding: Screenshot - P
10:18:39.199 [JavaFX Application Thread] DEBUG Input                - Registered new binding: Dev Options - CTRL+0
10:18:39.200 [JavaFX Application Thread] DEBUG Input                - Registered new binding: System info dump - CTRL+9
10:18:39.200 [JavaFX Application Thread] DEBUG Input                - Registered new binding: Restart - CTRL+R
10:18:39.201 [JavaFX Application Thread] DEBUG Input                - Registered new binding: Move Right - D
10:18:39.201 [JavaFX Application Thread] DEBUG Input                - Registered new binding: Move Left - A
10:18:39.201 [JavaFX Application Thread] DEBUG Input                - Registered new binding: Move Up - W
10:18:39.202 [JavaFX Application Thread] DEBUG Input                - Registered new binding: Move Down - S
10:18:39.204 [JavaFX Application Thread] INFO  FXGL                 - FXGL initialization took: 1.775 sec
10:18:39.204 [JavaFX Application Thread] DEBUG LoopRunner           - Starting loop
10:18:39.207 [JavaFX Application Thread] DEBUG StartupState         - STARTUP
10:18:39.208 [JavaFX Application Thread] DEBUG GameApplication      - Starting new game
10:18:39.208 [JavaFX Application Thread] DEBUG Input                - Clearing active input actions
10:18:39.210 [JavaFX Application Thread] DEBUG AssetLoader          - Loading from disk: /assets/ui/css/fxgl_dark.css
10:18:39.225 [JavaFX Application Thread] DEBUG AppStateMachine      - StartupState -> LoadingState
10:18:39.237 [FXGL Background Thread 1 ] DEBUG InitAppTask          - Clearing previous game
10:18:39.237 [FXGL Background Thread 1 ] DEBUG GameWorld            - Clearing game world
10:18:39.238 [FXGL Background Thread 1 ] DEBUG PhysicsWorld         - Clearing physics world
10:18:39.238 [FXGL Background Thread 1 ] DEBUG GameScene            - Clearing game scene
10:18:39.240 [FXGL Background Thread 1 ] DEBUG InitAppTask          - Initializing Game
10:18:39.306 [FXGL Background Thread 1 ] DEBUG AssetLoader          - Loading from disk: /assets/textures/hero_walk.gif
10:18:39.325 [FXGL Background Thread 1 ] DEBUG GameScene            - Creating render group for layer: DEFAULT(100000)
10:18:39.331 [FXGL Background Thread 1 ] DEBUG AssetLoader          - Loading from disk: /assets/textures/red_jewel.png
10:18:39.334 [FXGL Background Thread 1 ] DEBUG AssetLoader          - Loading from disk: /assets/textures/blue_jewel.png
10:18:39.338 [FXGL Background Thread 1 ] DEBUG AssetLoader          - Loading from disk: /assets/textures/purple_jewel.png
10:18:39.340 [FXGL Background Thread 1 ] DEBUG AssetLoader          - Loading from disk: /assets/textures/green_jewel.png
10:18:39.344 [FXGL Background Thread 1 ] DEBUG InitAppTask          - Initializing Physics
10:18:39.346 [FXGL Background Thread 1 ] DEBUG InitAppTask          - Initializing UI
10:18:39.346 [FXGL Background Thread 1 ] DEBUG InitAppTask          - Initialization Complete
10:18:39.346 [FXGL Background Thread 1 ] INFO  InitAppTask          - Game initialization took: 0.109 sec
10:18:39.376 [JavaFX Application Thread] DEBUG Input                - Clearing active input actions
10:18:39.377 [JavaFX Application Thread] DEBUG AssetLoader          - Loading from disk: /assets/ui/css/fxgl_dark.css
10:18:39.391 [JavaFX Application Thread] DEBUG AppStateMachine      - LoadingState -> PlayState
10:18:53.704 [JavaFX Application Thread] DEBUG FXGL                 - Exiting FXGL
10:18:53.704 [JavaFX Application Thread] DEBUG FXGL                 - Shutting down background threads
10:18:53.705 [JavaFX Application Thread] DEBUG FXGL                 - Saving FXGL system data
10:18:53.709 [JavaFX Application Thread] DEBUG DesktopFSService     - Writing to: system/fxgl.bundle
10:18:53.713 [JavaFX Application Thread] DEBUG FXGL                 - Closing logger and exiting JavaFX
