17:37:25.399 [JavaFX Application Thread] DEBUG GameApplication      - Logger initialized
17:37:25.407 [JavaFX Application Thread] DEBUG GameApplication      - Logging settings
Title: What a Silly Game
Version: 0.1
Width: 600
Height: 600
Fullscreen: false
Intro: false
Menus: false
Profiling: false
Single step:false
App Mode: DEVELOPER
Menu Key: ESCAPE
Stage Style: DECORATED
Scene Factory: class com.almasb.fxgl.scene.SceneFactory
Dialog Factory: class com.almasb.fxgl.ui.FXGLDialogFactory
UI Factory: class com.almasb.fxgl.ui.FXGLUIFactory
Notification Service: class com.almasb.fxgl.gameplay.notification.XboxNotificationView
Exception Handler: class com.almasb.fxgl.app.FXGLExceptionHandler
17:37:25.407 [JavaFX Application Thread] DEBUG GameApplication      - Starting FXGL
17:37:25.418 [JavaFX Application Thread] INFO  FXGL                 - FXGL-0.5.4 on DESKTOP
17:37:25.419 [JavaFX Application Thread] INFO  FXGL                 - Source code and latest versions at: https://github.com/AlmasB/FXGL
17:37:25.419 [JavaFX Application Thread] INFO  FXGL                 -              Join the FXGL chat at: https://gitter.im/AlmasB/FXGL
17:37:25.419 [JavaFX Application Thread] DEBUG FXGL                 - FXGL started
17:37:25.419 [JavaFX Application Thread] DEBUG FXGL                 - Initializing FXGL
17:37:25.472 [JavaFX Application Thread] DEBUG AssetLoader          - Loading from disk: /assets/ui/cursors/fxgl_default.png
17:37:25.772 [JavaFX Application Thread] DEBUG AssetLoader          - Loading from disk: /assets/ui/fonts/VarelaRound-Regular.ttf
17:37:25.841 [JavaFX Application Thread] DEBUG MainWindow           - Creating a JavaFX scene
17:37:25.883 [JavaFX Application Thread] DEBUG MainWindow           - Target settings size: 600.0 x 600.0
17:37:25.883 [JavaFX Application Thread] DEBUG MainWindow           - Scaled scene size:    600.0 x 600.0
17:37:25.883 [JavaFX Application Thread] DEBUG MainWindow           - Scaled ratio: (1.0, 1.0)
17:37:25.887 [JavaFX Application Thread] DEBUG AssetLoader          - Loading from disk: /assets/ui/css/fxgl_dark.css
17:37:25.891 [JavaFX Application Thread] DEBUG AssetLoader          - Loading from disk: /assets/textures/fxgl_icon.png
17:37:25.909 [JavaFX Application Thread] DEBUG MainWindow           - Opening main window
17:37:26.098 [JavaFX Application Thread] DEBUG MainWindow           - Window border size: (0.0, 22.0)
17:37:26.098 [JavaFX Application Thread] DEBUG MainWindow           - Scaled size: 600.0 x 600.0
17:37:26.098 [JavaFX Application Thread] DEBUG MainWindow           - Scaled ratio: (1.0, 1.0)
17:37:26.099 [JavaFX Application Thread] DEBUG MainWindow           - Scene size: 600.0 x 600.0
17:37:26.099 [JavaFX Application Thread] DEBUG MainWindow           - Stage size: 600.0 x 622.0
17:37:26.148 [ForkJoinPool.commonPool-worker-1] DEBUG FS                   - Loaded DesktopFSService
17:37:26.149 [ForkJoinPool.commonPool-worker-1] DEBUG FXGL                 - Loading FXGL system data
17:37:26.159 [ForkJoinPool.commonPool-worker-1] DEBUG DesktopFSService     - Reading from: system/fxgl.bundle
17:37:26.175 [ForkJoinPool.commonPool-worker-1] DEBUG Bundle               - Logging bundle: FXGL
17:37:26.176 [ForkJoinPool.commonPool-worker-1] DEBUG Bundle               - FXGL.offline.timer.version.check=2019-12-13T14:02:17.794
17:37:26.177 [ForkJoinPool.commonPool-worker-1] DEBUG FXGL                 - Initializing state machine and application states
17:37:26.179 [ForkJoinPool.commonPool-worker-1] DEBUG AssetLoader          - Loading from disk: /assets/ui/cursors/fxgl_default.png
17:37:26.190 [ForkJoinPool.commonPool-worker-1] DEBUG AssetLoader          - Loading from disk: /assets/ui/cursors/fxgl_default.png
17:37:26.209 [ForkJoinPool.commonPool-worker-1] DEBUG AssetLoader          - Loading from cache: /assets/ui/fonts/VarelaRound-Regular.ttf
17:37:26.213 [ForkJoinPool.commonPool-worker-1] DEBUG AssetLoader          - Loading from disk: /assets/ui/cursors/fxgl_default.png
17:37:26.217 [ForkJoinPool.commonPool-worker-1] DEBUG GameScene            - Game scene initialized: 600x600
17:37:26.228 [ForkJoinPool.commonPool-worker-1] DEBUG GameWorld            - Game world initialized
17:37:26.321 [ForkJoinPool.commonPool-worker-1] DEBUG PhysicsWorld         - Physics world initialized: appHeight=600, physics.ppm=50.0
17:37:26.351 [ForkJoinPool.commonPool-worker-1] DEBUG Input                - Registered new binding: Pause - Esc
17:37:26.413 [JavaFX Application Thread] DEBUG FXGL                 - Running preInit()
17:37:26.414 [JavaFX Application Thread] DEBUG Input                - Registered new binding: Screenshot - P
17:37:26.415 [JavaFX Application Thread] DEBUG Input                - Registered new binding: Dev Options - CTRL+0
17:37:26.416 [JavaFX Application Thread] DEBUG Input                - Registered new binding: System info dump - CTRL+9
17:37:26.416 [JavaFX Application Thread] DEBUG Input                - Registered new binding: Restart - CTRL+R
17:37:26.416 [JavaFX Application Thread] DEBUG Input                - Registered new binding: Move Right - D
17:37:26.416 [JavaFX Application Thread] DEBUG Input                - Registered new binding: Move Left - A
17:37:26.417 [JavaFX Application Thread] DEBUG Input                - Registered new binding: Move Up - W
17:37:26.417 [JavaFX Application Thread] DEBUG Input                - Registered new binding: Move Down - S
17:37:26.418 [JavaFX Application Thread] INFO  FXGL                 - FXGL initialization took: 0.998 sec
17:37:26.418 [JavaFX Application Thread] DEBUG LoopRunner           - Starting loop
17:37:26.420 [JavaFX Application Thread] DEBUG StartupState         - STARTUP
17:37:26.420 [JavaFX Application Thread] DEBUG GameApplication      - Starting new game
17:37:26.420 [JavaFX Application Thread] DEBUG Input                - Clearing active input actions
17:37:26.421 [JavaFX Application Thread] DEBUG AssetLoader          - Loading from disk: /assets/ui/css/fxgl_dark.css
17:37:26.431 [JavaFX Application Thread] DEBUG AppStateMachine      - StartupState -> LoadingState
17:37:26.436 [FXGL Background Thread 1 ] DEBUG InitAppTask          - Clearing previous game
17:37:26.437 [FXGL Background Thread 1 ] DEBUG GameWorld            - Clearing game world
17:37:26.437 [FXGL Background Thread 1 ] DEBUG PhysicsWorld         - Clearing physics world
17:37:26.437 [FXGL Background Thread 1 ] DEBUG GameScene            - Clearing game scene
17:37:26.440 [FXGL Background Thread 1 ] DEBUG InitAppTask          - Initializing Game
17:37:26.483 [FXGL Background Thread 1 ] DEBUG AssetLoader          - Loading from disk: /assets/textures/hero_walk.gif
17:37:26.494 [FXGL Background Thread 1 ] DEBUG GameScene            - Creating render group for layer: DEFAULT(100000)
17:37:26.497 [FXGL Background Thread 1 ] DEBUG AssetLoader          - Loading from disk: /assets/textures/red_jewel.png
17:37:26.499 [FXGL Background Thread 1 ] DEBUG AssetLoader          - Loading from disk: /assets/textures/blue_jewel.png
17:37:26.501 [FXGL Background Thread 1 ] DEBUG AssetLoader          - Loading from disk: /assets/textures/purple_jewel.png
17:37:26.503 [FXGL Background Thread 1 ] DEBUG AssetLoader          - Loading from disk: /assets/textures/green_jewel.png
17:37:26.504 [FXGL Background Thread 1 ] DEBUG InitAppTask          - Initializing Physics
17:37:26.504 [FXGL Background Thread 1 ] DEBUG InitAppTask          - Initializing UI
17:37:26.506 [FXGL Background Thread 1 ] DEBUG InitAppTask          - Initialization Complete
17:37:26.507 [FXGL Background Thread 1 ] INFO  InitAppTask          - Game initialization took: 0.070 sec
17:37:26.530 [JavaFX Application Thread] DEBUG Input                - Clearing active input actions
17:37:26.531 [JavaFX Application Thread] DEBUG AssetLoader          - Loading from disk: /assets/ui/css/fxgl_dark.css
17:37:26.546 [JavaFX Application Thread] DEBUG AppStateMachine      - LoadingState -> PlayState
17:37:29.381 [JavaFX Application Thread] DEBUG FXGL                 - Exiting FXGL
17:37:29.381 [JavaFX Application Thread] DEBUG FXGL                 - Shutting down background threads
17:37:29.382 [JavaFX Application Thread] DEBUG FXGL                 - Saving FXGL system data
17:37:29.386 [JavaFX Application Thread] DEBUG DesktopFSService     - Writing to: system/fxgl.bundle
17:37:29.391 [JavaFX Application Thread] DEBUG FXGL                 - Closing logger and exiting JavaFX
