10:21:26.850 [JavaFX Application Thread] DEBUG GameApplication      - Logger initialized
10:21:26.858 [JavaFX Application Thread] DEBUG GameApplication      - Logging settings
Title: What a Silly Game
Version: 0.1
Width: 800
Height: 600
Fullscreen: false
Intro: false
Menus: false
Profiling: false
Single step:false
App Mode: DEVELOPER
Menu Key: ESCAPE
Stage Style: DECORATED
Scene Factory: class com.almasb.fxgl.scene.SceneFactory
Dialog Factory: class com.almasb.fxgl.ui.FXGLDialogFactory
UI Factory: class com.almasb.fxgl.ui.FXGLUIFactory
Notification Service: class com.almasb.fxgl.gameplay.notification.XboxNotificationView
Exception Handler: class com.almasb.fxgl.app.FXGLExceptionHandler
10:21:26.858 [JavaFX Application Thread] DEBUG GameApplication      - Starting FXGL
10:21:26.870 [JavaFX Application Thread] INFO  FXGL                 - FXGL-0.5.4 on DESKTOP
10:21:26.870 [JavaFX Application Thread] INFO  FXGL                 - Source code and latest versions at: https://github.com/AlmasB/FXGL
10:21:26.871 [JavaFX Application Thread] INFO  FXGL                 -              Join the FXGL chat at: https://gitter.im/AlmasB/FXGL
10:21:26.871 [JavaFX Application Thread] DEBUG FXGL                 - FXGL started
10:21:26.871 [JavaFX Application Thread] DEBUG FXGL                 - Initializing FXGL
10:21:26.928 [JavaFX Application Thread] DEBUG AssetLoader          - Loading from disk: /assets/ui/cursors/fxgl_default.png
10:21:27.149 [JavaFX Application Thread] DEBUG AssetLoader          - Loading from disk: /assets/ui/fonts/VarelaRound-Regular.ttf
10:21:27.222 [JavaFX Application Thread] DEBUG MainWindow           - Creating a JavaFX scene
10:21:27.262 [JavaFX Application Thread] DEBUG MainWindow           - Target settings size: 800.0 x 600.0
10:21:27.263 [JavaFX Application Thread] DEBUG MainWindow           - Scaled scene size:    800.0 x 600.0
10:21:27.263 [JavaFX Application Thread] DEBUG MainWindow           - Scaled ratio: (1.0, 1.0)
10:21:27.266 [JavaFX Application Thread] DEBUG AssetLoader          - Loading from disk: /assets/ui/css/fxgl_dark.css
10:21:27.273 [JavaFX Application Thread] DEBUG AssetLoader          - Loading from disk: /assets/textures/fxgl_icon.png
10:21:27.294 [JavaFX Application Thread] DEBUG MainWindow           - Opening main window
10:21:27.489 [JavaFX Application Thread] DEBUG MainWindow           - Window border size: (0.0, 22.0)
10:21:27.490 [JavaFX Application Thread] DEBUG MainWindow           - Scaled size: 800.0 x 600.0
10:21:27.490 [JavaFX Application Thread] DEBUG MainWindow           - Scaled ratio: (1.0, 1.0)
10:21:27.490 [JavaFX Application Thread] DEBUG MainWindow           - Scene size: 800.0 x 600.0
10:21:27.491 [JavaFX Application Thread] DEBUG MainWindow           - Stage size: 800.0 x 622.0
10:21:27.555 [ForkJoinPool.commonPool-worker-1] DEBUG FS                   - Loaded DesktopFSService
10:21:27.555 [ForkJoinPool.commonPool-worker-1] DEBUG FXGL                 - Loading FXGL system data
10:21:27.566 [ForkJoinPool.commonPool-worker-1] DEBUG DesktopFSService     - Reading from: system/fxgl.bundle
10:21:27.579 [ForkJoinPool.commonPool-worker-1] DEBUG Bundle               - Logging bundle: FXGL
10:21:27.580 [ForkJoinPool.commonPool-worker-1] DEBUG Bundle               - FXGL.offline.timer.version.check=2019-12-13T14:02:17.794
10:21:27.581 [ForkJoinPool.commonPool-worker-1] DEBUG FXGL                 - Initializing state machine and application states
10:21:27.585 [ForkJoinPool.commonPool-worker-1] DEBUG AssetLoader          - Loading from disk: /assets/ui/cursors/fxgl_default.png
10:21:27.604 [ForkJoinPool.commonPool-worker-1] DEBUG AssetLoader          - Loading from disk: /assets/ui/cursors/fxgl_default.png
10:21:27.622 [ForkJoinPool.commonPool-worker-1] DEBUG AssetLoader          - Loading from cache: /assets/ui/fonts/VarelaRound-Regular.ttf
10:21:27.630 [ForkJoinPool.commonPool-worker-1] DEBUG AssetLoader          - Loading from disk: /assets/ui/cursors/fxgl_default.png
10:21:27.642 [ForkJoinPool.commonPool-worker-1] DEBUG GameScene            - Game scene initialized: 800x600
10:21:27.672 [ForkJoinPool.commonPool-worker-1] DEBUG GameWorld            - Game world initialized
10:21:27.757 [ForkJoinPool.commonPool-worker-1] DEBUG PhysicsWorld         - Physics world initialized: appHeight=600, physics.ppm=50.0
10:21:27.811 [ForkJoinPool.commonPool-worker-1] DEBUG Input                - Registered new binding: Pause - Esc
10:21:27.906 [JavaFX Application Thread] DEBUG FXGL                 - Running preInit()
10:21:27.910 [JavaFX Application Thread] DEBUG Input                - Registered new binding: Screenshot - P
10:21:27.911 [JavaFX Application Thread] DEBUG Input                - Registered new binding: Dev Options - CTRL+0
10:21:27.911 [JavaFX Application Thread] DEBUG Input                - Registered new binding: System info dump - CTRL+9
10:21:27.912 [JavaFX Application Thread] DEBUG Input                - Registered new binding: Restart - CTRL+R
10:21:27.912 [JavaFX Application Thread] DEBUG Input                - Registered new binding: Move Right - D
10:21:27.912 [JavaFX Application Thread] DEBUG Input                - Registered new binding: Move Left - A
10:21:27.912 [JavaFX Application Thread] DEBUG Input                - Registered new binding: Move Up - W
10:21:27.913 [JavaFX Application Thread] DEBUG Input                - Registered new binding: Move Down - S
10:21:27.915 [JavaFX Application Thread] INFO  FXGL                 - FXGL initialization took: 1.043 sec
10:21:27.915 [JavaFX Application Thread] DEBUG LoopRunner           - Starting loop
10:21:27.918 [JavaFX Application Thread] DEBUG StartupState         - STARTUP
10:21:27.918 [JavaFX Application Thread] DEBUG GameApplication      - Starting new game
10:21:27.918 [JavaFX Application Thread] DEBUG Input                - Clearing active input actions
10:21:27.920 [JavaFX Application Thread] DEBUG AssetLoader          - Loading from disk: /assets/ui/css/fxgl_dark.css
10:21:27.933 [JavaFX Application Thread] DEBUG AppStateMachine      - StartupState -> LoadingState
10:21:27.940 [FXGL Background Thread 1 ] DEBUG InitAppTask          - Clearing previous game
10:21:27.941 [FXGL Background Thread 1 ] DEBUG GameWorld            - Clearing game world
10:21:27.941 [FXGL Background Thread 1 ] DEBUG PhysicsWorld         - Clearing physics world
10:21:27.941 [FXGL Background Thread 1 ] DEBUG GameScene            - Clearing game scene
10:21:27.943 [FXGL Background Thread 1 ] DEBUG InitAppTask          - Initializing Game
10:21:28.004 [FXGL Background Thread 1 ] DEBUG AssetLoader          - Loading from disk: /assets/textures/hero_walk.gif
10:21:28.026 [FXGL Background Thread 1 ] DEBUG GameScene            - Creating render group for layer: DEFAULT(100000)
10:21:28.031 [FXGL Background Thread 1 ] DEBUG AssetLoader          - Loading from disk: /assets/textures/red_jewel.png
10:21:28.034 [FXGL Background Thread 1 ] DEBUG AssetLoader          - Loading from disk: /assets/textures/blue_jewel.png
10:21:28.037 [FXGL Background Thread 1 ] DEBUG AssetLoader          - Loading from disk: /assets/textures/purple_jewel.png
10:21:28.039 [FXGL Background Thread 1 ] DEBUG AssetLoader          - Loading from disk: /assets/textures/green_jewel.png
10:21:28.041 [FXGL Background Thread 1 ] DEBUG InitAppTask          - Initializing Physics
10:21:28.041 [FXGL Background Thread 1 ] DEBUG InitAppTask          - Initializing UI
10:21:28.042 [FXGL Background Thread 1 ] DEBUG InitAppTask          - Initialization Complete
10:21:28.042 [FXGL Background Thread 1 ] INFO  InitAppTask          - Game initialization took: 0.101 sec
10:21:28.055 [JavaFX Application Thread] DEBUG Input                - Clearing active input actions
10:21:28.055 [JavaFX Application Thread] DEBUG AssetLoader          - Loading from disk: /assets/ui/css/fxgl_dark.css
10:21:28.073 [JavaFX Application Thread] DEBUG AppStateMachine      - LoadingState -> PlayState
10:21:38.577 [JavaFX Application Thread] DEBUG FXGL                 - Exiting FXGL
10:21:38.577 [JavaFX Application Thread] DEBUG FXGL                 - Shutting down background threads
10:21:38.578 [JavaFX Application Thread] DEBUG FXGL                 - Saving FXGL system data
10:21:38.581 [JavaFX Application Thread] DEBUG DesktopFSService     - Writing to: system/fxgl.bundle
10:21:38.586 [JavaFX Application Thread] DEBUG FXGL                 - Closing logger and exiting JavaFX
