10:47:46.417 [JavaFX Application Thread] DEBUG GameApplication      - Logger initialized
10:47:46.427 [JavaFX Application Thread] DEBUG GameApplication      - Logging settings
Title: What a Silly Game
Version: 0.0
Width: 800
Height: 600
Fullscreen: false
Intro: false
Menus: false
Profiling: false
Single step:false
App Mode: DEVELOPER
Menu Key: ESCAPE
Stage Style: DECORATED
Scene Factory: class com.almasb.fxgl.scene.SceneFactory
Dialog Factory: class com.almasb.fxgl.ui.FXGLDialogFactory
UI Factory: class com.almasb.fxgl.ui.FXGLUIFactory
Notification Service: class com.almasb.fxgl.gameplay.notification.XboxNotificationView
Exception Handler: class com.almasb.fxgl.app.FXGLExceptionHandler
10:47:46.428 [JavaFX Application Thread] DEBUG GameApplication      - Starting FXGL
10:47:46.447 [JavaFX Application Thread] INFO  FXGL                 - FXGL-0.5.4 on DESKTOP
10:47:46.448 [JavaFX Application Thread] INFO  FXGL                 - Source code and latest versions at: https://github.com/AlmasB/FXGL
10:47:46.449 [JavaFX Application Thread] INFO  FXGL                 -              Join the FXGL chat at: https://gitter.im/AlmasB/FXGL
10:47:46.449 [JavaFX Application Thread] DEBUG FXGL                 - FXGL started
10:47:46.450 [JavaFX Application Thread] DEBUG FXGL                 - Initializing FXGL
10:47:46.541 [JavaFX Application Thread] DEBUG AssetLoader          - Loading from disk: /assets/ui/cursors/fxgl_default.png
10:47:46.805 [JavaFX Application Thread] DEBUG AssetLoader          - Loading from disk: /assets/ui/fonts/VarelaRound-Regular.ttf
10:47:46.877 [JavaFX Application Thread] DEBUG MainWindow           - Creating a JavaFX scene
10:47:46.921 [JavaFX Application Thread] DEBUG MainWindow           - Target settings size: 800.0 x 600.0
10:47:46.922 [JavaFX Application Thread] DEBUG MainWindow           - Scaled scene size:    800.0 x 600.0
10:47:46.922 [JavaFX Application Thread] DEBUG MainWindow           - Scaled ratio: (1.0, 1.0)
10:47:46.925 [JavaFX Application Thread] DEBUG AssetLoader          - Loading from disk: /assets/ui/css/fxgl_dark.css
10:47:46.930 [JavaFX Application Thread] DEBUG AssetLoader          - Loading from disk: /assets/textures/fxgl_icon.png
10:47:46.953 [JavaFX Application Thread] DEBUG MainWindow           - Opening main window
10:47:47.150 [JavaFX Application Thread] DEBUG MainWindow           - Window border size: (0.0, 22.0)
10:47:47.150 [JavaFX Application Thread] DEBUG MainWindow           - Scaled size: 800.0 x 600.0
10:47:47.150 [JavaFX Application Thread] DEBUG MainWindow           - Scaled ratio: (1.0, 1.0)
10:47:47.151 [JavaFX Application Thread] DEBUG MainWindow           - Scene size: 800.0 x 600.0
10:47:47.151 [JavaFX Application Thread] DEBUG MainWindow           - Stage size: 800.0 x 622.0
10:47:47.207 [ForkJoinPool.commonPool-worker-1] DEBUG FS                   - Loaded DesktopFSService
10:47:47.207 [ForkJoinPool.commonPool-worker-1] DEBUG FXGL                 - Loading FXGL system data
10:47:47.220 [ForkJoinPool.commonPool-worker-1] DEBUG DesktopFSService     - Reading from: system/fxgl.bundle
10:47:47.235 [ForkJoinPool.commonPool-worker-1] DEBUG Bundle               - Logging bundle: FXGL
10:47:47.237 [ForkJoinPool.commonPool-worker-1] DEBUG Bundle               - FXGL.offline.timer.version.check=2019-12-13T14:02:17.794
10:47:47.238 [ForkJoinPool.commonPool-worker-1] DEBUG FXGL                 - Initializing state machine and application states
10:47:47.241 [ForkJoinPool.commonPool-worker-1] DEBUG AssetLoader          - Loading from disk: /assets/ui/cursors/fxgl_default.png
10:47:47.250 [ForkJoinPool.commonPool-worker-1] DEBUG AssetLoader          - Loading from disk: /assets/ui/cursors/fxgl_default.png
10:47:47.263 [ForkJoinPool.commonPool-worker-1] DEBUG AssetLoader          - Loading from cache: /assets/ui/fonts/VarelaRound-Regular.ttf
10:47:47.268 [ForkJoinPool.commonPool-worker-1] DEBUG AssetLoader          - Loading from disk: /assets/ui/cursors/fxgl_default.png
10:47:47.272 [ForkJoinPool.commonPool-worker-1] DEBUG GameScene            - Game scene initialized: 800x600
10:47:47.285 [ForkJoinPool.commonPool-worker-1] DEBUG GameWorld            - Game world initialized
10:47:47.403 [ForkJoinPool.commonPool-worker-1] DEBUG PhysicsWorld         - Physics world initialized: appHeight=600, physics.ppm=50.0
10:47:47.441 [ForkJoinPool.commonPool-worker-1] DEBUG Input                - Registered new binding: Pause - Esc
10:47:47.513 [JavaFX Application Thread] DEBUG FXGL                 - Running preInit()
10:47:47.515 [JavaFX Application Thread] DEBUG Input                - Registered new binding: Screenshot - P
10:47:47.515 [JavaFX Application Thread] DEBUG Input                - Registered new binding: Dev Options - CTRL+0
10:47:47.516 [JavaFX Application Thread] DEBUG Input                - Registered new binding: System info dump - CTRL+9
10:47:47.516 [JavaFX Application Thread] DEBUG Input                - Registered new binding: Restart - CTRL+R
10:47:47.517 [JavaFX Application Thread] DEBUG Input                - Registered new binding: Move Right - D
10:47:47.517 [JavaFX Application Thread] DEBUG Input                - Registered new binding: Move Left - A
10:47:47.517 [JavaFX Application Thread] DEBUG Input                - Registered new binding: Move Up - W
10:47:47.517 [JavaFX Application Thread] DEBUG Input                - Registered new binding: Move Down - S
10:47:47.518 [JavaFX Application Thread] INFO  FXGL                 - FXGL initialization took: 1.068 sec
10:47:47.518 [JavaFX Application Thread] DEBUG LoopRunner           - Starting loop
10:47:47.521 [JavaFX Application Thread] DEBUG StartupState         - STARTUP
10:47:47.521 [JavaFX Application Thread] DEBUG GameApplication      - Starting new game
10:47:47.521 [JavaFX Application Thread] DEBUG Input                - Clearing active input actions
10:47:47.523 [JavaFX Application Thread] DEBUG AssetLoader          - Loading from disk: /assets/ui/css/fxgl_dark.css
10:47:47.537 [JavaFX Application Thread] DEBUG AppStateMachine      - StartupState -> LoadingState
10:47:47.542 [FXGL Background Thread 1 ] DEBUG InitAppTask          - Clearing previous game
10:47:47.542 [FXGL Background Thread 1 ] DEBUG GameWorld            - Clearing game world
10:47:47.543 [FXGL Background Thread 1 ] DEBUG PhysicsWorld         - Clearing physics world
10:47:47.543 [FXGL Background Thread 1 ] DEBUG GameScene            - Clearing game scene
10:47:47.545 [FXGL Background Thread 1 ] DEBUG InitAppTask          - Initializing Game
10:47:47.591 [FXGL Background Thread 1 ] DEBUG AssetLoader          - Loading from disk: /assets/textures/hero_walk.gif
10:47:47.605 [FXGL Background Thread 1 ] DEBUG GameScene            - Creating render group for layer: DEFAULT(100000)
10:47:47.609 [FXGL Background Thread 1 ] DEBUG AssetLoader          - Loading from disk: /assets/textures/red_jewel.png
10:47:47.611 [FXGL Background Thread 1 ] DEBUG AssetLoader          - Loading from disk: /assets/textures/blue_jewel.png
10:47:47.613 [FXGL Background Thread 1 ] DEBUG AssetLoader          - Loading from disk: /assets/textures/purple_jewel.png
10:47:47.614 [FXGL Background Thread 1 ] DEBUG AssetLoader          - Loading from disk: /assets/textures/green_jewel.png
10:47:47.615 [FXGL Background Thread 1 ] DEBUG InitAppTask          - Initializing Physics
10:47:47.616 [FXGL Background Thread 1 ] DEBUG InitAppTask          - Initializing UI
10:47:47.617 [FXGL Background Thread 1 ] DEBUG InitAppTask          - Initialization Complete
10:47:47.618 [FXGL Background Thread 1 ] INFO  InitAppTask          - Game initialization took: 0.075 sec
10:47:47.635 [JavaFX Application Thread] DEBUG Input                - Clearing active input actions
10:47:47.635 [JavaFX Application Thread] DEBUG AssetLoader          - Loading from disk: /assets/ui/css/fxgl_dark.css
10:47:47.653 [JavaFX Application Thread] DEBUG AppStateMachine      - LoadingState -> PlayState
10:47:56.809 [JavaFX Application Thread] DEBUG FXGL                 - Exiting FXGL
10:47:56.810 [JavaFX Application Thread] DEBUG FXGL                 - Shutting down background threads
10:47:56.810 [JavaFX Application Thread] DEBUG FXGL                 - Saving FXGL system data
10:47:56.813 [JavaFX Application Thread] DEBUG DesktopFSService     - Writing to: system/fxgl.bundle
10:47:56.817 [JavaFX Application Thread] DEBUG FXGL                 - Closing logger and exiting JavaFX
