12:03:57.911 [JavaFX Application Thread] DEBUG GameApplication      - Logger initialized
12:03:57.925 [JavaFX Application Thread] DEBUG GameApplication      - Logging settings
Title: What a Silly Game
Version: 0.1
Width: 800
Height: 600
Fullscreen: false
Intro: false
Menus: false
Profiling: false
Single step:false
App Mode: DEVELOPER
Menu Key: ESCAPE
Stage Style: DECORATED
Scene Factory: class com.almasb.fxgl.scene.SceneFactory
Dialog Factory: class com.almasb.fxgl.ui.FXGLDialogFactory
UI Factory: class com.almasb.fxgl.ui.FXGLUIFactory
Notification Service: class com.almasb.fxgl.gameplay.notification.XboxNotificationView
Exception Handler: class com.almasb.fxgl.app.FXGLExceptionHandler
12:03:57.926 [JavaFX Application Thread] DEBUG GameApplication      - Starting FXGL
12:03:57.943 [JavaFX Application Thread] INFO  FXGL                 - FXGL-0.5.4 on DESKTOP
12:03:57.944 [JavaFX Application Thread] INFO  FXGL                 - Source code and latest versions at: https://github.com/AlmasB/FXGL
12:03:57.944 [JavaFX Application Thread] INFO  FXGL                 -              Join the FXGL chat at: https://gitter.im/AlmasB/FXGL
12:03:57.945 [JavaFX Application Thread] DEBUG FXGL                 - FXGL started
12:03:57.945 [JavaFX Application Thread] DEBUG FXGL                 - Initializing FXGL
12:03:58.017 [JavaFX Application Thread] DEBUG AssetLoader          - Loading from disk: /assets/ui/cursors/fxgl_default.png
12:03:58.236 [JavaFX Application Thread] DEBUG AssetLoader          - Loading from disk: /assets/ui/fonts/VarelaRound-Regular.ttf
12:03:58.304 [JavaFX Application Thread] DEBUG MainWindow           - Creating a JavaFX scene
12:03:58.346 [JavaFX Application Thread] DEBUG MainWindow           - Target settings size: 800.0 x 600.0
12:03:58.346 [JavaFX Application Thread] DEBUG MainWindow           - Scaled scene size:    800.0 x 600.0
12:03:58.347 [JavaFX Application Thread] DEBUG MainWindow           - Scaled ratio: (1.0, 1.0)
12:03:58.352 [JavaFX Application Thread] DEBUG AssetLoader          - Loading from disk: /assets/ui/css/fxgl_dark.css
12:03:58.357 [JavaFX Application Thread] DEBUG AssetLoader          - Loading from disk: /assets/textures/fxgl_icon.png
12:03:58.377 [JavaFX Application Thread] DEBUG MainWindow           - Opening main window
12:03:58.578 [JavaFX Application Thread] DEBUG MainWindow           - Window border size: (0.0, 22.0)
12:03:58.579 [JavaFX Application Thread] DEBUG MainWindow           - Scaled size: 800.0 x 600.0
12:03:58.579 [JavaFX Application Thread] DEBUG MainWindow           - Scaled ratio: (1.0, 1.0)
12:03:58.579 [JavaFX Application Thread] DEBUG MainWindow           - Scene size: 800.0 x 600.0
12:03:58.579 [JavaFX Application Thread] DEBUG MainWindow           - Stage size: 800.0 x 622.0
12:03:58.627 [ForkJoinPool.commonPool-worker-1] DEBUG FS                   - Loaded DesktopFSService
12:03:58.628 [ForkJoinPool.commonPool-worker-1] DEBUG FXGL                 - Loading FXGL system data
12:03:58.640 [ForkJoinPool.commonPool-worker-1] DEBUG DesktopFSService     - Reading from: system/fxgl.bundle
12:03:58.654 [ForkJoinPool.commonPool-worker-1] DEBUG Bundle               - Logging bundle: FXGL
12:03:58.655 [ForkJoinPool.commonPool-worker-1] DEBUG Bundle               - FXGL.offline.timer.version.check=2019-12-13T14:02:17.794
12:03:58.656 [ForkJoinPool.commonPool-worker-1] DEBUG FXGL                 - Initializing state machine and application states
12:03:58.658 [ForkJoinPool.commonPool-worker-1] DEBUG AssetLoader          - Loading from disk: /assets/ui/cursors/fxgl_default.png
12:03:58.670 [ForkJoinPool.commonPool-worker-1] DEBUG AssetLoader          - Loading from disk: /assets/ui/cursors/fxgl_default.png
12:03:58.682 [ForkJoinPool.commonPool-worker-1] DEBUG AssetLoader          - Loading from cache: /assets/ui/fonts/VarelaRound-Regular.ttf
12:03:58.686 [ForkJoinPool.commonPool-worker-1] DEBUG AssetLoader          - Loading from disk: /assets/ui/cursors/fxgl_default.png
12:03:58.692 [ForkJoinPool.commonPool-worker-1] DEBUG GameScene            - Game scene initialized: 800x600
12:03:58.701 [ForkJoinPool.commonPool-worker-1] DEBUG GameWorld            - Game world initialized
12:03:58.792 [ForkJoinPool.commonPool-worker-1] DEBUG PhysicsWorld         - Physics world initialized: appHeight=600, physics.ppm=50.0
12:03:58.817 [ForkJoinPool.commonPool-worker-1] DEBUG Input                - Registered new binding: Pause - Esc
12:03:58.902 [JavaFX Application Thread] DEBUG FXGL                 - Running preInit()
12:03:58.904 [JavaFX Application Thread] DEBUG Input                - Registered new binding: Screenshot - P
12:03:58.905 [JavaFX Application Thread] DEBUG Input                - Registered new binding: Dev Options - CTRL+0
12:03:58.905 [JavaFX Application Thread] DEBUG Input                - Registered new binding: System info dump - CTRL+9
12:03:58.906 [JavaFX Application Thread] DEBUG Input                - Registered new binding: Restart - CTRL+R
12:03:58.906 [JavaFX Application Thread] DEBUG Input                - Registered new binding: Move Right - D
12:03:58.906 [JavaFX Application Thread] DEBUG Input                - Registered new binding: Move Left - A
12:03:58.907 [JavaFX Application Thread] DEBUG Input                - Registered new binding: Move Up - W
12:03:58.907 [JavaFX Application Thread] DEBUG Input                - Registered new binding: Move Down - S
12:03:58.908 [JavaFX Application Thread] INFO  FXGL                 - FXGL initialization took: 0.962 sec
12:03:58.909 [JavaFX Application Thread] DEBUG LoopRunner           - Starting loop
12:03:58.911 [JavaFX Application Thread] DEBUG StartupState         - STARTUP
12:03:58.911 [JavaFX Application Thread] DEBUG GameApplication      - Starting new game
12:03:58.911 [JavaFX Application Thread] DEBUG Input                - Clearing active input actions
12:03:58.913 [JavaFX Application Thread] DEBUG AssetLoader          - Loading from disk: /assets/ui/css/fxgl_dark.css
12:03:58.922 [JavaFX Application Thread] DEBUG AppStateMachine      - StartupState -> LoadingState
12:03:58.928 [FXGL Background Thread 1 ] DEBUG InitAppTask          - Clearing previous game
12:03:58.928 [FXGL Background Thread 1 ] DEBUG GameWorld            - Clearing game world
12:03:58.928 [FXGL Background Thread 1 ] DEBUG PhysicsWorld         - Clearing physics world
12:03:58.928 [FXGL Background Thread 1 ] DEBUG GameScene            - Clearing game scene
12:03:58.931 [FXGL Background Thread 1 ] DEBUG InitAppTask          - Initializing Game
12:03:58.979 [FXGL Background Thread 1 ] DEBUG AssetLoader          - Loading from disk: /assets/textures/hero_walk.gif
12:03:58.995 [FXGL Background Thread 1 ] DEBUG GameScene            - Creating render group for layer: DEFAULT(100000)
12:03:58.999 [FXGL Background Thread 1 ] DEBUG AssetLoader          - Loading from disk: /assets/textures/red_jewel.png
12:03:59.002 [FXGL Background Thread 1 ] DEBUG AssetLoader          - Loading from disk: /assets/textures/blue_jewel.png
12:03:59.004 [FXGL Background Thread 1 ] DEBUG AssetLoader          - Loading from disk: /assets/textures/purple_jewel.png
12:03:59.006 [FXGL Background Thread 1 ] DEBUG AssetLoader          - Loading from disk: /assets/textures/green_jewel.png
12:03:59.007 [FXGL Background Thread 1 ] DEBUG InitAppTask          - Initializing Physics
12:03:59.008 [FXGL Background Thread 1 ] DEBUG InitAppTask          - Initializing UI
12:03:59.009 [FXGL Background Thread 1 ] DEBUG InitAppTask          - Initialization Complete
12:03:59.009 [FXGL Background Thread 1 ] INFO  InitAppTask          - Game initialization took: 0.081 sec
12:03:59.037 [JavaFX Application Thread] DEBUG Input                - Clearing active input actions
12:03:59.038 [JavaFX Application Thread] DEBUG AssetLoader          - Loading from disk: /assets/ui/css/fxgl_dark.css
12:03:59.053 [JavaFX Application Thread] DEBUG AppStateMachine      - LoadingState -> PlayState
12:04:14.724 [JavaFX Application Thread] DEBUG FXGL                 - Exiting FXGL
12:04:14.724 [JavaFX Application Thread] DEBUG FXGL                 - Shutting down background threads
12:04:14.725 [JavaFX Application Thread] DEBUG FXGL                 - Saving FXGL system data
12:04:14.729 [JavaFX Application Thread] DEBUG DesktopFSService     - Writing to: system/fxgl.bundle
12:04:14.734 [JavaFX Application Thread] DEBUG FXGL                 - Closing logger and exiting JavaFX
