19:39:22.512 [JavaFX Application Thread] DEBUG GameApplication      - Logger initialized
19:39:22.519 [JavaFX Application Thread] DEBUG GameApplication      - Logging settings
Title: What a Silly Game
Version: 0.1
Width: 800
Height: 600
Fullscreen: false
Intro: false
Menus: false
Profiling: false
Single step:false
App Mode: DEVELOPER
Menu Key: ESCAPE
Stage Style: DECORATED
Scene Factory: class com.almasb.fxgl.scene.SceneFactory
Dialog Factory: class com.almasb.fxgl.ui.FXGLDialogFactory
UI Factory: class com.almasb.fxgl.ui.FXGLUIFactory
Notification Service: class com.almasb.fxgl.gameplay.notification.XboxNotificationView
Exception Handler: class com.almasb.fxgl.app.FXGLExceptionHandler
19:39:22.520 [JavaFX Application Thread] DEBUG GameApplication      - Starting FXGL
19:39:22.528 [JavaFX Application Thread] INFO  FXGL                 - FXGL-0.5.4 on DESKTOP
19:39:22.529 [JavaFX Application Thread] INFO  FXGL                 - Source code and latest versions at: https://github.com/AlmasB/FXGL
19:39:22.529 [JavaFX Application Thread] INFO  FXGL                 -              Join the FXGL chat at: https://gitter.im/AlmasB/FXGL
19:39:22.530 [JavaFX Application Thread] DEBUG FXGL                 - FXGL started
19:39:22.530 [JavaFX Application Thread] DEBUG FXGL                 - Initializing FXGL
19:39:22.582 [JavaFX Application Thread] DEBUG AssetLoader          - Loading from disk: /assets/ui/cursors/fxgl_default.png
19:39:22.840 [JavaFX Application Thread] DEBUG AssetLoader          - Loading from disk: /assets/ui/fonts/VarelaRound-Regular.ttf
19:39:22.911 [JavaFX Application Thread] DEBUG MainWindow           - Creating a JavaFX scene
19:39:22.950 [JavaFX Application Thread] DEBUG MainWindow           - Target settings size: 800.0 x 600.0
19:39:22.950 [JavaFX Application Thread] DEBUG MainWindow           - Scaled scene size:    800.0 x 600.0
19:39:22.950 [JavaFX Application Thread] DEBUG MainWindow           - Scaled ratio: (1.0, 1.0)
19:39:22.953 [JavaFX Application Thread] DEBUG AssetLoader          - Loading from disk: /assets/ui/css/fxgl_dark.css
19:39:22.958 [JavaFX Application Thread] DEBUG AssetLoader          - Loading from disk: /assets/textures/fxgl_icon.png
19:39:22.983 [JavaFX Application Thread] DEBUG MainWindow           - Opening main window
19:39:23.178 [JavaFX Application Thread] DEBUG MainWindow           - Window border size: (0.0, 22.0)
19:39:23.179 [JavaFX Application Thread] DEBUG MainWindow           - Scaled size: 800.0 x 600.0
19:39:23.179 [JavaFX Application Thread] DEBUG MainWindow           - Scaled ratio: (1.0, 1.0)
19:39:23.179 [JavaFX Application Thread] DEBUG MainWindow           - Scene size: 800.0 x 600.0
19:39:23.180 [JavaFX Application Thread] DEBUG MainWindow           - Stage size: 800.0 x 622.0
19:39:23.240 [ForkJoinPool.commonPool-worker-1] DEBUG FS                   - Loaded DesktopFSService
19:39:23.240 [ForkJoinPool.commonPool-worker-1] DEBUG FXGL                 - Loading FXGL system data
19:39:23.249 [ForkJoinPool.commonPool-worker-1] DEBUG DesktopFSService     - Reading from: system/fxgl.bundle
19:39:23.269 [ForkJoinPool.commonPool-worker-1] DEBUG Bundle               - Logging bundle: FXGL
19:39:23.269 [ForkJoinPool.commonPool-worker-1] DEBUG Bundle               - FXGL.offline.timer.version.check=2019-12-13T14:02:17.794
19:39:23.270 [ForkJoinPool.commonPool-worker-1] DEBUG FXGL                 - Initializing state machine and application states
19:39:23.273 [ForkJoinPool.commonPool-worker-1] DEBUG AssetLoader          - Loading from disk: /assets/ui/cursors/fxgl_default.png
19:39:23.282 [ForkJoinPool.commonPool-worker-1] DEBUG AssetLoader          - Loading from disk: /assets/ui/cursors/fxgl_default.png
19:39:23.291 [ForkJoinPool.commonPool-worker-1] DEBUG AssetLoader          - Loading from cache: /assets/ui/fonts/VarelaRound-Regular.ttf
19:39:23.294 [ForkJoinPool.commonPool-worker-1] DEBUG AssetLoader          - Loading from disk: /assets/ui/cursors/fxgl_default.png
19:39:23.299 [ForkJoinPool.commonPool-worker-1] DEBUG GameScene            - Game scene initialized: 800x600
19:39:23.308 [ForkJoinPool.commonPool-worker-1] DEBUG GameWorld            - Game world initialized
19:39:23.409 [ForkJoinPool.commonPool-worker-1] DEBUG PhysicsWorld         - Physics world initialized: appHeight=600, physics.ppm=50.0
19:39:23.433 [ForkJoinPool.commonPool-worker-1] DEBUG Input                - Registered new binding: Pause - Esc
19:39:23.504 [JavaFX Application Thread] DEBUG FXGL                 - Running preInit()
19:39:23.507 [JavaFX Application Thread] DEBUG Input                - Registered new binding: Screenshot - P
19:39:23.508 [JavaFX Application Thread] DEBUG Input                - Registered new binding: Dev Options - CTRL+0
19:39:23.509 [JavaFX Application Thread] DEBUG Input                - Registered new binding: System info dump - CTRL+9
19:39:23.509 [JavaFX Application Thread] DEBUG Input                - Registered new binding: Restart - CTRL+R
19:39:23.509 [JavaFX Application Thread] DEBUG Input                - Registered new binding: Move Right - D
19:39:23.510 [JavaFX Application Thread] DEBUG Input                - Registered new binding: Move Left - A
19:39:23.510 [JavaFX Application Thread] DEBUG Input                - Registered new binding: Move Up - W
19:39:23.510 [JavaFX Application Thread] DEBUG Input                - Registered new binding: Move Down - S
19:39:23.511 [JavaFX Application Thread] INFO  FXGL                 - FXGL initialization took: 0.981 sec
19:39:23.511 [JavaFX Application Thread] DEBUG LoopRunner           - Starting loop
19:39:23.513 [JavaFX Application Thread] DEBUG StartupState         - STARTUP
19:39:23.513 [JavaFX Application Thread] DEBUG GameApplication      - Starting new game
19:39:23.513 [JavaFX Application Thread] DEBUG Input                - Clearing active input actions
19:39:23.515 [JavaFX Application Thread] DEBUG AssetLoader          - Loading from disk: /assets/ui/css/fxgl_dark.css
19:39:23.526 [JavaFX Application Thread] DEBUG AppStateMachine      - StartupState -> LoadingState
19:39:23.532 [FXGL Background Thread 1 ] DEBUG InitAppTask          - Clearing previous game
19:39:23.532 [FXGL Background Thread 1 ] DEBUG GameWorld            - Clearing game world
19:39:23.532 [FXGL Background Thread 1 ] DEBUG PhysicsWorld         - Clearing physics world
19:39:23.532 [FXGL Background Thread 1 ] DEBUG GameScene            - Clearing game scene
19:39:23.536 [FXGL Background Thread 1 ] DEBUG InitAppTask          - Initializing Game
19:39:23.585 [FXGL Background Thread 1 ] DEBUG AssetLoader          - Loading from disk: /assets/textures/hero_walk.gif
19:39:23.600 [FXGL Background Thread 1 ] DEBUG GameScene            - Creating render group for layer: DEFAULT(100000)
19:39:23.605 [FXGL Background Thread 1 ] DEBUG AssetLoader          - Loading from disk: /assets/textures/red_jewel.png
19:39:23.609 [FXGL Background Thread 1 ] DEBUG AssetLoader          - Loading from disk: /assets/textures/blue_jewel.png
19:39:23.611 [FXGL Background Thread 1 ] DEBUG AssetLoader          - Loading from disk: /assets/textures/purple_jewel.png
19:39:23.614 [FXGL Background Thread 1 ] DEBUG AssetLoader          - Loading from disk: /assets/textures/green_jewel.png
19:39:23.615 [FXGL Background Thread 1 ] DEBUG InitAppTask          - Initializing Physics
19:39:23.616 [FXGL Background Thread 1 ] DEBUG InitAppTask          - Initializing UI
19:39:23.617 [FXGL Background Thread 1 ] DEBUG InitAppTask          - Initialization Complete
19:39:23.617 [FXGL Background Thread 1 ] INFO  InitAppTask          - Game initialization took: 0.085 sec
19:39:23.643 [JavaFX Application Thread] DEBUG Input                - Clearing active input actions
19:39:23.643 [JavaFX Application Thread] DEBUG AssetLoader          - Loading from disk: /assets/ui/css/fxgl_dark.css
19:39:23.659 [JavaFX Application Thread] DEBUG AppStateMachine      - LoadingState -> PlayState
19:39:40.041 [JavaFX Application Thread] DEBUG FXGL                 - Exiting FXGL
19:39:40.041 [JavaFX Application Thread] DEBUG FXGL                 - Shutting down background threads
19:39:40.042 [JavaFX Application Thread] DEBUG FXGL                 - Saving FXGL system data
19:39:40.046 [JavaFX Application Thread] DEBUG DesktopFSService     - Writing to: system/fxgl.bundle
19:39:40.051 [JavaFX Application Thread] DEBUG FXGL                 - Closing logger and exiting JavaFX
