12:18:00.062 [JavaFX Application Thread] DEBUG GameApplication      - Logger initialized
12:18:00.070 [JavaFX Application Thread] DEBUG GameApplication      - Logging settings
Title: What a Silly Game
Version: 0.1
Width: 800
Height: 600
Fullscreen: false
Intro: false
Menus: false
Profiling: false
Single step:false
App Mode: DEVELOPER
Menu Key: ESCAPE
Stage Style: DECORATED
Scene Factory: class com.almasb.fxgl.scene.SceneFactory
Dialog Factory: class com.almasb.fxgl.ui.FXGLDialogFactory
UI Factory: class com.almasb.fxgl.ui.FXGLUIFactory
Notification Service: class com.almasb.fxgl.gameplay.notification.XboxNotificationView
Exception Handler: class com.almasb.fxgl.app.FXGLExceptionHandler
12:18:00.071 [JavaFX Application Thread] DEBUG GameApplication      - Starting FXGL
12:18:00.084 [JavaFX Application Thread] INFO  FXGL                 - FXGL-0.5.4 on DESKTOP
12:18:00.084 [JavaFX Application Thread] INFO  FXGL                 - Source code and latest versions at: https://github.com/AlmasB/FXGL
12:18:00.085 [JavaFX Application Thread] INFO  FXGL                 -              Join the FXGL chat at: https://gitter.im/AlmasB/FXGL
12:18:00.085 [JavaFX Application Thread] DEBUG FXGL                 - FXGL started
12:18:00.086 [JavaFX Application Thread] DEBUG FXGL                 - Initializing FXGL
12:18:00.148 [JavaFX Application Thread] DEBUG AssetLoader          - Loading from disk: /assets/ui/cursors/fxgl_default.png
12:18:00.476 [JavaFX Application Thread] DEBUG AssetLoader          - Loading from disk: /assets/ui/fonts/VarelaRound-Regular.ttf
12:18:00.570 [JavaFX Application Thread] DEBUG MainWindow           - Creating a JavaFX scene
12:18:00.631 [JavaFX Application Thread] DEBUG MainWindow           - Target settings size: 800.0 x 600.0
12:18:00.631 [JavaFX Application Thread] DEBUG MainWindow           - Scaled scene size:    800.0 x 600.0
12:18:00.631 [JavaFX Application Thread] DEBUG MainWindow           - Scaled ratio: (1.0, 1.0)
12:18:00.636 [JavaFX Application Thread] DEBUG AssetLoader          - Loading from disk: /assets/ui/css/fxgl_dark.css
12:18:00.641 [JavaFX Application Thread] DEBUG AssetLoader          - Loading from disk: /assets/textures/fxgl_icon.png
12:18:00.669 [JavaFX Application Thread] DEBUG MainWindow           - Opening main window
12:18:00.882 [JavaFX Application Thread] DEBUG MainWindow           - Window border size: (0.0, 22.0)
12:18:00.882 [JavaFX Application Thread] DEBUG MainWindow           - Scaled size: 800.0 x 600.0
12:18:00.882 [JavaFX Application Thread] DEBUG MainWindow           - Scaled ratio: (1.0, 1.0)
12:18:00.883 [JavaFX Application Thread] DEBUG MainWindow           - Scene size: 800.0 x 600.0
12:18:00.883 [JavaFX Application Thread] DEBUG MainWindow           - Stage size: 800.0 x 622.0
12:18:00.948 [ForkJoinPool.commonPool-worker-1] DEBUG FS                   - Loaded DesktopFSService
12:18:00.949 [ForkJoinPool.commonPool-worker-1] DEBUG FXGL                 - Loading FXGL system data
12:18:00.960 [ForkJoinPool.commonPool-worker-1] DEBUG DesktopFSService     - Reading from: system/fxgl.bundle
12:18:00.974 [ForkJoinPool.commonPool-worker-1] DEBUG Bundle               - Logging bundle: FXGL
12:18:00.975 [ForkJoinPool.commonPool-worker-1] DEBUG Bundle               - FXGL.offline.timer.version.check=2019-12-13T14:02:17.794
12:18:00.976 [ForkJoinPool.commonPool-worker-1] DEBUG FXGL                 - Initializing state machine and application states
12:18:00.979 [ForkJoinPool.commonPool-worker-1] DEBUG AssetLoader          - Loading from disk: /assets/ui/cursors/fxgl_default.png
12:18:00.987 [ForkJoinPool.commonPool-worker-1] DEBUG AssetLoader          - Loading from disk: /assets/ui/cursors/fxgl_default.png
12:18:00.997 [ForkJoinPool.commonPool-worker-1] DEBUG AssetLoader          - Loading from cache: /assets/ui/fonts/VarelaRound-Regular.ttf
12:18:01.001 [ForkJoinPool.commonPool-worker-1] DEBUG AssetLoader          - Loading from disk: /assets/ui/cursors/fxgl_default.png
12:18:01.007 [ForkJoinPool.commonPool-worker-1] DEBUG GameScene            - Game scene initialized: 800x600
12:18:01.019 [ForkJoinPool.commonPool-worker-1] DEBUG GameWorld            - Game world initialized
12:18:01.105 [ForkJoinPool.commonPool-worker-1] DEBUG PhysicsWorld         - Physics world initialized: appHeight=600, physics.ppm=50.0
12:18:01.141 [ForkJoinPool.commonPool-worker-1] DEBUG Input                - Registered new binding: Pause - Esc
12:18:01.238 [JavaFX Application Thread] DEBUG FXGL                 - Running preInit()
12:18:01.240 [JavaFX Application Thread] DEBUG Input                - Registered new binding: Screenshot - P
12:18:01.240 [JavaFX Application Thread] DEBUG Input                - Registered new binding: Dev Options - CTRL+0
12:18:01.241 [JavaFX Application Thread] DEBUG Input                - Registered new binding: System info dump - CTRL+9
12:18:01.241 [JavaFX Application Thread] DEBUG Input                - Registered new binding: Restart - CTRL+R
12:18:01.242 [JavaFX Application Thread] DEBUG Input                - Registered new binding: Move Right - D
12:18:01.242 [JavaFX Application Thread] DEBUG Input                - Registered new binding: Move Left - A
12:18:01.242 [JavaFX Application Thread] DEBUG Input                - Registered new binding: Move Up - W
12:18:01.242 [JavaFX Application Thread] DEBUG Input                - Registered new binding: Move Down - S
12:18:01.244 [JavaFX Application Thread] INFO  FXGL                 - FXGL initialization took: 1.158 sec
12:18:01.245 [JavaFX Application Thread] DEBUG LoopRunner           - Starting loop
12:18:01.252 [JavaFX Application Thread] DEBUG StartupState         - STARTUP
12:18:01.252 [JavaFX Application Thread] DEBUG GameApplication      - Starting new game
12:18:01.254 [JavaFX Application Thread] DEBUG Input                - Clearing active input actions
12:18:01.256 [JavaFX Application Thread] DEBUG AssetLoader          - Loading from disk: /assets/ui/css/fxgl_dark.css
12:18:01.294 [JavaFX Application Thread] DEBUG AppStateMachine      - StartupState -> LoadingState
12:18:01.305 [FXGL Background Thread 1 ] DEBUG InitAppTask          - Clearing previous game
12:18:01.305 [FXGL Background Thread 1 ] DEBUG GameWorld            - Clearing game world
12:18:01.305 [FXGL Background Thread 1 ] DEBUG PhysicsWorld         - Clearing physics world
12:18:01.306 [FXGL Background Thread 1 ] DEBUG GameScene            - Clearing game scene
12:18:01.307 [FXGL Background Thread 1 ] DEBUG InitAppTask          - Initializing Game
12:18:01.364 [FXGL Background Thread 1 ] DEBUG AssetLoader          - Loading from disk: /assets/textures/hero_walk.gif
12:18:01.380 [FXGL Background Thread 1 ] DEBUG GameScene            - Creating render group for layer: DEFAULT(100000)
12:18:01.385 [FXGL Background Thread 1 ] DEBUG AssetLoader          - Loading from disk: /assets/textures/red_jewel.png
12:18:01.388 [FXGL Background Thread 1 ] DEBUG AssetLoader          - Loading from disk: /assets/textures/blue_jewel.png
12:18:01.391 [FXGL Background Thread 1 ] DEBUG AssetLoader          - Loading from disk: /assets/textures/purple_jewel.png
12:18:01.393 [FXGL Background Thread 1 ] DEBUG AssetLoader          - Loading from disk: /assets/textures/green_jewel.png
12:18:01.395 [FXGL Background Thread 1 ] DEBUG InitAppTask          - Initializing Physics
12:18:01.396 [FXGL Background Thread 1 ] DEBUG InitAppTask          - Initializing UI
12:18:01.396 [FXGL Background Thread 1 ] DEBUG InitAppTask          - Initialization Complete
12:18:01.396 [FXGL Background Thread 1 ] INFO  InitAppTask          - Game initialization took: 0.091 sec
12:18:01.426 [JavaFX Application Thread] DEBUG Input                - Clearing active input actions
12:18:01.426 [JavaFX Application Thread] DEBUG AssetLoader          - Loading from disk: /assets/ui/css/fxgl_dark.css
12:18:01.443 [JavaFX Application Thread] DEBUG AppStateMachine      - LoadingState -> PlayState
12:18:02.293 [JavaFX Application Thread] DEBUG FXGL                 - Exiting FXGL
12:18:02.293 [JavaFX Application Thread] DEBUG FXGL                 - Shutting down background threads
12:18:02.293 [JavaFX Application Thread] DEBUG FXGL                 - Saving FXGL system data
12:18:02.297 [JavaFX Application Thread] DEBUG DesktopFSService     - Writing to: system/fxgl.bundle
12:18:02.302 [JavaFX Application Thread] DEBUG FXGL                 - Closing logger and exiting JavaFX
