11:53:06.104 [JavaFX Application Thread] DEBUG GameApplication      - Logger initialized
11:53:06.114 [JavaFX Application Thread] DEBUG GameApplication      - Logging settings
Title: What a Silly Game
Version: 1.0
Width: 800
Height: 600
Fullscreen: false
Intro: false
Menus: false
Profiling: false
Single step:false
App Mode: DEVELOPER
Menu Key: ESCAPE
Stage Style: DECORATED
Scene Factory: class com.almasb.fxgl.scene.SceneFactory
Dialog Factory: class com.almasb.fxgl.ui.FXGLDialogFactory
UI Factory: class com.almasb.fxgl.ui.FXGLUIFactory
Notification Service: class com.almasb.fxgl.gameplay.notification.XboxNotificationView
Exception Handler: class com.almasb.fxgl.app.FXGLExceptionHandler
11:53:06.114 [JavaFX Application Thread] DEBUG GameApplication      - Starting FXGL
11:53:06.132 [JavaFX Application Thread] INFO  FXGL                 - FXGL-0.5.4 on DESKTOP
11:53:06.133 [JavaFX Application Thread] INFO  FXGL                 - Source code and latest versions at: https://github.com/AlmasB/FXGL
11:53:06.133 [JavaFX Application Thread] INFO  FXGL                 -              Join the FXGL chat at: https://gitter.im/AlmasB/FXGL
11:53:06.134 [JavaFX Application Thread] DEBUG FXGL                 - FXGL started
11:53:06.135 [JavaFX Application Thread] DEBUG FXGL                 - Initializing FXGL
11:53:06.208 [JavaFX Application Thread] DEBUG AssetLoader          - Loading from disk: /assets/ui/cursors/fxgl_default.png
11:53:06.466 [JavaFX Application Thread] DEBUG AssetLoader          - Loading from disk: /assets/ui/fonts/VarelaRound-Regular.ttf
11:53:06.542 [JavaFX Application Thread] DEBUG MainWindow           - Creating a JavaFX scene
11:53:06.587 [JavaFX Application Thread] DEBUG MainWindow           - Target settings size: 800.0 x 600.0
11:53:06.588 [JavaFX Application Thread] DEBUG MainWindow           - Scaled scene size:    800.0 x 600.0
11:53:06.588 [JavaFX Application Thread] DEBUG MainWindow           - Scaled ratio: (1.0, 1.0)
11:53:06.593 [JavaFX Application Thread] DEBUG AssetLoader          - Loading from disk: /assets/ui/css/fxgl_dark.css
11:53:06.598 [JavaFX Application Thread] DEBUG AssetLoader          - Loading from disk: /assets/textures/fxgl_icon.png
11:53:06.625 [JavaFX Application Thread] DEBUG MainWindow           - Opening main window
11:53:06.831 [JavaFX Application Thread] DEBUG MainWindow           - Window border size: (0.0, 22.0)
11:53:06.831 [JavaFX Application Thread] DEBUG MainWindow           - Scaled size: 800.0 x 600.0
11:53:06.832 [JavaFX Application Thread] DEBUG MainWindow           - Scaled ratio: (1.0, 1.0)
11:53:06.832 [JavaFX Application Thread] DEBUG MainWindow           - Scene size: 800.0 x 600.0
11:53:06.832 [JavaFX Application Thread] DEBUG MainWindow           - Stage size: 800.0 x 622.0
11:53:06.893 [ForkJoinPool.commonPool-worker-1] DEBUG FS                   - Loaded DesktopFSService
11:53:06.893 [ForkJoinPool.commonPool-worker-1] DEBUG FXGL                 - Loading FXGL system data
11:53:06.907 [ForkJoinPool.commonPool-worker-1] DEBUG DesktopFSService     - Reading from: system/fxgl.bundle
11:53:06.933 [ForkJoinPool.commonPool-worker-1] DEBUG Bundle               - Logging bundle: FXGL
11:53:06.934 [ForkJoinPool.commonPool-worker-1] DEBUG Bundle               - FXGL.offline.timer.version.check=2019-12-13T14:02:17.794
11:53:06.935 [ForkJoinPool.commonPool-worker-1] DEBUG FXGL                 - Initializing state machine and application states
11:53:06.938 [ForkJoinPool.commonPool-worker-1] DEBUG AssetLoader          - Loading from disk: /assets/ui/cursors/fxgl_default.png
11:53:06.955 [ForkJoinPool.commonPool-worker-1] DEBUG AssetLoader          - Loading from disk: /assets/ui/cursors/fxgl_default.png
11:53:06.969 [ForkJoinPool.commonPool-worker-1] DEBUG AssetLoader          - Loading from cache: /assets/ui/fonts/VarelaRound-Regular.ttf
11:53:06.974 [ForkJoinPool.commonPool-worker-1] DEBUG AssetLoader          - Loading from disk: /assets/ui/cursors/fxgl_default.png
11:53:06.980 [ForkJoinPool.commonPool-worker-1] DEBUG GameScene            - Game scene initialized: 800x600
11:53:06.989 [ForkJoinPool.commonPool-worker-1] DEBUG GameWorld            - Game world initialized
11:53:07.085 [ForkJoinPool.commonPool-worker-1] DEBUG PhysicsWorld         - Physics world initialized: appHeight=600, physics.ppm=50.0
11:53:07.117 [ForkJoinPool.commonPool-worker-1] DEBUG Input                - Registered new binding: Pause - Esc
11:53:07.207 [JavaFX Application Thread] DEBUG FXGL                 - Running preInit()
11:53:07.210 [JavaFX Application Thread] DEBUG Input                - Registered new binding: Screenshot - P
11:53:07.210 [JavaFX Application Thread] DEBUG Input                - Registered new binding: Dev Options - CTRL+0
11:53:07.211 [JavaFX Application Thread] DEBUG Input                - Registered new binding: System info dump - CTRL+9
11:53:07.211 [JavaFX Application Thread] DEBUG Input                - Registered new binding: Restart - CTRL+R
11:53:07.212 [JavaFX Application Thread] DEBUG Input                - Registered new binding: Move Right - D
11:53:07.212 [JavaFX Application Thread] DEBUG Input                - Registered new binding: Move Left - A
11:53:07.212 [JavaFX Application Thread] DEBUG Input                - Registered new binding: Move Up - W
11:53:07.212 [JavaFX Application Thread] DEBUG Input                - Registered new binding: Move Down - S
11:53:07.213 [JavaFX Application Thread] INFO  FXGL                 - FXGL initialization took: 1.076 sec
11:53:07.213 [JavaFX Application Thread] DEBUG LoopRunner           - Starting loop
11:53:07.215 [JavaFX Application Thread] DEBUG StartupState         - STARTUP
11:53:07.215 [JavaFX Application Thread] DEBUG GameApplication      - Starting new game
11:53:07.216 [JavaFX Application Thread] DEBUG Input                - Clearing active input actions
11:53:07.216 [JavaFX Application Thread] DEBUG AssetLoader          - Loading from disk: /assets/ui/css/fxgl_dark.css
11:53:07.231 [JavaFX Application Thread] DEBUG AppStateMachine      - StartupState -> LoadingState
11:53:07.239 [FXGL Background Thread 1 ] DEBUG InitAppTask          - Clearing previous game
11:53:07.239 [FXGL Background Thread 1 ] DEBUG GameWorld            - Clearing game world
11:53:07.239 [FXGL Background Thread 1 ] DEBUG PhysicsWorld         - Clearing physics world
11:53:07.239 [FXGL Background Thread 1 ] DEBUG GameScene            - Clearing game scene
11:53:07.241 [FXGL Background Thread 1 ] DEBUG InitAppTask          - Initializing Game
11:53:07.287 [FXGL Background Thread 1 ] DEBUG AssetLoader          - Loading from disk: /assets/textures/hero_walk.gif
11:53:07.301 [FXGL Background Thread 1 ] DEBUG GameScene            - Creating render group for layer: DEFAULT(100000)
11:53:07.306 [FXGL Background Thread 1 ] DEBUG AssetLoader          - Loading from disk: /assets/textures/red_jewel.png
11:53:07.308 [FXGL Background Thread 1 ] DEBUG AssetLoader          - Loading from disk: /assets/textures/blue_jewel.png
11:53:07.310 [FXGL Background Thread 1 ] DEBUG AssetLoader          - Loading from disk: /assets/textures/purple_jewel.png
11:53:07.313 [FXGL Background Thread 1 ] DEBUG AssetLoader          - Loading from disk: /assets/textures/green_jewel.png
11:53:07.315 [FXGL Background Thread 1 ] DEBUG AssetLoader          - Loading from disk: /assets/textures/monster.gif
11:53:07.318 [FXGL Background Thread 1 ] DEBUG InitAppTask          - Initializing Physics
11:53:07.319 [FXGL Background Thread 1 ] DEBUG InitAppTask          - Initializing UI
11:53:07.320 [FXGL Background Thread 1 ] DEBUG InitAppTask          - Initialization Complete
11:53:07.320 [FXGL Background Thread 1 ] INFO  InitAppTask          - Game initialization took: 0.082 sec
11:53:07.349 [JavaFX Application Thread] DEBUG Input                - Clearing active input actions
11:53:07.349 [JavaFX Application Thread] DEBUG AssetLoader          - Loading from disk: /assets/ui/css/fxgl_dark.css
11:53:07.363 [JavaFX Application Thread] DEBUG AppStateMachine      - LoadingState -> PlayState
11:53:21.922 [JavaFX Application Thread] DEBUG FXGL                 - Exiting FXGL
11:53:21.922 [JavaFX Application Thread] DEBUG FXGL                 - Shutting down background threads
11:53:21.923 [JavaFX Application Thread] DEBUG FXGL                 - Saving FXGL system data
11:53:21.926 [JavaFX Application Thread] DEBUG DesktopFSService     - Writing to: system/fxgl.bundle
11:53:21.932 [JavaFX Application Thread] DEBUG FXGL                 - Closing logger and exiting JavaFX
