12:39:28.444 [JavaFX Application Thread] DEBUG GameApplication      - Logger initialized
12:39:28.450 [JavaFX Application Thread] DEBUG GameApplication      - Logging settings
Title: What a Silly Game
Version: 0.1
Width: 800
Height: 600
Fullscreen: false
Intro: false
Menus: false
Profiling: false
Single step:false
App Mode: DEVELOPER
Menu Key: ESCAPE
Stage Style: DECORATED
Scene Factory: class com.almasb.fxgl.scene.SceneFactory
Dialog Factory: class com.almasb.fxgl.ui.FXGLDialogFactory
UI Factory: class com.almasb.fxgl.ui.FXGLUIFactory
Notification Service: class com.almasb.fxgl.gameplay.notification.XboxNotificationView
Exception Handler: class com.almasb.fxgl.app.FXGLExceptionHandler
12:39:28.450 [JavaFX Application Thread] DEBUG GameApplication      - Starting FXGL
12:39:28.465 [JavaFX Application Thread] INFO  FXGL                 - FXGL-0.5.4 on DESKTOP
12:39:28.465 [JavaFX Application Thread] INFO  FXGL                 - Source code and latest versions at: https://github.com/AlmasB/FXGL
12:39:28.466 [JavaFX Application Thread] INFO  FXGL                 -              Join the FXGL chat at: https://gitter.im/AlmasB/FXGL
12:39:28.466 [JavaFX Application Thread] DEBUG FXGL                 - FXGL started
12:39:28.466 [JavaFX Application Thread] DEBUG FXGL                 - Initializing FXGL
12:39:28.523 [JavaFX Application Thread] DEBUG AssetLoader          - Loading from disk: /assets/ui/cursors/fxgl_default.png
12:39:28.742 [JavaFX Application Thread] DEBUG AssetLoader          - Loading from disk: /assets/ui/fonts/VarelaRound-Regular.ttf
12:39:28.808 [JavaFX Application Thread] DEBUG MainWindow           - Creating a JavaFX scene
12:39:28.857 [JavaFX Application Thread] DEBUG MainWindow           - Target settings size: 800.0 x 600.0
12:39:28.857 [JavaFX Application Thread] DEBUG MainWindow           - Scaled scene size:    800.0 x 600.0
12:39:28.857 [JavaFX Application Thread] DEBUG MainWindow           - Scaled ratio: (1.0, 1.0)
12:39:28.860 [JavaFX Application Thread] DEBUG AssetLoader          - Loading from disk: /assets/ui/css/fxgl_dark.css
12:39:28.865 [JavaFX Application Thread] DEBUG AssetLoader          - Loading from disk: /assets/textures/fxgl_icon.png
12:39:28.887 [JavaFX Application Thread] DEBUG MainWindow           - Opening main window
12:39:29.094 [JavaFX Application Thread] DEBUG MainWindow           - Window border size: (0.0, 22.0)
12:39:29.094 [JavaFX Application Thread] DEBUG MainWindow           - Scaled size: 800.0 x 600.0
12:39:29.094 [JavaFX Application Thread] DEBUG MainWindow           - Scaled ratio: (1.0, 1.0)
12:39:29.095 [JavaFX Application Thread] DEBUG MainWindow           - Scene size: 800.0 x 600.0
12:39:29.095 [JavaFX Application Thread] DEBUG MainWindow           - Stage size: 800.0 x 622.0
12:39:29.152 [ForkJoinPool.commonPool-worker-1] DEBUG FS                   - Loaded DesktopFSService
12:39:29.152 [ForkJoinPool.commonPool-worker-1] DEBUG FXGL                 - Loading FXGL system data
12:39:29.169 [ForkJoinPool.commonPool-worker-1] DEBUG DesktopFSService     - Reading from: system/fxgl.bundle
12:39:29.194 [ForkJoinPool.commonPool-worker-1] DEBUG Bundle               - Logging bundle: FXGL
12:39:29.196 [ForkJoinPool.commonPool-worker-1] DEBUG Bundle               - FXGL.offline.timer.version.check=2019-12-13T14:02:17.794
12:39:29.198 [ForkJoinPool.commonPool-worker-1] DEBUG FXGL                 - Initializing state machine and application states
12:39:29.200 [ForkJoinPool.commonPool-worker-1] DEBUG AssetLoader          - Loading from disk: /assets/ui/cursors/fxgl_default.png
12:39:29.211 [ForkJoinPool.commonPool-worker-1] DEBUG AssetLoader          - Loading from disk: /assets/ui/cursors/fxgl_default.png
12:39:29.221 [ForkJoinPool.commonPool-worker-1] DEBUG AssetLoader          - Loading from cache: /assets/ui/fonts/VarelaRound-Regular.ttf
12:39:29.227 [ForkJoinPool.commonPool-worker-1] DEBUG AssetLoader          - Loading from disk: /assets/ui/cursors/fxgl_default.png
12:39:29.233 [ForkJoinPool.commonPool-worker-1] DEBUG GameScene            - Game scene initialized: 800x600
12:39:29.244 [ForkJoinPool.commonPool-worker-1] DEBUG GameWorld            - Game world initialized
12:39:29.331 [ForkJoinPool.commonPool-worker-1] DEBUG PhysicsWorld         - Physics world initialized: appHeight=600, physics.ppm=50.0
12:39:29.358 [ForkJoinPool.commonPool-worker-1] DEBUG Input                - Registered new binding: Pause - Esc
12:39:29.433 [JavaFX Application Thread] DEBUG FXGL                 - Running preInit()
12:39:29.435 [JavaFX Application Thread] DEBUG Input                - Registered new binding: Screenshot - P
12:39:29.435 [JavaFX Application Thread] DEBUG Input                - Registered new binding: Dev Options - CTRL+0
12:39:29.436 [JavaFX Application Thread] DEBUG Input                - Registered new binding: System info dump - CTRL+9
12:39:29.436 [JavaFX Application Thread] DEBUG Input                - Registered new binding: Restart - CTRL+R
12:39:29.436 [JavaFX Application Thread] DEBUG Input                - Registered new binding: Move Right - D
12:39:29.437 [JavaFX Application Thread] DEBUG Input                - Registered new binding: Move Left - A
12:39:29.437 [JavaFX Application Thread] DEBUG Input                - Registered new binding: Move Up - W
12:39:29.437 [JavaFX Application Thread] DEBUG Input                - Registered new binding: Move Down - S
12:39:29.438 [JavaFX Application Thread] INFO  FXGL                 - FXGL initialization took: 0.971 sec
12:39:29.438 [JavaFX Application Thread] DEBUG LoopRunner           - Starting loop
12:39:29.440 [JavaFX Application Thread] DEBUG StartupState         - STARTUP
12:39:29.441 [JavaFX Application Thread] DEBUG GameApplication      - Starting new game
12:39:29.441 [JavaFX Application Thread] DEBUG Input                - Clearing active input actions
12:39:29.443 [JavaFX Application Thread] DEBUG AssetLoader          - Loading from disk: /assets/ui/css/fxgl_dark.css
12:39:29.453 [JavaFX Application Thread] DEBUG AppStateMachine      - StartupState -> LoadingState
12:39:29.460 [FXGL Background Thread 1 ] DEBUG InitAppTask          - Clearing previous game
12:39:29.460 [FXGL Background Thread 1 ] DEBUG GameWorld            - Clearing game world
12:39:29.460 [FXGL Background Thread 1 ] DEBUG PhysicsWorld         - Clearing physics world
12:39:29.461 [FXGL Background Thread 1 ] DEBUG GameScene            - Clearing game scene
12:39:29.464 [FXGL Background Thread 1 ] DEBUG InitAppTask          - Initializing Game
12:39:29.510 [FXGL Background Thread 1 ] DEBUG AssetLoader          - Loading from disk: /assets/textures/hero_walk.gif
12:39:29.525 [FXGL Background Thread 1 ] DEBUG GameScene            - Creating render group for layer: DEFAULT(100000)
12:39:29.529 [FXGL Background Thread 1 ] DEBUG AssetLoader          - Loading from disk: /assets/textures/red_jewel.png
12:39:29.531 [FXGL Background Thread 1 ] DEBUG AssetLoader          - Loading from disk: /assets/textures/blue_jewel.png
12:39:29.533 [FXGL Background Thread 1 ] DEBUG AssetLoader          - Loading from disk: /assets/textures/purple_jewel.png
12:39:29.534 [FXGL Background Thread 1 ] DEBUG AssetLoader          - Loading from disk: /assets/textures/green_jewel.png
12:39:29.536 [FXGL Background Thread 1 ] DEBUG InitAppTask          - Initializing Physics
12:39:29.536 [FXGL Background Thread 1 ] DEBUG InitAppTask          - Initializing UI
12:39:29.537 [FXGL Background Thread 1 ] DEBUG InitAppTask          - Initialization Complete
12:39:29.537 [FXGL Background Thread 1 ] INFO  InitAppTask          - Game initialization took: 0.077 sec
12:39:29.564 [JavaFX Application Thread] DEBUG Input                - Clearing active input actions
12:39:29.564 [JavaFX Application Thread] DEBUG AssetLoader          - Loading from disk: /assets/ui/css/fxgl_dark.css
12:39:29.581 [JavaFX Application Thread] DEBUG AppStateMachine      - LoadingState -> PlayState
12:39:41.212 [JavaFX Application Thread] DEBUG FXGL                 - Exiting FXGL
12:39:41.213 [JavaFX Application Thread] DEBUG FXGL                 - Shutting down background threads
12:39:41.213 [JavaFX Application Thread] DEBUG FXGL                 - Saving FXGL system data
12:39:41.219 [JavaFX Application Thread] DEBUG DesktopFSService     - Writing to: system/fxgl.bundle
12:39:41.224 [JavaFX Application Thread] DEBUG FXGL                 - Closing logger and exiting JavaFX
