10:27:02.279 [JavaFX Application Thread] DEBUG GameApplication      - Logger initialized
10:27:02.287 [JavaFX Application Thread] DEBUG GameApplication      - Logging settings
Title: What a Silly Game
Version: 0.1
Width: 800
Height: 600
Fullscreen: false
Intro: false
Menus: false
Profiling: false
Single step:false
App Mode: DEVELOPER
Menu Key: ESCAPE
Stage Style: DECORATED
Scene Factory: class com.almasb.fxgl.scene.SceneFactory
Dialog Factory: class com.almasb.fxgl.ui.FXGLDialogFactory
UI Factory: class com.almasb.fxgl.ui.FXGLUIFactory
Notification Service: class com.almasb.fxgl.gameplay.notification.XboxNotificationView
Exception Handler: class com.almasb.fxgl.app.FXGLExceptionHandler
10:27:02.287 [JavaFX Application Thread] DEBUG GameApplication      - Starting FXGL
10:27:02.308 [JavaFX Application Thread] INFO  FXGL                 - FXGL-0.5.4 on DESKTOP
10:27:02.309 [JavaFX Application Thread] INFO  FXGL                 - Source code and latest versions at: https://github.com/AlmasB/FXGL
10:27:02.309 [JavaFX Application Thread] INFO  FXGL                 -              Join the FXGL chat at: https://gitter.im/AlmasB/FXGL
10:27:02.310 [JavaFX Application Thread] DEBUG FXGL                 - FXGL started
10:27:02.311 [JavaFX Application Thread] DEBUG FXGL                 - Initializing FXGL
10:27:02.403 [JavaFX Application Thread] DEBUG AssetLoader          - Loading from disk: /assets/ui/cursors/fxgl_default.png
10:27:02.680 [JavaFX Application Thread] DEBUG AssetLoader          - Loading from disk: /assets/ui/fonts/VarelaRound-Regular.ttf
10:27:02.752 [JavaFX Application Thread] DEBUG MainWindow           - Creating a JavaFX scene
10:27:02.791 [JavaFX Application Thread] DEBUG MainWindow           - Target settings size: 800.0 x 600.0
10:27:02.791 [JavaFX Application Thread] DEBUG MainWindow           - Scaled scene size:    800.0 x 600.0
10:27:02.792 [JavaFX Application Thread] DEBUG MainWindow           - Scaled ratio: (1.0, 1.0)
10:27:02.796 [JavaFX Application Thread] DEBUG AssetLoader          - Loading from disk: /assets/ui/css/fxgl_dark.css
10:27:02.802 [JavaFX Application Thread] DEBUG AssetLoader          - Loading from disk: /assets/textures/fxgl_icon.png
10:27:02.829 [JavaFX Application Thread] DEBUG MainWindow           - Opening main window
10:27:03.068 [JavaFX Application Thread] DEBUG MainWindow           - Window border size: (0.0, 22.0)
10:27:03.068 [JavaFX Application Thread] DEBUG MainWindow           - Scaled size: 800.0 x 600.0
10:27:03.068 [JavaFX Application Thread] DEBUG MainWindow           - Scaled ratio: (1.0, 1.0)
10:27:03.069 [JavaFX Application Thread] DEBUG MainWindow           - Scene size: 800.0 x 600.0
10:27:03.069 [JavaFX Application Thread] DEBUG MainWindow           - Stage size: 800.0 x 622.0
10:27:03.128 [ForkJoinPool.commonPool-worker-1] DEBUG FS                   - Loaded DesktopFSService
10:27:03.128 [ForkJoinPool.commonPool-worker-1] DEBUG FXGL                 - Loading FXGL system data
10:27:03.137 [ForkJoinPool.commonPool-worker-1] DEBUG DesktopFSService     - Reading from: system/fxgl.bundle
10:27:03.155 [ForkJoinPool.commonPool-worker-1] DEBUG Bundle               - Logging bundle: FXGL
10:27:03.156 [ForkJoinPool.commonPool-worker-1] DEBUG Bundle               - FXGL.offline.timer.version.check=2019-12-13T14:02:17.794
10:27:03.158 [ForkJoinPool.commonPool-worker-1] DEBUG FXGL                 - Initializing state machine and application states
10:27:03.160 [ForkJoinPool.commonPool-worker-1] DEBUG AssetLoader          - Loading from disk: /assets/ui/cursors/fxgl_default.png
10:27:03.177 [ForkJoinPool.commonPool-worker-1] DEBUG AssetLoader          - Loading from disk: /assets/ui/cursors/fxgl_default.png
10:27:03.214 [ForkJoinPool.commonPool-worker-1] DEBUG AssetLoader          - Loading from cache: /assets/ui/fonts/VarelaRound-Regular.ttf
10:27:03.218 [ForkJoinPool.commonPool-worker-1] DEBUG AssetLoader          - Loading from disk: /assets/ui/cursors/fxgl_default.png
10:27:03.228 [ForkJoinPool.commonPool-worker-1] DEBUG GameScene            - Game scene initialized: 800x600
10:27:03.237 [ForkJoinPool.commonPool-worker-1] DEBUG GameWorld            - Game world initialized
10:27:03.377 [ForkJoinPool.commonPool-worker-1] DEBUG PhysicsWorld         - Physics world initialized: appHeight=600, physics.ppm=50.0
10:27:03.437 [ForkJoinPool.commonPool-worker-1] DEBUG Input                - Registered new binding: Pause - Esc
10:27:03.501 [JavaFX Application Thread] DEBUG FXGL                 - Running preInit()
10:27:03.503 [JavaFX Application Thread] DEBUG Input                - Registered new binding: Screenshot - P
10:27:03.503 [JavaFX Application Thread] DEBUG Input                - Registered new binding: Dev Options - CTRL+0
10:27:03.504 [JavaFX Application Thread] DEBUG Input                - Registered new binding: System info dump - CTRL+9
10:27:03.504 [JavaFX Application Thread] DEBUG Input                - Registered new binding: Restart - CTRL+R
10:27:03.504 [JavaFX Application Thread] DEBUG Input                - Registered new binding: Move Right - D
10:27:03.505 [JavaFX Application Thread] DEBUG Input                - Registered new binding: Move Left - A
10:27:03.505 [JavaFX Application Thread] DEBUG Input                - Registered new binding: Move Up - W
10:27:03.505 [JavaFX Application Thread] DEBUG Input                - Registered new binding: Move Down - S
10:27:03.507 [JavaFX Application Thread] INFO  FXGL                 - FXGL initialization took: 1.195 sec
10:27:03.507 [JavaFX Application Thread] DEBUG LoopRunner           - Starting loop
10:27:03.514 [JavaFX Application Thread] DEBUG StartupState         - STARTUP
10:27:03.515 [JavaFX Application Thread] DEBUG GameApplication      - Starting new game
10:27:03.515 [JavaFX Application Thread] DEBUG Input                - Clearing active input actions
10:27:03.519 [JavaFX Application Thread] DEBUG AssetLoader          - Loading from disk: /assets/ui/css/fxgl_dark.css
10:27:03.532 [JavaFX Application Thread] DEBUG AppStateMachine      - StartupState -> LoadingState
10:27:03.538 [FXGL Background Thread 1 ] DEBUG InitAppTask          - Clearing previous game
10:27:03.538 [FXGL Background Thread 1 ] DEBUG GameWorld            - Clearing game world
10:27:03.538 [FXGL Background Thread 1 ] DEBUG PhysicsWorld         - Clearing physics world
10:27:03.539 [FXGL Background Thread 1 ] DEBUG GameScene            - Clearing game scene
10:27:03.540 [FXGL Background Thread 1 ] DEBUG InitAppTask          - Initializing Game
10:27:03.599 [FXGL Background Thread 1 ] DEBUG AssetLoader          - Loading from disk: /assets/textures/hero_walk.gif
10:27:03.615 [FXGL Background Thread 1 ] DEBUG GameScene            - Creating render group for layer: DEFAULT(100000)
10:27:03.622 [FXGL Background Thread 1 ] DEBUG AssetLoader          - Loading from disk: /assets/textures/red_jewel.png
10:27:03.626 [FXGL Background Thread 1 ] DEBUG AssetLoader          - Loading from disk: /assets/textures/blue_jewel.png
10:27:03.631 [FXGL Background Thread 1 ] DEBUG AssetLoader          - Loading from disk: /assets/textures/purple_jewel.png
10:27:03.634 [FXGL Background Thread 1 ] DEBUG AssetLoader          - Loading from disk: /assets/textures/green_jewel.png
10:27:03.636 [FXGL Background Thread 1 ] DEBUG InitAppTask          - Initializing Physics
10:27:03.637 [FXGL Background Thread 1 ] DEBUG InitAppTask          - Initializing UI
10:27:03.637 [FXGL Background Thread 1 ] DEBUG InitAppTask          - Initialization Complete
10:27:03.638 [FXGL Background Thread 1 ] INFO  InitAppTask          - Game initialization took: 0.100 sec
10:27:03.682 [JavaFX Application Thread] DEBUG Input                - Clearing active input actions
10:27:03.683 [JavaFX Application Thread] DEBUG AssetLoader          - Loading from disk: /assets/ui/css/fxgl_dark.css
10:27:03.702 [JavaFX Application Thread] DEBUG AppStateMachine      - LoadingState -> PlayState
10:27:11.212 [JavaFX Application Thread] DEBUG FXGL                 - Exiting FXGL
10:27:11.213 [JavaFX Application Thread] DEBUG FXGL                 - Shutting down background threads
10:27:11.213 [JavaFX Application Thread] DEBUG FXGL                 - Saving FXGL system data
10:27:11.216 [JavaFX Application Thread] DEBUG DesktopFSService     - Writing to: system/fxgl.bundle
10:27:11.220 [JavaFX Application Thread] DEBUG FXGL                 - Closing logger and exiting JavaFX
