17:50:44.225 [JavaFX Application Thread] DEBUG GameApplication      - Logger initialized
17:50:44.231 [JavaFX Application Thread] DEBUG GameApplication      - Logging settings
Title: What a Silly Game
Version: 0.1
Width: 600
Height: 600
Fullscreen: false
Intro: false
Menus: false
Profiling: false
Single step:false
App Mode: DEVELOPER
Menu Key: ESCAPE
Stage Style: DECORATED
Scene Factory: class com.almasb.fxgl.scene.SceneFactory
Dialog Factory: class com.almasb.fxgl.ui.FXGLDialogFactory
UI Factory: class com.almasb.fxgl.ui.FXGLUIFactory
Notification Service: class com.almasb.fxgl.gameplay.notification.XboxNotificationView
Exception Handler: class com.almasb.fxgl.app.FXGLExceptionHandler
17:50:44.231 [JavaFX Application Thread] DEBUG GameApplication      - Starting FXGL
17:50:44.242 [JavaFX Application Thread] INFO  FXGL                 - FXGL-0.5.4 on DESKTOP
17:50:44.242 [JavaFX Application Thread] INFO  FXGL                 - Source code and latest versions at: https://github.com/AlmasB/FXGL
17:50:44.243 [JavaFX Application Thread] INFO  FXGL                 -              Join the FXGL chat at: https://gitter.im/AlmasB/FXGL
17:50:44.243 [JavaFX Application Thread] DEBUG FXGL                 - FXGL started
17:50:44.243 [JavaFX Application Thread] DEBUG FXGL                 - Initializing FXGL
17:50:44.308 [JavaFX Application Thread] DEBUG AssetLoader          - Loading from disk: /assets/ui/cursors/fxgl_default.png
17:50:44.584 [JavaFX Application Thread] DEBUG AssetLoader          - Loading from disk: /assets/ui/fonts/VarelaRound-Regular.ttf
17:50:44.655 [JavaFX Application Thread] DEBUG MainWindow           - Creating a JavaFX scene
17:50:44.694 [JavaFX Application Thread] DEBUG MainWindow           - Target settings size: 600.0 x 600.0
17:50:44.694 [JavaFX Application Thread] DEBUG MainWindow           - Scaled scene size:    600.0 x 600.0
17:50:44.694 [JavaFX Application Thread] DEBUG MainWindow           - Scaled ratio: (1.0, 1.0)
17:50:44.697 [JavaFX Application Thread] DEBUG AssetLoader          - Loading from disk: /assets/ui/css/fxgl_dark.css
17:50:44.704 [JavaFX Application Thread] DEBUG AssetLoader          - Loading from disk: /assets/textures/fxgl_icon.png
17:50:44.723 [JavaFX Application Thread] DEBUG MainWindow           - Opening main window
17:50:44.915 [JavaFX Application Thread] DEBUG MainWindow           - Window border size: (0.0, 22.0)
17:50:44.915 [JavaFX Application Thread] DEBUG MainWindow           - Scaled size: 600.0 x 600.0
17:50:44.915 [JavaFX Application Thread] DEBUG MainWindow           - Scaled ratio: (1.0, 1.0)
17:50:44.915 [JavaFX Application Thread] DEBUG MainWindow           - Scene size: 600.0 x 600.0
17:50:44.916 [JavaFX Application Thread] DEBUG MainWindow           - Stage size: 600.0 x 622.0
17:50:44.968 [ForkJoinPool.commonPool-worker-1] DEBUG FS                   - Loaded DesktopFSService
17:50:44.969 [ForkJoinPool.commonPool-worker-1] DEBUG FXGL                 - Loading FXGL system data
17:50:44.982 [ForkJoinPool.commonPool-worker-1] DEBUG DesktopFSService     - Reading from: system/fxgl.bundle
17:50:44.995 [ForkJoinPool.commonPool-worker-1] DEBUG Bundle               - Logging bundle: FXGL
17:50:44.996 [ForkJoinPool.commonPool-worker-1] DEBUG Bundle               - FXGL.offline.timer.version.check=2019-12-13T14:02:17.794
17:50:44.997 [ForkJoinPool.commonPool-worker-1] DEBUG FXGL                 - Initializing state machine and application states
17:50:44.999 [ForkJoinPool.commonPool-worker-1] DEBUG AssetLoader          - Loading from disk: /assets/ui/cursors/fxgl_default.png
17:50:45.007 [ForkJoinPool.commonPool-worker-1] DEBUG AssetLoader          - Loading from disk: /assets/ui/cursors/fxgl_default.png
17:50:45.015 [ForkJoinPool.commonPool-worker-1] DEBUG AssetLoader          - Loading from cache: /assets/ui/fonts/VarelaRound-Regular.ttf
17:50:45.019 [ForkJoinPool.commonPool-worker-1] DEBUG AssetLoader          - Loading from disk: /assets/ui/cursors/fxgl_default.png
17:50:45.024 [ForkJoinPool.commonPool-worker-1] DEBUG GameScene            - Game scene initialized: 600x600
17:50:45.034 [ForkJoinPool.commonPool-worker-1] DEBUG GameWorld            - Game world initialized
17:50:45.116 [ForkJoinPool.commonPool-worker-1] DEBUG PhysicsWorld         - Physics world initialized: appHeight=600, physics.ppm=50.0
17:50:45.138 [ForkJoinPool.commonPool-worker-1] DEBUG Input                - Registered new binding: Pause - Esc
17:50:45.200 [JavaFX Application Thread] DEBUG FXGL                 - Running preInit()
17:50:45.201 [JavaFX Application Thread] DEBUG Input                - Registered new binding: Screenshot - P
17:50:45.202 [JavaFX Application Thread] DEBUG Input                - Registered new binding: Dev Options - CTRL+0
17:50:45.203 [JavaFX Application Thread] DEBUG Input                - Registered new binding: System info dump - CTRL+9
17:50:45.203 [JavaFX Application Thread] DEBUG Input                - Registered new binding: Restart - CTRL+R
17:50:45.204 [JavaFX Application Thread] DEBUG Input                - Registered new binding: Move Right - D
17:50:45.204 [JavaFX Application Thread] DEBUG Input                - Registered new binding: Move Left - A
17:50:45.204 [JavaFX Application Thread] DEBUG Input                - Registered new binding: Move Up - W
17:50:45.204 [JavaFX Application Thread] DEBUG Input                - Registered new binding: Move Down - S
17:50:45.205 [JavaFX Application Thread] INFO  FXGL                 - FXGL initialization took: 0.961 sec
17:50:45.205 [JavaFX Application Thread] DEBUG LoopRunner           - Starting loop
17:50:45.207 [JavaFX Application Thread] DEBUG StartupState         - STARTUP
17:50:45.208 [JavaFX Application Thread] DEBUG GameApplication      - Starting new game
17:50:45.208 [JavaFX Application Thread] DEBUG Input                - Clearing active input actions
17:50:45.210 [JavaFX Application Thread] DEBUG AssetLoader          - Loading from disk: /assets/ui/css/fxgl_dark.css
17:50:45.221 [JavaFX Application Thread] DEBUG AppStateMachine      - StartupState -> LoadingState
17:50:45.229 [FXGL Background Thread 1 ] DEBUG InitAppTask          - Clearing previous game
17:50:45.230 [FXGL Background Thread 1 ] DEBUG GameWorld            - Clearing game world
17:50:45.230 [FXGL Background Thread 1 ] DEBUG PhysicsWorld         - Clearing physics world
17:50:45.230 [FXGL Background Thread 1 ] DEBUG GameScene            - Clearing game scene
17:50:45.232 [FXGL Background Thread 1 ] DEBUG InitAppTask          - Initializing Game
17:50:45.281 [FXGL Background Thread 1 ] DEBUG AssetLoader          - Loading from disk: /assets/textures/hero_walk.gif
17:50:45.297 [FXGL Background Thread 1 ] DEBUG GameScene            - Creating render group for layer: DEFAULT(100000)
17:50:45.299 [FXGL Background Thread 1 ] DEBUG AssetLoader          - Loading from disk: /assets/textures/red_jewel.png
17:50:45.302 [FXGL Background Thread 1 ] DEBUG AssetLoader          - Loading from disk: /assets/textures/blue_jewel.png
17:50:45.304 [FXGL Background Thread 1 ] DEBUG AssetLoader          - Loading from disk: /assets/textures/purple_jewel.png
17:50:45.306 [FXGL Background Thread 1 ] DEBUG AssetLoader          - Loading from disk: /assets/textures/green_jewel.png
17:50:45.307 [FXGL Background Thread 1 ] DEBUG InitAppTask          - Initializing Physics
17:50:45.308 [FXGL Background Thread 1 ] DEBUG InitAppTask          - Initializing UI
17:50:45.308 [FXGL Background Thread 1 ] DEBUG AssetLoader          - Loading from cache: /assets/textures/hero_walk.gif
17:50:45.309 [FXGL Background Thread 1 ] DEBUG InitAppTask          - Initialization Complete
17:50:45.309 [FXGL Background Thread 1 ] INFO  InitAppTask          - Game initialization took: 0.080 sec
17:50:45.332 [JavaFX Application Thread] DEBUG Input                - Clearing active input actions
17:50:45.332 [JavaFX Application Thread] DEBUG AssetLoader          - Loading from disk: /assets/ui/css/fxgl_dark.css
17:50:45.349 [JavaFX Application Thread] DEBUG AppStateMachine      - LoadingState -> PlayState
17:51:05.767 [JavaFX Application Thread] DEBUG FXGL                 - Exiting FXGL
17:51:05.767 [JavaFX Application Thread] DEBUG FXGL                 - Shutting down background threads
17:51:05.768 [JavaFX Application Thread] DEBUG FXGL                 - Saving FXGL system data
17:51:05.771 [JavaFX Application Thread] DEBUG DesktopFSService     - Writing to: system/fxgl.bundle
17:51:05.776 [JavaFX Application Thread] DEBUG FXGL                 - Closing logger and exiting JavaFX
