11:32:02.968 [JavaFX Application Thread] DEBUG GameApplication      - Logger initialized
11:32:02.979 [JavaFX Application Thread] DEBUG GameApplication      - Logging settings
Title: What a Silly Game
Version: 1.0
Width: 800
Height: 600
Fullscreen: false
Intro: false
Menus: false
Profiling: false
Single step:false
App Mode: DEVELOPER
Menu Key: ESCAPE
Stage Style: DECORATED
Scene Factory: class com.almasb.fxgl.scene.SceneFactory
Dialog Factory: class com.almasb.fxgl.ui.FXGLDialogFactory
UI Factory: class com.almasb.fxgl.ui.FXGLUIFactory
Notification Service: class com.almasb.fxgl.gameplay.notification.XboxNotificationView
Exception Handler: class com.almasb.fxgl.app.FXGLExceptionHandler
11:32:02.980 [JavaFX Application Thread] DEBUG GameApplication      - Starting FXGL
11:32:02.999 [JavaFX Application Thread] INFO  FXGL                 - FXGL-0.5.4 on DESKTOP
11:32:03.000 [JavaFX Application Thread] INFO  FXGL                 - Source code and latest versions at: https://github.com/AlmasB/FXGL
11:32:03.000 [JavaFX Application Thread] INFO  FXGL                 -              Join the FXGL chat at: https://gitter.im/AlmasB/FXGL
11:32:03.001 [JavaFX Application Thread] DEBUG FXGL                 - FXGL started
11:32:03.002 [JavaFX Application Thread] DEBUG FXGL                 - Initializing FXGL
11:32:03.086 [JavaFX Application Thread] DEBUG AssetLoader          - Loading from disk: /assets/ui/cursors/fxgl_default.png
11:32:03.343 [JavaFX Application Thread] DEBUG AssetLoader          - Loading from disk: /assets/ui/fonts/VarelaRound-Regular.ttf
11:32:03.424 [JavaFX Application Thread] DEBUG MainWindow           - Creating a JavaFX scene
11:32:03.471 [JavaFX Application Thread] DEBUG MainWindow           - Target settings size: 800.0 x 600.0
11:32:03.471 [JavaFX Application Thread] DEBUG MainWindow           - Scaled scene size:    800.0 x 600.0
11:32:03.471 [JavaFX Application Thread] DEBUG MainWindow           - Scaled ratio: (1.0, 1.0)
11:32:03.475 [JavaFX Application Thread] DEBUG AssetLoader          - Loading from disk: /assets/ui/css/fxgl_dark.css
11:32:03.480 [JavaFX Application Thread] DEBUG AssetLoader          - Loading from disk: /assets/textures/fxgl_icon.png
11:32:03.500 [JavaFX Application Thread] DEBUG MainWindow           - Opening main window
11:32:03.720 [JavaFX Application Thread] DEBUG MainWindow           - Window border size: (0.0, 22.0)
11:32:03.720 [JavaFX Application Thread] DEBUG MainWindow           - Scaled size: 800.0 x 600.0
11:32:03.720 [JavaFX Application Thread] DEBUG MainWindow           - Scaled ratio: (1.0, 1.0)
11:32:03.721 [JavaFX Application Thread] DEBUG MainWindow           - Scene size: 800.0 x 600.0
11:32:03.721 [JavaFX Application Thread] DEBUG MainWindow           - Stage size: 800.0 x 622.0
11:32:03.791 [ForkJoinPool.commonPool-worker-1] DEBUG FS                   - Loaded DesktopFSService
11:32:03.791 [ForkJoinPool.commonPool-worker-1] DEBUG FXGL                 - Loading FXGL system data
11:32:03.803 [ForkJoinPool.commonPool-worker-1] DEBUG DesktopFSService     - Reading from: system/fxgl.bundle
11:32:03.822 [ForkJoinPool.commonPool-worker-1] DEBUG Bundle               - Logging bundle: FXGL
11:32:03.823 [ForkJoinPool.commonPool-worker-1] DEBUG Bundle               - FXGL.offline.timer.version.check=2019-12-13T14:02:17.794
11:32:03.823 [ForkJoinPool.commonPool-worker-1] DEBUG FXGL                 - Initializing state machine and application states
11:32:03.826 [ForkJoinPool.commonPool-worker-1] DEBUG AssetLoader          - Loading from disk: /assets/ui/cursors/fxgl_default.png
11:32:03.835 [ForkJoinPool.commonPool-worker-1] DEBUG AssetLoader          - Loading from disk: /assets/ui/cursors/fxgl_default.png
11:32:03.856 [ForkJoinPool.commonPool-worker-1] DEBUG AssetLoader          - Loading from cache: /assets/ui/fonts/VarelaRound-Regular.ttf
11:32:03.861 [ForkJoinPool.commonPool-worker-1] DEBUG AssetLoader          - Loading from disk: /assets/ui/cursors/fxgl_default.png
11:32:03.866 [ForkJoinPool.commonPool-worker-1] DEBUG GameScene            - Game scene initialized: 800x600
11:32:03.875 [ForkJoinPool.commonPool-worker-1] DEBUG GameWorld            - Game world initialized
11:32:03.982 [ForkJoinPool.commonPool-worker-1] DEBUG PhysicsWorld         - Physics world initialized: appHeight=600, physics.ppm=50.0
11:32:04.023 [ForkJoinPool.commonPool-worker-1] DEBUG Input                - Registered new binding: Pause - Esc
11:32:04.105 [JavaFX Application Thread] DEBUG FXGL                 - Running preInit()
11:32:04.107 [JavaFX Application Thread] DEBUG Input                - Registered new binding: Screenshot - P
11:32:04.107 [JavaFX Application Thread] DEBUG Input                - Registered new binding: Dev Options - CTRL+0
11:32:04.108 [JavaFX Application Thread] DEBUG Input                - Registered new binding: System info dump - CTRL+9
11:32:04.108 [JavaFX Application Thread] DEBUG Input                - Registered new binding: Restart - CTRL+R
11:32:04.108 [JavaFX Application Thread] DEBUG Input                - Registered new binding: Move Right - D
11:32:04.109 [JavaFX Application Thread] DEBUG Input                - Registered new binding: Move Left - A
11:32:04.109 [JavaFX Application Thread] DEBUG Input                - Registered new binding: Move Up - W
11:32:04.109 [JavaFX Application Thread] DEBUG Input                - Registered new binding: Move Down - S
11:32:04.111 [JavaFX Application Thread] INFO  FXGL                 - FXGL initialization took: 1.108 sec
11:32:04.111 [JavaFX Application Thread] DEBUG LoopRunner           - Starting loop
11:32:04.114 [JavaFX Application Thread] DEBUG StartupState         - STARTUP
11:32:04.115 [JavaFX Application Thread] DEBUG GameApplication      - Starting new game
11:32:04.115 [JavaFX Application Thread] DEBUG Input                - Clearing active input actions
11:32:04.117 [JavaFX Application Thread] DEBUG AssetLoader          - Loading from disk: /assets/ui/css/fxgl_dark.css
11:32:04.129 [JavaFX Application Thread] DEBUG AppStateMachine      - StartupState -> LoadingState
11:32:04.136 [FXGL Background Thread 1 ] DEBUG InitAppTask          - Clearing previous game
11:32:04.136 [FXGL Background Thread 1 ] DEBUG GameWorld            - Clearing game world
11:32:04.136 [FXGL Background Thread 1 ] DEBUG PhysicsWorld         - Clearing physics world
11:32:04.137 [FXGL Background Thread 1 ] DEBUG GameScene            - Clearing game scene
11:32:04.139 [FXGL Background Thread 1 ] DEBUG InitAppTask          - Initializing Game
11:32:04.196 [FXGL Background Thread 1 ] DEBUG AssetLoader          - Loading from disk: /assets/textures/hero_walk.gif
11:32:04.214 [FXGL Background Thread 1 ] DEBUG GameScene            - Creating render group for layer: DEFAULT(100000)
11:32:04.224 [FXGL Background Thread 1 ] DEBUG AssetLoader          - Loading from disk: /assets/textures/red_jewel.png
11:32:04.231 [FXGL Background Thread 1 ] DEBUG AssetLoader          - Loading from disk: /assets/textures/blue_jewel.png
11:32:04.234 [FXGL Background Thread 1 ] DEBUG AssetLoader          - Loading from disk: /assets/textures/purple_jewel.png
11:32:04.236 [FXGL Background Thread 1 ] DEBUG AssetLoader          - Loading from disk: /assets/textures/green_jewel.png
11:32:04.240 [FXGL Background Thread 1 ] DEBUG AssetLoader          - Loading from disk: /assets/textures/monster.gif
11:32:04.244 [FXGL Background Thread 1 ] DEBUG InitAppTask          - Initializing Physics
11:32:04.245 [FXGL Background Thread 1 ] DEBUG InitAppTask          - Initializing UI
11:32:04.248 [FXGL Background Thread 1 ] DEBUG InitAppTask          - Initialization Complete
11:32:04.248 [FXGL Background Thread 1 ] INFO  InitAppTask          - Game initialization took: 0.113 sec
11:32:04.293 [JavaFX Application Thread] DEBUG Input                - Clearing active input actions
11:32:04.293 [JavaFX Application Thread] DEBUG AssetLoader          - Loading from disk: /assets/ui/css/fxgl_dark.css
11:32:04.311 [JavaFX Application Thread] DEBUG AppStateMachine      - LoadingState -> PlayState
11:32:11.064 [JavaFX Application Thread] DEBUG FXGL                 - Exiting FXGL
11:32:11.065 [JavaFX Application Thread] DEBUG FXGL                 - Shutting down background threads
11:32:11.065 [JavaFX Application Thread] DEBUG FXGL                 - Saving FXGL system data
11:32:11.068 [JavaFX Application Thread] DEBUG DesktopFSService     - Writing to: system/fxgl.bundle
11:32:11.072 [JavaFX Application Thread] DEBUG FXGL                 - Closing logger and exiting JavaFX
