13:07:09.944 [JavaFX Application Thread] DEBUG GameApplication      - Logger initialized
13:07:09.953 [JavaFX Application Thread] DEBUG GameApplication      - Logging settings
Title: What a Silly Game
Version: 0.1
Width: 800
Height: 600
Fullscreen: false
Intro: false
Menus: false
Profiling: false
Single step:false
App Mode: DEVELOPER
Menu Key: ESCAPE
Stage Style: DECORATED
Scene Factory: class com.almasb.fxgl.scene.SceneFactory
Dialog Factory: class com.almasb.fxgl.ui.FXGLDialogFactory
UI Factory: class com.almasb.fxgl.ui.FXGLUIFactory
Notification Service: class com.almasb.fxgl.gameplay.notification.XboxNotificationView
Exception Handler: class com.almasb.fxgl.app.FXGLExceptionHandler
13:07:09.953 [JavaFX Application Thread] DEBUG GameApplication      - Starting FXGL
13:07:09.968 [JavaFX Application Thread] INFO  FXGL                 - FXGL-0.5.4 on DESKTOP
13:07:09.969 [JavaFX Application Thread] INFO  FXGL                 - Source code and latest versions at: https://github.com/AlmasB/FXGL
13:07:09.970 [JavaFX Application Thread] INFO  FXGL                 -              Join the FXGL chat at: https://gitter.im/AlmasB/FXGL
13:07:09.971 [JavaFX Application Thread] DEBUG FXGL                 - FXGL started
13:07:09.971 [JavaFX Application Thread] DEBUG FXGL                 - Initializing FXGL
13:07:10.062 [JavaFX Application Thread] DEBUG AssetLoader          - Loading from disk: /assets/ui/cursors/fxgl_default.png
13:07:10.319 [JavaFX Application Thread] DEBUG AssetLoader          - Loading from disk: /assets/ui/fonts/VarelaRound-Regular.ttf
13:07:10.386 [JavaFX Application Thread] DEBUG MainWindow           - Creating a JavaFX scene
13:07:10.428 [JavaFX Application Thread] DEBUG MainWindow           - Target settings size: 800.0 x 600.0
13:07:10.428 [JavaFX Application Thread] DEBUG MainWindow           - Scaled scene size:    800.0 x 600.0
13:07:10.429 [JavaFX Application Thread] DEBUG MainWindow           - Scaled ratio: (1.0, 1.0)
13:07:10.432 [JavaFX Application Thread] DEBUG AssetLoader          - Loading from disk: /assets/ui/css/fxgl_dark.css
13:07:10.436 [JavaFX Application Thread] DEBUG AssetLoader          - Loading from disk: /assets/textures/fxgl_icon.png
13:07:10.453 [JavaFX Application Thread] DEBUG MainWindow           - Opening main window
13:07:10.650 [JavaFX Application Thread] DEBUG MainWindow           - Window border size: (0.0, 22.0)
13:07:10.651 [JavaFX Application Thread] DEBUG MainWindow           - Scaled size: 800.0 x 600.0
13:07:10.651 [JavaFX Application Thread] DEBUG MainWindow           - Scaled ratio: (1.0, 1.0)
13:07:10.651 [JavaFX Application Thread] DEBUG MainWindow           - Scene size: 800.0 x 600.0
13:07:10.651 [JavaFX Application Thread] DEBUG MainWindow           - Stage size: 800.0 x 622.0
13:07:10.705 [ForkJoinPool.commonPool-worker-1] DEBUG FS                   - Loaded DesktopFSService
13:07:10.705 [ForkJoinPool.commonPool-worker-1] DEBUG FXGL                 - Loading FXGL system data
13:07:10.718 [ForkJoinPool.commonPool-worker-1] DEBUG DesktopFSService     - Reading from: system/fxgl.bundle
13:07:10.738 [ForkJoinPool.commonPool-worker-1] DEBUG Bundle               - Logging bundle: FXGL
13:07:10.739 [ForkJoinPool.commonPool-worker-1] DEBUG Bundle               - FXGL.offline.timer.version.check=2019-12-13T14:02:17.794
13:07:10.744 [ForkJoinPool.commonPool-worker-1] DEBUG FXGL                 - Initializing state machine and application states
13:07:10.748 [ForkJoinPool.commonPool-worker-1] DEBUG AssetLoader          - Loading from disk: /assets/ui/cursors/fxgl_default.png
13:07:10.758 [ForkJoinPool.commonPool-worker-1] DEBUG AssetLoader          - Loading from disk: /assets/ui/cursors/fxgl_default.png
13:07:10.773 [ForkJoinPool.commonPool-worker-1] DEBUG AssetLoader          - Loading from cache: /assets/ui/fonts/VarelaRound-Regular.ttf
13:07:10.777 [ForkJoinPool.commonPool-worker-1] DEBUG AssetLoader          - Loading from disk: /assets/ui/cursors/fxgl_default.png
13:07:10.784 [ForkJoinPool.commonPool-worker-1] DEBUG GameScene            - Game scene initialized: 800x600
13:07:10.793 [ForkJoinPool.commonPool-worker-1] DEBUG GameWorld            - Game world initialized
13:07:10.882 [ForkJoinPool.commonPool-worker-1] DEBUG PhysicsWorld         - Physics world initialized: appHeight=600, physics.ppm=50.0
13:07:10.907 [ForkJoinPool.commonPool-worker-1] DEBUG Input                - Registered new binding: Pause - Esc
13:07:10.993 [JavaFX Application Thread] DEBUG FXGL                 - Running preInit()
13:07:10.994 [JavaFX Application Thread] DEBUG Input                - Registered new binding: Screenshot - P
13:07:10.995 [JavaFX Application Thread] DEBUG Input                - Registered new binding: Dev Options - CTRL+0
13:07:10.995 [JavaFX Application Thread] DEBUG Input                - Registered new binding: System info dump - CTRL+9
13:07:10.996 [JavaFX Application Thread] DEBUG Input                - Registered new binding: Restart - CTRL+R
13:07:10.996 [JavaFX Application Thread] DEBUG Input                - Registered new binding: Move Right - D
13:07:10.996 [JavaFX Application Thread] DEBUG Input                - Registered new binding: Move Left - A
13:07:10.997 [JavaFX Application Thread] DEBUG Input                - Registered new binding: Move Up - W
13:07:10.997 [JavaFX Application Thread] DEBUG Input                - Registered new binding: Move Down - S
13:07:10.999 [JavaFX Application Thread] INFO  FXGL                 - FXGL initialization took: 1.027 sec
13:07:10.999 [JavaFX Application Thread] DEBUG LoopRunner           - Starting loop
13:07:11.006 [JavaFX Application Thread] DEBUG StartupState         - STARTUP
13:07:11.006 [JavaFX Application Thread] DEBUG GameApplication      - Starting new game
13:07:11.006 [JavaFX Application Thread] DEBUG Input                - Clearing active input actions
13:07:11.009 [JavaFX Application Thread] DEBUG AssetLoader          - Loading from disk: /assets/ui/css/fxgl_dark.css
13:07:11.020 [JavaFX Application Thread] DEBUG AppStateMachine      - StartupState -> LoadingState
13:07:11.025 [FXGL Background Thread 1 ] DEBUG InitAppTask          - Clearing previous game
13:07:11.026 [FXGL Background Thread 1 ] DEBUG GameWorld            - Clearing game world
13:07:11.026 [FXGL Background Thread 1 ] DEBUG PhysicsWorld         - Clearing physics world
13:07:11.026 [FXGL Background Thread 1 ] DEBUG GameScene            - Clearing game scene
13:07:11.028 [FXGL Background Thread 1 ] DEBUG InitAppTask          - Initializing Game
13:07:11.058 [JavaFX Application Thread] FATAL FXGL                 - Uncaught Exception:

Fatal exception occurred: java.lang.NullPointerException : null
E: com.Summer.SillyGame.BasicGameApp.initGame(BasicGameApp.java:75)
E: com.almasb.fxgl.app.GameApplication.internalInitGame(GameApplication.java:238)
E: com.almasb.fxgl.app.LoadingState$InitAppTask.initGame(AppStates.kt:168)
E: com.almasb.fxgl.app.LoadingState$InitAppTask.call(AppStates.kt:138)
E: com.almasb.fxgl.app.LoadingState$InitAppTask.call(AppStates.kt:127)
E: javafx.concurrent.Task$TaskCallable.call(Task.java:1423)
E: java.util.concurrent.FutureTask.run(FutureTask.java:266)
E: java.util.concurrent.Executors$RunnableAdapter.call(Executors.java:511)
E: java.util.concurrent.FutureTask.run(FutureTask.java:266)
E: java.util.concurrent.ThreadPoolExecutor.runWorker(ThreadPoolExecutor.java:1149)
E: java.util.concurrent.ThreadPoolExecutor$Worker.run(ThreadPoolExecutor.java:624)
E: java.lang.Thread.run(Thread.java:748)

13:07:11.058 [JavaFX Application Thread] FATAL FXGL                 - Application will now exit
13:07:11.058 [JavaFX Application Thread] DEBUG LoopRunner           - Stopping loop
13:07:16.545 [JavaFX Application Thread] DEBUG FXGL                 - Exiting FXGL
13:07:16.546 [JavaFX Application Thread] DEBUG FXGL                 - Shutting down background threads
13:07:16.546 [JavaFX Application Thread] DEBUG FXGL                 - Saving FXGL system data
13:07:16.551 [JavaFX Application Thread] DEBUG DesktopFSService     - Writing to: system/fxgl.bundle
13:07:16.557 [JavaFX Application Thread] DEBUG FXGL                 - Closing logger and exiting JavaFX
