15:32:42.210 [JavaFX Application Thread] DEBUG GameApplication      - Logger initialized
15:32:42.221 [JavaFX Application Thread] DEBUG GameApplication      - Logging settings
Title: What a Silly Game
Version: 1.0
Width: 800
Height: 600
Fullscreen: false
Intro: false
Menus: false
Profiling: false
Single step:false
App Mode: DEVELOPER
Menu Key: ESCAPE
Stage Style: DECORATED
Scene Factory: class com.almasb.fxgl.scene.SceneFactory
Dialog Factory: class com.almasb.fxgl.ui.FXGLDialogFactory
UI Factory: class com.almasb.fxgl.ui.FXGLUIFactory
Notification Service: class com.almasb.fxgl.gameplay.notification.XboxNotificationView
Exception Handler: class com.almasb.fxgl.app.FXGLExceptionHandler
15:32:42.221 [JavaFX Application Thread] DEBUG GameApplication      - Starting FXGL
15:32:42.255 [JavaFX Application Thread] INFO  FXGL                 - FXGL-0.5.4 on DESKTOP
15:32:42.256 [JavaFX Application Thread] INFO  FXGL                 - Source code and latest versions at: https://github.com/AlmasB/FXGL
15:32:42.257 [JavaFX Application Thread] INFO  FXGL                 -              Join the FXGL chat at: https://gitter.im/AlmasB/FXGL
15:32:42.257 [JavaFX Application Thread] DEBUG FXGL                 - FXGL started
15:32:42.258 [JavaFX Application Thread] DEBUG FXGL                 - Initializing FXGL
15:32:42.329 [JavaFX Application Thread] DEBUG AssetLoader          - Loading from disk: /assets/ui/cursors/fxgl_default.png
15:32:42.623 [JavaFX Application Thread] DEBUG AssetLoader          - Loading from disk: /assets/ui/fonts/VarelaRound-Regular.ttf
15:32:42.700 [JavaFX Application Thread] DEBUG MainWindow           - Creating a JavaFX scene
15:32:42.763 [JavaFX Application Thread] DEBUG MainWindow           - Target settings size: 800.0 x 600.0
15:32:42.764 [JavaFX Application Thread] DEBUG MainWindow           - Scaled scene size:    800.0 x 600.0
15:32:42.764 [JavaFX Application Thread] DEBUG MainWindow           - Scaled ratio: (1.0, 1.0)
15:32:42.772 [JavaFX Application Thread] DEBUG AssetLoader          - Loading from disk: /assets/ui/css/fxgl_dark.css
15:32:42.779 [JavaFX Application Thread] DEBUG AssetLoader          - Loading from disk: /assets/textures/fxgl_icon.png
15:32:42.808 [JavaFX Application Thread] DEBUG MainWindow           - Opening main window
15:32:43.061 [JavaFX Application Thread] DEBUG MainWindow           - Window border size: (0.0, 22.0)
15:32:43.062 [JavaFX Application Thread] DEBUG MainWindow           - Scaled size: 800.0 x 600.0
15:32:43.062 [JavaFX Application Thread] DEBUG MainWindow           - Scaled ratio: (1.0, 1.0)
15:32:43.062 [JavaFX Application Thread] DEBUG MainWindow           - Scene size: 800.0 x 600.0
15:32:43.063 [JavaFX Application Thread] DEBUG MainWindow           - Stage size: 800.0 x 622.0
15:32:43.137 [ForkJoinPool.commonPool-worker-1] DEBUG FS                   - Loaded DesktopFSService
15:32:43.138 [ForkJoinPool.commonPool-worker-1] DEBUG FXGL                 - Loading FXGL system data
15:32:43.149 [ForkJoinPool.commonPool-worker-1] DEBUG DesktopFSService     - Reading from: system/fxgl.bundle
15:32:43.164 [ForkJoinPool.commonPool-worker-1] DEBUG Bundle               - Logging bundle: FXGL
15:32:43.165 [ForkJoinPool.commonPool-worker-1] DEBUG Bundle               - FXGL.offline.timer.version.check=2019-12-20T14:26:23.443
15:32:43.167 [ForkJoinPool.commonPool-worker-1] DEBUG FXGL                 - Initializing state machine and application states
15:32:43.169 [ForkJoinPool.commonPool-worker-1] DEBUG AssetLoader          - Loading from disk: /assets/ui/cursors/fxgl_default.png
15:32:43.181 [ForkJoinPool.commonPool-worker-1] DEBUG AssetLoader          - Loading from disk: /assets/ui/cursors/fxgl_default.png
15:32:43.193 [ForkJoinPool.commonPool-worker-1] DEBUG AssetLoader          - Loading from cache: /assets/ui/fonts/VarelaRound-Regular.ttf
15:32:43.197 [ForkJoinPool.commonPool-worker-1] DEBUG AssetLoader          - Loading from disk: /assets/ui/cursors/fxgl_default.png
15:32:43.203 [ForkJoinPool.commonPool-worker-1] DEBUG GameScene            - Game scene initialized: 800x600
15:32:43.212 [ForkJoinPool.commonPool-worker-1] DEBUG GameWorld            - Game world initialized
15:32:43.364 [ForkJoinPool.commonPool-worker-1] DEBUG PhysicsWorld         - Physics world initialized: appHeight=600, physics.ppm=50.0
15:32:43.414 [ForkJoinPool.commonPool-worker-1] DEBUG Input                - Registered new binding: Pause - Esc
15:32:43.504 [JavaFX Application Thread] DEBUG FXGL                 - Running preInit()
15:32:43.506 [JavaFX Application Thread] DEBUG Input                - Registered new binding: Screenshot - P
15:32:43.507 [JavaFX Application Thread] DEBUG Input                - Registered new binding: Dev Options - CTRL+0
15:32:43.508 [JavaFX Application Thread] DEBUG Input                - Registered new binding: System info dump - CTRL+9
15:32:43.509 [JavaFX Application Thread] DEBUG Input                - Registered new binding: Restart - CTRL+R
15:32:43.509 [JavaFX Application Thread] DEBUG Input                - Registered new binding: Move Right - D
15:32:43.510 [JavaFX Application Thread] DEBUG Input                - Registered new binding: Move Left - A
15:32:43.510 [JavaFX Application Thread] DEBUG Input                - Registered new binding: Move Up - W
15:32:43.511 [JavaFX Application Thread] DEBUG Input                - Registered new binding: Move Down - S
15:32:43.511 [JavaFX Application Thread] DEBUG Input                - Registered new binding: Attack - Enter
15:32:43.512 [JavaFX Application Thread] INFO  FXGL                 - FXGL initialization took: 1.254 sec
15:32:43.513 [JavaFX Application Thread] DEBUG LoopRunner           - Starting loop
15:32:43.515 [JavaFX Application Thread] DEBUG StartupState         - STARTUP
15:32:43.515 [JavaFX Application Thread] DEBUG GameApplication      - Starting new game
15:32:43.515 [JavaFX Application Thread] DEBUG Input                - Clearing active input actions
15:32:43.517 [JavaFX Application Thread] DEBUG AssetLoader          - Loading from disk: /assets/ui/css/fxgl_dark.css
15:32:43.530 [JavaFX Application Thread] DEBUG AppStateMachine      - StartupState -> LoadingState
15:32:43.537 [FXGL Background Thread 1 ] DEBUG InitAppTask          - Clearing previous game
15:32:43.537 [FXGL Background Thread 1 ] DEBUG GameWorld            - Clearing game world
15:32:43.537 [FXGL Background Thread 1 ] DEBUG PhysicsWorld         - Clearing physics world
15:32:43.538 [FXGL Background Thread 1 ] DEBUG GameScene            - Clearing game scene
15:32:43.540 [FXGL Background Thread 1 ] DEBUG InitAppTask          - Initializing Game
15:32:43.590 [FXGL Background Thread 1 ] DEBUG AssetLoader          - Loading from disk: /assets/textures/hero_walk.gif
15:32:43.609 [FXGL Background Thread 1 ] DEBUG GameScene            - Creating render group for layer: DEFAULT(100000)
15:32:43.615 [FXGL Background Thread 1 ] DEBUG AssetLoader          - Loading from disk: /assets/textures/red_jewel.png
15:32:43.620 [FXGL Background Thread 1 ] DEBUG AssetLoader          - Loading from disk: /assets/textures/blue_jewel.png
15:32:43.624 [FXGL Background Thread 1 ] DEBUG AssetLoader          - Loading from disk: /assets/textures/purple_jewel.png
15:32:43.628 [FXGL Background Thread 1 ] DEBUG AssetLoader          - Loading from disk: /assets/textures/green_jewel.png
15:32:43.634 [FXGL Background Thread 1 ] DEBUG AssetLoader          - Loading from disk: /assets/textures/monster.gif
15:32:43.638 [FXGL Background Thread 1 ] DEBUG InitAppTask          - Initializing Physics
15:32:43.639 [FXGL Background Thread 1 ] DEBUG InitAppTask          - Initializing UI
15:32:43.641 [FXGL Background Thread 1 ] DEBUG InitAppTask          - Initialization Complete
15:32:43.641 [FXGL Background Thread 1 ] INFO  InitAppTask          - Game initialization took: 0.104 sec
15:32:43.675 [JavaFX Application Thread] DEBUG Input                - Clearing active input actions
15:32:43.676 [JavaFX Application Thread] DEBUG AssetLoader          - Loading from disk: /assets/ui/css/fxgl_dark.css
15:32:43.690 [JavaFX Application Thread] DEBUG AppStateMachine      - LoadingState -> PlayState
15:32:48.150 [JavaFX Application Thread] DEBUG FXGL                 - Exiting FXGL
15:32:48.151 [JavaFX Application Thread] DEBUG FXGL                 - Shutting down background threads
15:32:48.151 [JavaFX Application Thread] DEBUG FXGL                 - Saving FXGL system data
15:32:48.154 [JavaFX Application Thread] DEBUG DesktopFSService     - Writing to: system/fxgl.bundle
15:32:48.159 [JavaFX Application Thread] DEBUG FXGL                 - Closing logger and exiting JavaFX
