19:34:39.090 [JavaFX Application Thread] DEBUG GameApplication      - Logger initialized
19:34:39.099 [JavaFX Application Thread] DEBUG GameApplication      - Logging settings
Title: What a Silly Game
Version: 0.1
Width: 800
Height: 600
Fullscreen: false
Intro: false
Menus: false
Profiling: false
Single step:false
App Mode: DEVELOPER
Menu Key: ESCAPE
Stage Style: DECORATED
Scene Factory: class com.almasb.fxgl.scene.SceneFactory
Dialog Factory: class com.almasb.fxgl.ui.FXGLDialogFactory
UI Factory: class com.almasb.fxgl.ui.FXGLUIFactory
Notification Service: class com.almasb.fxgl.gameplay.notification.XboxNotificationView
Exception Handler: class com.almasb.fxgl.app.FXGLExceptionHandler
19:34:39.100 [JavaFX Application Thread] DEBUG GameApplication      - Starting FXGL
19:34:39.111 [JavaFX Application Thread] INFO  FXGL                 - FXGL-0.5.4 on DESKTOP
19:34:39.111 [JavaFX Application Thread] INFO  FXGL                 - Source code and latest versions at: https://github.com/AlmasB/FXGL
19:34:39.111 [JavaFX Application Thread] INFO  FXGL                 -              Join the FXGL chat at: https://gitter.im/AlmasB/FXGL
19:34:39.112 [JavaFX Application Thread] DEBUG FXGL                 - FXGL started
19:34:39.112 [JavaFX Application Thread] DEBUG FXGL                 - Initializing FXGL
19:34:39.177 [JavaFX Application Thread] DEBUG AssetLoader          - Loading from disk: /assets/ui/cursors/fxgl_default.png
19:34:39.422 [JavaFX Application Thread] DEBUG AssetLoader          - Loading from disk: /assets/ui/fonts/VarelaRound-Regular.ttf
19:34:39.491 [JavaFX Application Thread] DEBUG MainWindow           - Creating a JavaFX scene
19:34:39.532 [JavaFX Application Thread] DEBUG MainWindow           - Target settings size: 800.0 x 600.0
19:34:39.532 [JavaFX Application Thread] DEBUG MainWindow           - Scaled scene size:    800.0 x 600.0
19:34:39.532 [JavaFX Application Thread] DEBUG MainWindow           - Scaled ratio: (1.0, 1.0)
19:34:39.535 [JavaFX Application Thread] DEBUG AssetLoader          - Loading from disk: /assets/ui/css/fxgl_dark.css
19:34:39.539 [JavaFX Application Thread] DEBUG AssetLoader          - Loading from disk: /assets/textures/fxgl_icon.png
19:34:39.560 [JavaFX Application Thread] DEBUG MainWindow           - Opening main window
19:34:39.740 [JavaFX Application Thread] DEBUG MainWindow           - Window border size: (0.0, 22.0)
19:34:39.740 [JavaFX Application Thread] DEBUG MainWindow           - Scaled size: 800.0 x 600.0
19:34:39.740 [JavaFX Application Thread] DEBUG MainWindow           - Scaled ratio: (1.0, 1.0)
19:34:39.741 [JavaFX Application Thread] DEBUG MainWindow           - Scene size: 800.0 x 600.0
19:34:39.741 [JavaFX Application Thread] DEBUG MainWindow           - Stage size: 800.0 x 622.0
19:34:39.792 [ForkJoinPool.commonPool-worker-1] DEBUG FS                   - Loaded DesktopFSService
19:34:39.792 [ForkJoinPool.commonPool-worker-1] DEBUG FXGL                 - Loading FXGL system data
19:34:39.801 [ForkJoinPool.commonPool-worker-1] DEBUG DesktopFSService     - Reading from: system/fxgl.bundle
19:34:39.814 [ForkJoinPool.commonPool-worker-1] DEBUG Bundle               - Logging bundle: FXGL
19:34:39.815 [ForkJoinPool.commonPool-worker-1] DEBUG Bundle               - FXGL.offline.timer.version.check=2019-12-13T14:02:17.794
19:34:39.817 [ForkJoinPool.commonPool-worker-1] DEBUG FXGL                 - Initializing state machine and application states
19:34:39.819 [ForkJoinPool.commonPool-worker-1] DEBUG AssetLoader          - Loading from disk: /assets/ui/cursors/fxgl_default.png
19:34:39.826 [ForkJoinPool.commonPool-worker-1] DEBUG AssetLoader          - Loading from disk: /assets/ui/cursors/fxgl_default.png
19:34:39.835 [ForkJoinPool.commonPool-worker-1] DEBUG AssetLoader          - Loading from cache: /assets/ui/fonts/VarelaRound-Regular.ttf
19:34:39.839 [ForkJoinPool.commonPool-worker-1] DEBUG AssetLoader          - Loading from disk: /assets/ui/cursors/fxgl_default.png
19:34:39.843 [ForkJoinPool.commonPool-worker-1] DEBUG GameScene            - Game scene initialized: 800x600
19:34:39.851 [ForkJoinPool.commonPool-worker-1] DEBUG GameWorld            - Game world initialized
19:34:39.954 [ForkJoinPool.commonPool-worker-1] DEBUG PhysicsWorld         - Physics world initialized: appHeight=600, physics.ppm=50.0
19:34:39.980 [ForkJoinPool.commonPool-worker-1] DEBUG Input                - Registered new binding: Pause - Esc
19:34:40.049 [JavaFX Application Thread] DEBUG FXGL                 - Running preInit()
19:34:40.051 [JavaFX Application Thread] DEBUG Input                - Registered new binding: Screenshot - P
19:34:40.052 [JavaFX Application Thread] DEBUG Input                - Registered new binding: Dev Options - CTRL+0
19:34:40.052 [JavaFX Application Thread] DEBUG Input                - Registered new binding: System info dump - CTRL+9
19:34:40.053 [JavaFX Application Thread] DEBUG Input                - Registered new binding: Restart - CTRL+R
19:34:40.053 [JavaFX Application Thread] DEBUG Input                - Registered new binding: Move Right - D
19:34:40.053 [JavaFX Application Thread] DEBUG Input                - Registered new binding: Move Left - A
19:34:40.054 [JavaFX Application Thread] DEBUG Input                - Registered new binding: Move Up - W
19:34:40.054 [JavaFX Application Thread] DEBUG Input                - Registered new binding: Move Down - S
19:34:40.055 [JavaFX Application Thread] INFO  FXGL                 - FXGL initialization took: 0.942 sec
19:34:40.055 [JavaFX Application Thread] DEBUG LoopRunner           - Starting loop
19:34:40.056 [JavaFX Application Thread] DEBUG StartupState         - STARTUP
19:34:40.057 [JavaFX Application Thread] DEBUG GameApplication      - Starting new game
19:34:40.057 [JavaFX Application Thread] DEBUG Input                - Clearing active input actions
19:34:40.059 [JavaFX Application Thread] DEBUG AssetLoader          - Loading from disk: /assets/ui/css/fxgl_dark.css
19:34:40.071 [JavaFX Application Thread] DEBUG AppStateMachine      - StartupState -> LoadingState
19:34:40.078 [FXGL Background Thread 1 ] DEBUG InitAppTask          - Clearing previous game
19:34:40.078 [FXGL Background Thread 1 ] DEBUG GameWorld            - Clearing game world
19:34:40.078 [FXGL Background Thread 1 ] DEBUG PhysicsWorld         - Clearing physics world
19:34:40.078 [FXGL Background Thread 1 ] DEBUG GameScene            - Clearing game scene
19:34:40.082 [FXGL Background Thread 1 ] DEBUG InitAppTask          - Initializing Game
19:34:40.137 [FXGL Background Thread 1 ] DEBUG AssetLoader          - Loading from disk: /assets/textures/hero_walk.gif
19:34:40.155 [FXGL Background Thread 1 ] DEBUG GameScene            - Creating render group for layer: DEFAULT(100000)
19:34:40.159 [FXGL Background Thread 1 ] DEBUG AssetLoader          - Loading from disk: /assets/textures/red_jewel.png
19:34:40.162 [FXGL Background Thread 1 ] DEBUG AssetLoader          - Loading from disk: /assets/textures/blue_jewel.png
19:34:40.163 [FXGL Background Thread 1 ] DEBUG AssetLoader          - Loading from disk: /assets/textures/purple_jewel.png
19:34:40.165 [FXGL Background Thread 1 ] DEBUG AssetLoader          - Loading from disk: /assets/textures/green_jewel.png
19:34:40.166 [FXGL Background Thread 1 ] DEBUG InitAppTask          - Initializing Physics
19:34:40.167 [FXGL Background Thread 1 ] DEBUG InitAppTask          - Initializing UI
19:34:40.167 [FXGL Background Thread 1 ] DEBUG InitAppTask          - Initialization Complete
19:34:40.167 [FXGL Background Thread 1 ] INFO  InitAppTask          - Game initialization took: 0.090 sec
19:34:40.217 [JavaFX Application Thread] DEBUG Input                - Clearing active input actions
19:34:40.217 [JavaFX Application Thread] DEBUG AssetLoader          - Loading from disk: /assets/ui/css/fxgl_dark.css
19:34:40.232 [JavaFX Application Thread] DEBUG AppStateMachine      - LoadingState -> PlayState
19:34:44.109 [JavaFX Application Thread] DEBUG FXGL                 - Exiting FXGL
19:34:44.110 [JavaFX Application Thread] DEBUG FXGL                 - Shutting down background threads
19:34:44.110 [JavaFX Application Thread] DEBUG FXGL                 - Saving FXGL system data
19:34:44.114 [JavaFX Application Thread] DEBUG DesktopFSService     - Writing to: system/fxgl.bundle
19:34:44.117 [JavaFX Application Thread] DEBUG FXGL                 - Closing logger and exiting JavaFX
