10:26:38.445 [JavaFX Application Thread] DEBUG GameApplication      - Logger initialized
10:26:38.454 [JavaFX Application Thread] DEBUG GameApplication      - Logging settings
Title: What a Silly Game
Version: 0.1
Width: 800
Height: 600
Fullscreen: false
Intro: false
Menus: false
Profiling: false
Single step:false
App Mode: DEVELOPER
Menu Key: ESCAPE
Stage Style: DECORATED
Scene Factory: class com.almasb.fxgl.scene.SceneFactory
Dialog Factory: class com.almasb.fxgl.ui.FXGLDialogFactory
UI Factory: class com.almasb.fxgl.ui.FXGLUIFactory
Notification Service: class com.almasb.fxgl.gameplay.notification.XboxNotificationView
Exception Handler: class com.almasb.fxgl.app.FXGLExceptionHandler
10:26:38.455 [JavaFX Application Thread] DEBUG GameApplication      - Starting FXGL
10:26:38.467 [JavaFX Application Thread] INFO  FXGL                 - FXGL-0.5.4 on DESKTOP
10:26:38.467 [JavaFX Application Thread] INFO  FXGL                 - Source code and latest versions at: https://github.com/AlmasB/FXGL
10:26:38.468 [JavaFX Application Thread] INFO  FXGL                 -              Join the FXGL chat at: https://gitter.im/AlmasB/FXGL
10:26:38.468 [JavaFX Application Thread] DEBUG FXGL                 - FXGL started
10:26:38.468 [JavaFX Application Thread] DEBUG FXGL                 - Initializing FXGL
10:26:38.532 [JavaFX Application Thread] DEBUG AssetLoader          - Loading from disk: /assets/ui/cursors/fxgl_default.png
10:26:38.788 [JavaFX Application Thread] DEBUG AssetLoader          - Loading from disk: /assets/ui/fonts/VarelaRound-Regular.ttf
10:26:38.857 [JavaFX Application Thread] DEBUG MainWindow           - Creating a JavaFX scene
10:26:38.900 [JavaFX Application Thread] DEBUG MainWindow           - Target settings size: 800.0 x 600.0
10:26:38.901 [JavaFX Application Thread] DEBUG MainWindow           - Scaled scene size:    800.0 x 600.0
10:26:38.901 [JavaFX Application Thread] DEBUG MainWindow           - Scaled ratio: (1.0, 1.0)
10:26:38.904 [JavaFX Application Thread] DEBUG AssetLoader          - Loading from disk: /assets/ui/css/fxgl_dark.css
10:26:38.908 [JavaFX Application Thread] DEBUG AssetLoader          - Loading from disk: /assets/textures/fxgl_icon.png
10:26:38.926 [JavaFX Application Thread] DEBUG MainWindow           - Opening main window
10:26:39.127 [JavaFX Application Thread] DEBUG MainWindow           - Window border size: (0.0, 22.0)
10:26:39.127 [JavaFX Application Thread] DEBUG MainWindow           - Scaled size: 800.0 x 600.0
10:26:39.127 [JavaFX Application Thread] DEBUG MainWindow           - Scaled ratio: (1.0, 1.0)
10:26:39.127 [JavaFX Application Thread] DEBUG MainWindow           - Scene size: 800.0 x 600.0
10:26:39.127 [JavaFX Application Thread] DEBUG MainWindow           - Stage size: 800.0 x 622.0
10:26:39.183 [ForkJoinPool.commonPool-worker-1] DEBUG FS                   - Loaded DesktopFSService
10:26:39.183 [ForkJoinPool.commonPool-worker-1] DEBUG FXGL                 - Loading FXGL system data
10:26:39.192 [ForkJoinPool.commonPool-worker-1] DEBUG DesktopFSService     - Reading from: system/fxgl.bundle
10:26:39.207 [ForkJoinPool.commonPool-worker-1] DEBUG Bundle               - Logging bundle: FXGL
10:26:39.208 [ForkJoinPool.commonPool-worker-1] DEBUG Bundle               - FXGL.offline.timer.version.check=2019-12-13T14:02:17.794
10:26:39.211 [ForkJoinPool.commonPool-worker-1] DEBUG FXGL                 - Initializing state machine and application states
10:26:39.215 [ForkJoinPool.commonPool-worker-1] DEBUG AssetLoader          - Loading from disk: /assets/ui/cursors/fxgl_default.png
10:26:39.228 [ForkJoinPool.commonPool-worker-1] DEBUG AssetLoader          - Loading from disk: /assets/ui/cursors/fxgl_default.png
10:26:39.241 [ForkJoinPool.commonPool-worker-1] DEBUG AssetLoader          - Loading from cache: /assets/ui/fonts/VarelaRound-Regular.ttf
10:26:39.247 [ForkJoinPool.commonPool-worker-1] DEBUG AssetLoader          - Loading from disk: /assets/ui/cursors/fxgl_default.png
10:26:39.254 [ForkJoinPool.commonPool-worker-1] DEBUG GameScene            - Game scene initialized: 800x600
10:26:39.263 [ForkJoinPool.commonPool-worker-1] DEBUG GameWorld            - Game world initialized
10:26:39.366 [ForkJoinPool.commonPool-worker-1] DEBUG PhysicsWorld         - Physics world initialized: appHeight=600, physics.ppm=50.0
10:26:39.400 [ForkJoinPool.commonPool-worker-1] DEBUG Input                - Registered new binding: Pause - Esc
10:26:39.479 [JavaFX Application Thread] DEBUG FXGL                 - Running preInit()
10:26:39.482 [JavaFX Application Thread] DEBUG Input                - Registered new binding: Screenshot - P
10:26:39.483 [JavaFX Application Thread] DEBUG Input                - Registered new binding: Dev Options - CTRL+0
10:26:39.484 [JavaFX Application Thread] DEBUG Input                - Registered new binding: System info dump - CTRL+9
10:26:39.485 [JavaFX Application Thread] DEBUG Input                - Registered new binding: Restart - CTRL+R
10:26:39.485 [JavaFX Application Thread] DEBUG Input                - Registered new binding: Move Right - D
10:26:39.485 [JavaFX Application Thread] DEBUG Input                - Registered new binding: Move Left - A
10:26:39.486 [JavaFX Application Thread] DEBUG Input                - Registered new binding: Move Up - W
10:26:39.486 [JavaFX Application Thread] DEBUG Input                - Registered new binding: Move Down - S
10:26:39.487 [JavaFX Application Thread] INFO  FXGL                 - FXGL initialization took: 1.018 sec
10:26:39.487 [JavaFX Application Thread] DEBUG LoopRunner           - Starting loop
10:26:39.489 [JavaFX Application Thread] DEBUG StartupState         - STARTUP
10:26:39.489 [JavaFX Application Thread] DEBUG GameApplication      - Starting new game
10:26:39.489 [JavaFX Application Thread] DEBUG Input                - Clearing active input actions
10:26:39.490 [JavaFX Application Thread] DEBUG AssetLoader          - Loading from disk: /assets/ui/css/fxgl_dark.css
10:26:39.502 [JavaFX Application Thread] DEBUG AppStateMachine      - StartupState -> LoadingState
10:26:39.507 [FXGL Background Thread 1 ] DEBUG InitAppTask          - Clearing previous game
10:26:39.507 [FXGL Background Thread 1 ] DEBUG GameWorld            - Clearing game world
10:26:39.507 [FXGL Background Thread 1 ] DEBUG PhysicsWorld         - Clearing physics world
10:26:39.508 [FXGL Background Thread 1 ] DEBUG GameScene            - Clearing game scene
10:26:39.509 [FXGL Background Thread 1 ] DEBUG InitAppTask          - Initializing Game
10:26:39.560 [FXGL Background Thread 1 ] DEBUG AssetLoader          - Loading from disk: /assets/textures/hero_walk.gif
10:26:39.571 [FXGL Background Thread 1 ] DEBUG GameScene            - Creating render group for layer: DEFAULT(100000)
10:26:39.576 [FXGL Background Thread 1 ] DEBUG AssetLoader          - Loading from disk: /assets/textures/red_jewel.png
10:26:39.581 [FXGL Background Thread 1 ] DEBUG AssetLoader          - Loading from disk: /assets/textures/blue_jewel.png
10:26:39.583 [FXGL Background Thread 1 ] DEBUG AssetLoader          - Loading from disk: /assets/textures/purple_jewel.png
10:26:39.586 [FXGL Background Thread 1 ] DEBUG AssetLoader          - Loading from disk: /assets/textures/green_jewel.png
10:26:39.587 [FXGL Background Thread 1 ] DEBUG InitAppTask          - Initializing Physics
10:26:39.588 [FXGL Background Thread 1 ] DEBUG InitAppTask          - Initializing UI
10:26:39.588 [FXGL Background Thread 1 ] DEBUG InitAppTask          - Initialization Complete
10:26:39.589 [FXGL Background Thread 1 ] INFO  InitAppTask          - Game initialization took: 0.082 sec
10:26:39.618 [JavaFX Application Thread] DEBUG Input                - Clearing active input actions
10:26:39.618 [JavaFX Application Thread] DEBUG AssetLoader          - Loading from disk: /assets/ui/css/fxgl_dark.css
10:26:39.635 [JavaFX Application Thread] DEBUG AppStateMachine      - LoadingState -> PlayState
10:26:50.362 [JavaFX Application Thread] DEBUG FXGL                 - Exiting FXGL
10:26:50.363 [JavaFX Application Thread] DEBUG FXGL                 - Shutting down background threads
10:26:50.363 [JavaFX Application Thread] DEBUG FXGL                 - Saving FXGL system data
10:26:50.367 [JavaFX Application Thread] DEBUG DesktopFSService     - Writing to: system/fxgl.bundle
10:26:50.371 [JavaFX Application Thread] DEBUG FXGL                 - Closing logger and exiting JavaFX
