10:41:37.517 [JavaFX Application Thread] DEBUG GameApplication      - Logger initialized
10:41:37.526 [JavaFX Application Thread] DEBUG GameApplication      - Logging settings
Title: What a Silly Game
Version: 0.1
Width: 800
Height: 600
Fullscreen: false
Intro: false
Menus: false
Profiling: false
Single step:false
App Mode: DEVELOPER
Menu Key: ESCAPE
Stage Style: DECORATED
Scene Factory: class com.almasb.fxgl.scene.SceneFactory
Dialog Factory: class com.almasb.fxgl.ui.FXGLDialogFactory
UI Factory: class com.almasb.fxgl.ui.FXGLUIFactory
Notification Service: class com.almasb.fxgl.gameplay.notification.XboxNotificationView
Exception Handler: class com.almasb.fxgl.app.FXGLExceptionHandler
10:41:37.526 [JavaFX Application Thread] DEBUG GameApplication      - Starting FXGL
10:41:37.539 [JavaFX Application Thread] INFO  FXGL                 - FXGL-0.5.4 on DESKTOP
10:41:37.539 [JavaFX Application Thread] INFO  FXGL                 - Source code and latest versions at: https://github.com/AlmasB/FXGL
10:41:37.540 [JavaFX Application Thread] INFO  FXGL                 -              Join the FXGL chat at: https://gitter.im/AlmasB/FXGL
10:41:37.540 [JavaFX Application Thread] DEBUG FXGL                 - FXGL started
10:41:37.540 [JavaFX Application Thread] DEBUG FXGL                 - Initializing FXGL
10:41:37.605 [JavaFX Application Thread] DEBUG AssetLoader          - Loading from disk: /assets/ui/cursors/fxgl_default.png
10:41:37.915 [JavaFX Application Thread] DEBUG AssetLoader          - Loading from disk: /assets/ui/fonts/VarelaRound-Regular.ttf
10:41:37.996 [JavaFX Application Thread] DEBUG MainWindow           - Creating a JavaFX scene
10:41:38.055 [JavaFX Application Thread] DEBUG MainWindow           - Target settings size: 800.0 x 600.0
10:41:38.056 [JavaFX Application Thread] DEBUG MainWindow           - Scaled scene size:    800.0 x 600.0
10:41:38.056 [JavaFX Application Thread] DEBUG MainWindow           - Scaled ratio: (1.0, 1.0)
10:41:38.061 [JavaFX Application Thread] DEBUG AssetLoader          - Loading from disk: /assets/ui/css/fxgl_dark.css
10:41:38.066 [JavaFX Application Thread] DEBUG AssetLoader          - Loading from disk: /assets/textures/fxgl_icon.png
10:41:38.095 [JavaFX Application Thread] DEBUG MainWindow           - Opening main window
10:41:38.337 [JavaFX Application Thread] DEBUG MainWindow           - Window border size: (0.0, 22.0)
10:41:38.338 [JavaFX Application Thread] DEBUG MainWindow           - Scaled size: 800.0 x 600.0
10:41:38.338 [JavaFX Application Thread] DEBUG MainWindow           - Scaled ratio: (1.0, 1.0)
10:41:38.338 [JavaFX Application Thread] DEBUG MainWindow           - Scene size: 800.0 x 600.0
10:41:38.338 [JavaFX Application Thread] DEBUG MainWindow           - Stage size: 800.0 x 622.0
10:41:38.397 [ForkJoinPool.commonPool-worker-1] DEBUG FS                   - Loaded DesktopFSService
10:41:38.398 [ForkJoinPool.commonPool-worker-1] DEBUG FXGL                 - Loading FXGL system data
10:41:38.407 [ForkJoinPool.commonPool-worker-1] DEBUG DesktopFSService     - Reading from: system/fxgl.bundle
10:41:38.427 [ForkJoinPool.commonPool-worker-1] DEBUG Bundle               - Logging bundle: FXGL
10:41:38.429 [ForkJoinPool.commonPool-worker-1] DEBUG Bundle               - FXGL.offline.timer.version.check=2019-12-13T14:02:17.794
10:41:38.430 [ForkJoinPool.commonPool-worker-1] DEBUG FXGL                 - Initializing state machine and application states
10:41:38.432 [ForkJoinPool.commonPool-worker-1] DEBUG AssetLoader          - Loading from disk: /assets/ui/cursors/fxgl_default.png
10:41:38.441 [ForkJoinPool.commonPool-worker-1] DEBUG AssetLoader          - Loading from disk: /assets/ui/cursors/fxgl_default.png
10:41:38.458 [ForkJoinPool.commonPool-worker-1] DEBUG AssetLoader          - Loading from cache: /assets/ui/fonts/VarelaRound-Regular.ttf
10:41:38.462 [ForkJoinPool.commonPool-worker-1] DEBUG AssetLoader          - Loading from disk: /assets/ui/cursors/fxgl_default.png
10:41:38.472 [ForkJoinPool.commonPool-worker-1] DEBUG GameScene            - Game scene initialized: 800x600
10:41:38.486 [ForkJoinPool.commonPool-worker-1] DEBUG GameWorld            - Game world initialized
10:41:38.615 [ForkJoinPool.commonPool-worker-1] DEBUG PhysicsWorld         - Physics world initialized: appHeight=600, physics.ppm=50.0
10:41:38.666 [ForkJoinPool.commonPool-worker-1] DEBUG Input                - Registered new binding: Pause - Esc
10:41:38.742 [JavaFX Application Thread] DEBUG FXGL                 - Running preInit()
10:41:38.744 [JavaFX Application Thread] DEBUG Input                - Registered new binding: Screenshot - P
10:41:38.744 [JavaFX Application Thread] DEBUG Input                - Registered new binding: Dev Options - CTRL+0
10:41:38.745 [JavaFX Application Thread] DEBUG Input                - Registered new binding: System info dump - CTRL+9
10:41:38.745 [JavaFX Application Thread] DEBUG Input                - Registered new binding: Restart - CTRL+R
10:41:38.746 [JavaFX Application Thread] DEBUG Input                - Registered new binding: Move Right - D
10:41:38.746 [JavaFX Application Thread] DEBUG Input                - Registered new binding: Move Left - A
10:41:38.746 [JavaFX Application Thread] DEBUG Input                - Registered new binding: Move Up - W
10:41:38.746 [JavaFX Application Thread] DEBUG Input                - Registered new binding: Move Down - S
10:41:38.747 [JavaFX Application Thread] INFO  FXGL                 - FXGL initialization took: 1.206 sec
10:41:38.748 [JavaFX Application Thread] DEBUG LoopRunner           - Starting loop
10:41:38.750 [JavaFX Application Thread] DEBUG StartupState         - STARTUP
10:41:38.750 [JavaFX Application Thread] DEBUG GameApplication      - Starting new game
10:41:38.751 [JavaFX Application Thread] DEBUG Input                - Clearing active input actions
10:41:38.753 [JavaFX Application Thread] DEBUG AssetLoader          - Loading from disk: /assets/ui/css/fxgl_dark.css
10:41:38.764 [JavaFX Application Thread] DEBUG AppStateMachine      - StartupState -> LoadingState
10:41:38.770 [FXGL Background Thread 1 ] DEBUG InitAppTask          - Clearing previous game
10:41:38.770 [FXGL Background Thread 1 ] DEBUG GameWorld            - Clearing game world
10:41:38.770 [FXGL Background Thread 1 ] DEBUG PhysicsWorld         - Clearing physics world
10:41:38.770 [FXGL Background Thread 1 ] DEBUG GameScene            - Clearing game scene
10:41:38.772 [FXGL Background Thread 1 ] DEBUG InitAppTask          - Initializing Game
10:41:38.827 [FXGL Background Thread 1 ] DEBUG AssetLoader          - Loading from disk: /assets/textures/hero_walk.gif
10:41:38.843 [FXGL Background Thread 1 ] DEBUG GameScene            - Creating render group for layer: DEFAULT(100000)
10:41:38.850 [FXGL Background Thread 1 ] DEBUG AssetLoader          - Loading from disk: /assets/textures/red_jewel.png
10:41:38.854 [FXGL Background Thread 1 ] DEBUG AssetLoader          - Loading from disk: /assets/textures/blue_jewel.png
10:41:38.856 [FXGL Background Thread 1 ] DEBUG AssetLoader          - Loading from disk: /assets/textures/purple_jewel.png
10:41:38.859 [FXGL Background Thread 1 ] DEBUG AssetLoader          - Loading from disk: /assets/textures/green_jewel.png
10:41:38.860 [FXGL Background Thread 1 ] DEBUG InitAppTask          - Initializing Physics
10:41:38.861 [FXGL Background Thread 1 ] DEBUG InitAppTask          - Initializing UI
10:41:38.862 [FXGL Background Thread 1 ] DEBUG InitAppTask          - Initialization Complete
10:41:38.862 [FXGL Background Thread 1 ] INFO  InitAppTask          - Game initialization took: 0.092 sec
10:41:38.890 [JavaFX Application Thread] DEBUG Input                - Clearing active input actions
10:41:38.891 [JavaFX Application Thread] DEBUG AssetLoader          - Loading from disk: /assets/ui/css/fxgl_dark.css
10:41:38.907 [JavaFX Application Thread] DEBUG AppStateMachine      - LoadingState -> PlayState
10:41:47.155 [JavaFX Application Thread] DEBUG FXGL                 - Exiting FXGL
10:41:47.155 [JavaFX Application Thread] DEBUG FXGL                 - Shutting down background threads
10:41:47.155 [JavaFX Application Thread] DEBUG FXGL                 - Saving FXGL system data
10:41:47.161 [JavaFX Application Thread] DEBUG DesktopFSService     - Writing to: system/fxgl.bundle
10:41:47.166 [JavaFX Application Thread] DEBUG FXGL                 - Closing logger and exiting JavaFX
