19:28:41.902 [JavaFX Application Thread] DEBUG GameApplication      - Logger initialized
19:28:41.914 [JavaFX Application Thread] DEBUG GameApplication      - Logging settings
Title: What a Silly Game
Version: 0.1
Width: 800
Height: 600
Fullscreen: false
Intro: false
Menus: false
Profiling: false
Single step:false
App Mode: DEVELOPER
Menu Key: ESCAPE
Stage Style: DECORATED
Scene Factory: class com.almasb.fxgl.scene.SceneFactory
Dialog Factory: class com.almasb.fxgl.ui.FXGLDialogFactory
UI Factory: class com.almasb.fxgl.ui.FXGLUIFactory
Notification Service: class com.almasb.fxgl.gameplay.notification.XboxNotificationView
Exception Handler: class com.almasb.fxgl.app.FXGLExceptionHandler
19:28:41.914 [JavaFX Application Thread] DEBUG GameApplication      - Starting FXGL
19:28:41.932 [JavaFX Application Thread] INFO  FXGL                 - FXGL-0.5.4 on DESKTOP
19:28:41.933 [JavaFX Application Thread] INFO  FXGL                 - Source code and latest versions at: https://github.com/AlmasB/FXGL
19:28:41.933 [JavaFX Application Thread] INFO  FXGL                 -              Join the FXGL chat at: https://gitter.im/AlmasB/FXGL
19:28:41.933 [JavaFX Application Thread] DEBUG FXGL                 - FXGL started
19:28:41.934 [JavaFX Application Thread] DEBUG FXGL                 - Initializing FXGL
19:28:42.009 [JavaFX Application Thread] DEBUG AssetLoader          - Loading from disk: /assets/ui/cursors/fxgl_default.png
19:28:42.259 [JavaFX Application Thread] DEBUG AssetLoader          - Loading from disk: /assets/ui/fonts/VarelaRound-Regular.ttf
19:28:42.328 [JavaFX Application Thread] DEBUG MainWindow           - Creating a JavaFX scene
19:28:42.374 [JavaFX Application Thread] DEBUG MainWindow           - Target settings size: 800.0 x 600.0
19:28:42.374 [JavaFX Application Thread] DEBUG MainWindow           - Scaled scene size:    800.0 x 600.0
19:28:42.374 [JavaFX Application Thread] DEBUG MainWindow           - Scaled ratio: (1.0, 1.0)
19:28:42.379 [JavaFX Application Thread] DEBUG AssetLoader          - Loading from disk: /assets/ui/css/fxgl_dark.css
19:28:42.384 [JavaFX Application Thread] DEBUG AssetLoader          - Loading from disk: /assets/textures/fxgl_icon.png
19:28:42.405 [JavaFX Application Thread] DEBUG MainWindow           - Opening main window
19:28:42.608 [JavaFX Application Thread] DEBUG MainWindow           - Window border size: (0.0, 22.0)
19:28:42.608 [JavaFX Application Thread] DEBUG MainWindow           - Scaled size: 800.0 x 600.0
19:28:42.609 [JavaFX Application Thread] DEBUG MainWindow           - Scaled ratio: (1.0, 1.0)
19:28:42.609 [JavaFX Application Thread] DEBUG MainWindow           - Scene size: 800.0 x 600.0
19:28:42.610 [JavaFX Application Thread] DEBUG MainWindow           - Stage size: 800.0 x 622.0
19:28:42.669 [ForkJoinPool.commonPool-worker-1] DEBUG FS                   - Loaded DesktopFSService
19:28:42.669 [ForkJoinPool.commonPool-worker-1] DEBUG FXGL                 - Loading FXGL system data
19:28:42.687 [ForkJoinPool.commonPool-worker-1] DEBUG DesktopFSService     - Reading from: system/fxgl.bundle
19:28:42.711 [ForkJoinPool.commonPool-worker-1] DEBUG Bundle               - Logging bundle: FXGL
19:28:42.713 [ForkJoinPool.commonPool-worker-1] DEBUG Bundle               - FXGL.offline.timer.version.check=2019-12-13T14:02:17.794
19:28:42.714 [ForkJoinPool.commonPool-worker-1] DEBUG FXGL                 - Initializing state machine and application states
19:28:42.717 [ForkJoinPool.commonPool-worker-1] DEBUG AssetLoader          - Loading from disk: /assets/ui/cursors/fxgl_default.png
19:28:42.727 [ForkJoinPool.commonPool-worker-1] DEBUG AssetLoader          - Loading from disk: /assets/ui/cursors/fxgl_default.png
19:28:42.736 [ForkJoinPool.commonPool-worker-1] DEBUG AssetLoader          - Loading from cache: /assets/ui/fonts/VarelaRound-Regular.ttf
19:28:42.740 [ForkJoinPool.commonPool-worker-1] DEBUG AssetLoader          - Loading from disk: /assets/ui/cursors/fxgl_default.png
19:28:42.746 [ForkJoinPool.commonPool-worker-1] DEBUG GameScene            - Game scene initialized: 800x600
19:28:42.772 [ForkJoinPool.commonPool-worker-1] DEBUG GameWorld            - Game world initialized
19:28:42.853 [ForkJoinPool.commonPool-worker-1] DEBUG PhysicsWorld         - Physics world initialized: appHeight=600, physics.ppm=50.0
19:28:42.901 [ForkJoinPool.commonPool-worker-1] DEBUG Input                - Registered new binding: Pause - Esc
19:28:42.959 [JavaFX Application Thread] DEBUG FXGL                 - Running preInit()
19:28:42.960 [JavaFX Application Thread] DEBUG Input                - Registered new binding: Screenshot - P
19:28:42.960 [JavaFX Application Thread] DEBUG Input                - Registered new binding: Dev Options - CTRL+0
19:28:42.961 [JavaFX Application Thread] DEBUG Input                - Registered new binding: System info dump - CTRL+9
19:28:42.961 [JavaFX Application Thread] DEBUG Input                - Registered new binding: Restart - CTRL+R
19:28:42.961 [JavaFX Application Thread] DEBUG Input                - Registered new binding: Move Right - D
19:28:42.961 [JavaFX Application Thread] DEBUG Input                - Registered new binding: Move Left - A
19:28:42.962 [JavaFX Application Thread] DEBUG Input                - Registered new binding: Move Up - W
19:28:42.962 [JavaFX Application Thread] DEBUG Input                - Registered new binding: Move Down - S
19:28:42.962 [JavaFX Application Thread] INFO  FXGL                 - FXGL initialization took: 1.028 sec
19:28:42.962 [JavaFX Application Thread] DEBUG LoopRunner           - Starting loop
19:28:42.965 [JavaFX Application Thread] DEBUG StartupState         - STARTUP
19:28:42.965 [JavaFX Application Thread] DEBUG GameApplication      - Starting new game
19:28:42.965 [JavaFX Application Thread] DEBUG Input                - Clearing active input actions
19:28:42.967 [JavaFX Application Thread] DEBUG AssetLoader          - Loading from disk: /assets/ui/css/fxgl_dark.css
19:28:42.976 [JavaFX Application Thread] DEBUG AppStateMachine      - StartupState -> LoadingState
19:28:42.981 [FXGL Background Thread 1 ] DEBUG InitAppTask          - Clearing previous game
19:28:42.981 [FXGL Background Thread 1 ] DEBUG GameWorld            - Clearing game world
19:28:42.982 [FXGL Background Thread 1 ] DEBUG PhysicsWorld         - Clearing physics world
19:28:42.982 [FXGL Background Thread 1 ] DEBUG GameScene            - Clearing game scene
19:28:42.983 [FXGL Background Thread 1 ] DEBUG InitAppTask          - Initializing Game
19:28:43.018 [FXGL Background Thread 1 ] DEBUG AssetLoader          - Loading from disk: /assets/textures/hero_walk.gif
19:28:43.032 [FXGL Background Thread 1 ] DEBUG GameScene            - Creating render group for layer: DEFAULT(100000)
19:28:43.037 [FXGL Background Thread 1 ] DEBUG AssetLoader          - Loading from disk: /assets/textures/red_jewel.png
19:28:43.039 [FXGL Background Thread 1 ] DEBUG AssetLoader          - Loading from disk: /assets/textures/blue_jewel.png
19:28:43.040 [FXGL Background Thread 1 ] DEBUG AssetLoader          - Loading from disk: /assets/textures/purple_jewel.png
19:28:43.041 [FXGL Background Thread 1 ] DEBUG AssetLoader          - Loading from disk: /assets/textures/green_jewel.png
19:28:43.042 [FXGL Background Thread 1 ] DEBUG InitAppTask          - Initializing Physics
19:28:43.043 [FXGL Background Thread 1 ] DEBUG InitAppTask          - Initializing UI
19:28:43.043 [FXGL Background Thread 1 ] DEBUG InitAppTask          - Initialization Complete
19:28:43.043 [FXGL Background Thread 1 ] INFO  InitAppTask          - Game initialization took: 0.062 sec
19:28:43.065 [JavaFX Application Thread] DEBUG Input                - Clearing active input actions
19:28:43.065 [JavaFX Application Thread] DEBUG AssetLoader          - Loading from disk: /assets/ui/css/fxgl_dark.css
19:28:43.080 [JavaFX Application Thread] DEBUG AppStateMachine      - LoadingState -> PlayState
19:28:55.769 [JavaFX Application Thread] DEBUG FXGL                 - Exiting FXGL
19:28:55.770 [JavaFX Application Thread] DEBUG FXGL                 - Shutting down background threads
19:28:55.770 [JavaFX Application Thread] DEBUG FXGL                 - Saving FXGL system data
19:28:55.773 [JavaFX Application Thread] DEBUG DesktopFSService     - Writing to: system/fxgl.bundle
19:28:55.777 [JavaFX Application Thread] DEBUG FXGL                 - Closing logger and exiting JavaFX
