15:37:54.406 [JavaFX Application Thread] DEBUG GameApplication      - Logger initialized
15:37:54.414 [JavaFX Application Thread] DEBUG GameApplication      - Logging settings
Title: What a Silly Game
Version: 1.0
Width: 800
Height: 600
Fullscreen: false
Intro: false
Menus: false
Profiling: false
Single step:false
App Mode: DEVELOPER
Menu Key: ESCAPE
Stage Style: DECORATED
Scene Factory: class com.almasb.fxgl.scene.SceneFactory
Dialog Factory: class com.almasb.fxgl.ui.FXGLDialogFactory
UI Factory: class com.almasb.fxgl.ui.FXGLUIFactory
Notification Service: class com.almasb.fxgl.gameplay.notification.XboxNotificationView
Exception Handler: class com.almasb.fxgl.app.FXGLExceptionHandler
15:37:54.414 [JavaFX Application Thread] DEBUG GameApplication      - Starting FXGL
15:37:54.431 [JavaFX Application Thread] INFO  FXGL                 - FXGL-0.5.4 on DESKTOP
15:37:54.432 [JavaFX Application Thread] INFO  FXGL                 - Source code and latest versions at: https://github.com/AlmasB/FXGL
15:37:54.433 [JavaFX Application Thread] INFO  FXGL                 -              Join the FXGL chat at: https://gitter.im/AlmasB/FXGL
15:37:54.433 [JavaFX Application Thread] DEBUG FXGL                 - FXGL started
15:37:54.434 [JavaFX Application Thread] DEBUG FXGL                 - Initializing FXGL
15:37:54.517 [JavaFX Application Thread] DEBUG AssetLoader          - Loading from disk: /assets/ui/cursors/fxgl_default.png
15:37:54.770 [JavaFX Application Thread] DEBUG AssetLoader          - Loading from disk: /assets/ui/fonts/VarelaRound-Regular.ttf
15:37:54.846 [JavaFX Application Thread] DEBUG MainWindow           - Creating a JavaFX scene
15:37:54.905 [JavaFX Application Thread] DEBUG MainWindow           - Target settings size: 800.0 x 600.0
15:37:54.905 [JavaFX Application Thread] DEBUG MainWindow           - Scaled scene size:    800.0 x 600.0
15:37:54.905 [JavaFX Application Thread] DEBUG MainWindow           - Scaled ratio: (1.0, 1.0)
15:37:54.911 [JavaFX Application Thread] DEBUG AssetLoader          - Loading from disk: /assets/ui/css/fxgl_dark.css
15:37:54.917 [JavaFX Application Thread] DEBUG AssetLoader          - Loading from disk: /assets/textures/fxgl_icon.png
15:37:54.941 [JavaFX Application Thread] DEBUG MainWindow           - Opening main window
15:37:55.161 [JavaFX Application Thread] DEBUG MainWindow           - Window border size: (0.0, 22.0)
15:37:55.162 [JavaFX Application Thread] DEBUG MainWindow           - Scaled size: 800.0 x 600.0
15:37:55.162 [JavaFX Application Thread] DEBUG MainWindow           - Scaled ratio: (1.0, 1.0)
15:37:55.162 [JavaFX Application Thread] DEBUG MainWindow           - Scene size: 800.0 x 600.0
15:37:55.162 [JavaFX Application Thread] DEBUG MainWindow           - Stage size: 800.0 x 622.0
15:37:55.226 [ForkJoinPool.commonPool-worker-1] DEBUG FS                   - Loaded DesktopFSService
15:37:55.226 [ForkJoinPool.commonPool-worker-1] DEBUG FXGL                 - Loading FXGL system data
15:37:55.241 [ForkJoinPool.commonPool-worker-1] DEBUG DesktopFSService     - Reading from: system/fxgl.bundle
15:37:55.261 [ForkJoinPool.commonPool-worker-1] DEBUG Bundle               - Logging bundle: FXGL
15:37:55.262 [ForkJoinPool.commonPool-worker-1] DEBUG Bundle               - FXGL.offline.timer.version.check=2019-12-20T14:26:23.443
15:37:55.263 [ForkJoinPool.commonPool-worker-1] DEBUG FXGL                 - Initializing state machine and application states
15:37:55.265 [ForkJoinPool.commonPool-worker-1] DEBUG AssetLoader          - Loading from disk: /assets/ui/cursors/fxgl_default.png
15:37:55.274 [ForkJoinPool.commonPool-worker-1] DEBUG AssetLoader          - Loading from disk: /assets/ui/cursors/fxgl_default.png
15:37:55.284 [ForkJoinPool.commonPool-worker-1] DEBUG AssetLoader          - Loading from cache: /assets/ui/fonts/VarelaRound-Regular.ttf
15:37:55.288 [ForkJoinPool.commonPool-worker-1] DEBUG AssetLoader          - Loading from disk: /assets/ui/cursors/fxgl_default.png
15:37:55.295 [ForkJoinPool.commonPool-worker-1] DEBUG GameScene            - Game scene initialized: 800x600
15:37:55.315 [ForkJoinPool.commonPool-worker-1] DEBUG GameWorld            - Game world initialized
15:37:55.424 [ForkJoinPool.commonPool-worker-1] DEBUG PhysicsWorld         - Physics world initialized: appHeight=600, physics.ppm=50.0
15:37:55.462 [ForkJoinPool.commonPool-worker-1] DEBUG Input                - Registered new binding: Pause - Esc
15:37:55.542 [JavaFX Application Thread] DEBUG FXGL                 - Running preInit()
15:37:55.544 [JavaFX Application Thread] DEBUG Input                - Registered new binding: Screenshot - P
15:37:55.545 [JavaFX Application Thread] DEBUG Input                - Registered new binding: Dev Options - CTRL+0
15:37:55.546 [JavaFX Application Thread] DEBUG Input                - Registered new binding: System info dump - CTRL+9
15:37:55.546 [JavaFX Application Thread] DEBUG Input                - Registered new binding: Restart - CTRL+R
15:37:55.546 [JavaFX Application Thread] DEBUG Input                - Registered new binding: Move Right - D
15:37:55.546 [JavaFX Application Thread] DEBUG Input                - Registered new binding: Move Left - A
15:37:55.547 [JavaFX Application Thread] DEBUG Input                - Registered new binding: Move Up - W
15:37:55.547 [JavaFX Application Thread] DEBUG Input                - Registered new binding: Move Down - S
15:37:55.547 [JavaFX Application Thread] DEBUG Input                - Registered new binding: Attack - Enter
15:37:55.548 [JavaFX Application Thread] INFO  FXGL                 - FXGL initialization took: 1.112 sec
15:37:55.548 [JavaFX Application Thread] DEBUG LoopRunner           - Starting loop
15:37:55.550 [JavaFX Application Thread] DEBUG StartupState         - STARTUP
15:37:55.550 [JavaFX Application Thread] DEBUG GameApplication      - Starting new game
15:37:55.550 [JavaFX Application Thread] DEBUG Input                - Clearing active input actions
15:37:55.551 [JavaFX Application Thread] DEBUG AssetLoader          - Loading from disk: /assets/ui/css/fxgl_dark.css
15:37:55.564 [JavaFX Application Thread] DEBUG AppStateMachine      - StartupState -> LoadingState
15:37:55.571 [FXGL Background Thread 1 ] DEBUG InitAppTask          - Clearing previous game
15:37:55.571 [FXGL Background Thread 1 ] DEBUG GameWorld            - Clearing game world
15:37:55.571 [FXGL Background Thread 1 ] DEBUG PhysicsWorld         - Clearing physics world
15:37:55.572 [FXGL Background Thread 1 ] DEBUG GameScene            - Clearing game scene
15:37:55.574 [FXGL Background Thread 1 ] DEBUG InitAppTask          - Initializing Game
15:37:55.627 [FXGL Background Thread 1 ] DEBUG AssetLoader          - Loading from disk: /assets/textures/hero_walk.gif
15:37:55.641 [FXGL Background Thread 1 ] DEBUG GameScene            - Creating render group for layer: DEFAULT(100000)
15:37:55.646 [FXGL Background Thread 1 ] DEBUG AssetLoader          - Loading from disk: /assets/textures/red_jewel.png
15:37:55.649 [FXGL Background Thread 1 ] DEBUG AssetLoader          - Loading from disk: /assets/textures/blue_jewel.png
15:37:55.652 [FXGL Background Thread 1 ] DEBUG AssetLoader          - Loading from disk: /assets/textures/purple_jewel.png
15:37:55.654 [FXGL Background Thread 1 ] DEBUG AssetLoader          - Loading from disk: /assets/textures/green_jewel.png
15:37:55.658 [FXGL Background Thread 1 ] DEBUG AssetLoader          - Loading from disk: /assets/textures/monster.gif
15:37:55.662 [FXGL Background Thread 1 ] DEBUG InitAppTask          - Initializing Physics
15:37:55.663 [FXGL Background Thread 1 ] DEBUG InitAppTask          - Initializing UI
15:37:55.665 [FXGL Background Thread 1 ] DEBUG InitAppTask          - Initialization Complete
15:37:55.665 [FXGL Background Thread 1 ] INFO  InitAppTask          - Game initialization took: 0.094 sec
15:37:55.697 [JavaFX Application Thread] DEBUG Input                - Clearing active input actions
15:37:55.697 [JavaFX Application Thread] DEBUG AssetLoader          - Loading from disk: /assets/ui/css/fxgl_dark.css
15:37:55.710 [JavaFX Application Thread] DEBUG AppStateMachine      - LoadingState -> PlayState
15:38:21.306 [JavaFX Application Thread] DEBUG FXGL                 - Exiting FXGL
15:38:21.307 [JavaFX Application Thread] DEBUG FXGL                 - Shutting down background threads
15:38:21.307 [JavaFX Application Thread] DEBUG FXGL                 - Saving FXGL system data
15:38:21.311 [JavaFX Application Thread] DEBUG DesktopFSService     - Writing to: system/fxgl.bundle
15:38:21.315 [JavaFX Application Thread] DEBUG FXGL                 - Closing logger and exiting JavaFX
