15:37:14.629 [JavaFX Application Thread] DEBUG GameApplication      - Logger initialized
15:37:14.640 [JavaFX Application Thread] DEBUG GameApplication      - Logging settings
Title: What a Silly Game
Version: 1.0
Width: 800
Height: 600
Fullscreen: false
Intro: false
Menus: false
Profiling: false
Single step:false
App Mode: DEVELOPER
Menu Key: ESCAPE
Stage Style: DECORATED
Scene Factory: class com.almasb.fxgl.scene.SceneFactory
Dialog Factory: class com.almasb.fxgl.ui.FXGLDialogFactory
UI Factory: class com.almasb.fxgl.ui.FXGLUIFactory
Notification Service: class com.almasb.fxgl.gameplay.notification.XboxNotificationView
Exception Handler: class com.almasb.fxgl.app.FXGLExceptionHandler
15:37:14.640 [JavaFX Application Thread] DEBUG GameApplication      - Starting FXGL
15:37:14.657 [JavaFX Application Thread] INFO  FXGL                 - FXGL-0.5.4 on DESKTOP
15:37:14.658 [JavaFX Application Thread] INFO  FXGL                 - Source code and latest versions at: https://github.com/AlmasB/FXGL
15:37:14.659 [JavaFX Application Thread] INFO  FXGL                 -              Join the FXGL chat at: https://gitter.im/AlmasB/FXGL
15:37:14.659 [JavaFX Application Thread] DEBUG FXGL                 - FXGL started
15:37:14.660 [JavaFX Application Thread] DEBUG FXGL                 - Initializing FXGL
15:37:14.751 [JavaFX Application Thread] DEBUG AssetLoader          - Loading from disk: /assets/ui/cursors/fxgl_default.png
15:37:15.002 [JavaFX Application Thread] DEBUG AssetLoader          - Loading from disk: /assets/ui/fonts/VarelaRound-Regular.ttf
15:37:15.079 [JavaFX Application Thread] DEBUG MainWindow           - Creating a JavaFX scene
15:37:15.125 [JavaFX Application Thread] DEBUG MainWindow           - Target settings size: 800.0 x 600.0
15:37:15.126 [JavaFX Application Thread] DEBUG MainWindow           - Scaled scene size:    800.0 x 600.0
15:37:15.126 [JavaFX Application Thread] DEBUG MainWindow           - Scaled ratio: (1.0, 1.0)
15:37:15.131 [JavaFX Application Thread] DEBUG AssetLoader          - Loading from disk: /assets/ui/css/fxgl_dark.css
15:37:15.136 [JavaFX Application Thread] DEBUG AssetLoader          - Loading from disk: /assets/textures/fxgl_icon.png
15:37:15.158 [JavaFX Application Thread] DEBUG MainWindow           - Opening main window
15:37:15.370 [JavaFX Application Thread] DEBUG MainWindow           - Window border size: (0.0, 22.0)
15:37:15.370 [JavaFX Application Thread] DEBUG MainWindow           - Scaled size: 800.0 x 600.0
15:37:15.370 [JavaFX Application Thread] DEBUG MainWindow           - Scaled ratio: (1.0, 1.0)
15:37:15.371 [JavaFX Application Thread] DEBUG MainWindow           - Scene size: 800.0 x 600.0
15:37:15.371 [JavaFX Application Thread] DEBUG MainWindow           - Stage size: 800.0 x 622.0
15:37:15.427 [ForkJoinPool.commonPool-worker-1] DEBUG FS                   - Loaded DesktopFSService
15:37:15.427 [ForkJoinPool.commonPool-worker-1] DEBUG FXGL                 - Loading FXGL system data
15:37:15.436 [ForkJoinPool.commonPool-worker-1] DEBUG DesktopFSService     - Reading from: system/fxgl.bundle
15:37:15.454 [ForkJoinPool.commonPool-worker-1] DEBUG Bundle               - Logging bundle: FXGL
15:37:15.455 [ForkJoinPool.commonPool-worker-1] DEBUG Bundle               - FXGL.offline.timer.version.check=2019-12-20T14:26:23.443
15:37:15.456 [ForkJoinPool.commonPool-worker-1] DEBUG FXGL                 - Initializing state machine and application states
15:37:15.459 [ForkJoinPool.commonPool-worker-1] DEBUG AssetLoader          - Loading from disk: /assets/ui/cursors/fxgl_default.png
15:37:15.468 [ForkJoinPool.commonPool-worker-1] DEBUG AssetLoader          - Loading from disk: /assets/ui/cursors/fxgl_default.png
15:37:15.479 [ForkJoinPool.commonPool-worker-1] DEBUG AssetLoader          - Loading from cache: /assets/ui/fonts/VarelaRound-Regular.ttf
15:37:15.483 [ForkJoinPool.commonPool-worker-1] DEBUG AssetLoader          - Loading from disk: /assets/ui/cursors/fxgl_default.png
15:37:15.488 [ForkJoinPool.commonPool-worker-1] DEBUG GameScene            - Game scene initialized: 800x600
15:37:15.500 [ForkJoinPool.commonPool-worker-1] DEBUG GameWorld            - Game world initialized
15:37:15.585 [ForkJoinPool.commonPool-worker-1] DEBUG PhysicsWorld         - Physics world initialized: appHeight=600, physics.ppm=50.0
15:37:15.614 [ForkJoinPool.commonPool-worker-1] DEBUG Input                - Registered new binding: Pause - Esc
15:37:15.697 [JavaFX Application Thread] DEBUG FXGL                 - Running preInit()
15:37:15.698 [JavaFX Application Thread] DEBUG Input                - Registered new binding: Screenshot - P
15:37:15.699 [JavaFX Application Thread] DEBUG Input                - Registered new binding: Dev Options - CTRL+0
15:37:15.700 [JavaFX Application Thread] DEBUG Input                - Registered new binding: System info dump - CTRL+9
15:37:15.700 [JavaFX Application Thread] DEBUG Input                - Registered new binding: Restart - CTRL+R
15:37:15.700 [JavaFX Application Thread] DEBUG Input                - Registered new binding: Move Right - D
15:37:15.701 [JavaFX Application Thread] DEBUG Input                - Registered new binding: Move Left - A
15:37:15.701 [JavaFX Application Thread] DEBUG Input                - Registered new binding: Move Up - W
15:37:15.701 [JavaFX Application Thread] DEBUG Input                - Registered new binding: Move Down - S
15:37:15.701 [JavaFX Application Thread] DEBUG Input                - Registered new binding: Attack - Enter
15:37:15.702 [JavaFX Application Thread] INFO  FXGL                 - FXGL initialization took: 1.041 sec
15:37:15.702 [JavaFX Application Thread] DEBUG LoopRunner           - Starting loop
15:37:15.705 [JavaFX Application Thread] DEBUG StartupState         - STARTUP
15:37:15.705 [JavaFX Application Thread] DEBUG GameApplication      - Starting new game
15:37:15.705 [JavaFX Application Thread] DEBUG Input                - Clearing active input actions
15:37:15.708 [JavaFX Application Thread] DEBUG AssetLoader          - Loading from disk: /assets/ui/css/fxgl_dark.css
15:37:15.720 [JavaFX Application Thread] DEBUG AppStateMachine      - StartupState -> LoadingState
15:37:15.726 [FXGL Background Thread 1 ] DEBUG InitAppTask          - Clearing previous game
15:37:15.726 [FXGL Background Thread 1 ] DEBUG GameWorld            - Clearing game world
15:37:15.727 [FXGL Background Thread 1 ] DEBUG PhysicsWorld         - Clearing physics world
15:37:15.727 [FXGL Background Thread 1 ] DEBUG GameScene            - Clearing game scene
15:37:15.730 [FXGL Background Thread 1 ] DEBUG InitAppTask          - Initializing Game
15:37:15.792 [FXGL Background Thread 1 ] DEBUG AssetLoader          - Loading from disk: /assets/textures/hero_walk.gif
15:37:15.809 [FXGL Background Thread 1 ] DEBUG GameScene            - Creating render group for layer: DEFAULT(100000)
15:37:15.816 [FXGL Background Thread 1 ] DEBUG AssetLoader          - Loading from disk: /assets/textures/red_jewel.png
15:37:15.820 [FXGL Background Thread 1 ] DEBUG AssetLoader          - Loading from disk: /assets/textures/blue_jewel.png
15:37:15.826 [FXGL Background Thread 1 ] DEBUG AssetLoader          - Loading from disk: /assets/textures/purple_jewel.png
15:37:15.829 [FXGL Background Thread 1 ] DEBUG AssetLoader          - Loading from disk: /assets/textures/green_jewel.png
15:37:15.833 [FXGL Background Thread 1 ] DEBUG AssetLoader          - Loading from disk: /assets/textures/monster.gif
15:37:15.842 [FXGL Background Thread 1 ] DEBUG InitAppTask          - Initializing Physics
15:37:15.844 [FXGL Background Thread 1 ] DEBUG InitAppTask          - Initializing UI
15:37:15.850 [FXGL Background Thread 1 ] DEBUG InitAppTask          - Initialization Complete
15:37:15.851 [FXGL Background Thread 1 ] INFO  InitAppTask          - Game initialization took: 0.125 sec
15:37:15.878 [JavaFX Application Thread] DEBUG Input                - Clearing active input actions
15:37:15.879 [JavaFX Application Thread] DEBUG AssetLoader          - Loading from disk: /assets/ui/css/fxgl_dark.css
15:37:15.899 [JavaFX Application Thread] DEBUG AppStateMachine      - LoadingState -> PlayState
15:37:24.479 [JavaFX Application Thread] DEBUG FXGL                 - Exiting FXGL
15:37:24.479 [JavaFX Application Thread] DEBUG FXGL                 - Shutting down background threads
15:37:24.480 [JavaFX Application Thread] DEBUG FXGL                 - Saving FXGL system data
15:37:24.483 [JavaFX Application Thread] DEBUG DesktopFSService     - Writing to: system/fxgl.bundle
15:37:24.488 [JavaFX Application Thread] DEBUG FXGL                 - Closing logger and exiting JavaFX
