19:43:46.194 [JavaFX Application Thread] DEBUG GameApplication      - Logger initialized
19:43:46.206 [JavaFX Application Thread] DEBUG GameApplication      - Logging settings
Title: What a Silly Game
Version: 0.1
Width: 800
Height: 600
Fullscreen: false
Intro: false
Menus: false
Profiling: false
Single step:false
App Mode: DEVELOPER
Menu Key: ESCAPE
Stage Style: DECORATED
Scene Factory: class com.almasb.fxgl.scene.SceneFactory
Dialog Factory: class com.almasb.fxgl.ui.FXGLDialogFactory
UI Factory: class com.almasb.fxgl.ui.FXGLUIFactory
Notification Service: class com.almasb.fxgl.gameplay.notification.XboxNotificationView
Exception Handler: class com.almasb.fxgl.app.FXGLExceptionHandler
19:43:46.206 [JavaFX Application Thread] DEBUG GameApplication      - Starting FXGL
19:43:46.221 [JavaFX Application Thread] INFO  FXGL                 - FXGL-0.5.4 on DESKTOP
19:43:46.222 [JavaFX Application Thread] INFO  FXGL                 - Source code and latest versions at: https://github.com/AlmasB/FXGL
19:43:46.222 [JavaFX Application Thread] INFO  FXGL                 -              Join the FXGL chat at: https://gitter.im/AlmasB/FXGL
19:43:46.223 [JavaFX Application Thread] DEBUG FXGL                 - FXGL started
19:43:46.224 [JavaFX Application Thread] DEBUG FXGL                 - Initializing FXGL
19:43:46.305 [JavaFX Application Thread] DEBUG AssetLoader          - Loading from disk: /assets/ui/cursors/fxgl_default.png
19:43:46.620 [JavaFX Application Thread] DEBUG AssetLoader          - Loading from disk: /assets/ui/fonts/VarelaRound-Regular.ttf
19:43:46.697 [JavaFX Application Thread] DEBUG MainWindow           - Creating a JavaFX scene
19:43:46.740 [JavaFX Application Thread] DEBUG MainWindow           - Target settings size: 800.0 x 600.0
19:43:46.740 [JavaFX Application Thread] DEBUG MainWindow           - Scaled scene size:    800.0 x 600.0
19:43:46.740 [JavaFX Application Thread] DEBUG MainWindow           - Scaled ratio: (1.0, 1.0)
19:43:46.743 [JavaFX Application Thread] DEBUG AssetLoader          - Loading from disk: /assets/ui/css/fxgl_dark.css
19:43:46.747 [JavaFX Application Thread] DEBUG AssetLoader          - Loading from disk: /assets/textures/fxgl_icon.png
19:43:46.770 [JavaFX Application Thread] DEBUG MainWindow           - Opening main window
19:43:46.983 [JavaFX Application Thread] DEBUG MainWindow           - Window border size: (0.0, 22.0)
19:43:46.983 [JavaFX Application Thread] DEBUG MainWindow           - Scaled size: 800.0 x 600.0
19:43:46.984 [JavaFX Application Thread] DEBUG MainWindow           - Scaled ratio: (1.0, 1.0)
19:43:46.985 [JavaFX Application Thread] DEBUG MainWindow           - Scene size: 800.0 x 600.0
19:43:46.985 [JavaFX Application Thread] DEBUG MainWindow           - Stage size: 800.0 x 622.0
19:43:47.050 [ForkJoinPool.commonPool-worker-1] DEBUG FS                   - Loaded DesktopFSService
19:43:47.051 [ForkJoinPool.commonPool-worker-1] DEBUG FXGL                 - Loading FXGL system data
19:43:47.071 [ForkJoinPool.commonPool-worker-1] DEBUG DesktopFSService     - Reading from: system/fxgl.bundle
19:43:47.092 [ForkJoinPool.commonPool-worker-1] DEBUG Bundle               - Logging bundle: FXGL
19:43:47.094 [ForkJoinPool.commonPool-worker-1] DEBUG Bundle               - FXGL.offline.timer.version.check=2019-12-13T14:02:17.794
19:43:47.097 [ForkJoinPool.commonPool-worker-1] DEBUG FXGL                 - Initializing state machine and application states
19:43:47.101 [ForkJoinPool.commonPool-worker-1] DEBUG AssetLoader          - Loading from disk: /assets/ui/cursors/fxgl_default.png
19:43:47.113 [ForkJoinPool.commonPool-worker-1] DEBUG AssetLoader          - Loading from disk: /assets/ui/cursors/fxgl_default.png
19:43:47.130 [ForkJoinPool.commonPool-worker-1] DEBUG AssetLoader          - Loading from cache: /assets/ui/fonts/VarelaRound-Regular.ttf
19:43:47.135 [ForkJoinPool.commonPool-worker-1] DEBUG AssetLoader          - Loading from disk: /assets/ui/cursors/fxgl_default.png
19:43:47.158 [ForkJoinPool.commonPool-worker-1] DEBUG GameScene            - Game scene initialized: 800x600
19:43:47.165 [ForkJoinPool.commonPool-worker-1] DEBUG GameWorld            - Game world initialized
19:43:47.245 [ForkJoinPool.commonPool-worker-1] DEBUG PhysicsWorld         - Physics world initialized: appHeight=600, physics.ppm=50.0
19:43:47.287 [ForkJoinPool.commonPool-worker-1] DEBUG Input                - Registered new binding: Pause - Esc
19:43:47.357 [JavaFX Application Thread] DEBUG FXGL                 - Running preInit()
19:43:47.359 [JavaFX Application Thread] DEBUG Input                - Registered new binding: Screenshot - P
19:43:47.360 [JavaFX Application Thread] DEBUG Input                - Registered new binding: Dev Options - CTRL+0
19:43:47.361 [JavaFX Application Thread] DEBUG Input                - Registered new binding: System info dump - CTRL+9
19:43:47.362 [JavaFX Application Thread] DEBUG Input                - Registered new binding: Restart - CTRL+R
19:43:47.363 [JavaFX Application Thread] DEBUG Input                - Registered new binding: Move Right - D
19:43:47.363 [JavaFX Application Thread] DEBUG Input                - Registered new binding: Move Left - A
19:43:47.363 [JavaFX Application Thread] DEBUG Input                - Registered new binding: Move Up - W
19:43:47.363 [JavaFX Application Thread] DEBUG Input                - Registered new binding: Move Down - S
19:43:47.364 [JavaFX Application Thread] INFO  FXGL                 - FXGL initialization took: 1.139 sec
19:43:47.364 [JavaFX Application Thread] DEBUG LoopRunner           - Starting loop
19:43:47.366 [JavaFX Application Thread] DEBUG StartupState         - STARTUP
19:43:47.366 [JavaFX Application Thread] DEBUG GameApplication      - Starting new game
19:43:47.367 [JavaFX Application Thread] DEBUG Input                - Clearing active input actions
19:43:47.368 [JavaFX Application Thread] DEBUG AssetLoader          - Loading from disk: /assets/ui/css/fxgl_dark.css
19:43:47.379 [JavaFX Application Thread] DEBUG AppStateMachine      - StartupState -> LoadingState
19:43:47.384 [FXGL Background Thread 1 ] DEBUG InitAppTask          - Clearing previous game
19:43:47.384 [FXGL Background Thread 1 ] DEBUG GameWorld            - Clearing game world
19:43:47.384 [FXGL Background Thread 1 ] DEBUG PhysicsWorld         - Clearing physics world
19:43:47.385 [FXGL Background Thread 1 ] DEBUG GameScene            - Clearing game scene
19:43:47.387 [FXGL Background Thread 1 ] DEBUG InitAppTask          - Initializing Game
19:43:47.437 [FXGL Background Thread 1 ] DEBUG AssetLoader          - Loading from disk: /assets/textures/hero_walk.gif
19:43:47.450 [FXGL Background Thread 1 ] DEBUG GameScene            - Creating render group for layer: DEFAULT(100000)
19:43:47.455 [FXGL Background Thread 1 ] DEBUG AssetLoader          - Loading from disk: /assets/textures/red_jewel.png
19:43:47.458 [FXGL Background Thread 1 ] DEBUG AssetLoader          - Loading from disk: /assets/textures/blue_jewel.png
19:43:47.462 [FXGL Background Thread 1 ] DEBUG AssetLoader          - Loading from disk: /assets/textures/purple_jewel.png
19:43:47.465 [FXGL Background Thread 1 ] DEBUG AssetLoader          - Loading from disk: /assets/textures/green_jewel.png
19:43:47.467 [FXGL Background Thread 1 ] DEBUG InitAppTask          - Initializing Physics
19:43:47.467 [FXGL Background Thread 1 ] DEBUG InitAppTask          - Initializing UI
19:43:47.468 [FXGL Background Thread 1 ] DEBUG InitAppTask          - Initialization Complete
19:43:47.468 [FXGL Background Thread 1 ] INFO  InitAppTask          - Game initialization took: 0.084 sec
19:43:47.495 [JavaFX Application Thread] DEBUG Input                - Clearing active input actions
19:43:47.495 [JavaFX Application Thread] DEBUG AssetLoader          - Loading from disk: /assets/ui/css/fxgl_dark.css
19:43:47.512 [JavaFX Application Thread] DEBUG AppStateMachine      - LoadingState -> PlayState
19:43:55.397 [JavaFX Application Thread] DEBUG FXGL                 - Exiting FXGL
19:43:55.397 [JavaFX Application Thread] DEBUG FXGL                 - Shutting down background threads
19:43:55.398 [JavaFX Application Thread] DEBUG FXGL                 - Saving FXGL system data
19:43:55.401 [JavaFX Application Thread] DEBUG DesktopFSService     - Writing to: system/fxgl.bundle
19:43:55.405 [JavaFX Application Thread] DEBUG FXGL                 - Closing logger and exiting JavaFX
