13:00:07.485 [JavaFX Application Thread] DEBUG GameApplication      - Logger initialized
13:00:07.495 [JavaFX Application Thread] DEBUG GameApplication      - Logging settings
Title: What a Silly Game
Version: 0.1
Width: 800
Height: 600
Fullscreen: false
Intro: false
Menus: false
Profiling: false
Single step:false
App Mode: DEVELOPER
Menu Key: ESCAPE
Stage Style: DECORATED
Scene Factory: class com.almasb.fxgl.scene.SceneFactory
Dialog Factory: class com.almasb.fxgl.ui.FXGLDialogFactory
UI Factory: class com.almasb.fxgl.ui.FXGLUIFactory
Notification Service: class com.almasb.fxgl.gameplay.notification.XboxNotificationView
Exception Handler: class com.almasb.fxgl.app.FXGLExceptionHandler
13:00:07.495 [JavaFX Application Thread] DEBUG GameApplication      - Starting FXGL
13:00:07.512 [JavaFX Application Thread] INFO  FXGL                 - FXGL-0.5.4 on DESKTOP
13:00:07.513 [JavaFX Application Thread] INFO  FXGL                 - Source code and latest versions at: https://github.com/AlmasB/FXGL
13:00:07.514 [JavaFX Application Thread] INFO  FXGL                 -              Join the FXGL chat at: https://gitter.im/AlmasB/FXGL
13:00:07.515 [JavaFX Application Thread] DEBUG FXGL                 - FXGL started
13:00:07.516 [JavaFX Application Thread] DEBUG FXGL                 - Initializing FXGL
13:00:07.595 [JavaFX Application Thread] DEBUG AssetLoader          - Loading from disk: /assets/ui/cursors/fxgl_default.png
13:00:07.824 [JavaFX Application Thread] DEBUG AssetLoader          - Loading from disk: /assets/ui/fonts/VarelaRound-Regular.ttf
13:00:07.897 [JavaFX Application Thread] DEBUG MainWindow           - Creating a JavaFX scene
13:00:07.939 [JavaFX Application Thread] DEBUG MainWindow           - Target settings size: 800.0 x 600.0
13:00:07.939 [JavaFX Application Thread] DEBUG MainWindow           - Scaled scene size:    800.0 x 600.0
13:00:07.939 [JavaFX Application Thread] DEBUG MainWindow           - Scaled ratio: (1.0, 1.0)
13:00:07.942 [JavaFX Application Thread] DEBUG AssetLoader          - Loading from disk: /assets/ui/css/fxgl_dark.css
13:00:07.946 [JavaFX Application Thread] DEBUG AssetLoader          - Loading from disk: /assets/textures/fxgl_icon.png
13:00:07.970 [JavaFX Application Thread] DEBUG MainWindow           - Opening main window
13:00:08.159 [JavaFX Application Thread] DEBUG MainWindow           - Window border size: (0.0, 22.0)
13:00:08.160 [JavaFX Application Thread] DEBUG MainWindow           - Scaled size: 800.0 x 600.0
13:00:08.160 [JavaFX Application Thread] DEBUG MainWindow           - Scaled ratio: (1.0, 1.0)
13:00:08.160 [JavaFX Application Thread] DEBUG MainWindow           - Scene size: 800.0 x 600.0
13:00:08.160 [JavaFX Application Thread] DEBUG MainWindow           - Stage size: 800.0 x 622.0
13:00:08.216 [ForkJoinPool.commonPool-worker-1] DEBUG FS                   - Loaded DesktopFSService
13:00:08.217 [ForkJoinPool.commonPool-worker-1] DEBUG FXGL                 - Loading FXGL system data
13:00:08.228 [ForkJoinPool.commonPool-worker-1] DEBUG DesktopFSService     - Reading from: system/fxgl.bundle
13:00:08.242 [ForkJoinPool.commonPool-worker-1] DEBUG Bundle               - Logging bundle: FXGL
13:00:08.243 [ForkJoinPool.commonPool-worker-1] DEBUG Bundle               - FXGL.offline.timer.version.check=2019-12-13T14:02:17.794
13:00:08.246 [ForkJoinPool.commonPool-worker-1] DEBUG FXGL                 - Initializing state machine and application states
13:00:08.249 [ForkJoinPool.commonPool-worker-1] DEBUG AssetLoader          - Loading from disk: /assets/ui/cursors/fxgl_default.png
13:00:08.261 [ForkJoinPool.commonPool-worker-1] DEBUG AssetLoader          - Loading from disk: /assets/ui/cursors/fxgl_default.png
13:00:08.272 [ForkJoinPool.commonPool-worker-1] DEBUG AssetLoader          - Loading from cache: /assets/ui/fonts/VarelaRound-Regular.ttf
13:00:08.276 [ForkJoinPool.commonPool-worker-1] DEBUG AssetLoader          - Loading from disk: /assets/ui/cursors/fxgl_default.png
13:00:08.279 [ForkJoinPool.commonPool-worker-1] DEBUG GameScene            - Game scene initialized: 800x600
13:00:08.285 [ForkJoinPool.commonPool-worker-1] DEBUG GameWorld            - Game world initialized
13:00:08.400 [ForkJoinPool.commonPool-worker-1] DEBUG PhysicsWorld         - Physics world initialized: appHeight=600, physics.ppm=50.0
13:00:08.445 [ForkJoinPool.commonPool-worker-1] DEBUG Input                - Registered new binding: Pause - Esc
13:00:08.510 [JavaFX Application Thread] DEBUG FXGL                 - Running preInit()
13:00:08.513 [JavaFX Application Thread] DEBUG Input                - Registered new binding: Screenshot - P
13:00:08.513 [JavaFX Application Thread] DEBUG Input                - Registered new binding: Dev Options - CTRL+0
13:00:08.514 [JavaFX Application Thread] DEBUG Input                - Registered new binding: System info dump - CTRL+9
13:00:08.515 [JavaFX Application Thread] DEBUG Input                - Registered new binding: Restart - CTRL+R
13:00:08.516 [JavaFX Application Thread] DEBUG Input                - Registered new binding: Move Right - D
13:00:08.516 [JavaFX Application Thread] DEBUG Input                - Registered new binding: Move Left - A
13:00:08.517 [JavaFX Application Thread] DEBUG Input                - Registered new binding: Move Up - W
13:00:08.517 [JavaFX Application Thread] DEBUG Input                - Registered new binding: Move Down - S
13:00:08.518 [JavaFX Application Thread] INFO  FXGL                 - FXGL initialization took: 1.001 sec
13:00:08.518 [JavaFX Application Thread] DEBUG LoopRunner           - Starting loop
13:00:08.520 [JavaFX Application Thread] DEBUG StartupState         - STARTUP
13:00:08.521 [JavaFX Application Thread] DEBUG GameApplication      - Starting new game
13:00:08.521 [JavaFX Application Thread] DEBUG Input                - Clearing active input actions
13:00:08.523 [JavaFX Application Thread] DEBUG AssetLoader          - Loading from disk: /assets/ui/css/fxgl_dark.css
13:00:08.534 [JavaFX Application Thread] DEBUG AppStateMachine      - StartupState -> LoadingState
13:00:08.541 [FXGL Background Thread 1 ] DEBUG InitAppTask          - Clearing previous game
13:00:08.541 [FXGL Background Thread 1 ] DEBUG GameWorld            - Clearing game world
13:00:08.542 [FXGL Background Thread 1 ] DEBUG PhysicsWorld         - Clearing physics world
13:00:08.542 [FXGL Background Thread 1 ] DEBUG GameScene            - Clearing game scene
13:00:08.544 [FXGL Background Thread 1 ] DEBUG InitAppTask          - Initializing Game
13:00:08.590 [FXGL Background Thread 1 ] DEBUG AssetLoader          - Loading from disk: /assets/textures/hero_walk.gif
13:00:08.604 [FXGL Background Thread 1 ] DEBUG GameScene            - Creating render group for layer: DEFAULT(100000)
13:00:08.607 [FXGL Background Thread 1 ] DEBUG AssetLoader          - Loading from disk: /assets/textures/red_jewel.png
13:00:08.609 [FXGL Background Thread 1 ] DEBUG AssetLoader          - Loading from disk: /assets/textures/blue_jewel.png
13:00:08.611 [FXGL Background Thread 1 ] DEBUG AssetLoader          - Loading from disk: /assets/textures/purple_jewel.png
13:00:08.612 [FXGL Background Thread 1 ] DEBUG AssetLoader          - Loading from disk: /assets/textures/green_jewel.png
13:00:08.614 [FXGL Background Thread 1 ] DEBUG InitAppTask          - Initializing Physics
13:00:08.614 [FXGL Background Thread 1 ] DEBUG InitAppTask          - Initializing UI
13:00:08.615 [FXGL Background Thread 1 ] DEBUG InitAppTask          - Initialization Complete
13:00:08.615 [FXGL Background Thread 1 ] INFO  InitAppTask          - Game initialization took: 0.074 sec
13:00:08.643 [JavaFX Application Thread] DEBUG Input                - Clearing active input actions
13:00:08.644 [JavaFX Application Thread] DEBUG AssetLoader          - Loading from disk: /assets/ui/css/fxgl_dark.css
13:00:08.659 [JavaFX Application Thread] DEBUG AppStateMachine      - LoadingState -> PlayState
13:00:17.668 [JavaFX Application Thread] DEBUG FXGL                 - Exiting FXGL
13:00:17.669 [JavaFX Application Thread] DEBUG FXGL                 - Shutting down background threads
13:00:17.669 [JavaFX Application Thread] DEBUG FXGL                 - Saving FXGL system data
13:00:17.672 [JavaFX Application Thread] DEBUG DesktopFSService     - Writing to: system/fxgl.bundle
13:00:17.725 [JavaFX Application Thread] DEBUG FXGL                 - Closing logger and exiting JavaFX
