10:30:01.962 [JavaFX Application Thread] DEBUG GameApplication      - Logger initialized
10:30:01.974 [JavaFX Application Thread] DEBUG GameApplication      - Logging settings
Title: What a Silly Game
Version: 0.1
Width: 800
Height: 600
Fullscreen: false
Intro: false
Menus: false
Profiling: false
Single step:false
App Mode: DEVELOPER
Menu Key: ESCAPE
Stage Style: DECORATED
Scene Factory: class com.almasb.fxgl.scene.SceneFactory
Dialog Factory: class com.almasb.fxgl.ui.FXGLDialogFactory
UI Factory: class com.almasb.fxgl.ui.FXGLUIFactory
Notification Service: class com.almasb.fxgl.gameplay.notification.XboxNotificationView
Exception Handler: class com.almasb.fxgl.app.FXGLExceptionHandler
10:30:01.975 [JavaFX Application Thread] DEBUG GameApplication      - Starting FXGL
10:30:01.987 [JavaFX Application Thread] INFO  FXGL                 - FXGL-0.5.4 on DESKTOP
10:30:01.988 [JavaFX Application Thread] INFO  FXGL                 - Source code and latest versions at: https://github.com/AlmasB/FXGL
10:30:01.988 [JavaFX Application Thread] INFO  FXGL                 -              Join the FXGL chat at: https://gitter.im/AlmasB/FXGL
10:30:01.989 [JavaFX Application Thread] DEBUG FXGL                 - FXGL started
10:30:01.989 [JavaFX Application Thread] DEBUG FXGL                 - Initializing FXGL
10:30:02.074 [JavaFX Application Thread] DEBUG AssetLoader          - Loading from disk: /assets/ui/cursors/fxgl_default.png
10:30:02.397 [JavaFX Application Thread] DEBUG AssetLoader          - Loading from disk: /assets/ui/fonts/VarelaRound-Regular.ttf
10:30:02.480 [JavaFX Application Thread] DEBUG MainWindow           - Creating a JavaFX scene
10:30:02.534 [JavaFX Application Thread] DEBUG MainWindow           - Target settings size: 800.0 x 600.0
10:30:02.535 [JavaFX Application Thread] DEBUG MainWindow           - Scaled scene size:    800.0 x 600.0
10:30:02.535 [JavaFX Application Thread] DEBUG MainWindow           - Scaled ratio: (1.0, 1.0)
10:30:02.539 [JavaFX Application Thread] DEBUG AssetLoader          - Loading from disk: /assets/ui/css/fxgl_dark.css
10:30:02.547 [JavaFX Application Thread] DEBUG AssetLoader          - Loading from disk: /assets/textures/fxgl_icon.png
10:30:02.573 [JavaFX Application Thread] DEBUG MainWindow           - Opening main window
10:30:02.777 [JavaFX Application Thread] DEBUG MainWindow           - Window border size: (0.0, 22.0)
10:30:02.777 [JavaFX Application Thread] DEBUG MainWindow           - Scaled size: 800.0 x 600.0
10:30:02.777 [JavaFX Application Thread] DEBUG MainWindow           - Scaled ratio: (1.0, 1.0)
10:30:02.778 [JavaFX Application Thread] DEBUG MainWindow           - Scene size: 800.0 x 600.0
10:30:02.778 [JavaFX Application Thread] DEBUG MainWindow           - Stage size: 800.0 x 622.0
10:30:02.835 [ForkJoinPool.commonPool-worker-1] DEBUG FS                   - Loaded DesktopFSService
10:30:02.836 [ForkJoinPool.commonPool-worker-1] DEBUG FXGL                 - Loading FXGL system data
10:30:02.845 [ForkJoinPool.commonPool-worker-1] DEBUG DesktopFSService     - Reading from: system/fxgl.bundle
10:30:02.860 [ForkJoinPool.commonPool-worker-1] DEBUG Bundle               - Logging bundle: FXGL
10:30:02.861 [ForkJoinPool.commonPool-worker-1] DEBUG Bundle               - FXGL.offline.timer.version.check=2019-12-13T14:02:17.794
10:30:02.863 [ForkJoinPool.commonPool-worker-1] DEBUG FXGL                 - Initializing state machine and application states
10:30:02.868 [ForkJoinPool.commonPool-worker-1] DEBUG AssetLoader          - Loading from disk: /assets/ui/cursors/fxgl_default.png
10:30:02.878 [ForkJoinPool.commonPool-worker-1] DEBUG AssetLoader          - Loading from disk: /assets/ui/cursors/fxgl_default.png
10:30:02.895 [ForkJoinPool.commonPool-worker-1] DEBUG AssetLoader          - Loading from cache: /assets/ui/fonts/VarelaRound-Regular.ttf
10:30:02.898 [ForkJoinPool.commonPool-worker-1] DEBUG AssetLoader          - Loading from disk: /assets/ui/cursors/fxgl_default.png
10:30:02.906 [ForkJoinPool.commonPool-worker-1] DEBUG GameScene            - Game scene initialized: 800x600
10:30:02.916 [ForkJoinPool.commonPool-worker-1] DEBUG GameWorld            - Game world initialized
10:30:03.015 [ForkJoinPool.commonPool-worker-1] DEBUG PhysicsWorld         - Physics world initialized: appHeight=600, physics.ppm=50.0
10:30:03.055 [ForkJoinPool.commonPool-worker-1] DEBUG Input                - Registered new binding: Pause - Esc
10:30:03.133 [JavaFX Application Thread] DEBUG FXGL                 - Running preInit()
10:30:03.135 [JavaFX Application Thread] DEBUG Input                - Registered new binding: Screenshot - P
10:30:03.136 [JavaFX Application Thread] DEBUG Input                - Registered new binding: Dev Options - CTRL+0
10:30:03.137 [JavaFX Application Thread] DEBUG Input                - Registered new binding: System info dump - CTRL+9
10:30:03.138 [JavaFX Application Thread] DEBUG Input                - Registered new binding: Restart - CTRL+R
10:30:03.139 [JavaFX Application Thread] DEBUG Input                - Registered new binding: Move Right - D
10:30:03.139 [JavaFX Application Thread] DEBUG Input                - Registered new binding: Move Left - A
10:30:03.140 [JavaFX Application Thread] DEBUG Input                - Registered new binding: Move Up - W
10:30:03.140 [JavaFX Application Thread] DEBUG Input                - Registered new binding: Move Down - S
10:30:03.141 [JavaFX Application Thread] INFO  FXGL                 - FXGL initialization took: 1.152 sec
10:30:03.142 [JavaFX Application Thread] DEBUG LoopRunner           - Starting loop
10:30:03.145 [JavaFX Application Thread] DEBUG StartupState         - STARTUP
10:30:03.145 [JavaFX Application Thread] DEBUG GameApplication      - Starting new game
10:30:03.145 [JavaFX Application Thread] DEBUG Input                - Clearing active input actions
10:30:03.147 [JavaFX Application Thread] DEBUG AssetLoader          - Loading from disk: /assets/ui/css/fxgl_dark.css
10:30:03.157 [JavaFX Application Thread] DEBUG AppStateMachine      - StartupState -> LoadingState
10:30:03.163 [FXGL Background Thread 1 ] DEBUG InitAppTask          - Clearing previous game
10:30:03.163 [FXGL Background Thread 1 ] DEBUG GameWorld            - Clearing game world
10:30:03.164 [FXGL Background Thread 1 ] DEBUG PhysicsWorld         - Clearing physics world
10:30:03.164 [FXGL Background Thread 1 ] DEBUG GameScene            - Clearing game scene
10:30:03.166 [FXGL Background Thread 1 ] DEBUG InitAppTask          - Initializing Game
10:30:03.217 [FXGL Background Thread 1 ] DEBUG AssetLoader          - Loading from disk: /assets/textures/hero_walk.gif
10:30:03.235 [FXGL Background Thread 1 ] DEBUG GameScene            - Creating render group for layer: DEFAULT(100000)
10:30:03.240 [FXGL Background Thread 1 ] DEBUG AssetLoader          - Loading from disk: /assets/textures/red_jewel.png
10:30:03.246 [FXGL Background Thread 1 ] DEBUG AssetLoader          - Loading from disk: /assets/textures/blue_jewel.png
10:30:03.249 [FXGL Background Thread 1 ] DEBUG AssetLoader          - Loading from disk: /assets/textures/purple_jewel.png
10:30:03.252 [FXGL Background Thread 1 ] DEBUG AssetLoader          - Loading from disk: /assets/textures/green_jewel.png
10:30:03.253 [FXGL Background Thread 1 ] DEBUG InitAppTask          - Initializing Physics
10:30:03.255 [FXGL Background Thread 1 ] DEBUG InitAppTask          - Initializing UI
10:30:03.255 [FXGL Background Thread 1 ] DEBUG InitAppTask          - Initialization Complete
10:30:03.255 [FXGL Background Thread 1 ] INFO  InitAppTask          - Game initialization took: 0.092 sec
10:30:03.276 [JavaFX Application Thread] DEBUG Input                - Clearing active input actions
10:30:03.277 [JavaFX Application Thread] DEBUG AssetLoader          - Loading from disk: /assets/ui/css/fxgl_dark.css
10:30:03.291 [JavaFX Application Thread] DEBUG AppStateMachine      - LoadingState -> PlayState
10:30:12.569 [JavaFX Application Thread] DEBUG FXGL                 - Exiting FXGL
10:30:12.570 [JavaFX Application Thread] DEBUG FXGL                 - Shutting down background threads
10:30:12.570 [JavaFX Application Thread] DEBUG FXGL                 - Saving FXGL system data
10:30:12.574 [JavaFX Application Thread] DEBUG DesktopFSService     - Writing to: system/fxgl.bundle
10:30:12.578 [JavaFX Application Thread] DEBUG FXGL                 - Closing logger and exiting JavaFX
