19:47:47.346 [JavaFX Application Thread] DEBUG GameApplication      - Logger initialized
19:47:47.354 [JavaFX Application Thread] DEBUG GameApplication      - Logging settings
Title: What a Silly Game
Version: 0.1
Width: 800
Height: 600
Fullscreen: false
Intro: false
Menus: false
Profiling: false
Single step:false
App Mode: DEVELOPER
Menu Key: ESCAPE
Stage Style: DECORATED
Scene Factory: class com.almasb.fxgl.scene.SceneFactory
Dialog Factory: class com.almasb.fxgl.ui.FXGLDialogFactory
UI Factory: class com.almasb.fxgl.ui.FXGLUIFactory
Notification Service: class com.almasb.fxgl.gameplay.notification.XboxNotificationView
Exception Handler: class com.almasb.fxgl.app.FXGLExceptionHandler
19:47:47.354 [JavaFX Application Thread] DEBUG GameApplication      - Starting FXGL
19:47:47.367 [JavaFX Application Thread] INFO  FXGL                 - FXGL-0.5.4 on DESKTOP
19:47:47.368 [JavaFX Application Thread] INFO  FXGL                 - Source code and latest versions at: https://github.com/AlmasB/FXGL
19:47:47.368 [JavaFX Application Thread] INFO  FXGL                 -              Join the FXGL chat at: https://gitter.im/AlmasB/FXGL
19:47:47.369 [JavaFX Application Thread] DEBUG FXGL                 - FXGL started
19:47:47.369 [JavaFX Application Thread] DEBUG FXGL                 - Initializing FXGL
19:47:47.430 [JavaFX Application Thread] DEBUG AssetLoader          - Loading from disk: /assets/ui/cursors/fxgl_default.png
19:47:47.708 [JavaFX Application Thread] DEBUG AssetLoader          - Loading from disk: /assets/ui/fonts/VarelaRound-Regular.ttf
19:47:47.779 [JavaFX Application Thread] DEBUG MainWindow           - Creating a JavaFX scene
19:47:47.823 [JavaFX Application Thread] DEBUG MainWindow           - Target settings size: 800.0 x 600.0
19:47:47.824 [JavaFX Application Thread] DEBUG MainWindow           - Scaled scene size:    800.0 x 600.0
19:47:47.824 [JavaFX Application Thread] DEBUG MainWindow           - Scaled ratio: (1.0, 1.0)
19:47:47.828 [JavaFX Application Thread] DEBUG AssetLoader          - Loading from disk: /assets/ui/css/fxgl_dark.css
19:47:47.833 [JavaFX Application Thread] DEBUG AssetLoader          - Loading from disk: /assets/textures/fxgl_icon.png
19:47:47.852 [JavaFX Application Thread] DEBUG MainWindow           - Opening main window
19:47:48.048 [JavaFX Application Thread] DEBUG MainWindow           - Window border size: (0.0, 22.0)
19:47:48.048 [JavaFX Application Thread] DEBUG MainWindow           - Scaled size: 800.0 x 600.0
19:47:48.048 [JavaFX Application Thread] DEBUG MainWindow           - Scaled ratio: (1.0, 1.0)
19:47:48.048 [JavaFX Application Thread] DEBUG MainWindow           - Scene size: 800.0 x 600.0
19:47:48.049 [JavaFX Application Thread] DEBUG MainWindow           - Stage size: 800.0 x 622.0
19:47:48.102 [ForkJoinPool.commonPool-worker-1] DEBUG FS                   - Loaded DesktopFSService
19:47:48.103 [ForkJoinPool.commonPool-worker-1] DEBUG FXGL                 - Loading FXGL system data
19:47:48.125 [ForkJoinPool.commonPool-worker-1] DEBUG DesktopFSService     - Reading from: system/fxgl.bundle
19:47:48.139 [ForkJoinPool.commonPool-worker-1] DEBUG Bundle               - Logging bundle: FXGL
19:47:48.140 [ForkJoinPool.commonPool-worker-1] DEBUG Bundle               - FXGL.offline.timer.version.check=2019-12-13T14:02:17.794
19:47:48.140 [ForkJoinPool.commonPool-worker-1] DEBUG FXGL                 - Initializing state machine and application states
19:47:48.143 [ForkJoinPool.commonPool-worker-1] DEBUG AssetLoader          - Loading from disk: /assets/ui/cursors/fxgl_default.png
19:47:48.150 [ForkJoinPool.commonPool-worker-1] DEBUG AssetLoader          - Loading from disk: /assets/ui/cursors/fxgl_default.png
19:47:48.158 [ForkJoinPool.commonPool-worker-1] DEBUG AssetLoader          - Loading from cache: /assets/ui/fonts/VarelaRound-Regular.ttf
19:47:48.161 [ForkJoinPool.commonPool-worker-1] DEBUG AssetLoader          - Loading from disk: /assets/ui/cursors/fxgl_default.png
19:47:48.165 [ForkJoinPool.commonPool-worker-1] DEBUG GameScene            - Game scene initialized: 800x600
19:47:48.179 [ForkJoinPool.commonPool-worker-1] DEBUG GameWorld            - Game world initialized
19:47:48.302 [ForkJoinPool.commonPool-worker-1] DEBUG PhysicsWorld         - Physics world initialized: appHeight=600, physics.ppm=50.0
19:47:48.350 [ForkJoinPool.commonPool-worker-1] DEBUG Input                - Registered new binding: Pause - Esc
19:47:48.422 [JavaFX Application Thread] DEBUG FXGL                 - Running preInit()
19:47:48.424 [JavaFX Application Thread] DEBUG Input                - Registered new binding: Screenshot - P
19:47:48.425 [JavaFX Application Thread] DEBUG Input                - Registered new binding: Dev Options - CTRL+0
19:47:48.425 [JavaFX Application Thread] DEBUG Input                - Registered new binding: System info dump - CTRL+9
19:47:48.426 [JavaFX Application Thread] DEBUG Input                - Registered new binding: Restart - CTRL+R
19:47:48.426 [JavaFX Application Thread] DEBUG Input                - Registered new binding: Move Right - D
19:47:48.426 [JavaFX Application Thread] DEBUG Input                - Registered new binding: Move Left - A
19:47:48.426 [JavaFX Application Thread] DEBUG Input                - Registered new binding: Move Up - W
19:47:48.426 [JavaFX Application Thread] DEBUG Input                - Registered new binding: Move Down - S
19:47:48.428 [JavaFX Application Thread] INFO  FXGL                 - FXGL initialization took: 1.058 sec
19:47:48.428 [JavaFX Application Thread] DEBUG LoopRunner           - Starting loop
19:47:48.430 [JavaFX Application Thread] DEBUG StartupState         - STARTUP
19:47:48.431 [JavaFX Application Thread] DEBUG GameApplication      - Starting new game
19:47:48.431 [JavaFX Application Thread] DEBUG Input                - Clearing active input actions
19:47:48.432 [JavaFX Application Thread] DEBUG AssetLoader          - Loading from disk: /assets/ui/css/fxgl_dark.css
19:47:48.446 [JavaFX Application Thread] DEBUG AppStateMachine      - StartupState -> LoadingState
19:47:48.451 [FXGL Background Thread 1 ] DEBUG InitAppTask          - Clearing previous game
19:47:48.451 [FXGL Background Thread 1 ] DEBUG GameWorld            - Clearing game world
19:47:48.451 [FXGL Background Thread 1 ] DEBUG PhysicsWorld         - Clearing physics world
19:47:48.452 [FXGL Background Thread 1 ] DEBUG GameScene            - Clearing game scene
19:47:48.453 [FXGL Background Thread 1 ] DEBUG InitAppTask          - Initializing Game
19:47:48.498 [FXGL Background Thread 1 ] DEBUG AssetLoader          - Loading from disk: /assets/textures/hero_walk.gif
19:47:48.514 [FXGL Background Thread 1 ] DEBUG GameScene            - Creating render group for layer: DEFAULT(100000)
19:47:48.519 [FXGL Background Thread 1 ] DEBUG AssetLoader          - Loading from disk: /assets/textures/red_jewel.png
19:47:48.521 [FXGL Background Thread 1 ] DEBUG AssetLoader          - Loading from disk: /assets/textures/blue_jewel.png
19:47:48.524 [FXGL Background Thread 1 ] DEBUG AssetLoader          - Loading from disk: /assets/textures/purple_jewel.png
19:47:48.526 [FXGL Background Thread 1 ] DEBUG AssetLoader          - Loading from disk: /assets/textures/green_jewel.png
19:47:48.528 [FXGL Background Thread 1 ] DEBUG InitAppTask          - Initializing Physics
19:47:48.528 [FXGL Background Thread 1 ] DEBUG InitAppTask          - Initializing UI
19:47:48.529 [FXGL Background Thread 1 ] DEBUG InitAppTask          - Initialization Complete
19:47:48.529 [FXGL Background Thread 1 ] INFO  InitAppTask          - Game initialization took: 0.078 sec
19:47:48.545 [JavaFX Application Thread] DEBUG Input                - Clearing active input actions
19:47:48.545 [JavaFX Application Thread] DEBUG AssetLoader          - Loading from disk: /assets/ui/css/fxgl_dark.css
19:47:48.565 [JavaFX Application Thread] DEBUG AppStateMachine      - LoadingState -> PlayState
19:48:00.579 [JavaFX Application Thread] DEBUG FXGL                 - Exiting FXGL
19:48:00.579 [JavaFX Application Thread] DEBUG FXGL                 - Shutting down background threads
19:48:00.579 [JavaFX Application Thread] DEBUG FXGL                 - Saving FXGL system data
19:48:00.583 [JavaFX Application Thread] DEBUG DesktopFSService     - Writing to: system/fxgl.bundle
19:48:00.588 [JavaFX Application Thread] DEBUG FXGL                 - Closing logger and exiting JavaFX
