15:25:37.997 [JavaFX Application Thread] DEBUG GameApplication      - Logger initialized
15:25:38.005 [JavaFX Application Thread] DEBUG GameApplication      - Logging settings
Title: What a Silly Game
Version: 1.0
Width: 800
Height: 600
Fullscreen: false
Intro: false
Menus: false
Profiling: false
Single step:false
App Mode: DEVELOPER
Menu Key: ESCAPE
Stage Style: DECORATED
Scene Factory: class com.almasb.fxgl.scene.SceneFactory
Dialog Factory: class com.almasb.fxgl.ui.FXGLDialogFactory
UI Factory: class com.almasb.fxgl.ui.FXGLUIFactory
Notification Service: class com.almasb.fxgl.gameplay.notification.XboxNotificationView
Exception Handler: class com.almasb.fxgl.app.FXGLExceptionHandler
15:25:38.005 [JavaFX Application Thread] DEBUG GameApplication      - Starting FXGL
15:25:38.016 [JavaFX Application Thread] INFO  FXGL                 - FXGL-0.5.4 on DESKTOP
15:25:38.016 [JavaFX Application Thread] INFO  FXGL                 - Source code and latest versions at: https://github.com/AlmasB/FXGL
15:25:38.017 [JavaFX Application Thread] INFO  FXGL                 -              Join the FXGL chat at: https://gitter.im/AlmasB/FXGL
15:25:38.017 [JavaFX Application Thread] DEBUG FXGL                 - FXGL started
15:25:38.018 [JavaFX Application Thread] DEBUG FXGL                 - Initializing FXGL
15:25:38.083 [JavaFX Application Thread] DEBUG AssetLoader          - Loading from disk: /assets/ui/cursors/fxgl_default.png
15:25:38.321 [JavaFX Application Thread] DEBUG AssetLoader          - Loading from disk: /assets/ui/fonts/VarelaRound-Regular.ttf
15:25:38.398 [JavaFX Application Thread] DEBUG MainWindow           - Creating a JavaFX scene
15:25:38.443 [JavaFX Application Thread] DEBUG MainWindow           - Target settings size: 800.0 x 600.0
15:25:38.443 [JavaFX Application Thread] DEBUG MainWindow           - Scaled scene size:    800.0 x 600.0
15:25:38.443 [JavaFX Application Thread] DEBUG MainWindow           - Scaled ratio: (1.0, 1.0)
15:25:38.446 [JavaFX Application Thread] DEBUG AssetLoader          - Loading from disk: /assets/ui/css/fxgl_dark.css
15:25:38.451 [JavaFX Application Thread] DEBUG AssetLoader          - Loading from disk: /assets/textures/fxgl_icon.png
15:25:38.471 [JavaFX Application Thread] DEBUG MainWindow           - Opening main window
15:25:38.692 [JavaFX Application Thread] DEBUG MainWindow           - Window border size: (0.0, 22.0)
15:25:38.692 [JavaFX Application Thread] DEBUG MainWindow           - Scaled size: 800.0 x 600.0
15:25:38.692 [JavaFX Application Thread] DEBUG MainWindow           - Scaled ratio: (1.0, 1.0)
15:25:38.693 [JavaFX Application Thread] DEBUG MainWindow           - Scene size: 800.0 x 600.0
15:25:38.693 [JavaFX Application Thread] DEBUG MainWindow           - Stage size: 800.0 x 622.0
15:25:38.748 [ForkJoinPool.commonPool-worker-1] DEBUG FS                   - Loaded DesktopFSService
15:25:38.749 [ForkJoinPool.commonPool-worker-1] DEBUG FXGL                 - Loading FXGL system data
15:25:38.762 [ForkJoinPool.commonPool-worker-1] DEBUG DesktopFSService     - Reading from: system/fxgl.bundle
15:25:38.778 [ForkJoinPool.commonPool-worker-1] DEBUG Bundle               - Logging bundle: FXGL
15:25:38.779 [ForkJoinPool.commonPool-worker-1] DEBUG Bundle               - FXGL.offline.timer.version.check=2019-12-20T14:26:23.443
15:25:38.780 [ForkJoinPool.commonPool-worker-1] DEBUG FXGL                 - Initializing state machine and application states
15:25:38.783 [ForkJoinPool.commonPool-worker-1] DEBUG AssetLoader          - Loading from disk: /assets/ui/cursors/fxgl_default.png
15:25:38.792 [ForkJoinPool.commonPool-worker-1] DEBUG AssetLoader          - Loading from disk: /assets/ui/cursors/fxgl_default.png
15:25:38.813 [ForkJoinPool.commonPool-worker-1] DEBUG AssetLoader          - Loading from cache: /assets/ui/fonts/VarelaRound-Regular.ttf
15:25:38.820 [ForkJoinPool.commonPool-worker-1] DEBUG AssetLoader          - Loading from disk: /assets/ui/cursors/fxgl_default.png
15:25:38.825 [ForkJoinPool.commonPool-worker-1] DEBUG GameScene            - Game scene initialized: 800x600
15:25:38.840 [ForkJoinPool.commonPool-worker-1] DEBUG GameWorld            - Game world initialized
15:25:38.949 [ForkJoinPool.commonPool-worker-1] DEBUG PhysicsWorld         - Physics world initialized: appHeight=600, physics.ppm=50.0
15:25:38.993 [ForkJoinPool.commonPool-worker-1] DEBUG Input                - Registered new binding: Pause - Esc
15:25:39.066 [JavaFX Application Thread] DEBUG FXGL                 - Running preInit()
15:25:39.068 [JavaFX Application Thread] DEBUG Input                - Registered new binding: Screenshot - P
15:25:39.069 [JavaFX Application Thread] DEBUG Input                - Registered new binding: Dev Options - CTRL+0
15:25:39.070 [JavaFX Application Thread] DEBUG Input                - Registered new binding: System info dump - CTRL+9
15:25:39.070 [JavaFX Application Thread] DEBUG Input                - Registered new binding: Restart - CTRL+R
15:25:39.071 [JavaFX Application Thread] DEBUG Input                - Registered new binding: Move Right - D
15:25:39.071 [JavaFX Application Thread] DEBUG Input                - Registered new binding: Move Left - A
15:25:39.071 [JavaFX Application Thread] DEBUG Input                - Registered new binding: Move Up - W
15:25:39.071 [JavaFX Application Thread] DEBUG Input                - Registered new binding: Move Down - S
15:25:39.072 [JavaFX Application Thread] DEBUG Input                - Registered new binding: Attack - Enter
15:25:39.072 [JavaFX Application Thread] INFO  FXGL                 - FXGL initialization took: 1.054 sec
15:25:39.073 [JavaFX Application Thread] DEBUG LoopRunner           - Starting loop
15:25:39.075 [JavaFX Application Thread] DEBUG StartupState         - STARTUP
15:25:39.076 [JavaFX Application Thread] DEBUG GameApplication      - Starting new game
15:25:39.076 [JavaFX Application Thread] DEBUG Input                - Clearing active input actions
15:25:39.078 [JavaFX Application Thread] DEBUG AssetLoader          - Loading from disk: /assets/ui/css/fxgl_dark.css
15:25:39.090 [JavaFX Application Thread] DEBUG AppStateMachine      - StartupState -> LoadingState
15:25:39.095 [FXGL Background Thread 1 ] DEBUG InitAppTask          - Clearing previous game
15:25:39.096 [FXGL Background Thread 1 ] DEBUG GameWorld            - Clearing game world
15:25:39.096 [FXGL Background Thread 1 ] DEBUG PhysicsWorld         - Clearing physics world
15:25:39.096 [FXGL Background Thread 1 ] DEBUG GameScene            - Clearing game scene
15:25:39.098 [FXGL Background Thread 1 ] DEBUG InitAppTask          - Initializing Game
15:25:39.152 [FXGL Background Thread 1 ] DEBUG AssetLoader          - Loading from disk: /assets/textures/hero_walk.gif
15:25:39.168 [FXGL Background Thread 1 ] DEBUG GameScene            - Creating render group for layer: DEFAULT(100000)
15:25:39.174 [FXGL Background Thread 1 ] DEBUG AssetLoader          - Loading from disk: /assets/textures/red_jewel.png
15:25:39.176 [FXGL Background Thread 1 ] DEBUG AssetLoader          - Loading from disk: /assets/textures/blue_jewel.png
15:25:39.179 [FXGL Background Thread 1 ] DEBUG AssetLoader          - Loading from disk: /assets/textures/purple_jewel.png
15:25:39.181 [FXGL Background Thread 1 ] DEBUG AssetLoader          - Loading from disk: /assets/textures/green_jewel.png
15:25:39.184 [FXGL Background Thread 1 ] DEBUG AssetLoader          - Loading from disk: /assets/textures/monster.gif
15:25:39.190 [FXGL Background Thread 1 ] DEBUG InitAppTask          - Initializing Physics
15:25:39.191 [FXGL Background Thread 1 ] DEBUG InitAppTask          - Initializing UI
15:25:39.193 [FXGL Background Thread 1 ] DEBUG InitAppTask          - Initialization Complete
15:25:39.193 [FXGL Background Thread 1 ] INFO  InitAppTask          - Game initialization took: 0.098 sec
15:25:39.222 [JavaFX Application Thread] DEBUG Input                - Clearing active input actions
15:25:39.223 [JavaFX Application Thread] DEBUG AssetLoader          - Loading from disk: /assets/ui/css/fxgl_dark.css
15:25:39.246 [JavaFX Application Thread] DEBUG AppStateMachine      - LoadingState -> PlayState
15:25:53.048 [JavaFX Application Thread] DEBUG FXGL                 - Exiting FXGL
15:25:53.048 [JavaFX Application Thread] DEBUG FXGL                 - Shutting down background threads
15:25:53.048 [JavaFX Application Thread] DEBUG FXGL                 - Saving FXGL system data
15:25:53.052 [JavaFX Application Thread] DEBUG DesktopFSService     - Writing to: system/fxgl.bundle
15:25:53.056 [JavaFX Application Thread] DEBUG FXGL                 - Closing logger and exiting JavaFX
