15:26:18.872 [JavaFX Application Thread] DEBUG GameApplication      - Logger initialized
15:26:18.887 [JavaFX Application Thread] DEBUG GameApplication      - Logging settings
Title: What a Silly Game
Version: 1.0
Width: 800
Height: 600
Fullscreen: false
Intro: false
Menus: false
Profiling: false
Single step:false
App Mode: DEVELOPER
Menu Key: ESCAPE
Stage Style: DECORATED
Scene Factory: class com.almasb.fxgl.scene.SceneFactory
Dialog Factory: class com.almasb.fxgl.ui.FXGLDialogFactory
UI Factory: class com.almasb.fxgl.ui.FXGLUIFactory
Notification Service: class com.almasb.fxgl.gameplay.notification.XboxNotificationView
Exception Handler: class com.almasb.fxgl.app.FXGLExceptionHandler
15:26:18.888 [JavaFX Application Thread] DEBUG GameApplication      - Starting FXGL
15:26:18.903 [JavaFX Application Thread] INFO  FXGL                 - FXGL-0.5.4 on DESKTOP
15:26:18.906 [JavaFX Application Thread] INFO  FXGL                 - Source code and latest versions at: https://github.com/AlmasB/FXGL
15:26:18.906 [JavaFX Application Thread] INFO  FXGL                 -              Join the FXGL chat at: https://gitter.im/AlmasB/FXGL
15:26:18.907 [JavaFX Application Thread] DEBUG FXGL                 - FXGL started
15:26:18.907 [JavaFX Application Thread] DEBUG FXGL                 - Initializing FXGL
15:26:18.990 [JavaFX Application Thread] DEBUG AssetLoader          - Loading from disk: /assets/ui/cursors/fxgl_default.png
15:26:19.269 [JavaFX Application Thread] DEBUG AssetLoader          - Loading from disk: /assets/ui/fonts/VarelaRound-Regular.ttf
15:26:19.348 [JavaFX Application Thread] DEBUG MainWindow           - Creating a JavaFX scene
15:26:19.405 [JavaFX Application Thread] DEBUG MainWindow           - Target settings size: 800.0 x 600.0
15:26:19.405 [JavaFX Application Thread] DEBUG MainWindow           - Scaled scene size:    800.0 x 600.0
15:26:19.405 [JavaFX Application Thread] DEBUG MainWindow           - Scaled ratio: (1.0, 1.0)
15:26:19.409 [JavaFX Application Thread] DEBUG AssetLoader          - Loading from disk: /assets/ui/css/fxgl_dark.css
15:26:19.414 [JavaFX Application Thread] DEBUG AssetLoader          - Loading from disk: /assets/textures/fxgl_icon.png
15:26:19.439 [JavaFX Application Thread] DEBUG MainWindow           - Opening main window
15:26:19.735 [JavaFX Application Thread] DEBUG MainWindow           - Window border size: (0.0, 22.0)
15:26:19.736 [JavaFX Application Thread] DEBUG MainWindow           - Scaled size: 800.0 x 600.0
15:26:19.736 [JavaFX Application Thread] DEBUG MainWindow           - Scaled ratio: (1.0, 1.0)
15:26:19.737 [JavaFX Application Thread] DEBUG MainWindow           - Scene size: 800.0 x 600.0
15:26:19.738 [JavaFX Application Thread] DEBUG MainWindow           - Stage size: 800.0 x 622.0
15:26:19.797 [ForkJoinPool.commonPool-worker-1] DEBUG FS                   - Loaded DesktopFSService
15:26:19.798 [ForkJoinPool.commonPool-worker-1] DEBUG FXGL                 - Loading FXGL system data
15:26:19.807 [ForkJoinPool.commonPool-worker-1] DEBUG DesktopFSService     - Reading from: system/fxgl.bundle
15:26:19.822 [ForkJoinPool.commonPool-worker-1] DEBUG Bundle               - Logging bundle: FXGL
15:26:19.823 [ForkJoinPool.commonPool-worker-1] DEBUG Bundle               - FXGL.offline.timer.version.check=2019-12-20T14:26:23.443
15:26:19.825 [ForkJoinPool.commonPool-worker-1] DEBUG FXGL                 - Initializing state machine and application states
15:26:19.828 [ForkJoinPool.commonPool-worker-1] DEBUG AssetLoader          - Loading from disk: /assets/ui/cursors/fxgl_default.png
15:26:19.837 [ForkJoinPool.commonPool-worker-1] DEBUG AssetLoader          - Loading from disk: /assets/ui/cursors/fxgl_default.png
15:26:19.847 [ForkJoinPool.commonPool-worker-1] DEBUG AssetLoader          - Loading from cache: /assets/ui/fonts/VarelaRound-Regular.ttf
15:26:19.850 [ForkJoinPool.commonPool-worker-1] DEBUG AssetLoader          - Loading from disk: /assets/ui/cursors/fxgl_default.png
15:26:19.855 [ForkJoinPool.commonPool-worker-1] DEBUG GameScene            - Game scene initialized: 800x600
15:26:19.865 [ForkJoinPool.commonPool-worker-1] DEBUG GameWorld            - Game world initialized
15:26:20.012 [ForkJoinPool.commonPool-worker-1] DEBUG PhysicsWorld         - Physics world initialized: appHeight=600, physics.ppm=50.0
15:26:20.060 [ForkJoinPool.commonPool-worker-1] DEBUG Input                - Registered new binding: Pause - Esc
15:26:20.151 [JavaFX Application Thread] DEBUG FXGL                 - Running preInit()
15:26:20.156 [JavaFX Application Thread] DEBUG Input                - Registered new binding: Screenshot - P
15:26:20.156 [JavaFX Application Thread] DEBUG Input                - Registered new binding: Dev Options - CTRL+0
15:26:20.157 [JavaFX Application Thread] DEBUG Input                - Registered new binding: System info dump - CTRL+9
15:26:20.157 [JavaFX Application Thread] DEBUG Input                - Registered new binding: Restart - CTRL+R
15:26:20.158 [JavaFX Application Thread] DEBUG Input                - Registered new binding: Move Right - D
15:26:20.158 [JavaFX Application Thread] DEBUG Input                - Registered new binding: Move Left - A
15:26:20.158 [JavaFX Application Thread] DEBUG Input                - Registered new binding: Move Up - W
15:26:20.158 [JavaFX Application Thread] DEBUG Input                - Registered new binding: Move Down - S
15:26:20.158 [JavaFX Application Thread] DEBUG Input                - Registered new binding: Attack - Enter
15:26:20.159 [JavaFX Application Thread] INFO  FXGL                 - FXGL initialization took: 1.251 sec
15:26:20.159 [JavaFX Application Thread] DEBUG LoopRunner           - Starting loop
15:26:20.162 [JavaFX Application Thread] DEBUG StartupState         - STARTUP
15:26:20.162 [JavaFX Application Thread] DEBUG GameApplication      - Starting new game
15:26:20.163 [JavaFX Application Thread] DEBUG Input                - Clearing active input actions
15:26:20.165 [JavaFX Application Thread] DEBUG AssetLoader          - Loading from disk: /assets/ui/css/fxgl_dark.css
15:26:20.176 [JavaFX Application Thread] DEBUG AppStateMachine      - StartupState -> LoadingState
15:26:20.181 [FXGL Background Thread 1 ] DEBUG InitAppTask          - Clearing previous game
15:26:20.181 [FXGL Background Thread 1 ] DEBUG GameWorld            - Clearing game world
15:26:20.182 [FXGL Background Thread 1 ] DEBUG PhysicsWorld         - Clearing physics world
15:26:20.182 [FXGL Background Thread 1 ] DEBUG GameScene            - Clearing game scene
15:26:20.184 [FXGL Background Thread 1 ] DEBUG InitAppTask          - Initializing Game
15:26:20.238 [FXGL Background Thread 1 ] DEBUG AssetLoader          - Loading from disk: /assets/textures/hero_walk.gif
15:26:20.253 [FXGL Background Thread 1 ] DEBUG GameScene            - Creating render group for layer: DEFAULT(100000)
15:26:20.260 [FXGL Background Thread 1 ] DEBUG AssetLoader          - Loading from disk: /assets/textures/red_jewel.png
15:26:20.263 [FXGL Background Thread 1 ] DEBUG AssetLoader          - Loading from disk: /assets/textures/blue_jewel.png
15:26:20.267 [FXGL Background Thread 1 ] DEBUG AssetLoader          - Loading from disk: /assets/textures/purple_jewel.png
15:26:20.269 [FXGL Background Thread 1 ] DEBUG AssetLoader          - Loading from disk: /assets/textures/green_jewel.png
15:26:20.273 [FXGL Background Thread 1 ] DEBUG AssetLoader          - Loading from disk: /assets/textures/monster.gif
15:26:20.277 [FXGL Background Thread 1 ] DEBUG InitAppTask          - Initializing Physics
15:26:20.278 [FXGL Background Thread 1 ] DEBUG InitAppTask          - Initializing UI
15:26:20.280 [FXGL Background Thread 1 ] DEBUG InitAppTask          - Initialization Complete
15:26:20.280 [FXGL Background Thread 1 ] INFO  InitAppTask          - Game initialization took: 0.099 sec
15:26:20.320 [JavaFX Application Thread] DEBUG Input                - Clearing active input actions
15:26:20.321 [JavaFX Application Thread] DEBUG AssetLoader          - Loading from disk: /assets/ui/css/fxgl_dark.css
15:26:20.342 [JavaFX Application Thread] DEBUG AppStateMachine      - LoadingState -> PlayState
15:26:40.869 [JavaFX Application Thread] DEBUG FXGL                 - Exiting FXGL
15:26:40.869 [JavaFX Application Thread] DEBUG FXGL                 - Shutting down background threads
15:26:40.870 [JavaFX Application Thread] DEBUG FXGL                 - Saving FXGL system data
15:26:40.873 [JavaFX Application Thread] DEBUG DesktopFSService     - Writing to: system/fxgl.bundle
15:26:40.877 [JavaFX Application Thread] DEBUG FXGL                 - Closing logger and exiting JavaFX
