18:14:39.074 [JavaFX Application Thread] DEBUG GameApplication      - Logger initialized
18:14:39.083 [JavaFX Application Thread] DEBUG GameApplication      - Logging settings
Title: What a Silly Game
Version: 0.1
Width: 1200
Height: 1200
Fullscreen: false
Intro: false
Menus: false
Profiling: false
Single step:false
App Mode: DEVELOPER
Menu Key: ESCAPE
Stage Style: DECORATED
Scene Factory: class com.almasb.fxgl.scene.SceneFactory
Dialog Factory: class com.almasb.fxgl.ui.FXGLDialogFactory
UI Factory: class com.almasb.fxgl.ui.FXGLUIFactory
Notification Service: class com.almasb.fxgl.gameplay.notification.XboxNotificationView
Exception Handler: class com.almasb.fxgl.app.FXGLExceptionHandler
18:14:39.084 [JavaFX Application Thread] DEBUG GameApplication      - Starting FXGL
18:14:39.103 [JavaFX Application Thread] INFO  FXGL                 - FXGL-0.5.4 on DESKTOP
18:14:39.104 [JavaFX Application Thread] INFO  FXGL                 - Source code and latest versions at: https://github.com/AlmasB/FXGL
18:14:39.105 [JavaFX Application Thread] INFO  FXGL                 -              Join the FXGL chat at: https://gitter.im/AlmasB/FXGL
18:14:39.105 [JavaFX Application Thread] DEBUG FXGL                 - FXGL started
18:14:39.105 [JavaFX Application Thread] DEBUG FXGL                 - Initializing FXGL
18:14:39.195 [JavaFX Application Thread] DEBUG AssetLoader          - Loading from disk: /assets/ui/cursors/fxgl_default.png
18:14:39.434 [JavaFX Application Thread] DEBUG AssetLoader          - Loading from disk: /assets/ui/fonts/VarelaRound-Regular.ttf
18:14:39.505 [JavaFX Application Thread] DEBUG MainWindow           - Creating a JavaFX scene
18:14:39.505 [JavaFX Application Thread] DEBUG MainWindow           - Target size > screen size
18:14:39.549 [JavaFX Application Thread] DEBUG MainWindow           - Target settings size: 1200.0 x 1200.0
18:14:39.549 [JavaFX Application Thread] DEBUG MainWindow           - Scaled scene size:    852.0 x 877.0
18:14:39.549 [JavaFX Application Thread] DEBUG MainWindow           - Scaled ratio: (0.71, 0.7308333333333333)
18:14:39.553 [JavaFX Application Thread] DEBUG AssetLoader          - Loading from disk: /assets/ui/css/fxgl_dark.css
18:14:39.558 [JavaFX Application Thread] DEBUG AssetLoader          - Loading from disk: /assets/textures/fxgl_icon.png
18:14:39.578 [JavaFX Application Thread] DEBUG MainWindow           - Opening main window
18:14:39.922 [JavaFX Application Thread] DEBUG MainWindow           - Window border size: (0.0, 22.0)
18:14:39.922 [JavaFX Application Thread] DEBUG MainWindow           - Scaled size: 852.0 x 877.0
18:14:39.922 [JavaFX Application Thread] DEBUG MainWindow           - Scaled ratio: (0.71, 0.7308333333333333)
18:14:39.922 [JavaFX Application Thread] DEBUG MainWindow           - Scene size: 852.0 x 877.0
18:14:39.923 [JavaFX Application Thread] DEBUG MainWindow           - Stage size: 852.0 x 899.0
18:14:39.958 [ForkJoinPool.commonPool-worker-1] DEBUG FS                   - Loaded DesktopFSService
18:14:39.959 [ForkJoinPool.commonPool-worker-1] DEBUG FXGL                 - Loading FXGL system data
18:14:39.969 [ForkJoinPool.commonPool-worker-1] DEBUG DesktopFSService     - Reading from: system/fxgl.bundle
18:14:39.984 [ForkJoinPool.commonPool-worker-1] DEBUG Bundle               - Logging bundle: FXGL
18:14:39.985 [ForkJoinPool.commonPool-worker-1] DEBUG Bundle               - FXGL.offline.timer.version.check=2019-12-13T14:02:17.794
18:14:39.986 [ForkJoinPool.commonPool-worker-1] DEBUG FXGL                 - Initializing state machine and application states
18:14:39.989 [ForkJoinPool.commonPool-worker-1] DEBUG AssetLoader          - Loading from disk: /assets/ui/cursors/fxgl_default.png
18:14:39.996 [ForkJoinPool.commonPool-worker-1] DEBUG AssetLoader          - Loading from disk: /assets/ui/cursors/fxgl_default.png
18:14:40.006 [ForkJoinPool.commonPool-worker-1] DEBUG AssetLoader          - Loading from cache: /assets/ui/fonts/VarelaRound-Regular.ttf
18:14:40.012 [ForkJoinPool.commonPool-worker-1] DEBUG AssetLoader          - Loading from disk: /assets/ui/cursors/fxgl_default.png
18:14:40.018 [ForkJoinPool.commonPool-worker-1] DEBUG GameScene            - Game scene initialized: 1200x1200
18:14:40.027 [ForkJoinPool.commonPool-worker-1] DEBUG GameWorld            - Game world initialized
18:14:40.141 [ForkJoinPool.commonPool-worker-1] DEBUG PhysicsWorld         - Physics world initialized: appHeight=1200, physics.ppm=50.0
18:14:40.178 [ForkJoinPool.commonPool-worker-1] DEBUG Input                - Registered new binding: Pause - Esc
18:14:40.267 [JavaFX Application Thread] DEBUG FXGL                 - Running preInit()
18:14:40.269 [JavaFX Application Thread] DEBUG Input                - Registered new binding: Screenshot - P
18:14:40.270 [JavaFX Application Thread] DEBUG Input                - Registered new binding: Dev Options - CTRL+0
18:14:40.270 [JavaFX Application Thread] DEBUG Input                - Registered new binding: System info dump - CTRL+9
18:14:40.271 [JavaFX Application Thread] DEBUG Input                - Registered new binding: Restart - CTRL+R
18:14:40.272 [JavaFX Application Thread] DEBUG Input                - Registered new binding: Move Right - D
18:14:40.272 [JavaFX Application Thread] DEBUG Input                - Registered new binding: Move Left - A
18:14:40.273 [JavaFX Application Thread] DEBUG Input                - Registered new binding: Move Up - W
18:14:40.273 [JavaFX Application Thread] DEBUG Input                - Registered new binding: Move Down - S
18:14:40.274 [JavaFX Application Thread] INFO  FXGL                 - FXGL initialization took: 1.168 sec
18:14:40.275 [JavaFX Application Thread] DEBUG LoopRunner           - Starting loop
18:14:40.276 [JavaFX Application Thread] DEBUG StartupState         - STARTUP
18:14:40.276 [JavaFX Application Thread] DEBUG GameApplication      - Starting new game
18:14:40.277 [JavaFX Application Thread] DEBUG Input                - Clearing active input actions
18:14:40.278 [JavaFX Application Thread] DEBUG AssetLoader          - Loading from disk: /assets/ui/css/fxgl_dark.css
18:14:40.287 [JavaFX Application Thread] DEBUG AppStateMachine      - StartupState -> LoadingState
18:14:40.294 [FXGL Background Thread 1 ] DEBUG InitAppTask          - Clearing previous game
18:14:40.294 [FXGL Background Thread 1 ] DEBUG GameWorld            - Clearing game world
18:14:40.295 [FXGL Background Thread 1 ] DEBUG PhysicsWorld         - Clearing physics world
18:14:40.295 [FXGL Background Thread 1 ] DEBUG GameScene            - Clearing game scene
18:14:40.297 [FXGL Background Thread 1 ] DEBUG InitAppTask          - Initializing Game
18:14:40.345 [FXGL Background Thread 1 ] DEBUG AssetLoader          - Loading from disk: /assets/textures/hero_walk.gif
18:14:40.364 [FXGL Background Thread 1 ] DEBUG GameScene            - Creating render group for layer: DEFAULT(100000)
18:14:40.369 [FXGL Background Thread 1 ] DEBUG AssetLoader          - Loading from disk: /assets/textures/red_jewel.png
18:14:40.373 [FXGL Background Thread 1 ] DEBUG AssetLoader          - Loading from disk: /assets/textures/blue_jewel.png
18:14:40.375 [FXGL Background Thread 1 ] DEBUG AssetLoader          - Loading from disk: /assets/textures/purple_jewel.png
18:14:40.377 [FXGL Background Thread 1 ] DEBUG AssetLoader          - Loading from disk: /assets/textures/green_jewel.png
18:14:40.378 [FXGL Background Thread 1 ] DEBUG InitAppTask          - Initializing Physics
18:14:40.379 [FXGL Background Thread 1 ] DEBUG InitAppTask          - Initializing UI
18:14:40.379 [FXGL Background Thread 1 ] DEBUG InitAppTask          - Initialization Complete
18:14:40.380 [FXGL Background Thread 1 ] INFO  InitAppTask          - Game initialization took: 0.086 sec
18:14:40.413 [JavaFX Application Thread] DEBUG Input                - Clearing active input actions
18:14:40.414 [JavaFX Application Thread] DEBUG AssetLoader          - Loading from disk: /assets/ui/css/fxgl_dark.css
18:14:40.454 [JavaFX Application Thread] DEBUG AppStateMachine      - LoadingState -> PlayState
18:14:43.917 [JavaFX Application Thread] DEBUG FXGL                 - Exiting FXGL
18:14:43.917 [JavaFX Application Thread] DEBUG FXGL                 - Shutting down background threads
18:14:43.917 [JavaFX Application Thread] DEBUG FXGL                 - Saving FXGL system data
18:14:43.920 [JavaFX Application Thread] DEBUG DesktopFSService     - Writing to: system/fxgl.bundle
18:14:43.924 [JavaFX Application Thread] DEBUG FXGL                 - Closing logger and exiting JavaFX
