13:19:14.416 [JavaFX Application Thread] DEBUG GameApplication      - Logger initialized
13:19:14.424 [JavaFX Application Thread] DEBUG GameApplication      - Logging settings
Title: What a Silly Game
Version: 0.1
Width: 800
Height: 600
Fullscreen: false
Intro: false
Menus: false
Profiling: false
Single step:false
App Mode: DEVELOPER
Menu Key: ESCAPE
Stage Style: DECORATED
Scene Factory: class com.almasb.fxgl.scene.SceneFactory
Dialog Factory: class com.almasb.fxgl.ui.FXGLDialogFactory
UI Factory: class com.almasb.fxgl.ui.FXGLUIFactory
Notification Service: class com.almasb.fxgl.gameplay.notification.XboxNotificationView
Exception Handler: class com.almasb.fxgl.app.FXGLExceptionHandler
13:19:14.424 [JavaFX Application Thread] DEBUG GameApplication      - Starting FXGL
13:19:14.438 [JavaFX Application Thread] INFO  FXGL                 - FXGL-0.5.4 on DESKTOP
13:19:14.439 [JavaFX Application Thread] INFO  FXGL                 - Source code and latest versions at: https://github.com/AlmasB/FXGL
13:19:14.439 [JavaFX Application Thread] INFO  FXGL                 -              Join the FXGL chat at: https://gitter.im/AlmasB/FXGL
13:19:14.441 [JavaFX Application Thread] DEBUG FXGL                 - FXGL started
13:19:14.441 [JavaFX Application Thread] DEBUG FXGL                 - Initializing FXGL
13:19:14.513 [JavaFX Application Thread] DEBUG AssetLoader          - Loading from disk: /assets/ui/cursors/fxgl_default.png
13:19:14.871 [JavaFX Application Thread] DEBUG AssetLoader          - Loading from disk: /assets/ui/fonts/VarelaRound-Regular.ttf
13:19:14.967 [JavaFX Application Thread] DEBUG MainWindow           - Creating a JavaFX scene
13:19:15.032 [JavaFX Application Thread] DEBUG MainWindow           - Target settings size: 800.0 x 600.0
13:19:15.032 [JavaFX Application Thread] DEBUG MainWindow           - Scaled scene size:    800.0 x 600.0
13:19:15.032 [JavaFX Application Thread] DEBUG MainWindow           - Scaled ratio: (1.0, 1.0)
13:19:15.036 [JavaFX Application Thread] DEBUG AssetLoader          - Loading from disk: /assets/ui/css/fxgl_dark.css
13:19:15.042 [JavaFX Application Thread] DEBUG AssetLoader          - Loading from disk: /assets/textures/fxgl_icon.png
13:19:15.071 [JavaFX Application Thread] DEBUG MainWindow           - Opening main window
13:19:15.343 [JavaFX Application Thread] DEBUG MainWindow           - Window border size: (0.0, 22.0)
13:19:15.343 [JavaFX Application Thread] DEBUG MainWindow           - Scaled size: 800.0 x 600.0
13:19:15.344 [JavaFX Application Thread] DEBUG MainWindow           - Scaled ratio: (1.0, 1.0)
13:19:15.344 [JavaFX Application Thread] DEBUG MainWindow           - Scene size: 800.0 x 600.0
13:19:15.344 [JavaFX Application Thread] DEBUG MainWindow           - Stage size: 800.0 x 622.0
13:19:15.408 [ForkJoinPool.commonPool-worker-1] DEBUG FS                   - Loaded DesktopFSService
13:19:15.408 [ForkJoinPool.commonPool-worker-1] DEBUG FXGL                 - Loading FXGL system data
13:19:15.418 [ForkJoinPool.commonPool-worker-1] DEBUG DesktopFSService     - Reading from: system/fxgl.bundle
13:19:15.435 [ForkJoinPool.commonPool-worker-1] DEBUG Bundle               - Logging bundle: FXGL
13:19:15.437 [ForkJoinPool.commonPool-worker-1] DEBUG Bundle               - FXGL.offline.timer.version.check=2019-12-13T14:02:17.794
13:19:15.438 [ForkJoinPool.commonPool-worker-1] DEBUG FXGL                 - Initializing state machine and application states
13:19:15.440 [ForkJoinPool.commonPool-worker-1] DEBUG AssetLoader          - Loading from disk: /assets/ui/cursors/fxgl_default.png
13:19:15.450 [ForkJoinPool.commonPool-worker-1] DEBUG AssetLoader          - Loading from disk: /assets/ui/cursors/fxgl_default.png
13:19:15.461 [ForkJoinPool.commonPool-worker-1] DEBUG AssetLoader          - Loading from cache: /assets/ui/fonts/VarelaRound-Regular.ttf
13:19:15.466 [ForkJoinPool.commonPool-worker-1] DEBUG AssetLoader          - Loading from disk: /assets/ui/cursors/fxgl_default.png
13:19:15.472 [ForkJoinPool.commonPool-worker-1] DEBUG GameScene            - Game scene initialized: 800x600
13:19:15.484 [ForkJoinPool.commonPool-worker-1] DEBUG GameWorld            - Game world initialized
13:19:15.577 [ForkJoinPool.commonPool-worker-1] DEBUG PhysicsWorld         - Physics world initialized: appHeight=600, physics.ppm=50.0
13:19:15.614 [ForkJoinPool.commonPool-worker-1] DEBUG Input                - Registered new binding: Pause - Esc
13:19:15.709 [JavaFX Application Thread] DEBUG FXGL                 - Running preInit()
13:19:15.710 [JavaFX Application Thread] DEBUG Input                - Registered new binding: Screenshot - P
13:19:15.711 [JavaFX Application Thread] DEBUG Input                - Registered new binding: Dev Options - CTRL+0
13:19:15.712 [JavaFX Application Thread] DEBUG Input                - Registered new binding: System info dump - CTRL+9
13:19:15.712 [JavaFX Application Thread] DEBUG Input                - Registered new binding: Restart - CTRL+R
13:19:15.713 [JavaFX Application Thread] DEBUG Input                - Registered new binding: Move Right - D
13:19:15.713 [JavaFX Application Thread] DEBUG Input                - Registered new binding: Move Left - A
13:19:15.713 [JavaFX Application Thread] DEBUG Input                - Registered new binding: Move Up - W
13:19:15.713 [JavaFX Application Thread] DEBUG Input                - Registered new binding: Move Down - S
13:19:15.715 [JavaFX Application Thread] INFO  FXGL                 - FXGL initialization took: 1.273 sec
13:19:15.715 [JavaFX Application Thread] DEBUG LoopRunner           - Starting loop
13:19:15.718 [JavaFX Application Thread] DEBUG StartupState         - STARTUP
13:19:15.718 [JavaFX Application Thread] DEBUG GameApplication      - Starting new game
13:19:15.718 [JavaFX Application Thread] DEBUG Input                - Clearing active input actions
13:19:15.720 [JavaFX Application Thread] DEBUG AssetLoader          - Loading from disk: /assets/ui/css/fxgl_dark.css
13:19:15.733 [JavaFX Application Thread] DEBUG AppStateMachine      - StartupState -> LoadingState
13:19:15.742 [FXGL Background Thread 1 ] DEBUG InitAppTask          - Clearing previous game
13:19:15.742 [FXGL Background Thread 1 ] DEBUG GameWorld            - Clearing game world
13:19:15.742 [FXGL Background Thread 1 ] DEBUG PhysicsWorld         - Clearing physics world
13:19:15.742 [FXGL Background Thread 1 ] DEBUG GameScene            - Clearing game scene
13:19:15.745 [FXGL Background Thread 1 ] DEBUG InitAppTask          - Initializing Game
13:19:15.804 [FXGL Background Thread 1 ] DEBUG AssetLoader          - Loading from disk: /assets/textures/hero_walk.gif
13:19:15.822 [FXGL Background Thread 1 ] DEBUG GameScene            - Creating render group for layer: DEFAULT(100000)
13:19:15.827 [FXGL Background Thread 1 ] DEBUG AssetLoader          - Loading from disk: /assets/textures/red_jewel.png
13:19:15.829 [FXGL Background Thread 1 ] DEBUG AssetLoader          - Loading from disk: /assets/textures/blue_jewel.png
13:19:15.831 [FXGL Background Thread 1 ] DEBUG AssetLoader          - Loading from disk: /assets/textures/purple_jewel.png
13:19:15.833 [FXGL Background Thread 1 ] DEBUG AssetLoader          - Loading from disk: /assets/textures/green_jewel.png
13:19:15.834 [FXGL Background Thread 1 ] DEBUG InitAppTask          - Initializing Physics
13:19:15.835 [FXGL Background Thread 1 ] DEBUG InitAppTask          - Initializing UI
13:19:15.836 [FXGL Background Thread 1 ] DEBUG InitAppTask          - Initialization Complete
13:19:15.836 [FXGL Background Thread 1 ] INFO  InitAppTask          - Game initialization took: 0.094 sec
13:19:15.872 [JavaFX Application Thread] DEBUG Input                - Clearing active input actions
13:19:15.872 [JavaFX Application Thread] DEBUG AssetLoader          - Loading from disk: /assets/ui/css/fxgl_dark.css
13:19:15.887 [JavaFX Application Thread] DEBUG AppStateMachine      - LoadingState -> PlayState
13:19:42.370 [JavaFX Application Thread] DEBUG FXGL                 - Exiting FXGL
13:19:42.370 [JavaFX Application Thread] DEBUG FXGL                 - Shutting down background threads
13:19:42.371 [JavaFX Application Thread] DEBUG FXGL                 - Saving FXGL system data
13:19:42.374 [JavaFX Application Thread] DEBUG DesktopFSService     - Writing to: system/fxgl.bundle
13:19:42.379 [JavaFX Application Thread] DEBUG FXGL                 - Closing logger and exiting JavaFX
